Building DAG of jobs...
Using shell: /bin/bash
Provided cores: 1
Rules claiming more threads will be scaled down.
Job counts:
	count	jobs
	1	all
	4	blast
	4	cd_hit
	4	exonerate
	2	makeblastdb
	4	matcher
	4	spaln
	1	test
	24

[Thu Nov 21 09:47:28 2019]
rule makeblastdb:
    input: data/subjects/gonium.fna
    output: blast_dbs/gonium/temp.db
    log: log/blast_dbs/gonium.log
    jobid: 23
    wildcards: subject=gonium

(makeblastdb -in data/subjects/gonium.fna -dbtype nucl -out blast_dbs/gonium/gonium) 2> log/blast_dbs/gonium.log && touch blast_dbs/gonium/temp.db
Terminating processes on user request, this might take some time.
[Thu Nov 21 09:47:29 2019]
Error in rule makeblastdb:
    jobid: 23
    output: blast_dbs/gonium/temp.db
    log: log/blast_dbs/gonium.log (check log file(s) for error message)
    shell:
        (makeblastdb -in data/subjects/gonium.fna -dbtype nucl -out blast_dbs/gonium/gonium) 2> log/blast_dbs/gonium.log && touch blast_dbs/gonium/temp.db
        (one of the commands exited with non-zero exit code; note that snakemake uses bash strict mode!)

Complete log: /home/valentin/git/ProDA/.snakemake/log/2019-11-21T094727.930702.snakemake.log
