Building DAG of jobs...
Using shell: /bin/bash
Provided cores: 1
Rules claiming more threads will be scaled down.
Job counts:
	count	jobs
	1	Join_Mapping_Results
	2	Map_Discarded_Results
	2	Map_Retained_Results
	1	Visualize_Discarded_Results
	1	Visualize_Retained_Results
	1	finish
	8

[Fri Nov 29 11:38:55 2019]
rule Map_Discarded_Results:
    input: data/subjects/gpe.fna, results/discarded/proda_temp.tsv
    output: results/discarded/proda_gpe.tsv
    jobid: 7
    wildcards: subject=gpe

[Fri Nov 29 11:38:55 2019]
Finished job 7.
1 of 8 steps (12%) done

[Fri Nov 29 11:38:55 2019]
rule Map_Discarded_Results:
    input: data/subjects/csp.fna, results/discarded/proda_temp.tsv
    output: results/discarded/proda_csp.tsv
    jobid: 6
    wildcards: subject=csp

[Fri Nov 29 11:38:55 2019]
Finished job 6.
2 of 8 steps (25%) done

[Fri Nov 29 11:38:55 2019]
rule Visualize_Discarded_Results:
    input: results/discarded/proda_temp.tsv
    output: discarded_finished.txt
    jobid: 3

Removing temporary output file results/discarded/proda_temp.tsv.
[Fri Nov 29 11:38:56 2019]
Finished job 3.
3 of 8 steps (38%) done

[Fri Nov 29 11:38:56 2019]
rule Map_Retained_Results:
    input: data/subjects/gpe.fna, results/retained/proda_temp.tsv
    output: results/retained/proda_gpe.tsv
    jobid: 5
    wildcards: subject=gpe

Shutting down, this might take some time.
Exiting because a job execution failed. Look above for error message
Complete log: /home/valentin/git/ProDA/.snakemake/log/2019-11-29T113854.878084.snakemake.log
