Building DAG of jobs...
Using shell: /bin/bash
Provided cores: 1
Rules claiming more threads will be scaled down.
Job counts:
	count	jobs
	2	alignment
	1	all
	2	blast
	2	cd_hit
	2	exonerate
	2	get_best_hit
	2	makeblastdb
	2	matcher
	2	spaln
	1	test
	18

[Thu Nov 21 15:56:00 2019]
rule makeblastdb:
    input: data/subjects/gonium.fna
    output: blast_dbs/gonium/temp.db
    log: log/blast_dbs/gonium.log
    jobid: 17
    wildcards: subject=gonium

(makeblastdb -in data/subjects/gonium.fna -dbtype nucl -out blast_dbs/gonium/gonium) 2> log/blast_dbs/gonium.log && touch blast_dbs/gonium/temp.db
[Thu Nov 21 15:56:02 2019]
Finished job 17.
1 of 18 steps (6%) done

[Thu Nov 21 15:56:02 2019]
rule makeblastdb:
    input: data/subjects/csp.fna
    output: blast_dbs/csp/temp.db
    log: log/blast_dbs/csp.log
    jobid: 16
    wildcards: subject=csp

(makeblastdb -in data/subjects/csp.fna -dbtype nucl -out blast_dbs/csp/csp) 2> log/blast_dbs/csp.log && touch blast_dbs/csp/temp.db
[Thu Nov 21 15:56:03 2019]
Finished job 16.
2 of 18 steps (11%) done

[Thu Nov 21 15:56:03 2019]
rule blast:
    input: blast_dbs/gonium/temp.db, data/queries/actin.faa
    output: blast_results/gonium/actin.hit
    log: log/blast_results/gonium/actin.log
    jobid: 15
    wildcards: subject=gonium, query=actin

(tblastn -query data/queries/actin.faa -db blast_dbs/gonium/gonium -outfmt '6 qseqid sseqid sstart send' -evalue 1e-4 > blast_results/gonium/actin.hit) 2> log/blast_results/gonium/actin.log
[Thu Nov 21 15:56:05 2019]
Finished job 15.
3 of 18 steps (17%) done

[Thu Nov 21 15:56:05 2019]
rule matcher:
    input: data/subjects/gonium.fna, blast_results/gonium/actin.hit
    output: matches/gonium/actin.fna
    log: log/matches/gonium/actin.log
    jobid: 13
    wildcards: subject=gonium, query=actin

/home/valentin/anaconda3/bin/python3.6 /home/valentin/git/ProDA/.snakemake/scripts/tmp301l1bxh.contig_query_matcher.py
[Thu Nov 21 15:56:06 2019]
Finished job 13.
4 of 18 steps (22%) done

[Thu Nov 21 15:56:06 2019]
rule exonerate:
    input: data/queries/actin.faa, matches/gonium/actin.fna
    output: exonerate/gonium/actin.ryo, exonerate/gonium/actin.fna, exonerate/gonium/actin.faa
    log: log/exonerate/gonium/actin.log
    jobid: 10
    wildcards: subject=gonium, query=actin

[Thu Nov 21 15:56:12 2019]
Finished job 10.
5 of 18 steps (28%) done

[Thu Nov 21 15:56:12 2019]
rule spaln:
    input: data/queries/actin.faa, matches/gonium/actin.fna
    output: spaln/gonium/actin.sp, spaln/gonium/actin.fna, spaln/gonium/actin_temp.fna, spaln/gonium/actin.faa
    log: log/spaln/gonium/actin.log
    jobid: 11
    wildcards: subject=gonium, query=actin

Removing temporary output file spaln/gonium/actin_temp.fna.
[Thu Nov 21 15:56:15 2019]
Finished job 11.
6 of 18 steps (33%) done

[Thu Nov 21 15:56:15 2019]
rule cd_hit:
    input: exonerate/gonium/actin.faa, spaln/gonium/actin.faa
    output: cd_hit/gonium/actin_joined.faa, cd_hit/gonium/actin_merged.faa
    log: log/cd_hit/gonium/actin.log
    jobid: 7
    wildcards: subject=gonium, query=actin

[Thu Nov 21 15:56:15 2019]
Finished job 7.
7 of 18 steps (39%) done

[Thu Nov 21 15:56:15 2019]
rule alignment:
    input: data/queries/actin.faa, cd_hit/gonium/actin_merged.faa
    output: scores/gonium/actin.sc
    log: log/scores/gonium/actin.log
    jobid: 6
    wildcards: subject=gonium, query=actin

[Thu Nov 21 15:56:16 2019]
Finished job 6.
8 of 18 steps (44%) done

[Thu Nov 21 15:56:16 2019]
rule get_best_hit:
    input: scores/gonium/actin.sc, cd_hit/gonium/actin_merged.faa
    output: best_hit/gonium/actin.faa
    log: log/best_hit/gonium/actin.log
    jobid: 3
    wildcards: subject=gonium, query=actin

Shutting down, this might take some time.
Exiting because a job execution failed. Look above for error message
Complete log: /home/valentin/git/ProDA/.snakemake/log/2019-11-21T155600.730301.snakemake.log
