Building DAG of jobs...
Using shell: /bin/bash
Provided cores: 10
Rules claiming more threads will be scaled down.
Job counts:
	count	jobs
	2	Build_DNA_Databases
	4	Build_Exonerate_Alignment
	4	Build_Spaln_Alignment
	4	Filter_Out_Useless_Regions
	4	Find_Candidates
	1	Join_ProDA_Results
	4	Merge_Results
	4	Retrieve_Sequence_Similarities
	4	Retrieve_Sequence_With_Highest_Similarity
	1	Visualize_Discarded_Results
	1	Visualize_Retained_Results
	1	finish
	34

[Fri Nov 29 14:19:34 2019]
rule Build_DNA_Databases:
    input: data/subjects/gpe.fna
    output: blast_dbs/gpe/temp.db
    log: log/blast_dbs/gpe.log
    jobid: 33
    wildcards: subject=gpe

(makeblastdb -in data/subjects/gpe.fna -dbtype nucl -out blast_dbs/gpe/gpe) 2> log/blast_dbs/gpe.log && touch blast_dbs/gpe/temp.db

[Fri Nov 29 14:19:34 2019]
rule Build_DNA_Databases:
    input: data/subjects/csp.fna
    output: blast_dbs/csp/temp.db
    log: log/blast_dbs/csp.log
    jobid: 32
    wildcards: subject=csp

(makeblastdb -in data/subjects/csp.fna -dbtype nucl -out blast_dbs/csp/csp) 2> log/blast_dbs/csp.log && touch blast_dbs/csp/temp.db
[Fri Nov 29 14:19:35 2019]
Finished job 32.
1 of 34 steps (3%) done
[Fri Nov 29 14:19:36 2019]
Finished job 33.
2 of 34 steps (6%) done

[Fri Nov 29 14:19:36 2019]
rule Find_Candidates:
    input: blast_dbs/gpe/temp.db, data/queries/beta_tubulin2.faa
    output: blast_results/gpe/beta_tubulin2.hit
    log: log/blast_results/gpe/beta_tubulin2.log
    jobid: 31
    wildcards: subject=gpe, query=beta_tubulin2
    threads: 10

(tblastn -query data/queries/beta_tubulin2.faa -db blast_dbs/gpe/gpe -outfmt '6 qseqid sseqid sstart send' -evalue 1e-4 -num_threads 10 > blast_results/gpe/beta_tubulin2.hit) 2> log/blast_results/gpe/beta_tubulin2.log
[Fri Nov 29 14:19:37 2019]
Finished job 31.
3 of 34 steps (9%) done

[Fri Nov 29 14:19:37 2019]
rule Filter_Out_Useless_Regions:
    input: data/subjects/gpe.fna, blast_results/gpe/beta_tubulin2.hit
    output: matches/gpe/beta_tubulin2.fna
    log: log/matches/gpe/beta_tubulin2.log
    jobid: 27
    wildcards: subject=gpe, query=beta_tubulin2

[Fri Nov 29 14:19:39 2019]
Finished job 27.
4 of 34 steps (12%) done

[Fri Nov 29 14:19:39 2019]
rule Build_Spaln_Alignment:
    input: data/queries/beta_tubulin2.faa, matches/gpe/beta_tubulin2.fna
    output: spaln/gpe/beta_tubulin2.fna, spaln/gpe/beta_tubulin2.faa, spaln/gpe/beta_tubulin2.sp
    log: log/spaln/gpe/beta_tubulin2.log
    jobid: 23
    wildcards: subject=gpe, query=beta_tubulin2
    threads: 10

Removing temporary output file spaln/gpe/beta_tubulin2.sp.
[Fri Nov 29 14:19:54 2019]
Finished job 23.
5 of 34 steps (15%) done

[Fri Nov 29 14:19:54 2019]
rule Build_Exonerate_Alignment:
    input: data/queries/beta_tubulin2.faa, matches/gpe/beta_tubulin2.fna
    output: exonerate/gpe/beta_tubulin2.fna, exonerate/gpe/beta_tubulin2.faa
    log: log/exonerate/gpe/beta_tubulin2.log
    jobid: 22
    wildcards: subject=gpe, query=beta_tubulin2
    threads: 10

[Fri Nov 29 14:20:26 2019]
Finished job 22.
6 of 34 steps (18%) done

[Fri Nov 29 14:20:26 2019]
rule Merge_Results:
    input: exonerate/gpe/beta_tubulin2.faa, spaln/gpe/beta_tubulin2.faa
    output: cd_hit/gpe/beta_tubulin2_joined.faa, cd_hit/gpe/beta_tubulin2_merged.faa
    log: log/cd_hit/gpe/beta_tubulin2.log
    jobid: 15
    wildcards: subject=gpe, query=beta_tubulin2
    threads: 10

[Fri Nov 29 14:20:26 2019]
Finished job 15.
7 of 34 steps (21%) done

[Fri Nov 29 14:20:26 2019]
rule Retrieve_Sequence_Similarities:
    input: data/queries/beta_tubulin2.faa, cd_hit/gpe/beta_tubulin2_merged.faa
    output: scores/gpe/beta_tubulin2.sim
    log: log/scores/gpe/beta_tubulin2.log
    jobid: 11
    wildcards: subject=gpe, query=beta_tubulin2
    threads: 10

[Fri Nov 29 14:20:27 2019]
Finished job 11.
8 of 34 steps (24%) done

[Fri Nov 29 14:20:27 2019]
rule Retrieve_Sequence_With_Highest_Similarity:
    input: scores/gpe/beta_tubulin2.sim
    output: best_hit/gpe/beta_tubulin2.tsv
    log: log/best_hit/gpe/beta_tubulin2.log
    jobid: 7
    wildcards: subject=gpe, query=beta_tubulin2

[Fri Nov 29 14:20:27 2019]
Finished job 7.
9 of 34 steps (26%) done

[Fri Nov 29 14:20:27 2019]
rule Find_Candidates:
    input: blast_dbs/csp/temp.db, data/queries/beta_tubulin2.faa
    output: blast_results/csp/beta_tubulin2.hit
    log: log/blast_results/csp/beta_tubulin2.log
    jobid: 29
    wildcards: subject=csp, query=beta_tubulin2
    threads: 10

(tblastn -query data/queries/beta_tubulin2.faa -db blast_dbs/csp/csp -outfmt '6 qseqid sseqid sstart send' -evalue 1e-4 -num_threads 10 > blast_results/csp/beta_tubulin2.hit) 2> log/blast_results/csp/beta_tubulin2.log
[Fri Nov 29 14:20:28 2019]
Finished job 29.
10 of 34 steps (29%) done

[Fri Nov 29 14:20:28 2019]
rule Filter_Out_Useless_Regions:
    input: data/subjects/csp.fna, blast_results/csp/beta_tubulin2.hit
    output: matches/csp/beta_tubulin2.fna
    log: log/matches/csp/beta_tubulin2.log
    jobid: 25
    wildcards: subject=csp, query=beta_tubulin2

[Fri Nov 29 14:20:29 2019]
Finished job 25.
11 of 34 steps (32%) done

[Fri Nov 29 14:20:29 2019]
rule Build_Spaln_Alignment:
    input: data/queries/beta_tubulin2.faa, matches/csp/beta_tubulin2.fna
    output: spaln/csp/beta_tubulin2.fna, spaln/csp/beta_tubulin2.faa, spaln/csp/beta_tubulin2.sp
    log: log/spaln/csp/beta_tubulin2.log
    jobid: 19
    wildcards: subject=csp, query=beta_tubulin2
    threads: 10

Removing temporary output file spaln/csp/beta_tubulin2.sp.
[Fri Nov 29 14:20:46 2019]
Finished job 19.
12 of 34 steps (35%) done

[Fri Nov 29 14:20:46 2019]
rule Build_Exonerate_Alignment:
    input: data/queries/beta_tubulin2.faa, matches/csp/beta_tubulin2.fna
    output: exonerate/csp/beta_tubulin2.fna, exonerate/csp/beta_tubulin2.faa
    log: log/exonerate/csp/beta_tubulin2.log
    jobid: 18
    wildcards: subject=csp, query=beta_tubulin2
    threads: 10

[Fri Nov 29 14:20:59 2019]
Finished job 18.
13 of 34 steps (38%) done

[Fri Nov 29 14:20:59 2019]
rule Merge_Results:
    input: exonerate/csp/beta_tubulin2.faa, spaln/csp/beta_tubulin2.faa
    output: cd_hit/csp/beta_tubulin2_joined.faa, cd_hit/csp/beta_tubulin2_merged.faa
    log: log/cd_hit/csp/beta_tubulin2.log
    jobid: 13
    wildcards: subject=csp, query=beta_tubulin2
    threads: 10

[Fri Nov 29 14:21:00 2019]
Finished job 13.
14 of 34 steps (41%) done

[Fri Nov 29 14:21:00 2019]
rule Retrieve_Sequence_Similarities:
    input: data/queries/beta_tubulin2.faa, cd_hit/csp/beta_tubulin2_merged.faa
    output: scores/csp/beta_tubulin2.sim
    log: log/scores/csp/beta_tubulin2.log
    jobid: 9
    wildcards: subject=csp, query=beta_tubulin2
    threads: 10

[Fri Nov 29 14:21:00 2019]
Finished job 9.
15 of 34 steps (44%) done

[Fri Nov 29 14:21:00 2019]
rule Retrieve_Sequence_With_Highest_Similarity:
    input: scores/csp/beta_tubulin2.sim
    output: best_hit/csp/beta_tubulin2.tsv
    log: log/best_hit/csp/beta_tubulin2.log
    jobid: 5
    wildcards: subject=csp, query=beta_tubulin2

[Fri Nov 29 14:21:01 2019]
Finished job 5.
16 of 34 steps (47%) done

[Fri Nov 29 14:21:01 2019]
rule Find_Candidates:
    input: blast_dbs/csp/temp.db, data/queries/actin.faa
    output: blast_results/csp/actin.hit
    log: log/blast_results/csp/actin.log
    jobid: 28
    wildcards: subject=csp, query=actin
    threads: 10

(tblastn -query data/queries/actin.faa -db blast_dbs/csp/csp -outfmt '6 qseqid sseqid sstart send' -evalue 1e-4 -num_threads 10 > blast_results/csp/actin.hit) 2> log/blast_results/csp/actin.log
[Fri Nov 29 14:21:01 2019]
Finished job 28.
17 of 34 steps (50%) done

[Fri Nov 29 14:21:01 2019]
rule Filter_Out_Useless_Regions:
    input: data/subjects/csp.fna, blast_results/csp/actin.hit
    output: matches/csp/actin.fna
    log: log/matches/csp/actin.log
    jobid: 24
    wildcards: subject=csp, query=actin

[Fri Nov 29 14:21:02 2019]
Finished job 24.
18 of 34 steps (53%) done

[Fri Nov 29 14:21:02 2019]
rule Build_Exonerate_Alignment:
    input: data/queries/actin.faa, matches/csp/actin.fna
    output: exonerate/csp/actin.fna, exonerate/csp/actin.faa
    log: log/exonerate/csp/actin.log
    jobid: 16
    wildcards: subject=csp, query=actin
    threads: 10

[Fri Nov 29 14:21:09 2019]
Finished job 16.
19 of 34 steps (56%) done

[Fri Nov 29 14:21:09 2019]
rule Build_Spaln_Alignment:
    input: data/queries/actin.faa, matches/csp/actin.fna
    output: spaln/csp/actin.fna, spaln/csp/actin.faa, spaln/csp/actin.sp
    log: log/spaln/csp/actin.log
    jobid: 17
    wildcards: subject=csp, query=actin
    threads: 10

Removing temporary output file spaln/csp/actin.sp.
[Fri Nov 29 14:21:20 2019]
Finished job 17.
20 of 34 steps (59%) done

[Fri Nov 29 14:21:20 2019]
rule Merge_Results:
    input: exonerate/csp/actin.faa, spaln/csp/actin.faa
    output: cd_hit/csp/actin_joined.faa, cd_hit/csp/actin_merged.faa
    log: log/cd_hit/csp/actin.log
    jobid: 12
    wildcards: subject=csp, query=actin
    threads: 10

[Fri Nov 29 14:21:20 2019]
Finished job 12.
21 of 34 steps (62%) done

[Fri Nov 29 14:21:20 2019]
rule Retrieve_Sequence_Similarities:
    input: data/queries/actin.faa, cd_hit/csp/actin_merged.faa
    output: scores/csp/actin.sim
    log: log/scores/csp/actin.log
    jobid: 8
    wildcards: subject=csp, query=actin
    threads: 10

[Fri Nov 29 14:21:21 2019]
Finished job 8.
22 of 34 steps (65%) done

[Fri Nov 29 14:21:21 2019]
rule Retrieve_Sequence_With_Highest_Similarity:
    input: scores/csp/actin.sim
    output: best_hit/csp/actin.tsv
    log: log/best_hit/csp/actin.log
    jobid: 4
    wildcards: subject=csp, query=actin

[Fri Nov 29 14:21:21 2019]
Finished job 4.
23 of 34 steps (68%) done

[Fri Nov 29 14:21:21 2019]
rule Find_Candidates:
    input: blast_dbs/gpe/temp.db, data/queries/actin.faa
    output: blast_results/gpe/actin.hit
    log: log/blast_results/gpe/actin.log
    jobid: 30
    wildcards: subject=gpe, query=actin
    threads: 10

(tblastn -query data/queries/actin.faa -db blast_dbs/gpe/gpe -outfmt '6 qseqid sseqid sstart send' -evalue 1e-4 -num_threads 10 > blast_results/gpe/actin.hit) 2> log/blast_results/gpe/actin.log
[Fri Nov 29 14:21:22 2019]
Finished job 30.
24 of 34 steps (71%) done

[Fri Nov 29 14:21:22 2019]
rule Filter_Out_Useless_Regions:
    input: data/subjects/gpe.fna, blast_results/gpe/actin.hit
    output: matches/gpe/actin.fna
    log: log/matches/gpe/actin.log
    jobid: 26
    wildcards: subject=gpe, query=actin

[Fri Nov 29 14:21:23 2019]
Finished job 26.
25 of 34 steps (74%) done

[Fri Nov 29 14:21:23 2019]
rule Build_Exonerate_Alignment:
    input: data/queries/actin.faa, matches/gpe/actin.fna
    output: exonerate/gpe/actin.fna, exonerate/gpe/actin.faa
    log: log/exonerate/gpe/actin.log
    jobid: 20
    wildcards: subject=gpe, query=actin
    threads: 10

[Fri Nov 29 14:21:31 2019]
Finished job 20.
26 of 34 steps (76%) done

[Fri Nov 29 14:21:31 2019]
rule Build_Spaln_Alignment:
    input: data/queries/actin.faa, matches/gpe/actin.fna
    output: spaln/gpe/actin.fna, spaln/gpe/actin.faa, spaln/gpe/actin.sp
    log: log/spaln/gpe/actin.log
    jobid: 21
    wildcards: subject=gpe, query=actin
    threads: 10

Removing temporary output file spaln/gpe/actin.sp.
[Fri Nov 29 14:21:46 2019]
Finished job 21.
27 of 34 steps (79%) done

[Fri Nov 29 14:21:46 2019]
rule Merge_Results:
    input: exonerate/gpe/actin.faa, spaln/gpe/actin.faa
    output: cd_hit/gpe/actin_joined.faa, cd_hit/gpe/actin_merged.faa
    log: log/cd_hit/gpe/actin.log
    jobid: 14
    wildcards: subject=gpe, query=actin
    threads: 10

[Fri Nov 29 14:21:47 2019]
Finished job 14.
28 of 34 steps (82%) done

[Fri Nov 29 14:21:47 2019]
rule Retrieve_Sequence_Similarities:
    input: data/queries/actin.faa, cd_hit/gpe/actin_merged.faa
    output: scores/gpe/actin.sim
    log: log/scores/gpe/actin.log
    jobid: 10
    wildcards: subject=gpe, query=actin
    threads: 10

[Fri Nov 29 14:21:48 2019]
Finished job 10.
29 of 34 steps (85%) done

[Fri Nov 29 14:21:48 2019]
rule Retrieve_Sequence_With_Highest_Similarity:
    input: scores/gpe/actin.sim
    output: best_hit/gpe/actin.tsv
    log: log/best_hit/gpe/actin.log
    jobid: 6
    wildcards: subject=gpe, query=actin

[Fri Nov 29 14:21:48 2019]
Finished job 6.
30 of 34 steps (88%) done

[Fri Nov 29 14:21:48 2019]
rule Join_ProDA_Results:
    input: best_hit/csp/actin.tsv, best_hit/csp/beta_tubulin2.tsv, best_hit/gpe/actin.tsv, best_hit/gpe/beta_tubulin2.tsv
    output: results/retained/proda.tsv, results/discarded/proda.tsv
    log: log/results/results.log
    jobid: 3
    threads: 10

[Fri Nov 29 14:21:48 2019]
Finished job 3.
31 of 34 steps (91%) done

[Fri Nov 29 14:21:48 2019]
rule Visualize_Discarded_Results:
    input: results/discarded/proda.tsv
    output: discarded_finished.txt
    jobid: 2
    threads: 10

[Fri Nov 29 14:21:56 2019]
Finished job 2.
32 of 34 steps (94%) done

[Fri Nov 29 14:21:56 2019]
rule Visualize_Retained_Results:
    input: results/retained/proda.tsv
    output: retained_finished.txt
    jobid: 1
    threads: 10

[Fri Nov 29 14:22:02 2019]
Finished job 1.
33 of 34 steps (97%) done

[Fri Nov 29 14:22:02 2019]
localrule finish:
    input: retained_finished.txt, discarded_finished.txt
    jobid: 0

Removing temporary output file retained_finished.txt.
Removing temporary output file discarded_finished.txt.
[Fri Nov 29 14:22:02 2019]
Finished job 0.
34 of 34 steps (100%) done
Complete log: /home/valentin/git/ProDA/.snakemake/log/2019-11-29T141934.445149.snakemake.log
