Building DAG of jobs...
Using shell: /bin/bash
Provided cores: 1
Rules claiming more threads will be scaled down.
Job counts:
	count	jobs
	2	Build_DNA_Databases
	4	Build_Exonerate_Alignment
	4	Build_Spaln_Alignment
	4	Filter_Out_Useless_Regions
	4	Find_Candidates
	1	Join_Mapping_Results
	1	Join_ProDA_Results
	2	Map_Discarded_Results
	2	Map_Retained_Results
	4	Merge_Results
	4	Retrieve_Sequence_Similarities
	4	Retrieve_Sequence_With_Highest_Similarity
	1	Visualize_Discarded_Results
	1	Visualize_Retained_Results
	1	finish
	39

[Fri Nov 29 11:24:43 2019]
rule Build_DNA_Databases:
    input: data/subjects/gpe.fna
    output: blast_dbs/gpe/temp.db
    log: log/blast_dbs/gpe.log
    jobid: 38
    wildcards: subject=gpe

(makeblastdb -in data/subjects/gpe.fna -dbtype nucl -out blast_dbs/gpe/gpe) 2> log/blast_dbs/gpe.log && touch blast_dbs/gpe/temp.db
[Fri Nov 29 11:24:45 2019]
Finished job 38.
1 of 39 steps (3%) done

[Fri Nov 29 11:24:45 2019]
rule Build_DNA_Databases:
    input: data/subjects/csp.fna
    output: blast_dbs/csp/temp.db
    log: log/blast_dbs/csp.log
    jobid: 37
    wildcards: subject=csp

(makeblastdb -in data/subjects/csp.fna -dbtype nucl -out blast_dbs/csp/csp) 2> log/blast_dbs/csp.log && touch blast_dbs/csp/temp.db
[Fri Nov 29 11:24:46 2019]
Finished job 37.
2 of 39 steps (5%) done

[Fri Nov 29 11:24:46 2019]
rule Find_Candidates:
    input: blast_dbs/gpe/temp.db, data/queries/beta_tubulin2.faa
    output: blast_results/gpe/beta_tubulin2.hit
    log: log/blast_results/gpe/beta_tubulin2.log
    jobid: 36
    wildcards: subject=gpe, query=beta_tubulin2

(tblastn -query data/queries/beta_tubulin2.faa -db blast_dbs/gpe/gpe -outfmt '6 qseqid sseqid sstart send' -evalue 1e-4 -num_threads 1 > blast_results/gpe/beta_tubulin2.hit) 2> log/blast_results/gpe/beta_tubulin2.log
[Fri Nov 29 11:24:48 2019]
Finished job 36.
3 of 39 steps (8%) done

[Fri Nov 29 11:24:48 2019]
rule Filter_Out_Useless_Regions:
    input: data/subjects/gpe.fna, blast_results/gpe/beta_tubulin2.hit
    output: matches/gpe/beta_tubulin2.fna
    log: log/matches/gpe/beta_tubulin2.log
    jobid: 32
    wildcards: subject=gpe, query=beta_tubulin2

[Fri Nov 29 11:24:49 2019]
Finished job 32.
4 of 39 steps (10%) done

[Fri Nov 29 11:24:49 2019]
rule Build_Exonerate_Alignment:
    input: data/queries/beta_tubulin2.faa, matches/gpe/beta_tubulin2.fna
    output: exonerate/gpe/beta_tubulin2.faa
    log: log/exonerate/gpe/beta_tubulin2.log
    jobid: 27
    wildcards: subject=gpe, query=beta_tubulin2

Terminating processes on user request, this might take some time.
Removing output files of failed job Build_Exonerate_Alignment since they might be corrupted:
exonerate/gpe/beta_tubulin2.faa
Complete log: /home/valentin/git/ProDA/.snakemake/log/2019-11-29T112443.316680.snakemake.log
