Building DAG of jobs...
Using shell: /bin/bash
Provided cores: 1
Rules claiming more threads will be scaled down.
Job counts:
	count	jobs
	1	all
	8	cd_hit
	1	test
	10

[Thu Nov 21 09:45:15 2019]
rule cd_hit:
    input: exonerate/csp/actin.faa, exonerate/csp/beta_tubulin2.faa, exonerate/gonium/actin.faa, exonerate/gonium/beta_tubulin2.faa, spaln/csp/actin.faa, spaln/csp/beta_tubulin2.faa, spaln/gonium/actin.faa, spaln/gonium/beta_tubulin2.faa
    output: cd_hit/spaln/csp/beta_tubulin2.faa
    log: log/cd_hit/spaln/csp/beta_tubulin2.log
    jobid: 7
    wildcards: subject=spaln/csp, query=beta_tubulin2

Shutting down, this might take some time.
Exiting because a job execution failed. Look above for error message
Complete log: /home/valentin/git/ProDA/.snakemake/log/2019-11-21T094515.843224.snakemake.log
