Building DAG of jobs...
Using shell: /bin/bash
Provided cores: 10
Rules claiming more threads will be scaled down.
Job counts:
	count	jobs
	1	Join_Mapping_Results
	2	Map_Discarded_Results
	2	Map_Retained_Results
	1	Visualize_Discarded_Results
	1	Visualize_Retained_Results
	1	finish
	8

[Fri Nov 29 13:31:30 2019]
rule Map_Retained_Results:
    input: data/subjects/gpe.fna, results/retained/proda_temp.tsv
    output: results/retained/proda_gpe.tsv
    jobid: 5
    wildcards: subject=gpe
    threads: 10

Terminating processes on user request, this might take some time.
Cancelling snakemake on user request.
