Building DAG of jobs...
Using shell: /bin/bash
Provided cores: 1
Rules claiming more threads will be scaled down.
Job counts:
	count	jobs
	1	all
	4	cd_hit_exonerate
	4	cd_hit_spaln
	1	test
	10

[Wed Nov 20 16:53:29 2019]
rule cd_hit_spaln:
    input: spaln/csp/actin.faa, spaln/csp/beta_tubulin2.faa, spaln/gonium/actin.faa, spaln/gonium/beta_tubulin2.faa
    output: cd_hit/spaln/gonium/actin.faa
    log: log/cd_hit/spaln/gonium/actin.log
    jobid: 8
    wildcards: subject=gonium, query=actin

[Wed Nov 20 16:53:29 2019]
Finished job 8.
1 of 10 steps (10%) done

[Wed Nov 20 16:53:29 2019]
rule cd_hit_spaln:
    input: spaln/csp/actin.faa, spaln/csp/beta_tubulin2.faa, spaln/gonium/actin.faa, spaln/gonium/beta_tubulin2.faa
    output: cd_hit/spaln/csp/actin.faa
    log: log/cd_hit/spaln/csp/actin.log
    jobid: 6
    wildcards: subject=csp, query=actin

[Wed Nov 20 16:53:30 2019]
Finished job 6.
2 of 10 steps (20%) done

[Wed Nov 20 16:53:30 2019]
rule cd_hit_spaln:
    input: spaln/csp/actin.faa, spaln/csp/beta_tubulin2.faa, spaln/gonium/actin.faa, spaln/gonium/beta_tubulin2.faa
    output: cd_hit/spaln/gonium/beta_tubulin2.faa
    log: log/cd_hit/spaln/gonium/beta_tubulin2.log
    jobid: 9
    wildcards: subject=gonium, query=beta_tubulin2

[Wed Nov 20 16:53:30 2019]
Finished job 9.
3 of 10 steps (30%) done

[Wed Nov 20 16:53:30 2019]
rule cd_hit_spaln:
    input: spaln/csp/actin.faa, spaln/csp/beta_tubulin2.faa, spaln/gonium/actin.faa, spaln/gonium/beta_tubulin2.faa
    output: cd_hit/spaln/csp/beta_tubulin2.faa
    log: log/cd_hit/spaln/csp/beta_tubulin2.log
    jobid: 7
    wildcards: subject=csp, query=beta_tubulin2

[Wed Nov 20 16:53:31 2019]
Finished job 7.
4 of 10 steps (40%) done

[Wed Nov 20 16:53:31 2019]
rule cd_hit_exonerate:
    input: exonerate/csp/actin.faa, exonerate/csp/beta_tubulin2.faa, exonerate/gonium/actin.faa, exonerate/gonium/beta_tubulin2.faa
    output: cd_hit/exonerate/csp/beta_tubulin2.faa
    log: log/cd_hit/exonerate/csp/beta_tubulin2.log
    jobid: 3
    wildcards: subject=csp, query=beta_tubulin2

[Wed Nov 20 16:53:31 2019]
Finished job 3.
5 of 10 steps (50%) done

[Wed Nov 20 16:53:31 2019]
rule cd_hit_exonerate:
    input: exonerate/csp/actin.faa, exonerate/csp/beta_tubulin2.faa, exonerate/gonium/actin.faa, exonerate/gonium/beta_tubulin2.faa
    output: cd_hit/exonerate/csp/actin.faa
    log: log/cd_hit/exonerate/csp/actin.log
    jobid: 2
    wildcards: subject=csp, query=actin

[Wed Nov 20 16:53:32 2019]
Finished job 2.
6 of 10 steps (60%) done

[Wed Nov 20 16:53:32 2019]
rule cd_hit_exonerate:
    input: exonerate/csp/actin.faa, exonerate/csp/beta_tubulin2.faa, exonerate/gonium/actin.faa, exonerate/gonium/beta_tubulin2.faa
    output: cd_hit/exonerate/gonium/beta_tubulin2.faa
    log: log/cd_hit/exonerate/gonium/beta_tubulin2.log
    jobid: 5
    wildcards: subject=gonium, query=beta_tubulin2

[Wed Nov 20 16:53:32 2019]
Finished job 5.
7 of 10 steps (70%) done

[Wed Nov 20 16:53:32 2019]
rule cd_hit_exonerate:
    input: exonerate/csp/actin.faa, exonerate/csp/beta_tubulin2.faa, exonerate/gonium/actin.faa, exonerate/gonium/beta_tubulin2.faa
    output: cd_hit/exonerate/gonium/actin.faa
    log: log/cd_hit/exonerate/gonium/actin.log
    jobid: 4
    wildcards: subject=gonium, query=actin

[Wed Nov 20 16:53:33 2019]
Finished job 4.
8 of 10 steps (80%) done

[Wed Nov 20 16:53:33 2019]
rule test:
    input: cd_hit/exonerate/csp/actin.faa, cd_hit/exonerate/csp/beta_tubulin2.faa, cd_hit/exonerate/gonium/actin.faa, cd_hit/exonerate/gonium/beta_tubulin2.faa, cd_hit/spaln/csp/actin.faa, cd_hit/spaln/csp/beta_tubulin2.faa, cd_hit/spaln/gonium/actin.faa, cd_hit/spaln/gonium/beta_tubulin2.faa
    output: temp/end.txt
    jobid: 1

touch temp/end.txt
[Wed Nov 20 16:53:33 2019]
Finished job 1.
9 of 10 steps (90%) done

[Wed Nov 20 16:53:33 2019]
localrule all:
    input: temp/end.txt
    jobid: 0

[Wed Nov 20 16:53:33 2019]
Finished job 0.
10 of 10 steps (100%) done
Complete log: /home/valentin/git/ProDA/.snakemake/log/2019-11-20T165328.955003.snakemake.log
