Building DAG of jobs...
Using shell: /bin/bash
Provided cores: 1
Rules claiming more threads will be scaled down.
Job counts:
	count	jobs
	1	all
	4	blast
	8	cd_hit
	4	exonerate
	2	makeblastdb
	4	matcher
	4	spaln
	1	test
	28

[Thu Nov 21 09:41:34 2019]
rule makeblastdb:
    input: data/subjects/gonium.fna
    output: blast_dbs/gonium/temp.db
    log: log/blast_dbs/gonium.log
    jobid: 27
    wildcards: subject=gonium

(makeblastdb -in data/subjects/gonium.fna -dbtype nucl -out blast_dbs/gonium/gonium) 2> log/blast_dbs/gonium.log && touch blast_dbs/gonium/temp.db
[Thu Nov 21 09:41:35 2019]
Finished job 27.
1 of 28 steps (4%) done

[Thu Nov 21 09:41:35 2019]
rule makeblastdb:
    input: data/subjects/csp.fna
    output: blast_dbs/csp/temp.db
    log: log/blast_dbs/csp.log
    jobid: 26
    wildcards: subject=csp

(makeblastdb -in data/subjects/csp.fna -dbtype nucl -out blast_dbs/csp/csp) 2> log/blast_dbs/csp.log && touch blast_dbs/csp/temp.db
[Thu Nov 21 09:41:36 2019]
Finished job 26.
2 of 28 steps (7%) done

[Thu Nov 21 09:41:36 2019]
rule blast:
    input: blast_dbs/csp/temp.db, data/queries/beta_tubulin2.faa
    output: blast_results/csp/beta_tubulin2.hit
    log: log/blast_results/csp/beta_tubulin2.log
    jobid: 23
    wildcards: subject=csp, query=beta_tubulin2

(tblastn -query data/queries/beta_tubulin2.faa -db blast_dbs/csp/csp -outfmt '6 qseqid sseqid sstart send' -evalue 1e-4 > blast_results/csp/beta_tubulin2.hit) 2> log/blast_results/csp/beta_tubulin2.log
[Thu Nov 21 09:41:38 2019]
Finished job 23.
3 of 28 steps (11%) done

[Thu Nov 21 09:41:38 2019]
rule blast:
    input: blast_dbs/gonium/temp.db, data/queries/beta_tubulin2.faa
    output: blast_results/gonium/beta_tubulin2.hit
    log: log/blast_results/gonium/beta_tubulin2.log
    jobid: 25
    wildcards: subject=gonium, query=beta_tubulin2

(tblastn -query data/queries/beta_tubulin2.faa -db blast_dbs/gonium/gonium -outfmt '6 qseqid sseqid sstart send' -evalue 1e-4 > blast_results/gonium/beta_tubulin2.hit) 2> log/blast_results/gonium/beta_tubulin2.log
[Thu Nov 21 09:41:40 2019]
Finished job 25.
4 of 28 steps (14%) done

[Thu Nov 21 09:41:40 2019]
rule blast:
    input: blast_dbs/gonium/temp.db, data/queries/actin.faa
    output: blast_results/gonium/actin.hit
    log: log/blast_results/gonium/actin.log
    jobid: 24
    wildcards: subject=gonium, query=actin

(tblastn -query data/queries/actin.faa -db blast_dbs/gonium/gonium -outfmt '6 qseqid sseqid sstart send' -evalue 1e-4 > blast_results/gonium/actin.hit) 2> log/blast_results/gonium/actin.log
[Thu Nov 21 09:41:42 2019]
Finished job 24.
5 of 28 steps (18%) done

[Thu Nov 21 09:41:42 2019]
rule blast:
    input: blast_dbs/csp/temp.db, data/queries/actin.faa
    output: blast_results/csp/actin.hit
    log: log/blast_results/csp/actin.log
    jobid: 22
    wildcards: subject=csp, query=actin

(tblastn -query data/queries/actin.faa -db blast_dbs/csp/csp -outfmt '6 qseqid sseqid sstart send' -evalue 1e-4 > blast_results/csp/actin.hit) 2> log/blast_results/csp/actin.log
[Thu Nov 21 09:41:43 2019]
Finished job 22.
6 of 28 steps (21%) done

[Thu Nov 21 09:41:43 2019]
rule matcher:
    input: data/subjects/csp.fna, data/subjects/gonium.fna, blast_results/csp/actin.hit, blast_results/csp/beta_tubulin2.hit, blast_results/gonium/actin.hit, blast_results/gonium/beta_tubulin2.hit
    output: matches/gonium/beta_tubulin2.fna
    log: log/matches/gonium/beta_tubulin2.log
    jobid: 21
    wildcards: subject=gonium, query=beta_tubulin2

/home/valentin/anaconda3/bin/python3.6 /home/valentin/git/ProDA/.snakemake/scripts/tmpz_amcvvl.contig_query_matcher.py
[Thu Nov 21 09:41:45 2019]
Finished job 21.
7 of 28 steps (25%) done

[Thu Nov 21 09:41:45 2019]
rule matcher:
    input: data/subjects/csp.fna, data/subjects/gonium.fna, blast_results/csp/actin.hit, blast_results/csp/beta_tubulin2.hit, blast_results/gonium/actin.hit, blast_results/gonium/beta_tubulin2.hit
    output: matches/csp/actin.fna
    log: log/matches/csp/actin.log
    jobid: 18
    wildcards: subject=csp, query=actin

Warning: the following output files of rule matcher were not present when the DAG was created:
{'matches/csp/actin.fna'}
/home/valentin/anaconda3/bin/python3.6 /home/valentin/git/ProDA/.snakemake/scripts/tmp9dqs2tvf.contig_query_matcher.py
[Thu Nov 21 09:41:46 2019]
Finished job 18.
8 of 28 steps (29%) done

[Thu Nov 21 09:41:46 2019]
rule matcher:
    input: data/subjects/csp.fna, data/subjects/gonium.fna, blast_results/csp/actin.hit, blast_results/csp/beta_tubulin2.hit, blast_results/gonium/actin.hit, blast_results/gonium/beta_tubulin2.hit
    output: matches/gonium/actin.fna
    log: log/matches/gonium/actin.log
    jobid: 20
    wildcards: subject=gonium, query=actin

Warning: the following output files of rule matcher were not present when the DAG was created:
{'matches/gonium/actin.fna'}
/home/valentin/anaconda3/bin/python3.6 /home/valentin/git/ProDA/.snakemake/scripts/tmpps35obcr.contig_query_matcher.py
[Thu Nov 21 09:41:48 2019]
Finished job 20.
9 of 28 steps (32%) done

[Thu Nov 21 09:41:48 2019]
rule matcher:
    input: data/subjects/csp.fna, data/subjects/gonium.fna, blast_results/csp/actin.hit, blast_results/csp/beta_tubulin2.hit, blast_results/gonium/actin.hit, blast_results/gonium/beta_tubulin2.hit
    output: matches/csp/beta_tubulin2.fna
    log: log/matches/csp/beta_tubulin2.log
    jobid: 19
    wildcards: subject=csp, query=beta_tubulin2

Warning: the following output files of rule matcher were not present when the DAG was created:
{'matches/csp/beta_tubulin2.fna'}
/home/valentin/anaconda3/bin/python3.6 /home/valentin/git/ProDA/.snakemake/scripts/tmpzqf24o3q.contig_query_matcher.py
[Thu Nov 21 09:41:50 2019]
Finished job 19.
10 of 28 steps (36%) done

[Thu Nov 21 09:41:50 2019]
rule spaln:
    input: data/queries/actin.faa, data/queries/beta_tubulin2.faa, matches/csp/actin.fna, matches/csp/beta_tubulin2.fna, matches/gonium/actin.fna, matches/gonium/beta_tubulin2.fna
    output: spaln/gonium/beta_tubulin2.faa
    log: log/spaln/gonium/beta_tubulin2.log
    jobid: 17
    wildcards: subject=gonium, query=beta_tubulin2

[Thu Nov 21 09:42:00 2019]
Finished job 17.
11 of 28 steps (39%) done

[Thu Nov 21 09:42:00 2019]
rule exonerate:
    input: data/queries/actin.faa, data/queries/beta_tubulin2.faa, matches/csp/actin.fna, matches/csp/beta_tubulin2.fna, matches/gonium/actin.fna, matches/gonium/beta_tubulin2.fna
    output: exonerate/gonium/beta_tubulin2.faa
    log: log/exonerate/gonium/beta_tubulin2.log
    jobid: 13
    wildcards: subject=gonium, query=beta_tubulin2

[Thu Nov 21 09:42:13 2019]
Finished job 13.
12 of 28 steps (43%) done

[Thu Nov 21 09:42:13 2019]
rule spaln:
    input: data/queries/actin.faa, data/queries/beta_tubulin2.faa, matches/csp/actin.fna, matches/csp/beta_tubulin2.fna, matches/gonium/actin.fna, matches/gonium/beta_tubulin2.fna
    output: spaln/csp/actin.faa
    log: log/spaln/csp/actin.log
    jobid: 14
    wildcards: subject=csp, query=actin

[Thu Nov 21 09:42:23 2019]
Finished job 14.
13 of 28 steps (46%) done

[Thu Nov 21 09:42:23 2019]
rule exonerate:
    input: data/queries/actin.faa, data/queries/beta_tubulin2.faa, matches/csp/actin.fna, matches/csp/beta_tubulin2.fna, matches/gonium/actin.fna, matches/gonium/beta_tubulin2.fna
    output: exonerate/csp/actin.faa
    log: log/exonerate/csp/actin.log
    jobid: 10
    wildcards: subject=csp, query=actin

[Thu Nov 21 09:42:36 2019]
Finished job 10.
14 of 28 steps (50%) done

[Thu Nov 21 09:42:36 2019]
rule exonerate:
    input: data/queries/actin.faa, data/queries/beta_tubulin2.faa, matches/csp/actin.fna, matches/csp/beta_tubulin2.fna, matches/gonium/actin.fna, matches/gonium/beta_tubulin2.fna
    output: exonerate/gonium/actin.faa
    log: log/exonerate/gonium/actin.log
    jobid: 12
    wildcards: subject=gonium, query=actin

[Thu Nov 21 09:42:48 2019]
Finished job 12.
15 of 28 steps (54%) done

[Thu Nov 21 09:42:48 2019]
rule spaln:
    input: data/queries/actin.faa, data/queries/beta_tubulin2.faa, matches/csp/actin.fna, matches/csp/beta_tubulin2.fna, matches/gonium/actin.fna, matches/gonium/beta_tubulin2.fna
    output: spaln/gonium/actin.faa
    log: log/spaln/gonium/actin.log
    jobid: 16
    wildcards: subject=gonium, query=actin

[Thu Nov 21 09:42:58 2019]
Finished job 16.
16 of 28 steps (57%) done

[Thu Nov 21 09:42:58 2019]
rule exonerate:
    input: data/queries/actin.faa, data/queries/beta_tubulin2.faa, matches/csp/actin.fna, matches/csp/beta_tubulin2.fna, matches/gonium/actin.fna, matches/gonium/beta_tubulin2.fna
    output: exonerate/csp/beta_tubulin2.faa
    log: log/exonerate/csp/beta_tubulin2.log
    jobid: 11
    wildcards: subject=csp, query=beta_tubulin2

[Thu Nov 21 09:43:11 2019]
Finished job 11.
17 of 28 steps (61%) done

[Thu Nov 21 09:43:11 2019]
rule spaln:
    input: data/queries/actin.faa, data/queries/beta_tubulin2.faa, matches/csp/actin.fna, matches/csp/beta_tubulin2.fna, matches/gonium/actin.fna, matches/gonium/beta_tubulin2.fna
    output: spaln/csp/beta_tubulin2.faa
    log: log/spaln/csp/beta_tubulin2.log
    jobid: 15
    wildcards: subject=csp, query=beta_tubulin2

[Thu Nov 21 09:43:21 2019]
Finished job 15.
18 of 28 steps (64%) done

[Thu Nov 21 09:43:21 2019]
rule cd_hit:
    input: exonerate/csp/actin.faa, exonerate/csp/beta_tubulin2.faa, exonerate/gonium/actin.faa, exonerate/gonium/beta_tubulin2.faa, spaln/csp/actin.faa, spaln/csp/beta_tubulin2.faa, spaln/gonium/actin.faa, spaln/gonium/beta_tubulin2.faa
    output: cd_hit/spaln/gonium/actin.faa
    log: log/cd_hit/spaln/gonium/actin.log
    jobid: 8
    wildcards: subject=spaln/gonium, query=actin

Shutting down, this might take some time.
Exiting because a job execution failed. Look above for error message
Complete log: /home/valentin/git/ProDA/.snakemake/log/2019-11-21T094134.091395.snakemake.log
