Building DAG of jobs...
Using shell: /bin/bash
Provided cores: 10
Rules claiming more threads will be scaled down.
Job counts:
	count	jobs
	1	Join_Mapping_Results
	1	Visualize_Discarded_Results
	1	finish
	3

[Fri Nov 29 12:55:16 2019]
rule Join_Mapping_Results:
    input: results/retained/proda_csp.tsv, results/retained/proda_gpe.tsv, results/discarded/proda_csp.tsv, results/discarded/proda_gpe.tsv
    output: results/retained/proda.tsv, results/discarded/proda.tsv
    log: log/results/retained/proda.log, log/results/discarded/proda.log
    jobid: 1

Removing temporary output file results/retained/proda_csp.tsv.
Removing temporary output file results/retained/proda_gpe.tsv.
Removing temporary output file results/discarded/proda_csp.tsv.
Removing temporary output file results/discarded/proda_gpe.tsv.
[Fri Nov 29 12:55:16 2019]
Finished job 1.
1 of 3 steps (33%) done

[Fri Nov 29 12:55:16 2019]
rule Visualize_Discarded_Results:
    input: results/discarded/proda_temp.tsv
    output: discarded_finished.txt
    jobid: 3
    threads: 10

Removing temporary output file results/discarded/proda_temp.tsv.
[Fri Nov 29 12:55:17 2019]
Finished job 3.
2 of 3 steps (67%) done

[Fri Nov 29 12:55:17 2019]
localrule finish:
    input: results/retained/proda.tsv, results/discarded/proda.tsv, retained_finished.txt, discarded_finished.txt
    jobid: 0

Removing temporary output file retained_finished.txt.
Removing temporary output file discarded_finished.txt.
[Fri Nov 29 12:55:17 2019]
Finished job 0.
3 of 3 steps (100%) done
Complete log: /home/valentin/git/ProDA/.snakemake/log/2019-11-29T125516.101271.snakemake.log
