Building DAG of jobs...
Using shell: /bin/bash
Provided cores: 1
Rules claiming more threads will be scaled down.
Job counts:
	count	jobs
	1	all
	4	blast
	4	cd_hit_exonerate
	4	exonerate
	2	makeblastdb
	4	matcher
	1	test
	20

[Wed Nov 20 11:38:08 2019]
rule makeblastdb:
    input: data/subjects/gonium.fasta
    output: blast_dbs/gonium/temp.db
    log: log/blast_dbs/gonium.log
    jobid: 19
    wildcards: subject=gonium

(makeblastdb -in data/subjects/gonium.fasta -dbtype nucl -out blast_dbs/gonium/gonium) 2> log/blast_dbs/gonium.log && touch blast_dbs/gonium/temp.db
Terminating processes on user request, this might take some time.
[Wed Nov 20 11:38:08 2019]
Error in rule makeblastdb:
    jobid: 19
    output: blast_dbs/gonium/temp.db
    log: log/blast_dbs/gonium.log (check log file(s) for error message)
    shell:
        (makeblastdb -in data/subjects/gonium.fasta -dbtype nucl -out blast_dbs/gonium/gonium) 2> log/blast_dbs/gonium.log && touch blast_dbs/gonium/temp.db
        (one of the commands exited with non-zero exit code; note that snakemake uses bash strict mode!)

Complete log: /home/valentin/git/ProDA/.snakemake/log/2019-11-20T113808.184642.snakemake.log
