Building DAG of jobs...
Using shell: /bin/bash
Provided cores: 1
Rules claiming more threads will be scaled down.
Job counts:
	count	jobs
	1	all
	4	blast
	4	cd_hit_exonerate
	4	cd_hit_spaln
	4	exonerate
	2	makeblastdb
	4	matcher
	4	spaln
	1	test
	28

[Wed Nov 20 11:38:24 2019]
rule makeblastdb:
    input: data/subjects/gonium.fasta
    output: blast_dbs/gonium/temp.db
    log: log/blast_dbs/gonium.log
    jobid: 27
    wildcards: subject=gonium

(makeblastdb -in data/subjects/gonium.fasta -dbtype nucl -out blast_dbs/gonium/gonium) 2> log/blast_dbs/gonium.log && touch blast_dbs/gonium/temp.db
[Wed Nov 20 11:38:26 2019]
Finished job 27.
1 of 28 steps (4%) done

[Wed Nov 20 11:38:26 2019]
rule makeblastdb:
    input: data/subjects/csp.fasta
    output: blast_dbs/csp/temp.db
    log: log/blast_dbs/csp.log
    jobid: 26
    wildcards: subject=csp

(makeblastdb -in data/subjects/csp.fasta -dbtype nucl -out blast_dbs/csp/csp) 2> log/blast_dbs/csp.log && touch blast_dbs/csp/temp.db
[Wed Nov 20 11:38:27 2019]
Finished job 26.
2 of 28 steps (7%) done

[Wed Nov 20 11:38:27 2019]
rule blast:
    input: blast_dbs/csp/temp.db, data/queries/beta_tubulin2.faa
    output: blast_results/csp/beta_tubulin2.hit
    log: log/blast_results/csp/beta_tubulin2.log
    jobid: 23
    wildcards: subject=csp, query=beta_tubulin2

(tblastn -query data/queries/beta_tubulin2.faa -db blast_dbs/csp/csp -outfmt '6 qseqid sseqid sstart send' -evalue 1e-4 > blast_results/csp/beta_tubulin2.hit) 2> log/blast_results/csp/beta_tubulin2.log
[Wed Nov 20 11:38:28 2019]
Finished job 23.
3 of 28 steps (11%) done

[Wed Nov 20 11:38:28 2019]
rule blast:
    input: blast_dbs/gonium/temp.db, data/queries/beta_tubulin2.faa
    output: blast_results/gonium/beta_tubulin2.hit
    log: log/blast_results/gonium/beta_tubulin2.log
    jobid: 25
    wildcards: subject=gonium, query=beta_tubulin2

(tblastn -query data/queries/beta_tubulin2.faa -db blast_dbs/gonium/gonium -outfmt '6 qseqid sseqid sstart send' -evalue 1e-4 > blast_results/gonium/beta_tubulin2.hit) 2> log/blast_results/gonium/beta_tubulin2.log
[Wed Nov 20 11:38:30 2019]
Finished job 25.
4 of 28 steps (14%) done

[Wed Nov 20 11:38:30 2019]
rule blast:
    input: blast_dbs/gonium/temp.db, data/queries/actin.faa
    output: blast_results/gonium/actin.hit
    log: log/blast_results/gonium/actin.log
    jobid: 24
    wildcards: subject=gonium, query=actin

(tblastn -query data/queries/actin.faa -db blast_dbs/gonium/gonium -outfmt '6 qseqid sseqid sstart send' -evalue 1e-4 > blast_results/gonium/actin.hit) 2> log/blast_results/gonium/actin.log
[Wed Nov 20 11:38:32 2019]
Finished job 24.
5 of 28 steps (18%) done

[Wed Nov 20 11:38:32 2019]
rule blast:
    input: blast_dbs/csp/temp.db, data/queries/actin.faa
    output: blast_results/csp/actin.hit
    log: log/blast_results/csp/actin.log
    jobid: 22
    wildcards: subject=csp, query=actin

(tblastn -query data/queries/actin.faa -db blast_dbs/csp/csp -outfmt '6 qseqid sseqid sstart send' -evalue 1e-4 > blast_results/csp/actin.hit) 2> log/blast_results/csp/actin.log
[Wed Nov 20 11:38:33 2019]
Finished job 22.
6 of 28 steps (21%) done

[Wed Nov 20 11:38:33 2019]
rule matcher:
    input: data/subjects/csp.fasta, data/subjects/gonium.fasta, blast_results/csp/actin.hit, blast_results/csp/beta_tubulin2.hit, blast_results/gonium/actin.hit, blast_results/gonium/beta_tubulin2.hit
    output: matches/gonium/beta_tubulin2.fasta
    log: log/matches/gonium/beta_tubulin2.log
    jobid: 21
    wildcards: subject=gonium, query=beta_tubulin2

/home/valentin/anaconda3/bin/python3.6 /home/valentin/git/ProDA/.snakemake/scripts/tmp0iuxc8nw.contig_query_matcher.py
[Wed Nov 20 11:38:35 2019]
Finished job 21.
7 of 28 steps (25%) done

[Wed Nov 20 11:38:35 2019]
rule matcher:
    input: data/subjects/csp.fasta, data/subjects/gonium.fasta, blast_results/csp/actin.hit, blast_results/csp/beta_tubulin2.hit, blast_results/gonium/actin.hit, blast_results/gonium/beta_tubulin2.hit
    output: matches/csp/actin.fasta
    log: log/matches/csp/actin.log
    jobid: 18
    wildcards: subject=csp, query=actin

Warning: the following output files of rule matcher were not present when the DAG was created:
{'matches/csp/actin.fasta'}
/home/valentin/anaconda3/bin/python3.6 /home/valentin/git/ProDA/.snakemake/scripts/tmpxail736e.contig_query_matcher.py
[Wed Nov 20 11:38:37 2019]
Finished job 18.
8 of 28 steps (29%) done

[Wed Nov 20 11:38:37 2019]
rule matcher:
    input: data/subjects/csp.fasta, data/subjects/gonium.fasta, blast_results/csp/actin.hit, blast_results/csp/beta_tubulin2.hit, blast_results/gonium/actin.hit, blast_results/gonium/beta_tubulin2.hit
    output: matches/csp/beta_tubulin2.fasta
    log: log/matches/csp/beta_tubulin2.log
    jobid: 19
    wildcards: subject=csp, query=beta_tubulin2

Warning: the following output files of rule matcher were not present when the DAG was created:
{'matches/csp/beta_tubulin2.fasta'}
/home/valentin/anaconda3/bin/python3.6 /home/valentin/git/ProDA/.snakemake/scripts/tmpb1pak8aq.contig_query_matcher.py
[Wed Nov 20 11:38:39 2019]
Finished job 19.
9 of 28 steps (32%) done

[Wed Nov 20 11:38:39 2019]
rule matcher:
    input: data/subjects/csp.fasta, data/subjects/gonium.fasta, blast_results/csp/actin.hit, blast_results/csp/beta_tubulin2.hit, blast_results/gonium/actin.hit, blast_results/gonium/beta_tubulin2.hit
    output: matches/gonium/actin.fasta
    log: log/matches/gonium/actin.log
    jobid: 20
    wildcards: subject=gonium, query=actin

Warning: the following output files of rule matcher were not present when the DAG was created:
{'matches/gonium/actin.fasta'}
/home/valentin/anaconda3/bin/python3.6 /home/valentin/git/ProDA/.snakemake/scripts/tmpb8201lj3.contig_query_matcher.py
[Wed Nov 20 11:38:41 2019]
Finished job 20.
10 of 28 steps (36%) done

[Wed Nov 20 11:38:41 2019]
rule spaln:
    input: data/queries/actin.faa, data/queries/beta_tubulin2.faa, matches/csp/actin.fasta, matches/csp/beta_tubulin2.fasta, matches/gonium/actin.fasta, matches/gonium/beta_tubulin2.fasta
    output: spaln/csp/beta_tubulin2.fasta
    log: log/exonerate/csp/beta_tubulin2.log
    jobid: 15
    wildcards: subject=csp, query=beta_tubulin2

Shutting down, this might take some time.
Exiting because a job execution failed. Look above for error message
Complete log: /home/valentin/git/ProDA/.snakemake/log/2019-11-20T113824.576525.snakemake.log
