Building DAG of jobs...
Using shell: /bin/bash
Provided cores: 1
Rules claiming more threads will be scaled down.
Job counts:
	count	jobs
	1	all
	1	test
	2

[Tue Nov 19 13:40:00 2019]
rule test:
    input: exonerate_results/csp/actin.ryo, exonerate_results/csp/beta_tubulin2.ryo, exonerate_results/gonium/actin.ryo, exonerate_results/gonium/beta_tubulin2.ryo
    output: temp/end.txt
    jobid: 1

touch temp/end.txt
[Tue Nov 19 13:40:00 2019]
Finished job 1.
1 of 2 steps (50%) done

[Tue Nov 19 13:40:00 2019]
localrule all:
    input: temp/end.txt
    jobid: 0

[Tue Nov 19 13:40:00 2019]
Finished job 0.
2 of 2 steps (100%) done
Complete log: /home/valentin/git/ProDA/.snakemake/log/2019-11-19T134000.179261.snakemake.log
