Building DAG of jobs...
Using shell: /bin/bash
Provided cores: 1
Rules claiming more threads will be scaled down.
Job counts:
	count	jobs
	1	all
	4	blast
	4	exonerate
	2	makeblastdb
	4	matcher
	4	spaln
	1	test
	20

[Thu Nov 21 12:16:01 2019]
rule makeblastdb:
    input: data/subjects/gonium.fna
    output: blast_dbs/gonium/temp.db
    log: log/blast_dbs/gonium.log
    jobid: 19
    wildcards: subject=gonium

(makeblastdb -in data/subjects/gonium.fna -dbtype nucl -out blast_dbs/gonium/gonium) 2> log/blast_dbs/gonium.log && touch blast_dbs/gonium/temp.db
[Thu Nov 21 12:16:03 2019]
Finished job 19.
1 of 20 steps (5%) done

[Thu Nov 21 12:16:03 2019]
rule makeblastdb:
    input: data/subjects/csp.fna
    output: blast_dbs/csp/temp.db
    log: log/blast_dbs/csp.log
    jobid: 18
    wildcards: subject=csp

(makeblastdb -in data/subjects/csp.fna -dbtype nucl -out blast_dbs/csp/csp) 2> log/blast_dbs/csp.log && touch blast_dbs/csp/temp.db
[Thu Nov 21 12:16:04 2019]
Finished job 18.
2 of 20 steps (10%) done

[Thu Nov 21 12:16:04 2019]
rule blast:
    input: blast_dbs/gonium/temp.db, data/queries/beta_tubulin2.faa
    output: blast_results/gonium/beta_tubulin2.hit
    log: log/blast_results/gonium/beta_tubulin2.log
    jobid: 17
    wildcards: subject=gonium, query=beta_tubulin2

(tblastn -query data/queries/beta_tubulin2.faa -db blast_dbs/gonium/gonium -outfmt '6 qseqid sseqid sstart send' -evalue 1e-4 > blast_results/gonium/beta_tubulin2.hit) 2> log/blast_results/gonium/beta_tubulin2.log
[Thu Nov 21 12:16:06 2019]
Finished job 17.
3 of 20 steps (15%) done

[Thu Nov 21 12:16:06 2019]
rule matcher:
    input: data/subjects/gonium.fna, blast_results/gonium/beta_tubulin2.hit
    output: matches/gonium/beta_tubulin2.fna
    log: log/matches/gonium/beta_tubulin2.log
    jobid: 13
    wildcards: subject=gonium, query=beta_tubulin2

/home/valentin/anaconda3/bin/python3.6 /home/valentin/git/ProDA/.snakemake/scripts/tmppqo0hwdh.contig_query_matcher.py
[Thu Nov 21 12:16:07 2019]
Finished job 13.
4 of 20 steps (20%) done

[Thu Nov 21 12:16:07 2019]
rule spaln:
    input: data/queries/beta_tubulin2.faa, matches/gonium/beta_tubulin2.fna
    output: spaln/gonium/beta_tubulin2.sp, spaln/gonium/beta_tubulin2.fna, spaln/gonium/beta_tubulin2_temp.fna, spaln/gonium/beta_tubulin2.faa
    log: log/spaln/gonium/beta_tubulin2.log
    jobid: 9
    wildcards: subject=gonium, query=beta_tubulin2

Shutting down, this might take some time.
Exiting because a job execution failed. Look above for error message
Complete log: /home/valentin/git/ProDA/.snakemake/log/2019-11-21T121601.771831.snakemake.log
