Building DAG of jobs...
Using shell: /bin/bash
Provided cores: 1
Rules claiming more threads will be scaled down.
Job counts:
	count	jobs
	1	all
	3	blast
	4	exonerate
	3	matcher
	4	spaln
	1	test
	16

[Thu Nov 21 12:17:15 2019]
rule spaln:
    input: data/queries/beta_tubulin2.faa, matches/gonium/beta_tubulin2.fna
    output: spaln/gonium/beta_tubulin2.sp, spaln/gonium/beta_tubulin2.fna, spaln/gonium/beta_tubulin2_temp.fna, spaln/gonium/beta_tubulin2.faa
    log: log/spaln/gonium/beta_tubulin2.log
    jobid: 9
    wildcards: subject=gonium, query=beta_tubulin2

Removing temporary output file spaln/gonium/beta_tubulin2_temp.fna.
[Thu Nov 21 12:17:18 2019]
Finished job 9.
1 of 16 steps (6%) done

[Thu Nov 21 12:17:18 2019]
rule exonerate:
    input: data/queries/beta_tubulin2.faa, matches/gonium/beta_tubulin2.fna
    output: exonerate/gonium/beta_tubulin2.ryo, exonerate/gonium/beta_tubulin2.fna, exonerate/gonium/beta_tubulin2.faa
    log: log/exonerate/gonium/beta_tubulin2.log
    jobid: 5
    wildcards: subject=gonium, query=beta_tubulin2

[Thu Nov 21 12:17:19 2019]
Finished job 5.
2 of 16 steps (12%) done

[Thu Nov 21 12:17:19 2019]
rule blast:
    input: blast_dbs/csp/temp.db, data/queries/beta_tubulin2.faa
    output: blast_results/csp/beta_tubulin2.hit
    log: log/blast_results/csp/beta_tubulin2.log
    jobid: 15
    wildcards: subject=csp, query=beta_tubulin2

(tblastn -query data/queries/beta_tubulin2.faa -db blast_dbs/csp/csp -outfmt '6 qseqid sseqid sstart send' -evalue 1e-4 > blast_results/csp/beta_tubulin2.hit) 2> log/blast_results/csp/beta_tubulin2.log
[Thu Nov 21 12:17:20 2019]
Finished job 15.
3 of 16 steps (19%) done

[Thu Nov 21 12:17:20 2019]
rule matcher:
    input: data/subjects/csp.fna, blast_results/csp/beta_tubulin2.hit
    output: matches/csp/beta_tubulin2.fna
    log: log/matches/csp/beta_tubulin2.log
    jobid: 11
    wildcards: subject=csp, query=beta_tubulin2

/home/valentin/anaconda3/bin/python3.6 /home/valentin/git/ProDA/.snakemake/scripts/tmpi198cg19.contig_query_matcher.py
[Thu Nov 21 12:17:21 2019]
Finished job 11.
4 of 16 steps (25%) done

[Thu Nov 21 12:17:21 2019]
rule spaln:
    input: data/queries/beta_tubulin2.faa, matches/csp/beta_tubulin2.fna
    output: spaln/csp/beta_tubulin2.sp, spaln/csp/beta_tubulin2.fna, spaln/csp/beta_tubulin2_temp.fna, spaln/csp/beta_tubulin2.faa
    log: log/spaln/csp/beta_tubulin2.log
    jobid: 7
    wildcards: subject=csp, query=beta_tubulin2

Removing temporary output file spaln/csp/beta_tubulin2_temp.fna.
[Thu Nov 21 12:17:24 2019]
Finished job 7.
5 of 16 steps (31%) done

[Thu Nov 21 12:17:24 2019]
rule exonerate:
    input: data/queries/beta_tubulin2.faa, matches/csp/beta_tubulin2.fna
    output: exonerate/csp/beta_tubulin2.ryo, exonerate/csp/beta_tubulin2.fna, exonerate/csp/beta_tubulin2.faa
    log: log/exonerate/csp/beta_tubulin2.log
    jobid: 3
    wildcards: subject=csp, query=beta_tubulin2

[Thu Nov 21 12:17:30 2019]
Finished job 3.
6 of 16 steps (38%) done

[Thu Nov 21 12:17:30 2019]
rule blast:
    input: blast_dbs/csp/temp.db, data/queries/actin.faa
    output: blast_results/csp/actin.hit
    log: log/blast_results/csp/actin.log
    jobid: 14
    wildcards: subject=csp, query=actin

(tblastn -query data/queries/actin.faa -db blast_dbs/csp/csp -outfmt '6 qseqid sseqid sstart send' -evalue 1e-4 > blast_results/csp/actin.hit) 2> log/blast_results/csp/actin.log
[Thu Nov 21 12:17:31 2019]
Finished job 14.
7 of 16 steps (44%) done

[Thu Nov 21 12:17:31 2019]
rule matcher:
    input: data/subjects/csp.fna, blast_results/csp/actin.hit
    output: matches/csp/actin.fna
    log: log/matches/csp/actin.log
    jobid: 10
    wildcards: subject=csp, query=actin

/home/valentin/anaconda3/bin/python3.6 /home/valentin/git/ProDA/.snakemake/scripts/tmpwd_cfzk6.contig_query_matcher.py
[Thu Nov 21 12:17:32 2019]
Finished job 10.
8 of 16 steps (50%) done

[Thu Nov 21 12:17:32 2019]
rule spaln:
    input: data/queries/actin.faa, matches/csp/actin.fna
    output: spaln/csp/actin.sp, spaln/csp/actin.fna, spaln/csp/actin_temp.fna, spaln/csp/actin.faa
    log: log/spaln/csp/actin.log
    jobid: 6
    wildcards: subject=csp, query=actin

Removing temporary output file spaln/csp/actin_temp.fna.
[Thu Nov 21 12:17:34 2019]
Finished job 6.
9 of 16 steps (56%) done

[Thu Nov 21 12:17:34 2019]
rule exonerate:
    input: data/queries/actin.faa, matches/csp/actin.fna
    output: exonerate/csp/actin.ryo, exonerate/csp/actin.fna, exonerate/csp/actin.faa
    log: log/exonerate/csp/actin.log
    jobid: 2
    wildcards: subject=csp, query=actin

[Thu Nov 21 12:17:37 2019]
Finished job 2.
10 of 16 steps (62%) done

[Thu Nov 21 12:17:37 2019]
rule blast:
    input: blast_dbs/gonium/temp.db, data/queries/actin.faa
    output: blast_results/gonium/actin.hit
    log: log/blast_results/gonium/actin.log
    jobid: 16
    wildcards: subject=gonium, query=actin

(tblastn -query data/queries/actin.faa -db blast_dbs/gonium/gonium -outfmt '6 qseqid sseqid sstart send' -evalue 1e-4 > blast_results/gonium/actin.hit) 2> log/blast_results/gonium/actin.log
[Thu Nov 21 12:17:39 2019]
Finished job 16.
11 of 16 steps (69%) done

[Thu Nov 21 12:17:39 2019]
rule matcher:
    input: data/subjects/gonium.fna, blast_results/gonium/actin.hit
    output: matches/gonium/actin.fna
    log: log/matches/gonium/actin.log
    jobid: 12
    wildcards: subject=gonium, query=actin

/home/valentin/anaconda3/bin/python3.6 /home/valentin/git/ProDA/.snakemake/scripts/tmpze8_7a1i.contig_query_matcher.py
[Thu Nov 21 12:17:40 2019]
Finished job 12.
12 of 16 steps (75%) done

[Thu Nov 21 12:17:40 2019]
rule spaln:
    input: data/queries/actin.faa, matches/gonium/actin.fna
    output: spaln/gonium/actin.sp, spaln/gonium/actin.fna, spaln/gonium/actin_temp.fna, spaln/gonium/actin.faa
    log: log/spaln/gonium/actin.log
    jobid: 8
    wildcards: subject=gonium, query=actin

Removing temporary output file spaln/gonium/actin_temp.fna.
[Thu Nov 21 12:17:43 2019]
Finished job 8.
13 of 16 steps (81%) done

[Thu Nov 21 12:17:43 2019]
rule exonerate:
    input: data/queries/actin.faa, matches/gonium/actin.fna
    output: exonerate/gonium/actin.ryo, exonerate/gonium/actin.fna, exonerate/gonium/actin.faa
    log: log/exonerate/gonium/actin.log
    jobid: 4
    wildcards: subject=gonium, query=actin

[Thu Nov 21 12:17:46 2019]
Finished job 4.
14 of 16 steps (88%) done

[Thu Nov 21 12:17:46 2019]
rule test:
    input: exonerate/csp/actin.faa, exonerate/csp/beta_tubulin2.faa, exonerate/gonium/actin.faa, exonerate/gonium/beta_tubulin2.faa, spaln/csp/actin.faa, spaln/csp/beta_tubulin2.faa, spaln/gonium/actin.faa, spaln/gonium/beta_tubulin2.faa
    output: temp/end.txt
    jobid: 1

touch temp/end.txt
[Thu Nov 21 12:17:46 2019]
Finished job 1.
15 of 16 steps (94%) done

[Thu Nov 21 12:17:46 2019]
localrule all:
    input: temp/end.txt
    jobid: 0

[Thu Nov 21 12:17:46 2019]
Finished job 0.
16 of 16 steps (100%) done
Complete log: /home/valentin/git/ProDA/.snakemake/log/2019-11-21T121715.239579.snakemake.log
