Building DAG of jobs...
Using shell: /bin/bash
Provided cores: 10
Rules claiming more threads will be scaled down.
Job counts:
	count	jobs
	9	alignment
	1	all
	9	blast
	9	cd_hit
	9	exonerate
	9	get_best_hit
	1	join_results
	3	makeblastdb
	9	matcher
	9	spaln
	1	visualize_results
	69

[Mon Nov 25 09:49:46 2019]
rule makeblastdb:
    input: data/subjects/csp.fna
    output: blast_dbs/csp/temp.db
    log: log/blast_dbs/csp.log
    jobid: 66
    wildcards: subject=csp

(makeblastdb -in data/subjects/csp.fna -dbtype nucl -out blast_dbs/csp/csp) 2> log/blast_dbs/csp.log && touch blast_dbs/csp/temp.db

[Mon Nov 25 09:49:46 2019]
rule makeblastdb:
    input: data/subjects/gpe.fna
    output: blast_dbs/gpe/temp.db
    log: log/blast_dbs/gpe.log
    jobid: 67
    wildcards: subject=gpe

(makeblastdb -in data/subjects/gpe.fna -dbtype nucl -out blast_dbs/gpe/gpe) 2> log/blast_dbs/gpe.log && touch blast_dbs/gpe/temp.db

[Mon Nov 25 09:49:46 2019]
rule makeblastdb:
    input: data/subjects/ppr.fna
    output: blast_dbs/ppr/temp.db
    log: log/blast_dbs/ppr.log
    jobid: 68
    wildcards: subject=ppr

(makeblastdb -in data/subjects/ppr.fna -dbtype nucl -out blast_dbs/ppr/ppr) 2> log/blast_dbs/ppr.log && touch blast_dbs/ppr/temp.db
[Mon Nov 25 09:49:47 2019]
Finished job 68.
1 of 69 steps (1%) done

[Mon Nov 25 09:49:47 2019]
rule blast:
    input: blast_dbs/ppr/temp.db, data/queries/actin.faa
    output: blast_results/ppr/actin.hit
    log: log/blast_results/ppr/actin.log
    jobid: 63
    wildcards: subject=ppr, query=actin

(tblastn -query data/queries/actin.faa -db blast_dbs/ppr/ppr -outfmt '6 qseqid sseqid sstart send' -evalue 1e-4 > blast_results/ppr/actin.hit) 2> log/blast_results/ppr/actin.log

[Mon Nov 25 09:49:47 2019]
rule blast:
    input: blast_dbs/ppr/temp.db, data/queries/ip3r_channels.faa
    output: blast_results/ppr/ip3r_channels.hit
    log: log/blast_results/ppr/ip3r_channels.log
    jobid: 65
    wildcards: subject=ppr, query=ip3r_channels

(tblastn -query data/queries/ip3r_channels.faa -db blast_dbs/ppr/ppr -outfmt '6 qseqid sseqid sstart send' -evalue 1e-4 > blast_results/ppr/ip3r_channels.hit) 2> log/blast_results/ppr/ip3r_channels.log

[Mon Nov 25 09:49:47 2019]
rule blast:
    input: blast_dbs/ppr/temp.db, data/queries/beta_tubulin2.faa
    output: blast_results/ppr/beta_tubulin2.hit
    log: log/blast_results/ppr/beta_tubulin2.log
    jobid: 64
    wildcards: subject=ppr, query=beta_tubulin2

(tblastn -query data/queries/beta_tubulin2.faa -db blast_dbs/ppr/ppr -outfmt '6 qseqid sseqid sstart send' -evalue 1e-4 > blast_results/ppr/beta_tubulin2.hit) 2> log/blast_results/ppr/beta_tubulin2.log
[Mon Nov 25 09:49:47 2019]
Finished job 63.
2 of 69 steps (3%) done

[Mon Nov 25 09:49:47 2019]
rule matcher:
    input: data/subjects/ppr.fna, blast_results/ppr/actin.hit
    output: matches/ppr/actin.fna
    log: log/matches/ppr/actin.log
    jobid: 54
    wildcards: subject=ppr, query=actin

[Mon Nov 25 09:49:47 2019]
Finished job 64.
3 of 69 steps (4%) done

[Mon Nov 25 09:49:47 2019]
rule matcher:
    input: data/subjects/ppr.fna, blast_results/ppr/beta_tubulin2.hit
    output: matches/ppr/beta_tubulin2.fna
    log: log/matches/ppr/beta_tubulin2.log
    jobid: 55
    wildcards: subject=ppr, query=beta_tubulin2

[Mon Nov 25 09:49:47 2019]
Finished job 65.
4 of 69 steps (6%) done

[Mon Nov 25 09:49:47 2019]
rule matcher:
    input: data/subjects/ppr.fna, blast_results/ppr/ip3r_channels.hit
    output: matches/ppr/ip3r_channels.fna
    log: log/matches/ppr/ip3r_channels.log
    jobid: 56
    wildcards: subject=ppr, query=ip3r_channels

[Mon Nov 25 09:49:48 2019]
Finished job 54.
5 of 69 steps (7%) done

[Mon Nov 25 09:49:48 2019]
rule exonerate:
    input: data/queries/actin.faa, matches/ppr/actin.fna
    output: exonerate/ppr/actin.ryo, exonerate/ppr/actin.faa, exonerate/ppr/actin.fna
    log: log/exonerate/ppr/actin.log
    jobid: 42
    wildcards: subject=ppr, query=actin

[Mon Nov 25 09:49:48 2019]
rule spaln:
    input: data/queries/actin.faa, matches/ppr/actin.fna
    output: spaln/ppr/actin.sp, spaln/ppr/actin.faa, spaln/ppr/actin_temp.sp, spaln/ppr/actin.fna
    log: log/spaln/ppr/actin.log
    jobid: 43
    wildcards: subject=ppr, query=actin

[Mon Nov 25 09:49:48 2019]
Finished job 55.
6 of 69 steps (9%) done

[Mon Nov 25 09:49:48 2019]
rule exonerate:
    input: data/queries/beta_tubulin2.faa, matches/ppr/beta_tubulin2.fna
    output: exonerate/ppr/beta_tubulin2.ryo, exonerate/ppr/beta_tubulin2.faa, exonerate/ppr/beta_tubulin2.fna
    log: log/exonerate/ppr/beta_tubulin2.log
    jobid: 44
    wildcards: subject=ppr, query=beta_tubulin2

[Mon Nov 25 09:49:48 2019]
rule spaln:
    input: data/queries/beta_tubulin2.faa, matches/ppr/beta_tubulin2.fna
    output: spaln/ppr/beta_tubulin2.sp, spaln/ppr/beta_tubulin2.faa, spaln/ppr/beta_tubulin2_temp.sp, spaln/ppr/beta_tubulin2.fna
    log: log/spaln/ppr/beta_tubulin2.log
    jobid: 45
    wildcards: subject=ppr, query=beta_tubulin2

[Mon Nov 25 09:49:48 2019]
Finished job 66.
7 of 69 steps (10%) done

[Mon Nov 25 09:49:48 2019]
rule blast:
    input: blast_dbs/csp/temp.db, data/queries/beta_tubulin2.faa
    output: blast_results/csp/beta_tubulin2.hit
    log: log/blast_results/csp/beta_tubulin2.log
    jobid: 58
    wildcards: subject=csp, query=beta_tubulin2

(tblastn -query data/queries/beta_tubulin2.faa -db blast_dbs/csp/csp -outfmt '6 qseqid sseqid sstart send' -evalue 1e-4 > blast_results/csp/beta_tubulin2.hit) 2> log/blast_results/csp/beta_tubulin2.log

[Mon Nov 25 09:49:48 2019]
rule blast:
    input: blast_dbs/csp/temp.db, data/queries/ip3r_channels.faa
    output: blast_results/csp/ip3r_channels.hit
    log: log/blast_results/csp/ip3r_channels.log
    jobid: 59
    wildcards: subject=csp, query=ip3r_channels

(tblastn -query data/queries/ip3r_channels.faa -db blast_dbs/csp/csp -outfmt '6 qseqid sseqid sstart send' -evalue 1e-4 > blast_results/csp/ip3r_channels.hit) 2> log/blast_results/csp/ip3r_channels.log

[Mon Nov 25 09:49:48 2019]
rule blast:
    input: blast_dbs/csp/temp.db, data/queries/actin.faa
    output: blast_results/csp/actin.hit
    log: log/blast_results/csp/actin.log
    jobid: 57
    wildcards: subject=csp, query=actin

(tblastn -query data/queries/actin.faa -db blast_dbs/csp/csp -outfmt '6 qseqid sseqid sstart send' -evalue 1e-4 > blast_results/csp/actin.hit) 2> log/blast_results/csp/actin.log
[Mon Nov 25 09:49:48 2019]
Finished job 56.
8 of 69 steps (12%) done

[Mon Nov 25 09:49:48 2019]
rule spaln:
    input: data/queries/ip3r_channels.faa, matches/ppr/ip3r_channels.fna
    output: spaln/ppr/ip3r_channels.sp, spaln/ppr/ip3r_channels.faa, spaln/ppr/ip3r_channels_temp.sp, spaln/ppr/ip3r_channels.fna
    log: log/spaln/ppr/ip3r_channels.log
    jobid: 47
    wildcards: subject=ppr, query=ip3r_channels

[Mon Nov 25 09:49:48 2019]
rule exonerate:
    input: data/queries/ip3r_channels.faa, matches/ppr/ip3r_channels.fna
    output: exonerate/ppr/ip3r_channels.ryo, exonerate/ppr/ip3r_channels.faa, exonerate/ppr/ip3r_channels.fna
    log: log/exonerate/ppr/ip3r_channels.log
    jobid: 46
    wildcards: subject=ppr, query=ip3r_channels

Removing temporary output file spaln/ppr/actin_temp.sp.
Removing temporary output file spaln/ppr/actin.fna.
[Mon Nov 25 09:49:49 2019]
Finished job 43.
9 of 69 steps (13%) done
Removing temporary output file exonerate/ppr/actin.fna.
[Mon Nov 25 09:49:49 2019]
Finished job 42.
10 of 69 steps (14%) done
Removing temporary output file spaln/ppr/beta_tubulin2_temp.sp.
Removing temporary output file spaln/ppr/beta_tubulin2.fna.
[Mon Nov 25 09:49:49 2019]
Finished job 45.
11 of 69 steps (16%) done

[Mon Nov 25 09:49:49 2019]
rule cd_hit:
    input: exonerate/ppr/actin.faa, spaln/ppr/actin.faa
    output: cd_hit/ppr/actin_joined.faa, cd_hit/ppr/actin_merged.faa
    log: log/cd_hit/ppr/actin.log
    jobid: 27
    wildcards: subject=ppr, query=actin

Removing temporary output file exonerate/ppr/beta_tubulin2.fna.
[Mon Nov 25 09:49:49 2019]
Finished job 44.
12 of 69 steps (17%) done

[Mon Nov 25 09:49:49 2019]
rule cd_hit:
    input: exonerate/ppr/beta_tubulin2.faa, spaln/ppr/beta_tubulin2.faa
    output: cd_hit/ppr/beta_tubulin2_joined.faa, cd_hit/ppr/beta_tubulin2_merged.faa
    log: log/cd_hit/ppr/beta_tubulin2.log
    jobid: 28
    wildcards: subject=ppr, query=beta_tubulin2

Removing temporary output file exonerate/ppr/ip3r_channels.fna.
[Mon Nov 25 09:49:49 2019]
Finished job 46.
13 of 69 steps (19%) done
Removing temporary output file spaln/ppr/ip3r_channels_temp.sp.
Removing temporary output file spaln/ppr/ip3r_channels.fna.
[Mon Nov 25 09:49:49 2019]
Finished job 47.
14 of 69 steps (20%) done

[Mon Nov 25 09:49:49 2019]
rule cd_hit:
    input: exonerate/ppr/ip3r_channels.faa, spaln/ppr/ip3r_channels.faa
    output: cd_hit/ppr/ip3r_channels_joined.faa, cd_hit/ppr/ip3r_channels_merged.faa
    log: log/cd_hit/ppr/ip3r_channels.log
    jobid: 29
    wildcards: subject=ppr, query=ip3r_channels

[Mon Nov 25 09:49:50 2019]
Finished job 28.
15 of 69 steps (22%) done

[Mon Nov 25 09:49:50 2019]
rule alignment:
    input: data/queries/beta_tubulin2.faa, cd_hit/ppr/beta_tubulin2_merged.faa
    output: scores/ppr/beta_tubulin2.sim, scores/ppr/beta_tubulin2_temp.st, scores/ppr/beta_tubulin2_temp_query.faa, scores/ppr/beta_tubulin2_temp_hit.faa
    log: log/scores/ppr/beta_tubulin2.log
    jobid: 19
    wildcards: subject=ppr, query=beta_tubulin2

[Mon Nov 25 09:49:50 2019]
Finished job 27.
16 of 69 steps (23%) done

[Mon Nov 25 09:49:50 2019]
rule alignment:
    input: data/queries/actin.faa, cd_hit/ppr/actin_merged.faa
    output: scores/ppr/actin.sim, scores/ppr/actin_temp.st, scores/ppr/actin_temp_query.faa, scores/ppr/actin_temp_hit.faa
    log: log/scores/ppr/actin.log
    jobid: 18
    wildcards: subject=ppr, query=actin

[Mon Nov 25 09:49:51 2019]
Finished job 29.
17 of 69 steps (25%) done

[Mon Nov 25 09:49:51 2019]
rule alignment:
    input: data/queries/ip3r_channels.faa, cd_hit/ppr/ip3r_channels_merged.faa
    output: scores/ppr/ip3r_channels.sim, scores/ppr/ip3r_channels_temp.st, scores/ppr/ip3r_channels_temp_query.faa, scores/ppr/ip3r_channels_temp_hit.faa
    log: log/scores/ppr/ip3r_channels.log
    jobid: 20
    wildcards: subject=ppr, query=ip3r_channels

Removing temporary output file scores/ppr/beta_tubulin2_temp.st.
Removing temporary output file scores/ppr/beta_tubulin2_temp_query.faa.
Removing temporary output file scores/ppr/beta_tubulin2_temp_hit.faa.
[Mon Nov 25 09:49:51 2019]
Finished job 19.
18 of 69 steps (26%) done

[Mon Nov 25 09:49:51 2019]
rule get_best_hit:
    input: scores/ppr/beta_tubulin2.sim
    output: best_hit/ppr/beta_tubulin2.tsv
    log: log/best_hit/ppr/beta_tubulin2.log
    jobid: 10
    wildcards: subject=ppr, query=beta_tubulin2

Removing temporary output file scores/ppr/actin_temp.st.
Removing temporary output file scores/ppr/actin_temp_query.faa.
Removing temporary output file scores/ppr/actin_temp_hit.faa.
[Mon Nov 25 09:49:51 2019]
Finished job 18.
19 of 69 steps (28%) done

[Mon Nov 25 09:49:51 2019]
rule get_best_hit:
    input: scores/ppr/actin.sim
    output: best_hit/ppr/actin.tsv
    log: log/best_hit/ppr/actin.log
    jobid: 9
    wildcards: subject=ppr, query=actin

[Mon Nov 25 09:49:51 2019]
Finished job 58.
20 of 69 steps (29%) done

[Mon Nov 25 09:49:51 2019]
rule matcher:
    input: data/subjects/csp.fna, blast_results/csp/beta_tubulin2.hit
    output: matches/csp/beta_tubulin2.fna
    log: log/matches/csp/beta_tubulin2.log
    jobid: 49
    wildcards: subject=csp, query=beta_tubulin2

[Mon Nov 25 09:49:52 2019]
Finished job 57.
21 of 69 steps (30%) done

[Mon Nov 25 09:49:52 2019]
rule matcher:
    input: data/subjects/csp.fna, blast_results/csp/actin.hit
    output: matches/csp/actin.fna
    log: log/matches/csp/actin.log
    jobid: 48
    wildcards: subject=csp, query=actin

Removing temporary output file scores/ppr/ip3r_channels_temp.st.
Removing temporary output file scores/ppr/ip3r_channels_temp_query.faa.
Removing temporary output file scores/ppr/ip3r_channels_temp_hit.faa.
[Mon Nov 25 09:49:52 2019]
Finished job 20.
22 of 69 steps (32%) done
[Mon Nov 25 09:49:52 2019]
Finished job 67.
23 of 69 steps (33%) done

[Mon Nov 25 09:49:52 2019]
rule blast:
    input: blast_dbs/gpe/temp.db, data/queries/actin.faa
    output: blast_results/gpe/actin.hit
    log: log/blast_results/gpe/actin.log
    jobid: 60
    wildcards: subject=gpe, query=actin

(tblastn -query data/queries/actin.faa -db blast_dbs/gpe/gpe -outfmt '6 qseqid sseqid sstart send' -evalue 1e-4 > blast_results/gpe/actin.hit) 2> log/blast_results/gpe/actin.log

[Mon Nov 25 09:49:52 2019]
rule get_best_hit:
    input: scores/ppr/ip3r_channels.sim
    output: best_hit/ppr/ip3r_channels.tsv
    log: log/best_hit/ppr/ip3r_channels.log
    jobid: 11
    wildcards: subject=ppr, query=ip3r_channels

[Mon Nov 25 09:49:52 2019]
rule blast:
    input: blast_dbs/gpe/temp.db, data/queries/beta_tubulin2.faa
    output: blast_results/gpe/beta_tubulin2.hit
    log: log/blast_results/gpe/beta_tubulin2.log
    jobid: 61
    wildcards: subject=gpe, query=beta_tubulin2

(tblastn -query data/queries/beta_tubulin2.faa -db blast_dbs/gpe/gpe -outfmt '6 qseqid sseqid sstart send' -evalue 1e-4 > blast_results/gpe/beta_tubulin2.hit) 2> log/blast_results/gpe/beta_tubulin2.log

[Mon Nov 25 09:49:52 2019]
rule blast:
    input: blast_dbs/gpe/temp.db, data/queries/ip3r_channels.faa
    output: blast_results/gpe/ip3r_channels.hit
    log: log/blast_results/gpe/ip3r_channels.log
    jobid: 62
    wildcards: subject=gpe, query=ip3r_channels

(tblastn -query data/queries/ip3r_channels.faa -db blast_dbs/gpe/gpe -outfmt '6 qseqid sseqid sstart send' -evalue 1e-4 > blast_results/gpe/ip3r_channels.hit) 2> log/blast_results/gpe/ip3r_channels.log
[Mon Nov 25 09:49:52 2019]
Finished job 10.
24 of 69 steps (35%) done
[Mon Nov 25 09:49:52 2019]
Finished job 9.
25 of 69 steps (36%) done
[Mon Nov 25 09:49:53 2019]
Finished job 11.
26 of 69 steps (38%) done
[Mon Nov 25 09:49:54 2019]
Finished job 48.
27 of 69 steps (39%) done

[Mon Nov 25 09:49:54 2019]
rule exonerate:
    input: data/queries/actin.faa, matches/csp/actin.fna
    output: exonerate/csp/actin.ryo, exonerate/csp/actin.faa, exonerate/csp/actin.fna
    log: log/exonerate/csp/actin.log
    jobid: 30
    wildcards: subject=csp, query=actin

[Mon Nov 25 09:49:54 2019]
rule spaln:
    input: data/queries/actin.faa, matches/csp/actin.fna
    output: spaln/csp/actin.sp, spaln/csp/actin.faa, spaln/csp/actin_temp.sp, spaln/csp/actin.fna
    log: log/spaln/csp/actin.log
    jobid: 31
    wildcards: subject=csp, query=actin

[Mon Nov 25 09:49:54 2019]
Finished job 49.
28 of 69 steps (41%) done

[Mon Nov 25 09:49:54 2019]
rule spaln:
    input: data/queries/beta_tubulin2.faa, matches/csp/beta_tubulin2.fna
    output: spaln/csp/beta_tubulin2.sp, spaln/csp/beta_tubulin2.faa, spaln/csp/beta_tubulin2_temp.sp, spaln/csp/beta_tubulin2.fna
    log: log/spaln/csp/beta_tubulin2.log
    jobid: 33
    wildcards: subject=csp, query=beta_tubulin2

[Mon Nov 25 09:49:54 2019]
rule exonerate:
    input: data/queries/beta_tubulin2.faa, matches/csp/beta_tubulin2.fna
    output: exonerate/csp/beta_tubulin2.ryo, exonerate/csp/beta_tubulin2.faa, exonerate/csp/beta_tubulin2.fna
    log: log/exonerate/csp/beta_tubulin2.log
    jobid: 32
    wildcards: subject=csp, query=beta_tubulin2

[Mon Nov 25 09:49:57 2019]
Finished job 60.
29 of 69 steps (42%) done

[Mon Nov 25 09:49:57 2019]
rule matcher:
    input: data/subjects/gpe.fna, blast_results/gpe/actin.hit
    output: matches/gpe/actin.fna
    log: log/matches/gpe/actin.log
    jobid: 51
    wildcards: subject=gpe, query=actin

[Mon Nov 25 09:49:58 2019]
Finished job 61.
30 of 69 steps (43%) done

[Mon Nov 25 09:49:58 2019]
rule matcher:
    input: data/subjects/gpe.fna, blast_results/gpe/beta_tubulin2.hit
    output: matches/gpe/beta_tubulin2.fna
    log: log/matches/gpe/beta_tubulin2.log
    jobid: 52
    wildcards: subject=gpe, query=beta_tubulin2

Removing temporary output file spaln/csp/actin_temp.sp.
Removing temporary output file spaln/csp/actin.fna.
[Mon Nov 25 09:50:02 2019]
Finished job 31.
31 of 69 steps (45%) done
[Mon Nov 25 09:50:03 2019]
Finished job 51.
32 of 69 steps (46%) done

[Mon Nov 25 09:50:03 2019]
rule exonerate:
    input: data/queries/actin.faa, matches/gpe/actin.fna
    output: exonerate/gpe/actin.ryo, exonerate/gpe/actin.faa, exonerate/gpe/actin.fna
    log: log/exonerate/gpe/actin.log
    jobid: 36
    wildcards: subject=gpe, query=actin

[Mon Nov 25 09:50:03 2019]
rule spaln:
    input: data/queries/actin.faa, matches/gpe/actin.fna
    output: spaln/gpe/actin.sp, spaln/gpe/actin.faa, spaln/gpe/actin_temp.sp, spaln/gpe/actin.fna
    log: log/spaln/gpe/actin.log
    jobid: 37
    wildcards: subject=gpe, query=actin

[Mon Nov 25 09:50:03 2019]
Finished job 52.
33 of 69 steps (48%) done

[Mon Nov 25 09:50:03 2019]
rule spaln:
    input: data/queries/beta_tubulin2.faa, matches/gpe/beta_tubulin2.fna
    output: spaln/gpe/beta_tubulin2.sp, spaln/gpe/beta_tubulin2.faa, spaln/gpe/beta_tubulin2_temp.sp, spaln/gpe/beta_tubulin2.fna
    log: log/spaln/gpe/beta_tubulin2.log
    jobid: 39
    wildcards: subject=gpe, query=beta_tubulin2

[Mon Nov 25 09:50:03 2019]
rule exonerate:
    input: data/queries/beta_tubulin2.faa, matches/gpe/beta_tubulin2.fna
    output: exonerate/gpe/beta_tubulin2.ryo, exonerate/gpe/beta_tubulin2.faa, exonerate/gpe/beta_tubulin2.fna
    log: log/exonerate/gpe/beta_tubulin2.log
    jobid: 38
    wildcards: subject=gpe, query=beta_tubulin2

[Mon Nov 25 09:50:04 2019]
Finished job 59.
34 of 69 steps (49%) done

[Mon Nov 25 09:50:04 2019]
rule matcher:
    input: data/subjects/csp.fna, blast_results/csp/ip3r_channels.hit
    output: matches/csp/ip3r_channels.fna
    log: log/matches/csp/ip3r_channels.log
    jobid: 50
    wildcards: subject=csp, query=ip3r_channels

Removing temporary output file spaln/csp/beta_tubulin2_temp.sp.
Removing temporary output file spaln/csp/beta_tubulin2.fna.
[Mon Nov 25 09:50:07 2019]
Finished job 33.
35 of 69 steps (51%) done
[Mon Nov 25 09:50:08 2019]
Finished job 50.
36 of 69 steps (52%) done

[Mon Nov 25 09:50:08 2019]
rule exonerate:
    input: data/queries/ip3r_channels.faa, matches/csp/ip3r_channels.fna
    output: exonerate/csp/ip3r_channels.ryo, exonerate/csp/ip3r_channels.faa, exonerate/csp/ip3r_channels.fna
    log: log/exonerate/csp/ip3r_channels.log
    jobid: 34
    wildcards: subject=csp, query=ip3r_channels

[Mon Nov 25 09:50:08 2019]
rule spaln:
    input: data/queries/ip3r_channels.faa, matches/csp/ip3r_channels.fna
    output: spaln/csp/ip3r_channels.sp, spaln/csp/ip3r_channels.faa, spaln/csp/ip3r_channels_temp.sp, spaln/csp/ip3r_channels.fna
    log: log/spaln/csp/ip3r_channels.log
    jobid: 35
    wildcards: subject=csp, query=ip3r_channels

Removing temporary output file exonerate/gpe/beta_tubulin2.fna.
[Mon Nov 25 09:50:11 2019]
Finished job 38.
37 of 69 steps (54%) done
Removing temporary output file exonerate/csp/actin.fna.
[Mon Nov 25 09:50:12 2019]
Finished job 30.
38 of 69 steps (55%) done

[Mon Nov 25 09:50:12 2019]
rule cd_hit:
    input: exonerate/csp/actin.faa, spaln/csp/actin.faa
    output: cd_hit/csp/actin_joined.faa, cd_hit/csp/actin_merged.faa
    log: log/cd_hit/csp/actin.log
    jobid: 21
    wildcards: subject=csp, query=actin

Removing temporary output file exonerate/csp/ip3r_channels.fna.
[Mon Nov 25 09:50:13 2019]
Finished job 34.
39 of 69 steps (57%) done
[Mon Nov 25 09:50:14 2019]
Finished job 21.
40 of 69 steps (58%) done

[Mon Nov 25 09:50:14 2019]
rule alignment:
    input: data/queries/actin.faa, cd_hit/csp/actin_merged.faa
    output: scores/csp/actin.sim, scores/csp/actin_temp.st, scores/csp/actin_temp_query.faa, scores/csp/actin_temp_hit.faa
    log: log/scores/csp/actin.log
    jobid: 12
    wildcards: subject=csp, query=actin

Removing temporary output file scores/csp/actin_temp.st.
Removing temporary output file scores/csp/actin_temp_query.faa.
Removing temporary output file scores/csp/actin_temp_hit.faa.
[Mon Nov 25 09:50:15 2019]
Finished job 12.
41 of 69 steps (59%) done

[Mon Nov 25 09:50:15 2019]
rule get_best_hit:
    input: scores/csp/actin.sim
    output: best_hit/csp/actin.tsv
    log: log/best_hit/csp/actin.log
    jobid: 3
    wildcards: subject=csp, query=actin

Removing temporary output file spaln/gpe/actin_temp.sp.
Removing temporary output file spaln/gpe/actin.fna.
[Mon Nov 25 09:50:15 2019]
Finished job 37.
42 of 69 steps (61%) done
[Mon Nov 25 09:50:16 2019]
Finished job 3.
43 of 69 steps (62%) done
Removing temporary output file spaln/gpe/beta_tubulin2_temp.sp.
Removing temporary output file spaln/gpe/beta_tubulin2.fna.
[Mon Nov 25 09:50:16 2019]
Finished job 39.
44 of 69 steps (64%) done

[Mon Nov 25 09:50:16 2019]
rule cd_hit:
    input: exonerate/gpe/beta_tubulin2.faa, spaln/gpe/beta_tubulin2.faa
    output: cd_hit/gpe/beta_tubulin2_joined.faa, cd_hit/gpe/beta_tubulin2_merged.faa
    log: log/cd_hit/gpe/beta_tubulin2.log
    jobid: 25
    wildcards: subject=gpe, query=beta_tubulin2

[Mon Nov 25 09:50:17 2019]
Finished job 25.
45 of 69 steps (65%) done

[Mon Nov 25 09:50:17 2019]
rule alignment:
    input: data/queries/beta_tubulin2.faa, cd_hit/gpe/beta_tubulin2_merged.faa
    output: scores/gpe/beta_tubulin2.sim, scores/gpe/beta_tubulin2_temp.st, scores/gpe/beta_tubulin2_temp_query.faa, scores/gpe/beta_tubulin2_temp_hit.faa
    log: log/scores/gpe/beta_tubulin2.log
    jobid: 16
    wildcards: subject=gpe, query=beta_tubulin2

[Mon Nov 25 09:50:18 2019]
Finished job 62.
46 of 69 steps (67%) done

[Mon Nov 25 09:50:18 2019]
rule matcher:
    input: data/subjects/gpe.fna, blast_results/gpe/ip3r_channels.hit
    output: matches/gpe/ip3r_channels.fna
    log: log/matches/gpe/ip3r_channels.log
    jobid: 53
    wildcards: subject=gpe, query=ip3r_channels

Removing temporary output file scores/gpe/beta_tubulin2_temp.st.
Removing temporary output file scores/gpe/beta_tubulin2_temp_query.faa.
Removing temporary output file scores/gpe/beta_tubulin2_temp_hit.faa.
[Mon Nov 25 09:50:19 2019]
Finished job 16.
47 of 69 steps (68%) done

[Mon Nov 25 09:50:19 2019]
rule get_best_hit:
    input: scores/gpe/beta_tubulin2.sim
    output: best_hit/gpe/beta_tubulin2.tsv
    log: log/best_hit/gpe/beta_tubulin2.log
    jobid: 7
    wildcards: subject=gpe, query=beta_tubulin2

[Mon Nov 25 09:50:19 2019]
Finished job 7.
48 of 69 steps (70%) done
[Mon Nov 25 09:50:21 2019]
Finished job 53.
49 of 69 steps (71%) done

[Mon Nov 25 09:50:21 2019]
rule exonerate:
    input: data/queries/ip3r_channels.faa, matches/gpe/ip3r_channels.fna
    output: exonerate/gpe/ip3r_channels.ryo, exonerate/gpe/ip3r_channels.faa, exonerate/gpe/ip3r_channels.fna
    log: log/exonerate/gpe/ip3r_channels.log
    jobid: 40
    wildcards: subject=gpe, query=ip3r_channels

[Mon Nov 25 09:50:21 2019]
rule spaln:
    input: data/queries/ip3r_channels.faa, matches/gpe/ip3r_channels.fna
    output: spaln/gpe/ip3r_channels.sp, spaln/gpe/ip3r_channels.faa, spaln/gpe/ip3r_channels_temp.sp, spaln/gpe/ip3r_channels.fna
    log: log/spaln/gpe/ip3r_channels.log
    jobid: 41
    wildcards: subject=gpe, query=ip3r_channels

Removing temporary output file spaln/csp/ip3r_channels_temp.sp.
Removing temporary output file spaln/csp/ip3r_channels.fna.
[Mon Nov 25 09:50:22 2019]
Finished job 35.
50 of 69 steps (72%) done

[Mon Nov 25 09:50:22 2019]
rule cd_hit:
    input: exonerate/csp/ip3r_channels.faa, spaln/csp/ip3r_channels.faa
    output: cd_hit/csp/ip3r_channels_joined.faa, cd_hit/csp/ip3r_channels_merged.faa
    log: log/cd_hit/csp/ip3r_channels.log
    jobid: 23
    wildcards: subject=csp, query=ip3r_channels

Removing temporary output file exonerate/gpe/actin.fna.
[Mon Nov 25 09:50:23 2019]
Finished job 36.
51 of 69 steps (74%) done

[Mon Nov 25 09:50:23 2019]
rule cd_hit:
    input: exonerate/gpe/actin.faa, spaln/gpe/actin.faa
    output: cd_hit/gpe/actin_joined.faa, cd_hit/gpe/actin_merged.faa
    log: log/cd_hit/gpe/actin.log
    jobid: 24
    wildcards: subject=gpe, query=actin

[Mon Nov 25 09:50:23 2019]
Finished job 23.
52 of 69 steps (75%) done

[Mon Nov 25 09:50:23 2019]
rule alignment:
    input: data/queries/ip3r_channels.faa, cd_hit/csp/ip3r_channels_merged.faa
    output: scores/csp/ip3r_channels.sim, scores/csp/ip3r_channels_temp.st, scores/csp/ip3r_channels_temp_query.faa, scores/csp/ip3r_channels_temp_hit.faa
    log: log/scores/csp/ip3r_channels.log
    jobid: 14
    wildcards: subject=csp, query=ip3r_channels

[Mon Nov 25 09:50:23 2019]
Finished job 24.
53 of 69 steps (77%) done

[Mon Nov 25 09:50:23 2019]
rule alignment:
    input: data/queries/actin.faa, cd_hit/gpe/actin_merged.faa
    output: scores/gpe/actin.sim, scores/gpe/actin_temp.st, scores/gpe/actin_temp_query.faa, scores/gpe/actin_temp_hit.faa
    log: log/scores/gpe/actin.log
    jobid: 15
    wildcards: subject=gpe, query=actin

Removing temporary output file exonerate/csp/beta_tubulin2.fna.
[Mon Nov 25 09:50:24 2019]
Finished job 32.
54 of 69 steps (78%) done

[Mon Nov 25 09:50:24 2019]
rule cd_hit:
    input: exonerate/csp/beta_tubulin2.faa, spaln/csp/beta_tubulin2.faa
    output: cd_hit/csp/beta_tubulin2_joined.faa, cd_hit/csp/beta_tubulin2_merged.faa
    log: log/cd_hit/csp/beta_tubulin2.log
    jobid: 22
    wildcards: subject=csp, query=beta_tubulin2

[Mon Nov 25 09:50:25 2019]
Finished job 22.
55 of 69 steps (80%) done

[Mon Nov 25 09:50:25 2019]
rule alignment:
    input: data/queries/beta_tubulin2.faa, cd_hit/csp/beta_tubulin2_merged.faa
    output: scores/csp/beta_tubulin2.sim, scores/csp/beta_tubulin2_temp.st, scores/csp/beta_tubulin2_temp_query.faa, scores/csp/beta_tubulin2_temp_hit.faa
    log: log/scores/csp/beta_tubulin2.log
    jobid: 13
    wildcards: subject=csp, query=beta_tubulin2

Removing temporary output file scores/csp/ip3r_channels_temp.st.
Removing temporary output file scores/csp/ip3r_channels_temp_query.faa.
Removing temporary output file scores/csp/ip3r_channels_temp_hit.faa.
[Mon Nov 25 09:50:25 2019]
Finished job 14.
56 of 69 steps (81%) done

[Mon Nov 25 09:50:25 2019]
rule get_best_hit:
    input: scores/csp/ip3r_channels.sim
    output: best_hit/csp/ip3r_channels.tsv
    log: log/best_hit/csp/ip3r_channels.log
    jobid: 5
    wildcards: subject=csp, query=ip3r_channels

Removing temporary output file scores/gpe/actin_temp.st.
Removing temporary output file scores/gpe/actin_temp_query.faa.
Removing temporary output file scores/gpe/actin_temp_hit.faa.
[Mon Nov 25 09:50:25 2019]
Finished job 15.
57 of 69 steps (83%) done

[Mon Nov 25 09:50:25 2019]
rule get_best_hit:
    input: scores/gpe/actin.sim
    output: best_hit/gpe/actin.tsv
    log: log/best_hit/gpe/actin.log
    jobid: 6
    wildcards: subject=gpe, query=actin

[Mon Nov 25 09:50:25 2019]
Finished job 5.
58 of 69 steps (84%) done
[Mon Nov 25 09:50:25 2019]
Finished job 6.
59 of 69 steps (86%) done
Removing temporary output file scores/csp/beta_tubulin2_temp.st.
Removing temporary output file scores/csp/beta_tubulin2_temp_query.faa.
Removing temporary output file scores/csp/beta_tubulin2_temp_hit.faa.
[Mon Nov 25 09:50:25 2019]
Finished job 13.
60 of 69 steps (87%) done

[Mon Nov 25 09:50:25 2019]
rule get_best_hit:
    input: scores/csp/beta_tubulin2.sim
    output: best_hit/csp/beta_tubulin2.tsv
    log: log/best_hit/csp/beta_tubulin2.log
    jobid: 4
    wildcards: subject=csp, query=beta_tubulin2

[Mon Nov 25 09:50:26 2019]
Finished job 4.
61 of 69 steps (88%) done
Removing temporary output file exonerate/gpe/ip3r_channels.fna.
[Mon Nov 25 09:50:28 2019]
Finished job 40.
62 of 69 steps (90%) done
Removing temporary output file spaln/gpe/ip3r_channels_temp.sp.
Removing temporary output file spaln/gpe/ip3r_channels.fna.
[Mon Nov 25 09:50:30 2019]
Finished job 41.
63 of 69 steps (91%) done

[Mon Nov 25 09:50:30 2019]
rule cd_hit:
    input: exonerate/gpe/ip3r_channels.faa, spaln/gpe/ip3r_channels.faa
    output: cd_hit/gpe/ip3r_channels_joined.faa, cd_hit/gpe/ip3r_channels_merged.faa
    log: log/cd_hit/gpe/ip3r_channels.log
    jobid: 26
    wildcards: subject=gpe, query=ip3r_channels

[Mon Nov 25 09:50:30 2019]
Finished job 26.
64 of 69 steps (93%) done

[Mon Nov 25 09:50:30 2019]
rule alignment:
    input: data/queries/ip3r_channels.faa, cd_hit/gpe/ip3r_channels_merged.faa
    output: scores/gpe/ip3r_channels.sim, scores/gpe/ip3r_channels_temp.st, scores/gpe/ip3r_channels_temp_query.faa, scores/gpe/ip3r_channels_temp_hit.faa
    log: log/scores/gpe/ip3r_channels.log
    jobid: 17
    wildcards: subject=gpe, query=ip3r_channels

Removing temporary output file scores/gpe/ip3r_channels_temp.st.
Removing temporary output file scores/gpe/ip3r_channels_temp_query.faa.
Removing temporary output file scores/gpe/ip3r_channels_temp_hit.faa.
[Mon Nov 25 09:50:31 2019]
Finished job 17.
65 of 69 steps (94%) done

[Mon Nov 25 09:50:31 2019]
rule get_best_hit:
    input: scores/gpe/ip3r_channels.sim
    output: best_hit/gpe/ip3r_channels.tsv
    log: log/best_hit/gpe/ip3r_channels.log
    jobid: 8
    wildcards: subject=gpe, query=ip3r_channels

[Mon Nov 25 09:50:32 2019]
Finished job 8.
66 of 69 steps (96%) done

[Mon Nov 25 09:50:32 2019]
rule join_results:
    input: best_hit/csp/actin.tsv, best_hit/csp/beta_tubulin2.tsv, best_hit/csp/ip3r_channels.tsv, best_hit/gpe/actin.tsv, best_hit/gpe/beta_tubulin2.tsv, best_hit/gpe/ip3r_channels.tsv, best_hit/ppr/actin.tsv, best_hit/ppr/beta_tubulin2.tsv, best_hit/ppr/ip3r_channels.tsv
    output: results/retained/proda.tsv, results/discarded/proda.tsv
    log: log/results/results.log
    jobid: 2

[Mon Nov 25 09:50:32 2019]
Finished job 2.
67 of 69 steps (97%) done

[Mon Nov 25 09:50:32 2019]
rule visualize_results:
    input: results/retained/proda.tsv, results/discarded/proda.tsv
    output: finished.txt
    jobid: 1

[Mon Nov 25 09:51:02 2019]
Finished job 1.
68 of 69 steps (99%) done

[Mon Nov 25 09:51:02 2019]
localrule all:
    input: finished.txt
    jobid: 0

Removing temporary output file finished.txt.
[Mon Nov 25 09:51:02 2019]
Finished job 0.
69 of 69 steps (100%) done
Complete log: /home/valentin/git/ProDA/.snakemake/log/2019-11-25T094946.704216.snakemake.log
