Building DAG of jobs...
Using shell: /bin/bash
Provided cores: 10
Rules claiming more threads will be scaled down.
Job counts:
	count	jobs
	1	Visualize_Discarded_Results
	1	Visualize_Retained_Results
	1	finish
	3

[Fri Nov 29 15:42:24 2019]
rule Visualize_Retained_Results:
    input: results/retained/proda.tsv
    output: retained_finished.txt
    jobid: 1
    threads: 10

[Fri Nov 29 15:42:37 2019]
Finished job 1.
1 of 3 steps (33%) done

[Fri Nov 29 15:42:37 2019]
rule Visualize_Discarded_Results:
    input: results/discarded/proda.tsv
    output: discarded_finished.txt
    jobid: 2
    threads: 10

[Fri Nov 29 15:42:37 2019]
Finished job 2.
2 of 3 steps (67%) done

[Fri Nov 29 15:42:37 2019]
localrule finish:
    input: retained_finished.txt, discarded_finished.txt
    jobid: 0

Removing temporary output file retained_finished.txt.
Removing temporary output file discarded_finished.txt.
[Fri Nov 29 15:42:37 2019]
Finished job 0.
3 of 3 steps (100%) done
Complete log: /home/valentin/git/ProDA/.snakemake/log/2019-11-29T154224.336527.snakemake.log
