Building DAG of jobs...
Using shell: /bin/bash
Provided cores: 1
Rules claiming more threads will be scaled down.
Job counts:
	count	jobs
	1	all
	4	clustalw
	1	test
	6

[Thu Nov 21 10:40:09 2019]
rule clustalw:
    input: cd_hit/csp/actin_merged.faa, cd_hit/csp/beta_tubulin2_merged.faa, cd_hit/gonium/actin_merged.faa, cd_hit/gonium/beta_tubulin2_merged.faa
    output: clustalw/gonium/beta_tubulin2.clustal
    log: log/clustalw/gonium/beta_tubulin2.clustal
    jobid: 5
    wildcards: subject=gonium, query=beta_tubulin2

[Thu Nov 21 10:40:10 2019]
Finished job 5.
1 of 6 steps (17%) done

[Thu Nov 21 10:40:10 2019]
rule clustalw:
    input: cd_hit/csp/actin_merged.faa, cd_hit/csp/beta_tubulin2_merged.faa, cd_hit/gonium/actin_merged.faa, cd_hit/gonium/beta_tubulin2_merged.faa
    output: clustalw/csp/actin.clustal
    log: log/clustalw/csp/actin.clustal
    jobid: 2
    wildcards: subject=csp, query=actin

[Thu Nov 21 10:40:12 2019]
Finished job 2.
2 of 6 steps (33%) done

[Thu Nov 21 10:40:12 2019]
rule clustalw:
    input: cd_hit/csp/actin_merged.faa, cd_hit/csp/beta_tubulin2_merged.faa, cd_hit/gonium/actin_merged.faa, cd_hit/gonium/beta_tubulin2_merged.faa
    output: clustalw/csp/beta_tubulin2.clustal
    log: log/clustalw/csp/beta_tubulin2.clustal
    jobid: 3
    wildcards: subject=csp, query=beta_tubulin2

[Thu Nov 21 10:40:14 2019]
Finished job 3.
3 of 6 steps (50%) done

[Thu Nov 21 10:40:14 2019]
rule clustalw:
    input: cd_hit/csp/actin_merged.faa, cd_hit/csp/beta_tubulin2_merged.faa, cd_hit/gonium/actin_merged.faa, cd_hit/gonium/beta_tubulin2_merged.faa
    output: clustalw/gonium/actin.clustal
    log: log/clustalw/gonium/actin.clustal
    jobid: 4
    wildcards: subject=gonium, query=actin

[Thu Nov 21 10:40:16 2019]
Finished job 4.
4 of 6 steps (67%) done

[Thu Nov 21 10:40:16 2019]
rule test:
    input: clustalw/csp/actin.clustal, clustalw/csp/beta_tubulin2.clustal, clustalw/gonium/actin.clustal, clustalw/gonium/beta_tubulin2.clustal
    output: temp/end.txt
    jobid: 1

touch temp/end.txt
[Thu Nov 21 10:40:16 2019]
Finished job 1.
5 of 6 steps (83%) done

[Thu Nov 21 10:40:16 2019]
localrule all:
    input: temp/end.txt
    jobid: 0

[Thu Nov 21 10:40:16 2019]
Finished job 0.
6 of 6 steps (100%) done
Complete log: /home/valentin/git/ProDA/.snakemake/log/2019-11-21T104008.904697.snakemake.log
