Building DAG of jobs...
Using shell: /bin/bash
Provided cores: 1
Rules claiming more threads will be scaled down.
Job counts:
	count	jobs
	4	alignment
	1	all
	4	blast
	4	cd_hit
	4	exonerate
	2	makeblastdb
	4	matcher
	4	spaln
	1	test
	28

[Thu Nov 21 14:04:25 2019]
rule makeblastdb:
    input: data/subjects/gonium.fna
    output: blast_dbs/gonium/temp.db
    log: log/blast_dbs/gonium.log
    jobid: 27
    wildcards: subject=gonium

(makeblastdb -in data/subjects/gonium.fna -dbtype nucl -out blast_dbs/gonium/gonium) 2> log/blast_dbs/gonium.log && touch blast_dbs/gonium/temp.db
[Thu Nov 21 14:04:27 2019]
Finished job 27.
1 of 28 steps (4%) done

[Thu Nov 21 14:04:27 2019]
rule makeblastdb:
    input: data/subjects/csp.fna
    output: blast_dbs/csp/temp.db
    log: log/blast_dbs/csp.log
    jobid: 26
    wildcards: subject=csp

(makeblastdb -in data/subjects/csp.fna -dbtype nucl -out blast_dbs/csp/csp) 2> log/blast_dbs/csp.log && touch blast_dbs/csp/temp.db
[Thu Nov 21 14:04:28 2019]
Finished job 26.
2 of 28 steps (7%) done

[Thu Nov 21 14:04:28 2019]
rule blast:
    input: blast_dbs/csp/temp.db, data/queries/beta_tubulin2.faa
    output: blast_results/csp/beta_tubulin2.hit
    log: log/blast_results/csp/beta_tubulin2.log
    jobid: 23
    wildcards: subject=csp, query=beta_tubulin2

(tblastn -query data/queries/beta_tubulin2.faa -db blast_dbs/csp/csp -outfmt '6 qseqid sseqid sstart send' -evalue 1e-4 > blast_results/csp/beta_tubulin2.hit) 2> log/blast_results/csp/beta_tubulin2.log
[Thu Nov 21 14:04:29 2019]
Finished job 23.
3 of 28 steps (11%) done

[Thu Nov 21 14:04:29 2019]
rule matcher:
    input: data/subjects/csp.fna, blast_results/csp/beta_tubulin2.hit
    output: matches/csp/beta_tubulin2.fna
    log: log/matches/csp/beta_tubulin2.log
    jobid: 19
    wildcards: subject=csp, query=beta_tubulin2

/home/valentin/anaconda3/bin/python3.6 /home/valentin/git/ProDA/.snakemake/scripts/tmpw39g1sal.contig_query_matcher.py
[Thu Nov 21 14:04:30 2019]
Finished job 19.
4 of 28 steps (14%) done

[Thu Nov 21 14:04:30 2019]
rule exonerate:
    input: data/queries/beta_tubulin2.faa, matches/csp/beta_tubulin2.fna
    output: exonerate/csp/beta_tubulin2.ryo, exonerate/csp/beta_tubulin2.fna, exonerate/csp/beta_tubulin2.faa
    log: log/exonerate/csp/beta_tubulin2.log
    jobid: 12
    wildcards: subject=csp, query=beta_tubulin2

[Thu Nov 21 14:04:36 2019]
Finished job 12.
5 of 28 steps (18%) done

[Thu Nov 21 14:04:36 2019]
rule spaln:
    input: data/queries/beta_tubulin2.faa, matches/csp/beta_tubulin2.fna
    output: spaln/csp/beta_tubulin2.sp, spaln/csp/beta_tubulin2.fna, spaln/csp/beta_tubulin2_temp.fna, spaln/csp/beta_tubulin2.faa
    log: log/spaln/csp/beta_tubulin2.log
    jobid: 13
    wildcards: subject=csp, query=beta_tubulin2

Removing temporary output file spaln/csp/beta_tubulin2_temp.fna.
[Thu Nov 21 14:04:39 2019]
Finished job 13.
6 of 28 steps (21%) done

[Thu Nov 21 14:04:39 2019]
rule cd_hit:
    input: exonerate/csp/beta_tubulin2.faa, spaln/csp/beta_tubulin2.faa
    output: cd_hit/csp/beta_tubulin2_joined.faa, cd_hit/csp/beta_tubulin2_merged.faa
    log: log/cd_hit/csp/beta_tubulin2.log
    jobid: 7
    wildcards: subject=csp, query=beta_tubulin2

[Thu Nov 21 14:04:40 2019]
Finished job 7.
7 of 28 steps (25%) done

[Thu Nov 21 14:04:40 2019]
rule alignment:
    input: data/queries/beta_tubulin2.faa, cd_hit/csp/beta_tubulin2_merged.faa
    output: scores/csp/beta_tubulin2.sc
    log: log/scores/csp/beta_tubulin2.log
    jobid: 3
    wildcards: subject=csp, query=beta_tubulin2

[Thu Nov 21 14:04:40 2019]
Finished job 3.
8 of 28 steps (29%) done

[Thu Nov 21 14:04:40 2019]
rule blast:
    input: blast_dbs/gonium/temp.db, data/queries/beta_tubulin2.faa
    output: blast_results/gonium/beta_tubulin2.hit
    log: log/blast_results/gonium/beta_tubulin2.log
    jobid: 25
    wildcards: subject=gonium, query=beta_tubulin2

(tblastn -query data/queries/beta_tubulin2.faa -db blast_dbs/gonium/gonium -outfmt '6 qseqid sseqid sstart send' -evalue 1e-4 > blast_results/gonium/beta_tubulin2.hit) 2> log/blast_results/gonium/beta_tubulin2.log
[Thu Nov 21 14:04:42 2019]
Finished job 25.
9 of 28 steps (32%) done

[Thu Nov 21 14:04:42 2019]
rule matcher:
    input: data/subjects/gonium.fna, blast_results/gonium/beta_tubulin2.hit
    output: matches/gonium/beta_tubulin2.fna
    log: log/matches/gonium/beta_tubulin2.log
    jobid: 21
    wildcards: subject=gonium, query=beta_tubulin2

/home/valentin/anaconda3/bin/python3.6 /home/valentin/git/ProDA/.snakemake/scripts/tmpvqgrs1pk.contig_query_matcher.py
[Thu Nov 21 14:04:43 2019]
Finished job 21.
10 of 28 steps (36%) done

[Thu Nov 21 14:04:43 2019]
rule exonerate:
    input: data/queries/beta_tubulin2.faa, matches/gonium/beta_tubulin2.fna
    output: exonerate/gonium/beta_tubulin2.ryo, exonerate/gonium/beta_tubulin2.fna, exonerate/gonium/beta_tubulin2.faa
    log: log/exonerate/gonium/beta_tubulin2.log
    jobid: 16
    wildcards: subject=gonium, query=beta_tubulin2

Terminating processes on user request, this might take some time.
Removing output files of failed job exonerate since they might be corrupted:
exonerate/gonium/beta_tubulin2.ryo, exonerate/gonium/beta_tubulin2.fna, exonerate/gonium/beta_tubulin2.faa
Complete log: /home/valentin/git/ProDA/.snakemake/log/2019-11-21T140425.813750.snakemake.log
