Building DAG of jobs...
Using shell: /bin/bash
Provided cores: 10
Rules claiming more threads will be scaled down.
Job counts:
	count	jobs
	9	alignment
	1	all
	9	blast
	9	cd_hit
	9	exonerate
	9	get_best_hit
	1	join_results
	3	makeblastdb
	9	matcher
	9	spaln
	1	visualize_results
	69

[Mon Nov 25 09:48:29 2019]
rule makeblastdb:
    input: data/subjects/gpe.fna
    output: blast_dbs/gpe/temp.db
    log: log/blast_dbs/gpe.log
    jobid: 67
    wildcards: subject=gpe

(makeblastdb -in data/subjects/gpe.fna -dbtype nucl -out blast_dbs/gpe/gpe) 2> log/blast_dbs/gpe.log && touch blast_dbs/gpe/temp.db

[Mon Nov 25 09:48:29 2019]
rule makeblastdb:
    input: data/subjects/ppr.fna
    output: blast_dbs/ppr/temp.db
    log: log/blast_dbs/ppr.log
    jobid: 68
    wildcards: subject=ppr

(makeblastdb -in data/subjects/ppr.fna -dbtype nucl -out blast_dbs/ppr/ppr) 2> log/blast_dbs/ppr.log && touch blast_dbs/ppr/temp.db

[Mon Nov 25 09:48:29 2019]
rule makeblastdb:
    input: data/subjects/csp.fna
    output: blast_dbs/csp/temp.db
    log: log/blast_dbs/csp.log
    jobid: 66
    wildcards: subject=csp

(makeblastdb -in data/subjects/csp.fna -dbtype nucl -out blast_dbs/csp/csp) 2> log/blast_dbs/csp.log && touch blast_dbs/csp/temp.db
[Mon Nov 25 09:48:29 2019]
Finished job 68.
1 of 69 steps (1%) done

[Mon Nov 25 09:48:29 2019]
rule blast:
    input: blast_dbs/ppr/temp.db, data/queries/ip3r_channels.faa
    output: blast_results/ppr/ip3r_channels.hit
    log: log/blast_results/ppr/ip3r_channels.log
    jobid: 65
    wildcards: subject=ppr, query=ip3r_channels

(tblastn -query data/queries/ip3r_channels.faa -db blast_dbs/ppr/ppr -outfmt '6 qseqid sseqid sstart send' -evalue 1e-4 > blast_results/ppr/ip3r_channels.hit) 2> log/blast_results/ppr/ip3r_channels.log

[Mon Nov 25 09:48:29 2019]
rule blast:
    input: blast_dbs/ppr/temp.db, data/queries/beta_tubulin2.faa
    output: blast_results/ppr/beta_tubulin2.hit
    log: log/blast_results/ppr/beta_tubulin2.log
    jobid: 64
    wildcards: subject=ppr, query=beta_tubulin2

(tblastn -query data/queries/beta_tubulin2.faa -db blast_dbs/ppr/ppr -outfmt '6 qseqid sseqid sstart send' -evalue 1e-4 > blast_results/ppr/beta_tubulin2.hit) 2> log/blast_results/ppr/beta_tubulin2.log

[Mon Nov 25 09:48:29 2019]
rule blast:
    input: blast_dbs/ppr/temp.db, data/queries/actin.faa
    output: blast_results/ppr/actin.hit
    log: log/blast_results/ppr/actin.log
    jobid: 63
    wildcards: subject=ppr, query=actin

(tblastn -query data/queries/actin.faa -db blast_dbs/ppr/ppr -outfmt '6 qseqid sseqid sstart send' -evalue 1e-4 > blast_results/ppr/actin.hit) 2> log/blast_results/ppr/actin.log
[Mon Nov 25 09:48:29 2019]
Finished job 64.
2 of 69 steps (3%) done

[Mon Nov 25 09:48:29 2019]
rule matcher:
    input: data/subjects/ppr.fna, blast_results/ppr/beta_tubulin2.hit
    output: matches/ppr/beta_tubulin2.fna
    log: log/matches/ppr/beta_tubulin2.log
    jobid: 55
    wildcards: subject=ppr, query=beta_tubulin2

[Mon Nov 25 09:48:29 2019]
Finished job 63.
3 of 69 steps (4%) done

[Mon Nov 25 09:48:29 2019]
rule matcher:
    input: data/subjects/ppr.fna, blast_results/ppr/actin.hit
    output: matches/ppr/actin.fna
    log: log/matches/ppr/actin.log
    jobid: 54
    wildcards: subject=ppr, query=actin

[Mon Nov 25 09:48:30 2019]
Finished job 55.
4 of 69 steps (6%) done

[Mon Nov 25 09:48:30 2019]
rule spaln:
    input: data/queries/beta_tubulin2.faa, matches/ppr/beta_tubulin2.fna
    output: spaln/ppr/beta_tubulin2.sp, spaln/ppr/beta_tubulin2.faa, spaln/ppr/beta_tubulin2_temp.sp, spaln/ppr/beta_tubulin2.fna
    log: log/spaln/ppr/beta_tubulin2.log
    jobid: 45
    wildcards: subject=ppr, query=beta_tubulin2

[Mon Nov 25 09:48:30 2019]
rule exonerate:
    input: data/queries/beta_tubulin2.faa, matches/ppr/beta_tubulin2.fna
    output: exonerate/ppr/beta_tubulin2.ryo, exonerate/ppr/beta_tubulin2.faa, exonerate/ppr/beta_tubulin2.fna
    log: log/exonerate/ppr/beta_tubulin2.log
    jobid: 44
    wildcards: subject=ppr, query=beta_tubulin2

[Mon Nov 25 09:48:30 2019]
Finished job 54.
5 of 69 steps (7%) done

[Mon Nov 25 09:48:30 2019]
rule exonerate:
    input: data/queries/actin.faa, matches/ppr/actin.fna
    output: exonerate/ppr/actin.ryo, exonerate/ppr/actin.faa, exonerate/ppr/actin.fna
    log: log/exonerate/ppr/actin.log
    jobid: 42
    wildcards: subject=ppr, query=actin

[Mon Nov 25 09:48:30 2019]
rule spaln:
    input: data/queries/actin.faa, matches/ppr/actin.fna
    output: spaln/ppr/actin.sp, spaln/ppr/actin.faa, spaln/ppr/actin_temp.sp, spaln/ppr/actin.fna
    log: log/spaln/ppr/actin.log
    jobid: 43
    wildcards: subject=ppr, query=actin

[Mon Nov 25 09:48:30 2019]
Finished job 65.
6 of 69 steps (9%) done

[Mon Nov 25 09:48:30 2019]
rule matcher:
    input: data/subjects/ppr.fna, blast_results/ppr/ip3r_channels.hit
    output: matches/ppr/ip3r_channels.fna
    log: log/matches/ppr/ip3r_channels.log
    jobid: 56
    wildcards: subject=ppr, query=ip3r_channels

[Mon Nov 25 09:48:31 2019]
Finished job 66.
7 of 69 steps (10%) done

[Mon Nov 25 09:48:31 2019]
rule blast:
    input: blast_dbs/csp/temp.db, data/queries/beta_tubulin2.faa
    output: blast_results/csp/beta_tubulin2.hit
    log: log/blast_results/csp/beta_tubulin2.log
    jobid: 58
    wildcards: subject=csp, query=beta_tubulin2

(tblastn -query data/queries/beta_tubulin2.faa -db blast_dbs/csp/csp -outfmt '6 qseqid sseqid sstart send' -evalue 1e-4 > blast_results/csp/beta_tubulin2.hit) 2> log/blast_results/csp/beta_tubulin2.log

[Mon Nov 25 09:48:31 2019]
rule blast:
    input: blast_dbs/csp/temp.db, data/queries/ip3r_channels.faa
    output: blast_results/csp/ip3r_channels.hit
    log: log/blast_results/csp/ip3r_channels.log
    jobid: 59
    wildcards: subject=csp, query=ip3r_channels

(tblastn -query data/queries/ip3r_channels.faa -db blast_dbs/csp/csp -outfmt '6 qseqid sseqid sstart send' -evalue 1e-4 > blast_results/csp/ip3r_channels.hit) 2> log/blast_results/csp/ip3r_channels.log

[Mon Nov 25 09:48:31 2019]
rule blast:
    input: blast_dbs/csp/temp.db, data/queries/actin.faa
    output: blast_results/csp/actin.hit
    log: log/blast_results/csp/actin.log
    jobid: 57
    wildcards: subject=csp, query=actin

(tblastn -query data/queries/actin.faa -db blast_dbs/csp/csp -outfmt '6 qseqid sseqid sstart send' -evalue 1e-4 > blast_results/csp/actin.hit) 2> log/blast_results/csp/actin.log
Removing temporary output file exonerate/ppr/beta_tubulin2.fna.
[Mon Nov 25 09:48:31 2019]
Finished job 44.
8 of 69 steps (12%) done
Removing temporary output file exonerate/ppr/actin.fna.
[Mon Nov 25 09:48:31 2019]
Finished job 42.
9 of 69 steps (13%) done
[Mon Nov 25 09:48:31 2019]
Finished job 56.
10 of 69 steps (14%) done

[Mon Nov 25 09:48:31 2019]
rule spaln:
    input: data/queries/ip3r_channels.faa, matches/ppr/ip3r_channels.fna
    output: spaln/ppr/ip3r_channels.sp, spaln/ppr/ip3r_channels.faa, spaln/ppr/ip3r_channels_temp.sp, spaln/ppr/ip3r_channels.fna
    log: log/spaln/ppr/ip3r_channels.log
    jobid: 47
    wildcards: subject=ppr, query=ip3r_channels

[Mon Nov 25 09:48:31 2019]
rule exonerate:
    input: data/queries/ip3r_channels.faa, matches/ppr/ip3r_channels.fna
    output: exonerate/ppr/ip3r_channels.ryo, exonerate/ppr/ip3r_channels.faa, exonerate/ppr/ip3r_channels.fna
    log: log/exonerate/ppr/ip3r_channels.log
    jobid: 46
    wildcards: subject=ppr, query=ip3r_channels

Removing temporary output file exonerate/ppr/ip3r_channels.fna.
[Mon Nov 25 09:48:32 2019]
Finished job 46.
11 of 69 steps (16%) done
[Mon Nov 25 09:48:33 2019]
Finished job 57.
12 of 69 steps (17%) done

[Mon Nov 25 09:48:33 2019]
rule matcher:
    input: data/subjects/csp.fna, blast_results/csp/actin.hit
    output: matches/csp/actin.fna
    log: log/matches/csp/actin.log
    jobid: 48
    wildcards: subject=csp, query=actin

[Mon Nov 25 09:48:33 2019]
Finished job 58.
13 of 69 steps (19%) done

[Mon Nov 25 09:48:33 2019]
rule matcher:
    input: data/subjects/csp.fna, blast_results/csp/beta_tubulin2.hit
    output: matches/csp/beta_tubulin2.fna
    log: log/matches/csp/beta_tubulin2.log
    jobid: 49
    wildcards: subject=csp, query=beta_tubulin2

[Mon Nov 25 09:48:33 2019]
Finished job 67.
14 of 69 steps (20%) done

[Mon Nov 25 09:48:33 2019]
rule blast:
    input: blast_dbs/gpe/temp.db, data/queries/beta_tubulin2.faa
    output: blast_results/gpe/beta_tubulin2.hit
    log: log/blast_results/gpe/beta_tubulin2.log
    jobid: 61
    wildcards: subject=gpe, query=beta_tubulin2

(tblastn -query data/queries/beta_tubulin2.faa -db blast_dbs/gpe/gpe -outfmt '6 qseqid sseqid sstart send' -evalue 1e-4 > blast_results/gpe/beta_tubulin2.hit) 2> log/blast_results/gpe/beta_tubulin2.log

[Mon Nov 25 09:48:33 2019]
rule blast:
    input: blast_dbs/gpe/temp.db, data/queries/ip3r_channels.faa
    output: blast_results/gpe/ip3r_channels.hit
    log: log/blast_results/gpe/ip3r_channels.log
    jobid: 62
    wildcards: subject=gpe, query=ip3r_channels

(tblastn -query data/queries/ip3r_channels.faa -db blast_dbs/gpe/gpe -outfmt '6 qseqid sseqid sstart send' -evalue 1e-4 > blast_results/gpe/ip3r_channels.hit) 2> log/blast_results/gpe/ip3r_channels.log

[Mon Nov 25 09:48:33 2019]
rule blast:
    input: blast_dbs/gpe/temp.db, data/queries/actin.faa
    output: blast_results/gpe/actin.hit
    log: log/blast_results/gpe/actin.log
    jobid: 60
    wildcards: subject=gpe, query=actin

(tblastn -query data/queries/actin.faa -db blast_dbs/gpe/gpe -outfmt '6 qseqid sseqid sstart send' -evalue 1e-4 > blast_results/gpe/actin.hit) 2> log/blast_results/gpe/actin.log
[Mon Nov 25 09:48:36 2019]
Finished job 48.
15 of 69 steps (22%) done

[Mon Nov 25 09:48:36 2019]
rule exonerate:
    input: data/queries/actin.faa, matches/csp/actin.fna
    output: exonerate/csp/actin.ryo, exonerate/csp/actin.faa, exonerate/csp/actin.fna
    log: log/exonerate/csp/actin.log
    jobid: 30
    wildcards: subject=csp, query=actin

[Mon Nov 25 09:48:36 2019]
rule spaln:
    input: data/queries/actin.faa, matches/csp/actin.fna
    output: spaln/csp/actin.sp, spaln/csp/actin.faa, spaln/csp/actin_temp.sp, spaln/csp/actin.fna
    log: log/spaln/csp/actin.log
    jobid: 31
    wildcards: subject=csp, query=actin

[Mon Nov 25 09:48:36 2019]
Finished job 49.
16 of 69 steps (23%) done

[Mon Nov 25 09:48:36 2019]
rule exonerate:
    input: data/queries/beta_tubulin2.faa, matches/csp/beta_tubulin2.fna
    output: exonerate/csp/beta_tubulin2.ryo, exonerate/csp/beta_tubulin2.faa, exonerate/csp/beta_tubulin2.fna
    log: log/exonerate/csp/beta_tubulin2.log
    jobid: 32
    wildcards: subject=csp, query=beta_tubulin2

[Mon Nov 25 09:48:38 2019]
Finished job 61.
17 of 69 steps (25%) done
[Mon Nov 25 09:48:38 2019]
Finished job 60.
18 of 69 steps (26%) done
Terminating processes on user request, this might take some time.
[Mon Nov 25 09:48:38 2019]
Error in rule blast:
    jobid: 59
    output: blast_results/csp/ip3r_channels.hit
    log: log/blast_results/csp/ip3r_channels.log (check log file(s) for error message)
    shell:
        (tblastn -query data/queries/ip3r_channels.faa -db blast_dbs/csp/csp -outfmt '6 qseqid sseqid sstart send' -evalue 1e-4 > blast_results/csp/ip3r_channels.hit) 2> log/blast_results/csp/ip3r_channels.log
        (one of the commands exited with non-zero exit code; note that snakemake uses bash strict mode!)

Removing output files of failed job blast since they might be corrupted:
blast_results/csp/ip3r_channels.hit
[Mon Nov 25 09:48:38 2019]
Error in rule blast:
    jobid: 62
    output: blast_results/gpe/ip3r_channels.hit
    log: log/blast_results/gpe/ip3r_channels.log (check log file(s) for error message)
    shell:
        (tblastn -query data/queries/ip3r_channels.faa -db blast_dbs/gpe/gpe -outfmt '6 qseqid sseqid sstart send' -evalue 1e-4 > blast_results/gpe/ip3r_channels.hit) 2> log/blast_results/gpe/ip3r_channels.log
        (one of the commands exited with non-zero exit code; note that snakemake uses bash strict mode!)

Removing output files of failed job blast since they might be corrupted:
blast_results/gpe/ip3r_channels.hit
Removing output files of failed job exonerate since they might be corrupted:
exonerate/csp/beta_tubulin2.ryo, exonerate/csp/beta_tubulin2.faa, exonerate/csp/beta_tubulin2.fna
Removing output files of failed job exonerate since they might be corrupted:
exonerate/csp/actin.ryo, exonerate/csp/actin.faa, exonerate/csp/actin.fna
Cancelling snakemake on user request.
