Building DAG of jobs...
Using shell: /bin/bash
Provided cores: 1
Rules claiming more threads will be scaled down.
Job counts:
	count	jobs
	2	alignment
	1	all
	2	blast
	2	cd_hit
	2	exonerate
	2	get_best_hit
	2	makeblastdb
	2	matcher
	2	spaln
	1	test
	18

[Thu Nov 21 16:05:31 2019]
rule makeblastdb:
    input: data/subjects/gonium.fna
    output: blast_dbs/gonium/temp.db
    log: log/blast_dbs/gonium.log
    jobid: 17
    wildcards: subject=gonium

(makeblastdb -in data/subjects/gonium.fna -dbtype nucl -out blast_dbs/gonium/gonium) 2> log/blast_dbs/gonium.log && touch blast_dbs/gonium/temp.db
[Thu Nov 21 16:05:33 2019]
Finished job 17.
1 of 18 steps (6%) done

[Thu Nov 21 16:05:33 2019]
rule makeblastdb:
    input: data/subjects/csp.fna
    output: blast_dbs/csp/temp.db
    log: log/blast_dbs/csp.log
    jobid: 16
    wildcards: subject=csp

(makeblastdb -in data/subjects/csp.fna -dbtype nucl -out blast_dbs/csp/csp) 2> log/blast_dbs/csp.log && touch blast_dbs/csp/temp.db
[Thu Nov 21 16:05:34 2019]
Finished job 16.
2 of 18 steps (11%) done

[Thu Nov 21 16:05:34 2019]
rule blast:
    input: blast_dbs/csp/temp.db, data/queries/actin.faa
    output: blast_results/csp/actin.hit
    log: log/blast_results/csp/actin.log
    jobid: 14
    wildcards: subject=csp, query=actin

(tblastn -query data/queries/actin.faa -db blast_dbs/csp/csp -outfmt '6 qseqid sseqid sstart send' -evalue 1e-4 > blast_results/csp/actin.hit) 2> log/blast_results/csp/actin.log
[Thu Nov 21 16:05:35 2019]
Finished job 14.
3 of 18 steps (17%) done

[Thu Nov 21 16:05:35 2019]
rule matcher:
    input: data/subjects/csp.fna, blast_results/csp/actin.hit
    output: matches/csp/actin.fna
    log: log/matches/csp/actin.log
    jobid: 12
    wildcards: subject=csp, query=actin

/home/valentin/anaconda3/bin/python3.6 /home/valentin/git/ProDA/.snakemake/scripts/tmplz989s27.contig_query_matcher.py
[Thu Nov 21 16:05:36 2019]
Finished job 12.
4 of 18 steps (22%) done

[Thu Nov 21 16:05:36 2019]
rule spaln:
    input: data/queries/actin.faa, matches/csp/actin.fna
    output: spaln/csp/actin.sp, spaln/csp/actin.fna, spaln/csp/actin_temp.fna, spaln/csp/actin.faa
    log: log/spaln/csp/actin.log
    jobid: 9
    wildcards: subject=csp, query=actin

Removing temporary output file spaln/csp/actin_temp.fna.
[Thu Nov 21 16:05:38 2019]
Finished job 9.
5 of 18 steps (28%) done

[Thu Nov 21 16:05:38 2019]
rule exonerate:
    input: data/queries/actin.faa, matches/csp/actin.fna
    output: exonerate/csp/actin.ryo, exonerate/csp/actin.fna, exonerate/csp/actin.faa
    log: log/exonerate/csp/actin.log
    jobid: 8
    wildcards: subject=csp, query=actin

[Thu Nov 21 16:05:43 2019]
Finished job 8.
6 of 18 steps (33%) done

[Thu Nov 21 16:05:43 2019]
rule cd_hit:
    input: exonerate/csp/actin.faa, spaln/csp/actin.faa
    output: cd_hit/csp/actin_joined.faa, cd_hit/csp/actin_merged.faa
    log: log/cd_hit/csp/actin.log
    jobid: 5
    wildcards: subject=csp, query=actin

[Thu Nov 21 16:05:43 2019]
Finished job 5.
7 of 18 steps (39%) done

[Thu Nov 21 16:05:43 2019]
rule alignment:
    input: data/queries/actin.faa, cd_hit/csp/actin_merged.faa
    output: scores/csp/actin.sc
    log: log/scores/csp/actin.log
    jobid: 4
    wildcards: subject=csp, query=actin

[Thu Nov 21 16:05:44 2019]
Finished job 4.
8 of 18 steps (44%) done

[Thu Nov 21 16:05:44 2019]
rule get_best_hit:
    input: scores/csp/actin.sc, cd_hit/csp/actin_merged.faa
    output: best_hit/csp/actin.faa
    log: log/best_hit/csp/actin.log
    jobid: 2
    wildcards: subject=csp, query=actin

Shutting down, this might take some time.
Exiting because a job execution failed. Look above for error message
Complete log: /home/valentin/git/ProDA/.snakemake/log/2019-11-21T160531.403485.snakemake.log
