Building DAG of jobs...
Using shell: /bin/bash
Provided cores: 1
Rules claiming more threads will be scaled down.
Job counts:
	count	jobs
	4	alignment
	1	all
	4	blast
	4	cd_hit
	4	exonerate
	1	finisher
	4	get_best_hit
	1	join_results
	2	makeblastdb
	4	matcher
	4	spaln
	33

[Fri Nov 22 16:47:55 2019]
rule makeblastdb:
    input: data/subjects/gonium.fna
    output: blast_dbs/gonium/temp.db
    log: log/blast_dbs/gonium.log
    jobid: 32
    wildcards: subject=gonium

(makeblastdb -in data/subjects/gonium.fna -dbtype nucl -out blast_dbs/gonium/gonium) 2> log/blast_dbs/gonium.log && touch blast_dbs/gonium/temp.db
[Fri Nov 22 16:47:57 2019]
Finished job 32.
1 of 33 steps (3%) done

[Fri Nov 22 16:47:57 2019]
rule makeblastdb:
    input: data/subjects/csp.fna
    output: blast_dbs/csp/temp.db
    log: log/blast_dbs/csp.log
    jobid: 31
    wildcards: subject=csp

(makeblastdb -in data/subjects/csp.fna -dbtype nucl -out blast_dbs/csp/csp) 2> log/blast_dbs/csp.log && touch blast_dbs/csp/temp.db
[Fri Nov 22 16:47:58 2019]
Finished job 31.
2 of 33 steps (6%) done

[Fri Nov 22 16:47:58 2019]
rule blast:
    input: blast_dbs/csp/temp.db, data/queries/beta_tubulin2.faa
    output: blast_results/csp/beta_tubulin2.hit
    log: log/blast_results/csp/beta_tubulin2.log
    jobid: 28
    wildcards: subject=csp, query=beta_tubulin2

(tblastn -query data/queries/beta_tubulin2.faa -db blast_dbs/csp/csp -outfmt '6 qseqid sseqid sstart send' -evalue 1e-4 > blast_results/csp/beta_tubulin2.hit) 2> log/blast_results/csp/beta_tubulin2.log
[Fri Nov 22 16:47:59 2019]
Finished job 28.
3 of 33 steps (9%) done

[Fri Nov 22 16:47:59 2019]
rule matcher:
    input: data/subjects/csp.fna, blast_results/csp/beta_tubulin2.hit
    output: matches/csp/beta_tubulin2.fna
    log: log/matches/csp/beta_tubulin2.log
    jobid: 24
    wildcards: subject=csp, query=beta_tubulin2

[Fri Nov 22 16:48:00 2019]
Finished job 24.
4 of 33 steps (12%) done

[Fri Nov 22 16:48:00 2019]
rule exonerate:
    input: data/queries/beta_tubulin2.faa, matches/csp/beta_tubulin2.fna
    output: exonerate/csp/beta_tubulin2.ryo, exonerate/csp/beta_tubulin2.fna, exonerate/csp/beta_tubulin2.faa
    log: log/exonerate/csp/beta_tubulin2.log
    jobid: 17
    wildcards: subject=csp, query=beta_tubulin2

[Fri Nov 22 16:48:10 2019]
Finished job 17.
5 of 33 steps (15%) done

[Fri Nov 22 16:48:10 2019]
rule spaln:
    input: data/queries/beta_tubulin2.faa, matches/csp/beta_tubulin2.fna
    output: spaln/csp/beta_tubulin2.sp, spaln/csp/beta_tubulin2.fna, spaln/csp/beta_tubulin2_temp.fna, spaln/csp/beta_tubulin2.faa
    log: log/spaln/csp/beta_tubulin2.log
    jobid: 18
    wildcards: subject=csp, query=beta_tubulin2

Removing temporary output file spaln/csp/beta_tubulin2_temp.fna.
[Fri Nov 22 16:48:13 2019]
Finished job 18.
6 of 33 steps (18%) done

[Fri Nov 22 16:48:13 2019]
rule cd_hit:
    input: exonerate/csp/beta_tubulin2.faa, spaln/csp/beta_tubulin2.faa
    output: cd_hit/csp/beta_tubulin2_joined.faa, cd_hit/csp/beta_tubulin2_merged.faa
    log: log/cd_hit/csp/beta_tubulin2.log
    jobid: 12
    wildcards: subject=csp, query=beta_tubulin2

[Fri Nov 22 16:48:13 2019]
Finished job 12.
7 of 33 steps (21%) done

[Fri Nov 22 16:48:13 2019]
rule alignment:
    input: data/queries/beta_tubulin2.faa, cd_hit/csp/beta_tubulin2_merged.faa
    output: scores/csp/beta_tubulin2.sim, scores/csp/beta_tubulin2_temp.st, scores/csp/beta_tubulin2_temp_query.faa, scores/csp/beta_tubulin2_temp_hit.faa
    log: log/scores/csp/beta_tubulin2.log
    jobid: 8
    wildcards: subject=csp, query=beta_tubulin2

Removing temporary output file scores/csp/beta_tubulin2_temp.st.
Removing temporary output file scores/csp/beta_tubulin2_temp_query.faa.
Removing temporary output file scores/csp/beta_tubulin2_temp_hit.faa.
[Fri Nov 22 16:48:14 2019]
Finished job 8.
8 of 33 steps (24%) done

[Fri Nov 22 16:48:14 2019]
rule get_best_hit:
    input: scores/csp/beta_tubulin2.sim
    output: best_hit/csp/beta_tubulin2.tsv
    log: log/best_hit/csp/beta_tubulin2.log
    jobid: 4
    wildcards: subject=csp, query=beta_tubulin2

[Fri Nov 22 16:48:14 2019]
Finished job 4.
9 of 33 steps (27%) done

[Fri Nov 22 16:48:14 2019]
rule blast:
    input: blast_dbs/gonium/temp.db, data/queries/beta_tubulin2.faa
    output: blast_results/gonium/beta_tubulin2.hit
    log: log/blast_results/gonium/beta_tubulin2.log
    jobid: 30
    wildcards: subject=gonium, query=beta_tubulin2

(tblastn -query data/queries/beta_tubulin2.faa -db blast_dbs/gonium/gonium -outfmt '6 qseqid sseqid sstart send' -evalue 1e-4 > blast_results/gonium/beta_tubulin2.hit) 2> log/blast_results/gonium/beta_tubulin2.log
[Fri Nov 22 16:48:16 2019]
Finished job 30.
10 of 33 steps (30%) done

[Fri Nov 22 16:48:16 2019]
rule matcher:
    input: data/subjects/gonium.fna, blast_results/gonium/beta_tubulin2.hit
    output: matches/gonium/beta_tubulin2.fna
    log: log/matches/gonium/beta_tubulin2.log
    jobid: 26
    wildcards: subject=gonium, query=beta_tubulin2

[Fri Nov 22 16:48:18 2019]
Finished job 26.
11 of 33 steps (33%) done

[Fri Nov 22 16:48:18 2019]
rule spaln:
    input: data/queries/beta_tubulin2.faa, matches/gonium/beta_tubulin2.fna
    output: spaln/gonium/beta_tubulin2.sp, spaln/gonium/beta_tubulin2.fna, spaln/gonium/beta_tubulin2_temp.fna, spaln/gonium/beta_tubulin2.faa
    log: log/spaln/gonium/beta_tubulin2.log
    jobid: 22
    wildcards: subject=gonium, query=beta_tubulin2

Removing temporary output file spaln/gonium/beta_tubulin2_temp.fna.
[Fri Nov 22 16:48:21 2019]
Finished job 22.
12 of 33 steps (36%) done

[Fri Nov 22 16:48:21 2019]
rule exonerate:
    input: data/queries/beta_tubulin2.faa, matches/gonium/beta_tubulin2.fna
    output: exonerate/gonium/beta_tubulin2.ryo, exonerate/gonium/beta_tubulin2.fna, exonerate/gonium/beta_tubulin2.faa
    log: log/exonerate/gonium/beta_tubulin2.log
    jobid: 21
    wildcards: subject=gonium, query=beta_tubulin2

[Fri Nov 22 16:48:23 2019]
Finished job 21.
13 of 33 steps (39%) done

[Fri Nov 22 16:48:23 2019]
rule cd_hit:
    input: exonerate/gonium/beta_tubulin2.faa, spaln/gonium/beta_tubulin2.faa
    output: cd_hit/gonium/beta_tubulin2_joined.faa, cd_hit/gonium/beta_tubulin2_merged.faa
    log: log/cd_hit/gonium/beta_tubulin2.log
    jobid: 14
    wildcards: subject=gonium, query=beta_tubulin2

[Fri Nov 22 16:48:23 2019]
Finished job 14.
14 of 33 steps (42%) done

[Fri Nov 22 16:48:23 2019]
rule alignment:
    input: data/queries/beta_tubulin2.faa, cd_hit/gonium/beta_tubulin2_merged.faa
    output: scores/gonium/beta_tubulin2.sim, scores/gonium/beta_tubulin2_temp.st, scores/gonium/beta_tubulin2_temp_query.faa, scores/gonium/beta_tubulin2_temp_hit.faa
    log: log/scores/gonium/beta_tubulin2.log
    jobid: 10
    wildcards: subject=gonium, query=beta_tubulin2

Removing temporary output file scores/gonium/beta_tubulin2_temp.st.
Removing temporary output file scores/gonium/beta_tubulin2_temp_query.faa.
Removing temporary output file scores/gonium/beta_tubulin2_temp_hit.faa.
[Fri Nov 22 16:48:23 2019]
Finished job 10.
15 of 33 steps (45%) done

[Fri Nov 22 16:48:23 2019]
rule get_best_hit:
    input: scores/gonium/beta_tubulin2.sim
    output: best_hit/gonium/beta_tubulin2.tsv
    log: log/best_hit/gonium/beta_tubulin2.log
    jobid: 6
    wildcards: subject=gonium, query=beta_tubulin2

[Fri Nov 22 16:48:24 2019]
Finished job 6.
16 of 33 steps (48%) done

[Fri Nov 22 16:48:24 2019]
rule blast:
    input: blast_dbs/csp/temp.db, data/queries/actin.faa
    output: blast_results/csp/actin.hit
    log: log/blast_results/csp/actin.log
    jobid: 27
    wildcards: subject=csp, query=actin

(tblastn -query data/queries/actin.faa -db blast_dbs/csp/csp -outfmt '6 qseqid sseqid sstart send' -evalue 1e-4 > blast_results/csp/actin.hit) 2> log/blast_results/csp/actin.log
[Fri Nov 22 16:48:25 2019]
Finished job 27.
17 of 33 steps (52%) done

[Fri Nov 22 16:48:25 2019]
rule matcher:
    input: data/subjects/csp.fna, blast_results/csp/actin.hit
    output: matches/csp/actin.fna
    log: log/matches/csp/actin.log
    jobid: 23
    wildcards: subject=csp, query=actin

[Fri Nov 22 16:48:26 2019]
Finished job 23.
18 of 33 steps (55%) done

[Fri Nov 22 16:48:26 2019]
rule exonerate:
    input: data/queries/actin.faa, matches/csp/actin.fna
    output: exonerate/csp/actin.ryo, exonerate/csp/actin.fna, exonerate/csp/actin.faa
    log: log/exonerate/csp/actin.log
    jobid: 15
    wildcards: subject=csp, query=actin

[Fri Nov 22 16:48:31 2019]
Finished job 15.
19 of 33 steps (58%) done

[Fri Nov 22 16:48:31 2019]
rule spaln:
    input: data/queries/actin.faa, matches/csp/actin.fna
    output: spaln/csp/actin.sp, spaln/csp/actin.fna, spaln/csp/actin_temp.fna, spaln/csp/actin.faa
    log: log/spaln/csp/actin.log
    jobid: 16
    wildcards: subject=csp, query=actin

Removing temporary output file spaln/csp/actin_temp.fna.
[Fri Nov 22 16:48:33 2019]
Finished job 16.
20 of 33 steps (61%) done

[Fri Nov 22 16:48:33 2019]
rule cd_hit:
    input: exonerate/csp/actin.faa, spaln/csp/actin.faa
    output: cd_hit/csp/actin_joined.faa, cd_hit/csp/actin_merged.faa
    log: log/cd_hit/csp/actin.log
    jobid: 11
    wildcards: subject=csp, query=actin

[Fri Nov 22 16:48:33 2019]
Finished job 11.
21 of 33 steps (64%) done

[Fri Nov 22 16:48:33 2019]
rule alignment:
    input: data/queries/actin.faa, cd_hit/csp/actin_merged.faa
    output: scores/csp/actin.sim, scores/csp/actin_temp.st, scores/csp/actin_temp_query.faa, scores/csp/actin_temp_hit.faa
    log: log/scores/csp/actin.log
    jobid: 7
    wildcards: subject=csp, query=actin

Removing temporary output file scores/csp/actin_temp.st.
Removing temporary output file scores/csp/actin_temp_query.faa.
Removing temporary output file scores/csp/actin_temp_hit.faa.
[Fri Nov 22 16:48:34 2019]
Finished job 7.
22 of 33 steps (67%) done

[Fri Nov 22 16:48:34 2019]
rule get_best_hit:
    input: scores/csp/actin.sim
    output: best_hit/csp/actin.tsv
    log: log/best_hit/csp/actin.log
    jobid: 3
    wildcards: subject=csp, query=actin

[Fri Nov 22 16:48:34 2019]
Finished job 3.
23 of 33 steps (70%) done

[Fri Nov 22 16:48:34 2019]
rule blast:
    input: blast_dbs/gonium/temp.db, data/queries/actin.faa
    output: blast_results/gonium/actin.hit
    log: log/blast_results/gonium/actin.log
    jobid: 29
    wildcards: subject=gonium, query=actin

(tblastn -query data/queries/actin.faa -db blast_dbs/gonium/gonium -outfmt '6 qseqid sseqid sstart send' -evalue 1e-4 > blast_results/gonium/actin.hit) 2> log/blast_results/gonium/actin.log
[Fri Nov 22 16:48:36 2019]
Finished job 29.
24 of 33 steps (73%) done

[Fri Nov 22 16:48:36 2019]
rule matcher:
    input: data/subjects/gonium.fna, blast_results/gonium/actin.hit
    output: matches/gonium/actin.fna
    log: log/matches/gonium/actin.log
    jobid: 25
    wildcards: subject=gonium, query=actin

[Fri Nov 22 16:48:38 2019]
Finished job 25.
25 of 33 steps (76%) done

[Fri Nov 22 16:48:38 2019]
rule spaln:
    input: data/queries/actin.faa, matches/gonium/actin.fna
    output: spaln/gonium/actin.sp, spaln/gonium/actin.fna, spaln/gonium/actin_temp.fna, spaln/gonium/actin.faa
    log: log/spaln/gonium/actin.log
    jobid: 20
    wildcards: subject=gonium, query=actin

Removing temporary output file spaln/gonium/actin_temp.fna.
[Fri Nov 22 16:48:41 2019]
Finished job 20.
26 of 33 steps (79%) done

[Fri Nov 22 16:48:41 2019]
rule exonerate:
    input: data/queries/actin.faa, matches/gonium/actin.fna
    output: exonerate/gonium/actin.ryo, exonerate/gonium/actin.fna, exonerate/gonium/actin.faa
    log: log/exonerate/gonium/actin.log
    jobid: 19
    wildcards: subject=gonium, query=actin

[Fri Nov 22 16:48:48 2019]
Finished job 19.
27 of 33 steps (82%) done

[Fri Nov 22 16:48:48 2019]
rule cd_hit:
    input: exonerate/gonium/actin.faa, spaln/gonium/actin.faa
    output: cd_hit/gonium/actin_joined.faa, cd_hit/gonium/actin_merged.faa
    log: log/cd_hit/gonium/actin.log
    jobid: 13
    wildcards: subject=gonium, query=actin

[Fri Nov 22 16:48:49 2019]
Finished job 13.
28 of 33 steps (85%) done

[Fri Nov 22 16:48:49 2019]
rule alignment:
    input: data/queries/actin.faa, cd_hit/gonium/actin_merged.faa
    output: scores/gonium/actin.sim, scores/gonium/actin_temp.st, scores/gonium/actin_temp_query.faa, scores/gonium/actin_temp_hit.faa
    log: log/scores/gonium/actin.log
    jobid: 9
    wildcards: subject=gonium, query=actin

Removing temporary output file scores/gonium/actin_temp.st.
Removing temporary output file scores/gonium/actin_temp_query.faa.
Removing temporary output file scores/gonium/actin_temp_hit.faa.
[Fri Nov 22 16:48:49 2019]
Finished job 9.
29 of 33 steps (88%) done

[Fri Nov 22 16:48:49 2019]
rule get_best_hit:
    input: scores/gonium/actin.sim
    output: best_hit/gonium/actin.tsv
    log: log/best_hit/gonium/actin.log
    jobid: 5
    wildcards: subject=gonium, query=actin

[Fri Nov 22 16:48:50 2019]
Finished job 5.
30 of 33 steps (91%) done

[Fri Nov 22 16:48:50 2019]
rule join_results:
    input: best_hit/csp/actin.tsv, best_hit/csp/beta_tubulin2.tsv, best_hit/gonium/actin.tsv, best_hit/gonium/beta_tubulin2.tsv
    output: results/retained/proda.tsv, results/discarded/proda.tsv
    log: log/results/results.log
    jobid: 2

[Fri Nov 22 16:48:50 2019]
Finished job 2.
31 of 33 steps (94%) done

[Fri Nov 22 16:48:50 2019]
rule finisher:
    input: results/retained/proda.tsv, results/discarded/proda.tsv
    output: finished.txt
    jobid: 1

touch finished.txt
[Fri Nov 22 16:48:50 2019]
Finished job 1.
32 of 33 steps (97%) done

[Fri Nov 22 16:48:50 2019]
localrule all:
    input: finished.txt
    jobid: 0

Removing temporary output file finished.txt.
[Fri Nov 22 16:48:50 2019]
Finished job 0.
33 of 33 steps (100%) done
Complete log: /home/valentin/git/ProDA/.snakemake/log/2019-11-22T164755.558083.snakemake.log
