Building DAG of jobs...
Using shell: /bin/bash
Provided cores: 10
Rules claiming more threads will be scaled down.
Job counts:
	count	jobs
	3	Build_Exonerate_Alignment
	3	Build_Spaln_Alignment
	3	Filter_Out_Useless_Regions
	3	Find_Candidates
	1	Join_ProDA_Results
	4	Merge_Results
	4	Retrieve_Sequence_Similarities
	4	Retrieve_Sequence_With_Highest_Similarity
	1	Visualize_Discarded_Results
	1	Visualize_Retained_Results
	1	finish
	28

[Fri Nov 29 15:33:26 2019]
rule Merge_Results:
    input: exonerate/gpe/beta_tubulin2.faa, spaln/gpe/beta_tubulin2.faa
    output: cd_hit/gpe/beta_tubulin2_merged.faa, cd_hit/gpe/beta_tubulin2_joined.faa
    log: log/cd_hit/gpe/beta_tubulin2.log
    jobid: 15
    wildcards: subject=gpe, query=beta_tubulin2
    threads: 10

Removing temporary output file cd_hit/gpe/beta_tubulin2_joined.faa.
[Fri Nov 29 15:33:26 2019]
Finished job 15.
1 of 28 steps (4%) done

[Fri Nov 29 15:33:26 2019]
rule Retrieve_Sequence_Similarities:
    input: data/queries/beta_tubulin2.faa, cd_hit/gpe/beta_tubulin2_merged.faa
    output: scores/gpe/beta_tubulin2.sim
    log: log/scores/gpe/beta_tubulin2.log
    jobid: 11
    wildcards: subject=gpe, query=beta_tubulin2
    threads: 10

[Fri Nov 29 15:33:27 2019]
Finished job 11.
2 of 28 steps (7%) done

[Fri Nov 29 15:33:27 2019]
rule Retrieve_Sequence_With_Highest_Similarity:
    input: scores/gpe/beta_tubulin2.sim
    output: best_hit/gpe/beta_tubulin2.tsv
    log: log/best_hit/gpe/beta_tubulin2.log
    jobid: 7
    wildcards: subject=gpe, query=beta_tubulin2

[Fri Nov 29 15:33:27 2019]
Finished job 7.
3 of 28 steps (11%) done

[Fri Nov 29 15:33:27 2019]
rule Find_Candidates:
    input: blast_dbs/csp/temp.db, data/queries/beta_tubulin2.faa
    output: blast_results/csp/beta_tubulin2.hit
    log: log/blast_results/csp/beta_tubulin2.log
    jobid: 29
    wildcards: subject=csp, query=beta_tubulin2
    threads: 10

(tblastn -query data/queries/beta_tubulin2.faa -db blast_dbs/csp/csp -outfmt '6 qseqid sseqid sstart send' -evalue 1e-4 -num_threads 10 > blast_results/csp/beta_tubulin2.hit) 2> log/blast_results/csp/beta_tubulin2.log
[Fri Nov 29 15:33:28 2019]
Finished job 29.
4 of 28 steps (14%) done

[Fri Nov 29 15:33:28 2019]
rule Filter_Out_Useless_Regions:
    input: data/subjects/csp.fna, blast_results/csp/beta_tubulin2.hit
    output: matches/csp/beta_tubulin2.fna
    log: log/matches/csp/beta_tubulin2.log
    jobid: 25
    wildcards: subject=csp, query=beta_tubulin2

[Fri Nov 29 15:33:29 2019]
Finished job 25.
5 of 28 steps (18%) done

[Fri Nov 29 15:33:29 2019]
rule Build_Spaln_Alignment:
    input: data/queries/beta_tubulin2.faa, matches/csp/beta_tubulin2.fna
    output: spaln/csp/beta_tubulin2.faa, spaln/csp/beta_tubulin2.sp
    log: log/spaln/csp/beta_tubulin2.log
    jobid: 19
    wildcards: subject=csp, query=beta_tubulin2
    threads: 10

Removing temporary output file spaln/csp/beta_tubulin2.sp.
[Fri Nov 29 15:33:44 2019]
Finished job 19.
6 of 28 steps (21%) done

[Fri Nov 29 15:33:44 2019]
rule Build_Exonerate_Alignment:
    input: data/queries/beta_tubulin2.faa, matches/csp/beta_tubulin2.fna
    output: exonerate/csp/beta_tubulin2.faa
    log: log/exonerate/csp/beta_tubulin2.log
    jobid: 18
    wildcards: subject=csp, query=beta_tubulin2
    threads: 10

[Fri Nov 29 15:33:57 2019]
Finished job 18.
7 of 28 steps (25%) done

[Fri Nov 29 15:33:57 2019]
rule Merge_Results:
    input: exonerate/csp/beta_tubulin2.faa, spaln/csp/beta_tubulin2.faa
    output: cd_hit/csp/beta_tubulin2_merged.faa, cd_hit/csp/beta_tubulin2_joined.faa
    log: log/cd_hit/csp/beta_tubulin2.log
    jobid: 13
    wildcards: subject=csp, query=beta_tubulin2
    threads: 10

Removing temporary output file cd_hit/csp/beta_tubulin2_joined.faa.
[Fri Nov 29 15:33:58 2019]
Finished job 13.
8 of 28 steps (29%) done

[Fri Nov 29 15:33:58 2019]
rule Retrieve_Sequence_Similarities:
    input: data/queries/beta_tubulin2.faa, cd_hit/csp/beta_tubulin2_merged.faa
    output: scores/csp/beta_tubulin2.sim
    log: log/scores/csp/beta_tubulin2.log
    jobid: 9
    wildcards: subject=csp, query=beta_tubulin2
    threads: 10

[Fri Nov 29 15:33:58 2019]
Finished job 9.
9 of 28 steps (32%) done

[Fri Nov 29 15:33:58 2019]
rule Retrieve_Sequence_With_Highest_Similarity:
    input: scores/csp/beta_tubulin2.sim
    output: best_hit/csp/beta_tubulin2.tsv
    log: log/best_hit/csp/beta_tubulin2.log
    jobid: 5
    wildcards: subject=csp, query=beta_tubulin2

[Fri Nov 29 15:33:58 2019]
Finished job 5.
10 of 28 steps (36%) done

[Fri Nov 29 15:33:58 2019]
rule Find_Candidates:
    input: blast_dbs/gpe/temp.db, data/queries/actin.faa
    output: blast_results/gpe/actin.hit
    log: log/blast_results/gpe/actin.log
    jobid: 30
    wildcards: subject=gpe, query=actin
    threads: 10

(tblastn -query data/queries/actin.faa -db blast_dbs/gpe/gpe -outfmt '6 qseqid sseqid sstart send' -evalue 1e-4 -num_threads 10 > blast_results/gpe/actin.hit) 2> log/blast_results/gpe/actin.log
[Fri Nov 29 15:33:59 2019]
Finished job 30.
11 of 28 steps (39%) done

[Fri Nov 29 15:33:59 2019]
rule Filter_Out_Useless_Regions:
    input: data/subjects/gpe.fna, blast_results/gpe/actin.hit
    output: matches/gpe/actin.fna
    log: log/matches/gpe/actin.log
    jobid: 26
    wildcards: subject=gpe, query=actin

[Fri Nov 29 15:34:01 2019]
Finished job 26.
12 of 28 steps (43%) done

[Fri Nov 29 15:34:01 2019]
rule Build_Exonerate_Alignment:
    input: data/queries/actin.faa, matches/gpe/actin.fna
    output: exonerate/gpe/actin.faa
    log: log/exonerate/gpe/actin.log
    jobid: 20
    wildcards: subject=gpe, query=actin
    threads: 10

[Fri Nov 29 15:34:09 2019]
Finished job 20.
13 of 28 steps (46%) done

[Fri Nov 29 15:34:09 2019]
rule Build_Spaln_Alignment:
    input: data/queries/actin.faa, matches/gpe/actin.fna
    output: spaln/gpe/actin.faa, spaln/gpe/actin.sp
    log: log/spaln/gpe/actin.log
    jobid: 21
    wildcards: subject=gpe, query=actin
    threads: 10

Removing temporary output file spaln/gpe/actin.sp.
[Fri Nov 29 15:34:24 2019]
Finished job 21.
14 of 28 steps (50%) done

[Fri Nov 29 15:34:24 2019]
rule Merge_Results:
    input: exonerate/gpe/actin.faa, spaln/gpe/actin.faa
    output: cd_hit/gpe/actin_merged.faa, cd_hit/gpe/actin_joined.faa
    log: log/cd_hit/gpe/actin.log
    jobid: 14
    wildcards: subject=gpe, query=actin
    threads: 10

Removing temporary output file cd_hit/gpe/actin_joined.faa.
[Fri Nov 29 15:34:25 2019]
Finished job 14.
15 of 28 steps (54%) done

[Fri Nov 29 15:34:25 2019]
rule Retrieve_Sequence_Similarities:
    input: data/queries/actin.faa, cd_hit/gpe/actin_merged.faa
    output: scores/gpe/actin.sim
    log: log/scores/gpe/actin.log
    jobid: 10
    wildcards: subject=gpe, query=actin
    threads: 10

[Fri Nov 29 15:34:25 2019]
Finished job 10.
16 of 28 steps (57%) done

[Fri Nov 29 15:34:25 2019]
rule Retrieve_Sequence_With_Highest_Similarity:
    input: scores/gpe/actin.sim
    output: best_hit/gpe/actin.tsv
    log: log/best_hit/gpe/actin.log
    jobid: 6
    wildcards: subject=gpe, query=actin

[Fri Nov 29 15:34:26 2019]
Finished job 6.
17 of 28 steps (61%) done

[Fri Nov 29 15:34:26 2019]
rule Find_Candidates:
    input: blast_dbs/csp/temp.db, data/queries/actin.faa
    output: blast_results/csp/actin.hit
    log: log/blast_results/csp/actin.log
    jobid: 28
    wildcards: subject=csp, query=actin
    threads: 10

(tblastn -query data/queries/actin.faa -db blast_dbs/csp/csp -outfmt '6 qseqid sseqid sstart send' -evalue 1e-4 -num_threads 10 > blast_results/csp/actin.hit) 2> log/blast_results/csp/actin.log
[Fri Nov 29 15:34:26 2019]
Finished job 28.
18 of 28 steps (64%) done

[Fri Nov 29 15:34:26 2019]
rule Filter_Out_Useless_Regions:
    input: data/subjects/csp.fna, blast_results/csp/actin.hit
    output: matches/csp/actin.fna
    log: log/matches/csp/actin.log
    jobid: 24
    wildcards: subject=csp, query=actin

[Fri Nov 29 15:34:27 2019]
Finished job 24.
19 of 28 steps (68%) done

[Fri Nov 29 15:34:27 2019]
rule Build_Spaln_Alignment:
    input: data/queries/actin.faa, matches/csp/actin.fna
    output: spaln/csp/actin.faa, spaln/csp/actin.sp
    log: log/spaln/csp/actin.log
    jobid: 17
    wildcards: subject=csp, query=actin
    threads: 10

Removing temporary output file spaln/csp/actin.sp.
[Fri Nov 29 15:34:38 2019]
Finished job 17.
20 of 28 steps (71%) done

[Fri Nov 29 15:34:38 2019]
rule Build_Exonerate_Alignment:
    input: data/queries/actin.faa, matches/csp/actin.fna
    output: exonerate/csp/actin.faa
    log: log/exonerate/csp/actin.log
    jobid: 16
    wildcards: subject=csp, query=actin
    threads: 10

[Fri Nov 29 15:34:45 2019]
Finished job 16.
21 of 28 steps (75%) done

[Fri Nov 29 15:34:45 2019]
rule Merge_Results:
    input: exonerate/csp/actin.faa, spaln/csp/actin.faa
    output: cd_hit/csp/actin_merged.faa, cd_hit/csp/actin_joined.faa
    log: log/cd_hit/csp/actin.log
    jobid: 12
    wildcards: subject=csp, query=actin
    threads: 10

Removing temporary output file cd_hit/csp/actin_joined.faa.
[Fri Nov 29 15:34:45 2019]
Finished job 12.
22 of 28 steps (79%) done

[Fri Nov 29 15:34:45 2019]
rule Retrieve_Sequence_Similarities:
    input: data/queries/actin.faa, cd_hit/csp/actin_merged.faa
    output: scores/csp/actin.sim
    log: log/scores/csp/actin.log
    jobid: 8
    wildcards: subject=csp, query=actin
    threads: 10

[Fri Nov 29 15:34:46 2019]
Finished job 8.
23 of 28 steps (82%) done

[Fri Nov 29 15:34:46 2019]
rule Retrieve_Sequence_With_Highest_Similarity:
    input: scores/csp/actin.sim
    output: best_hit/csp/actin.tsv
    log: log/best_hit/csp/actin.log
    jobid: 4
    wildcards: subject=csp, query=actin

[Fri Nov 29 15:34:46 2019]
Finished job 4.
24 of 28 steps (86%) done

[Fri Nov 29 15:34:46 2019]
rule Join_ProDA_Results:
    input: best_hit/csp/actin.tsv, best_hit/csp/beta_tubulin2.tsv, best_hit/gpe/actin.tsv, best_hit/gpe/beta_tubulin2.tsv
    output: results/retained/proda.tsv, results/discarded/proda.tsv
    log: log/results/results.log
    jobid: 3
    threads: 10

[Fri Nov 29 15:34:51 2019]
Finished job 3.
25 of 28 steps (89%) done

[Fri Nov 29 15:34:51 2019]
rule Visualize_Retained_Results:
    input: results/retained/proda.tsv
    output: retained_finished.txt
    jobid: 1
    threads: 10

[Fri Nov 29 15:34:59 2019]
Finished job 1.
26 of 28 steps (93%) done

[Fri Nov 29 15:34:59 2019]
rule Visualize_Discarded_Results:
    input: results/discarded/proda.tsv
    output: discarded_finished.txt
    jobid: 2
    threads: 10

[Fri Nov 29 15:35:00 2019]
Finished job 2.
27 of 28 steps (96%) done

[Fri Nov 29 15:35:00 2019]
localrule finish:
    input: retained_finished.txt, discarded_finished.txt
    jobid: 0

Removing temporary output file retained_finished.txt.
Removing temporary output file discarded_finished.txt.
[Fri Nov 29 15:35:00 2019]
Finished job 0.
28 of 28 steps (100%) done
Complete log: /home/valentin/git/ProDA/.snakemake/log/2019-11-29T153326.345520.snakemake.log
