Building DAG of jobs...
Using shell: /bin/bash
Provided cores: 4
Rules claiming more threads will be scaled down.
Job counts:
	count	jobs
	6	alignment
	1	all
	6	blast
	6	cd_hit
	6	exonerate
	6	get_best_hit
	2	makeblastdb
	6	matcher
	6	spaln
	1	test
	46

[Fri Nov 22 11:48:21 2019]
rule makeblastdb:
    input: data/subjects/csp.fna
    output: blast_dbs/csp/temp.db
    log: log/blast_dbs/csp.log
    jobid: 44
    wildcards: subject=csp

(makeblastdb -in data/subjects/csp.fna -dbtype nucl -out blast_dbs/csp/csp) 2> log/blast_dbs/csp.log && touch blast_dbs/csp/temp.db

[Fri Nov 22 11:48:21 2019]
rule makeblastdb:
    input: data/subjects/gonium.fna
    output: blast_dbs/gonium/temp.db
    log: log/blast_dbs/gonium.log
    jobid: 45
    wildcards: subject=gonium

(makeblastdb -in data/subjects/gonium.fna -dbtype nucl -out blast_dbs/gonium/gonium) 2> log/blast_dbs/gonium.log && touch blast_dbs/gonium/temp.db
[Fri Nov 22 11:48:22 2019]
Finished job 44.
1 of 46 steps (2%) done

[Fri Nov 22 11:48:22 2019]
rule blast:
    input: blast_dbs/csp/temp.db, data/queries/cng_channels.faa
    output: blast_results/csp/cng_channels.hit
    log: log/blast_results/csp/cng_channels.log
    jobid: 40
    wildcards: subject=csp, query=cng_channels

(tblastn -query data/queries/cng_channels.faa -db blast_dbs/csp/csp -outfmt '6 qseqid sseqid sstart send' -evalue 1e-4 > blast_results/csp/cng_channels.hit) 2> log/blast_results/csp/cng_channels.log

[Fri Nov 22 11:48:22 2019]
rule blast:
    input: blast_dbs/csp/temp.db, data/queries/beta_tubulin2.faa
    output: blast_results/csp/beta_tubulin2.hit
    log: log/blast_results/csp/beta_tubulin2.log
    jobid: 39
    wildcards: subject=csp, query=beta_tubulin2

(tblastn -query data/queries/beta_tubulin2.faa -db blast_dbs/csp/csp -outfmt '6 qseqid sseqid sstart send' -evalue 1e-4 > blast_results/csp/beta_tubulin2.hit) 2> log/blast_results/csp/beta_tubulin2.log

[Fri Nov 22 11:48:22 2019]
rule blast:
    input: blast_dbs/csp/temp.db, data/queries/actin.faa
    output: blast_results/csp/actin.hit
    log: log/blast_results/csp/actin.log
    jobid: 38
    wildcards: subject=csp, query=actin

(tblastn -query data/queries/actin.faa -db blast_dbs/csp/csp -outfmt '6 qseqid sseqid sstart send' -evalue 1e-4 > blast_results/csp/actin.hit) 2> log/blast_results/csp/actin.log
[Fri Nov 22 11:48:23 2019]
Finished job 45.
2 of 46 steps (4%) done

[Fri Nov 22 11:48:23 2019]
rule blast:
    input: blast_dbs/gonium/temp.db, data/queries/cng_channels.faa
    output: blast_results/gonium/cng_channels.hit
    log: log/blast_results/gonium/cng_channels.log
    jobid: 43
    wildcards: subject=gonium, query=cng_channels

(tblastn -query data/queries/cng_channels.faa -db blast_dbs/gonium/gonium -outfmt '6 qseqid sseqid sstart send' -evalue 1e-4 > blast_results/gonium/cng_channels.hit) 2> log/blast_results/gonium/cng_channels.log
[Fri Nov 22 11:48:24 2019]
Finished job 38.
3 of 46 steps (7%) done

[Fri Nov 22 11:48:24 2019]
rule matcher:
    input: data/subjects/csp.fna, blast_results/csp/actin.hit
    output: matches/csp/actin.fna
    log: log/matches/csp/actin.log
    jobid: 32
    wildcards: subject=csp, query=actin

/home/valentin/anaconda3/bin/python3.6 /home/valentin/git/ProDA/.snakemake/scripts/tmpng9nbojv.contig_query_matcher.py
[Fri Nov 22 11:48:25 2019]
Finished job 39.
4 of 46 steps (9%) done

[Fri Nov 22 11:48:25 2019]
rule matcher:
    input: data/subjects/csp.fna, blast_results/csp/beta_tubulin2.hit
    output: matches/csp/beta_tubulin2.fna
    log: log/matches/csp/beta_tubulin2.log
    jobid: 33
    wildcards: subject=csp, query=beta_tubulin2

/home/valentin/anaconda3/bin/python3.6 /home/valentin/git/ProDA/.snakemake/scripts/tmpjwvpe936.contig_query_matcher.py
[Fri Nov 22 11:48:26 2019]
Finished job 32.
5 of 46 steps (11%) done

[Fri Nov 22 11:48:26 2019]
rule exonerate:
    input: data/queries/actin.faa, matches/csp/actin.fna
    output: exonerate/csp/actin.ryo, exonerate/csp/actin.fna, exonerate/csp/actin.faa
    log: log/exonerate/csp/actin.log
    jobid: 20
    wildcards: subject=csp, query=actin

[Fri Nov 22 11:48:26 2019]
Finished job 33.
6 of 46 steps (13%) done

[Fri Nov 22 11:48:26 2019]
rule exonerate:
    input: data/queries/beta_tubulin2.faa, matches/csp/beta_tubulin2.fna
    output: exonerate/csp/beta_tubulin2.ryo, exonerate/csp/beta_tubulin2.fna, exonerate/csp/beta_tubulin2.faa
    log: log/exonerate/csp/beta_tubulin2.log
    jobid: 22
    wildcards: subject=csp, query=beta_tubulin2

[Fri Nov 22 11:48:35 2019]
Finished job 40.
7 of 46 steps (15%) done

[Fri Nov 22 11:48:35 2019]
rule matcher:
    input: data/subjects/csp.fna, blast_results/csp/cng_channels.hit
    output: matches/csp/cng_channels.fna
    log: log/matches/csp/cng_channels.log
    jobid: 34
    wildcards: subject=csp, query=cng_channels

/home/valentin/anaconda3/bin/python3.6 /home/valentin/git/ProDA/.snakemake/scripts/tmpap5kcqfm.contig_query_matcher.py
[Fri Nov 22 11:48:37 2019]
Finished job 34.
8 of 46 steps (17%) done

[Fri Nov 22 11:48:37 2019]
rule exonerate:
    input: data/queries/cng_channels.faa, matches/csp/cng_channels.fna
    output: exonerate/csp/cng_channels.ryo, exonerate/csp/cng_channels.fna, exonerate/csp/cng_channels.faa
    log: log/exonerate/csp/cng_channels.log
    jobid: 24
    wildcards: subject=csp, query=cng_channels

[Fri Nov 22 11:48:38 2019]
Finished job 20.
9 of 46 steps (20%) done

[Fri Nov 22 11:48:38 2019]
rule spaln:
    input: data/queries/cng_channels.faa, matches/csp/cng_channels.fna
    output: spaln/csp/cng_channels.sp, spaln/csp/cng_channels.fna, spaln/csp/cng_channels_temp.fna, spaln/csp/cng_channels.faa
    log: log/spaln/csp/cng_channels.log
    jobid: 25
    wildcards: subject=csp, query=cng_channels

[Fri Nov 22 11:48:44 2019]
Finished job 43.
10 of 46 steps (22%) done

[Fri Nov 22 11:48:44 2019]
rule matcher:
    input: data/subjects/gonium.fna, blast_results/gonium/cng_channels.hit
    output: matches/gonium/cng_channels.fna
    log: log/matches/gonium/cng_channels.log
    jobid: 37
    wildcards: subject=gonium, query=cng_channels

/home/valentin/anaconda3/bin/python3.6 /home/valentin/git/ProDA/.snakemake/scripts/tmpiqhc0fu1.contig_query_matcher.py
[Fri Nov 22 11:48:48 2019]
Finished job 37.
11 of 46 steps (24%) done

[Fri Nov 22 11:48:48 2019]
rule exonerate:
    input: data/queries/cng_channels.faa, matches/gonium/cng_channels.fna
    output: exonerate/gonium/cng_channels.ryo, exonerate/gonium/cng_channels.fna, exonerate/gonium/cng_channels.faa
    log: log/exonerate/gonium/cng_channels.log
    jobid: 30
    wildcards: subject=gonium, query=cng_channels

[Fri Nov 22 11:48:50 2019]
Finished job 22.
12 of 46 steps (26%) done

[Fri Nov 22 11:48:50 2019]
rule spaln:
    input: data/queries/cng_channels.faa, matches/gonium/cng_channels.fna
    output: spaln/gonium/cng_channels.sp, spaln/gonium/cng_channels.fna, spaln/gonium/cng_channels_temp.fna, spaln/gonium/cng_channels.faa
    log: log/spaln/gonium/cng_channels.log
    jobid: 31
    wildcards: subject=gonium, query=cng_channels

Terminating processes on user request, this might take some time.
Removing output files of failed job exonerate since they might be corrupted:
exonerate/csp/cng_channels.ryo, exonerate/csp/cng_channels.fna, exonerate/csp/cng_channels.faa
Removing output files of failed job exonerate since they might be corrupted:
exonerate/gonium/cng_channels.ryo, exonerate/gonium/cng_channels.fna, exonerate/gonium/cng_channels.faa
Cancelling snakemake on user request.
