Building DAG of jobs...
Using shell: /bin/bash
Provided cores: 1
Rules claiming more threads will be scaled down.
Job counts:
	count	jobs
	1	all
	4	blast
	4	exonerate
	2	makeblastdb
	4	matcher
	1	test
	16

[Tue Nov 19 14:40:23 2019]
rule makeblastdb:
    input: data/subjects/gonium.fasta
    output: blast_dbs/gonium/temp.db
    log: log/blast_dbs/gonium.log
    jobid: 15
    wildcards: subject=gonium

(makeblastdb -in data/subjects/gonium.fasta -dbtype nucl -out blast_dbs/gonium/gonium) 2> log/blast_dbs/gonium.log && touch blast_dbs/gonium/temp.db
[Tue Nov 19 14:40:25 2019]
Finished job 15.
1 of 16 steps (6%) done

[Tue Nov 19 14:40:25 2019]
rule makeblastdb:
    input: data/subjects/csp.fasta
    output: blast_dbs/csp/temp.db
    log: log/blast_dbs/csp.log
    jobid: 14
    wildcards: subject=csp

(makeblastdb -in data/subjects/csp.fasta -dbtype nucl -out blast_dbs/csp/csp) 2> log/blast_dbs/csp.log && touch blast_dbs/csp/temp.db
[Tue Nov 19 14:40:25 2019]
Finished job 14.
2 of 16 steps (12%) done

[Tue Nov 19 14:40:25 2019]
rule blast:
    input: blast_dbs/csp/temp.db, data/queries/beta_tubulin2.faa
    output: blast_results/csp/beta_tubulin2.hit
    log: log/blast_results/csp/beta_tubulin2.log
    jobid: 11
    wildcards: subject=csp, query=beta_tubulin2

(tblastn -query data/queries/beta_tubulin2.faa -db blast_dbs/csp/csp -outfmt '6 qseqid sseqid sstart send' -evalue 1e-4 > blast_results/csp/beta_tubulin2.hit) 2> log/blast_results/csp/beta_tubulin2.log
[Tue Nov 19 14:40:27 2019]
Finished job 11.
3 of 16 steps (19%) done

[Tue Nov 19 14:40:27 2019]
rule blast:
    input: blast_dbs/gonium/temp.db, data/queries/beta_tubulin2.faa
    output: blast_results/gonium/beta_tubulin2.hit
    log: log/blast_results/gonium/beta_tubulin2.log
    jobid: 13
    wildcards: subject=gonium, query=beta_tubulin2

(tblastn -query data/queries/beta_tubulin2.faa -db blast_dbs/gonium/gonium -outfmt '6 qseqid sseqid sstart send' -evalue 1e-4 > blast_results/gonium/beta_tubulin2.hit) 2> log/blast_results/gonium/beta_tubulin2.log
[Tue Nov 19 14:40:29 2019]
Finished job 13.
4 of 16 steps (25%) done

[Tue Nov 19 14:40:29 2019]
rule blast:
    input: blast_dbs/csp/temp.db, data/queries/actin.faa
    output: blast_results/csp/actin.hit
    log: log/blast_results/csp/actin.log
    jobid: 10
    wildcards: subject=csp, query=actin

(tblastn -query data/queries/actin.faa -db blast_dbs/csp/csp -outfmt '6 qseqid sseqid sstart send' -evalue 1e-4 > blast_results/csp/actin.hit) 2> log/blast_results/csp/actin.log
[Tue Nov 19 14:40:30 2019]
Finished job 10.
5 of 16 steps (31%) done

[Tue Nov 19 14:40:30 2019]
rule blast:
    input: blast_dbs/gonium/temp.db, data/queries/actin.faa
    output: blast_results/gonium/actin.hit
    log: log/blast_results/gonium/actin.log
    jobid: 12
    wildcards: subject=gonium, query=actin

(tblastn -query data/queries/actin.faa -db blast_dbs/gonium/gonium -outfmt '6 qseqid sseqid sstart send' -evalue 1e-4 > blast_results/gonium/actin.hit) 2> log/blast_results/gonium/actin.log
[Tue Nov 19 14:40:32 2019]
Finished job 12.
6 of 16 steps (38%) done

[Tue Nov 19 14:40:32 2019]
rule matcher:
    input: data/subjects/csp.fasta, data/subjects/gonium.fasta, blast_results/csp/actin.hit, blast_results/csp/beta_tubulin2.hit, blast_results/gonium/actin.hit, blast_results/gonium/beta_tubulin2.hit
    output: matches/gonium/beta_tubulin2.fasta
    log: log/matches/gonium/beta_tubulin2.log
    jobid: 9
    wildcards: subject=gonium, query=beta_tubulin2

/home/valentin/anaconda3/bin/python3.6 /home/valentin/git/ProDA/.snakemake/scripts/tmpeptk_l9v.contig_query_matcher.py
[Tue Nov 19 14:40:34 2019]
Finished job 9.
7 of 16 steps (44%) done

[Tue Nov 19 14:40:34 2019]
rule matcher:
    input: data/subjects/csp.fasta, data/subjects/gonium.fasta, blast_results/csp/actin.hit, blast_results/csp/beta_tubulin2.hit, blast_results/gonium/actin.hit, blast_results/gonium/beta_tubulin2.hit
    output: matches/csp/beta_tubulin2.fasta
    log: log/matches/csp/beta_tubulin2.log
    jobid: 7
    wildcards: subject=csp, query=beta_tubulin2

/home/valentin/anaconda3/bin/python3.6 /home/valentin/git/ProDA/.snakemake/scripts/tmpi_a4dui3.contig_query_matcher.py
[Tue Nov 19 14:40:35 2019]
Finished job 7.
8 of 16 steps (50%) done

[Tue Nov 19 14:40:35 2019]
rule matcher:
    input: data/subjects/csp.fasta, data/subjects/gonium.fasta, blast_results/csp/actin.hit, blast_results/csp/beta_tubulin2.hit, blast_results/gonium/actin.hit, blast_results/gonium/beta_tubulin2.hit
    output: matches/gonium/actin.fasta
    log: log/matches/gonium/actin.log
    jobid: 8
    wildcards: subject=gonium, query=actin

/home/valentin/anaconda3/bin/python3.6 /home/valentin/git/ProDA/.snakemake/scripts/tmprdl930vf.contig_query_matcher.py
[Tue Nov 19 14:40:37 2019]
Finished job 8.
9 of 16 steps (56%) done

[Tue Nov 19 14:40:37 2019]
rule matcher:
    input: data/subjects/csp.fasta, data/subjects/gonium.fasta, blast_results/csp/actin.hit, blast_results/csp/beta_tubulin2.hit, blast_results/gonium/actin.hit, blast_results/gonium/beta_tubulin2.hit
    output: matches/csp/actin.fasta
    log: log/matches/csp/actin.log
    jobid: 6
    wildcards: subject=csp, query=actin

/home/valentin/anaconda3/bin/python3.6 /home/valentin/git/ProDA/.snakemake/scripts/tmph4u66wmw.contig_query_matcher.py
[Tue Nov 19 14:40:39 2019]
Finished job 6.
10 of 16 steps (62%) done

[Tue Nov 19 14:40:39 2019]
rule exonerate:
    input: data/queries/actin.faa, data/queries/beta_tubulin2.faa, matches/csp/actin.fasta, matches/csp/beta_tubulin2.fasta, matches/gonium/actin.fasta, matches/gonium/beta_tubulin2.fasta
    output: exonerate_results/csp/beta_tubulin2.fasta
    log: log/exonerate_results/csp/beta_tubulin2.log
    jobid: 3
    wildcards: subject=csp, query=beta_tubulin2

[Tue Nov 19 14:40:51 2019]
Finished job 3.
11 of 16 steps (69%) done

[Tue Nov 19 14:40:51 2019]
rule exonerate:
    input: data/queries/actin.faa, data/queries/beta_tubulin2.faa, matches/csp/actin.fasta, matches/csp/beta_tubulin2.fasta, matches/gonium/actin.fasta, matches/gonium/beta_tubulin2.fasta
    output: exonerate_results/gonium/actin.fasta
    log: log/exonerate_results/gonium/actin.log
    jobid: 4
    wildcards: subject=gonium, query=actin

[Tue Nov 19 14:41:03 2019]
Finished job 4.
12 of 16 steps (75%) done

[Tue Nov 19 14:41:03 2019]
rule exonerate:
    input: data/queries/actin.faa, data/queries/beta_tubulin2.faa, matches/csp/actin.fasta, matches/csp/beta_tubulin2.fasta, matches/gonium/actin.fasta, matches/gonium/beta_tubulin2.fasta
    output: exonerate_results/csp/actin.fasta
    log: log/exonerate_results/csp/actin.log
    jobid: 2
    wildcards: subject=csp, query=actin

[Tue Nov 19 14:41:15 2019]
Finished job 2.
13 of 16 steps (81%) done

[Tue Nov 19 14:41:15 2019]
rule exonerate:
    input: data/queries/actin.faa, data/queries/beta_tubulin2.faa, matches/csp/actin.fasta, matches/csp/beta_tubulin2.fasta, matches/gonium/actin.fasta, matches/gonium/beta_tubulin2.fasta
    output: exonerate_results/gonium/beta_tubulin2.fasta
    log: log/exonerate_results/gonium/beta_tubulin2.log
    jobid: 5
    wildcards: subject=gonium, query=beta_tubulin2

[Tue Nov 19 14:41:27 2019]
Finished job 5.
14 of 16 steps (88%) done

[Tue Nov 19 14:41:27 2019]
rule test:
    input: exonerate_results/csp/actin.fasta, exonerate_results/csp/beta_tubulin2.fasta, exonerate_results/gonium/actin.fasta, exonerate_results/gonium/beta_tubulin2.fasta
    output: temp/end.txt
    jobid: 1

touch temp/end.txt
[Tue Nov 19 14:41:27 2019]
Finished job 1.
15 of 16 steps (94%) done

[Tue Nov 19 14:41:27 2019]
localrule all:
    input: temp/end.txt
    jobid: 0

[Tue Nov 19 14:41:27 2019]
Finished job 0.
16 of 16 steps (100%) done
Complete log: /home/valentin/git/ProDA/.snakemake/log/2019-11-19T144023.386990.snakemake.log
