Building DAG of jobs...
Using shell: /bin/bash
Provided cores: 1
Rules claiming more threads will be scaled down.
Job counts:
	count	jobs
	2	Build_DNA_Databases
	4	Build_Exonerate_Alignment
	4	Build_Spaln_Alignment
	4	Filter_Out_Useless_Regions
	4	Find_Candidates
	1	Join_Mapping_Results
	1	Join_ProDA_Results
	2	Map_Discarded_Results
	2	Map_Retained_Results
	4	Merge_Results
	4	Retrieve_Sequence_Similarities
	4	Retrieve_Sequence_With_Highest_Similarity
	1	Visualize_Discarded_Results
	1	Visualize_Retained_Results
	1	finish
	39

[Fri Nov 29 11:25:30 2019]
rule Build_DNA_Databases:
    input: data/subjects/gpe.fna
    output: blast_dbs/gpe/temp.db
    log: log/blast_dbs/gpe.log
    jobid: 38
    wildcards: subject=gpe

(makeblastdb -in data/subjects/gpe.fna -dbtype nucl -out blast_dbs/gpe/gpe) 2> log/blast_dbs/gpe.log && touch blast_dbs/gpe/temp.db
[Fri Nov 29 11:25:32 2019]
Finished job 38.
1 of 39 steps (3%) done

[Fri Nov 29 11:25:32 2019]
rule Build_DNA_Databases:
    input: data/subjects/csp.fna
    output: blast_dbs/csp/temp.db
    log: log/blast_dbs/csp.log
    jobid: 37
    wildcards: subject=csp

(makeblastdb -in data/subjects/csp.fna -dbtype nucl -out blast_dbs/csp/csp) 2> log/blast_dbs/csp.log && touch blast_dbs/csp/temp.db
[Fri Nov 29 11:25:33 2019]
Finished job 37.
2 of 39 steps (5%) done

[Fri Nov 29 11:25:33 2019]
rule Find_Candidates:
    input: blast_dbs/csp/temp.db, data/queries/beta_tubulin2.faa
    output: blast_results/csp/beta_tubulin2.hit
    log: log/blast_results/csp/beta_tubulin2.log
    jobid: 34
    wildcards: subject=csp, query=beta_tubulin2

(tblastn -query data/queries/beta_tubulin2.faa -db blast_dbs/csp/csp -outfmt '6 qseqid sseqid sstart send' -evalue 1e-4 -num_threads 1 > blast_results/csp/beta_tubulin2.hit) 2> log/blast_results/csp/beta_tubulin2.log
[Fri Nov 29 11:25:34 2019]
Finished job 34.
3 of 39 steps (8%) done

[Fri Nov 29 11:25:34 2019]
rule Filter_Out_Useless_Regions:
    input: data/subjects/csp.fna, blast_results/csp/beta_tubulin2.hit
    output: matches/csp/beta_tubulin2.fna
    log: log/matches/csp/beta_tubulin2.log
    jobid: 30
    wildcards: subject=csp, query=beta_tubulin2

[Fri Nov 29 11:25:35 2019]
Finished job 30.
4 of 39 steps (10%) done

[Fri Nov 29 11:25:35 2019]
rule Build_Exonerate_Alignment:
    input: data/queries/beta_tubulin2.faa, matches/csp/beta_tubulin2.fna
    output: exonerate/csp/beta_tubulin2.faa
    log: log/exonerate/csp/beta_tubulin2.log
    jobid: 23
    wildcards: subject=csp, query=beta_tubulin2

[Fri Nov 29 11:25:46 2019]
Finished job 23.
5 of 39 steps (13%) done

[Fri Nov 29 11:25:46 2019]
rule Build_Spaln_Alignment:
    input: data/queries/beta_tubulin2.faa, matches/csp/beta_tubulin2.fna
    output: spaln/csp/beta_tubulin2.faa, spaln/csp/beta_tubulin2.sp
    log: log/spaln/csp/beta_tubulin2.log
    jobid: 24
    wildcards: subject=csp, query=beta_tubulin2

Removing temporary output file spaln/csp/beta_tubulin2.sp.
[Fri Nov 29 11:26:03 2019]
Finished job 24.
6 of 39 steps (15%) done

[Fri Nov 29 11:26:03 2019]
rule Merge_Results:
    input: exonerate/csp/beta_tubulin2.faa, spaln/csp/beta_tubulin2.faa
    output: cd_hit/csp/beta_tubulin2_joined.faa, cd_hit/csp/beta_tubulin2_merged.faa
    log: log/cd_hit/csp/beta_tubulin2.log
    jobid: 18
    wildcards: subject=csp, query=beta_tubulin2

[Fri Nov 29 11:26:03 2019]
Finished job 18.
7 of 39 steps (18%) done

[Fri Nov 29 11:26:03 2019]
rule Retrieve_Sequence_Similarities:
    input: data/queries/beta_tubulin2.faa, cd_hit/csp/beta_tubulin2_merged.faa
    output: scores/csp/beta_tubulin2.sim
    log: log/scores/csp/beta_tubulin2.log
    jobid: 14
    wildcards: subject=csp, query=beta_tubulin2

[Fri Nov 29 11:26:04 2019]
Finished job 14.
8 of 39 steps (21%) done

[Fri Nov 29 11:26:04 2019]
rule Retrieve_Sequence_With_Highest_Similarity:
    input: scores/csp/beta_tubulin2.sim
    output: best_hit/csp/beta_tubulin2.tsv
    log: log/best_hit/csp/beta_tubulin2.log
    jobid: 10
    wildcards: subject=csp, query=beta_tubulin2

[Fri Nov 29 11:26:04 2019]
Finished job 10.
9 of 39 steps (23%) done

[Fri Nov 29 11:26:04 2019]
rule Find_Candidates:
    input: blast_dbs/gpe/temp.db, data/queries/beta_tubulin2.faa
    output: blast_results/gpe/beta_tubulin2.hit
    log: log/blast_results/gpe/beta_tubulin2.log
    jobid: 36
    wildcards: subject=gpe, query=beta_tubulin2

(tblastn -query data/queries/beta_tubulin2.faa -db blast_dbs/gpe/gpe -outfmt '6 qseqid sseqid sstart send' -evalue 1e-4 -num_threads 1 > blast_results/gpe/beta_tubulin2.hit) 2> log/blast_results/gpe/beta_tubulin2.log
[Fri Nov 29 11:26:06 2019]
Finished job 36.
10 of 39 steps (26%) done

[Fri Nov 29 11:26:06 2019]
rule Filter_Out_Useless_Regions:
    input: data/subjects/gpe.fna, blast_results/gpe/beta_tubulin2.hit
    output: matches/gpe/beta_tubulin2.fna
    log: log/matches/gpe/beta_tubulin2.log
    jobid: 32
    wildcards: subject=gpe, query=beta_tubulin2

[Fri Nov 29 11:26:08 2019]
Finished job 32.
11 of 39 steps (28%) done

[Fri Nov 29 11:26:08 2019]
rule Build_Exonerate_Alignment:
    input: data/queries/beta_tubulin2.faa, matches/gpe/beta_tubulin2.fna
    output: exonerate/gpe/beta_tubulin2.faa
    log: log/exonerate/gpe/beta_tubulin2.log
    jobid: 27
    wildcards: subject=gpe, query=beta_tubulin2

[Fri Nov 29 11:26:37 2019]
Finished job 27.
12 of 39 steps (31%) done

[Fri Nov 29 11:26:37 2019]
rule Build_Spaln_Alignment:
    input: data/queries/beta_tubulin2.faa, matches/gpe/beta_tubulin2.fna
    output: spaln/gpe/beta_tubulin2.faa, spaln/gpe/beta_tubulin2.sp
    log: log/spaln/gpe/beta_tubulin2.log
    jobid: 28
    wildcards: subject=gpe, query=beta_tubulin2

Removing temporary output file spaln/gpe/beta_tubulin2.sp.
[Fri Nov 29 11:26:51 2019]
Finished job 28.
13 of 39 steps (33%) done

[Fri Nov 29 11:26:51 2019]
rule Merge_Results:
    input: exonerate/gpe/beta_tubulin2.faa, spaln/gpe/beta_tubulin2.faa
    output: cd_hit/gpe/beta_tubulin2_joined.faa, cd_hit/gpe/beta_tubulin2_merged.faa
    log: log/cd_hit/gpe/beta_tubulin2.log
    jobid: 20
    wildcards: subject=gpe, query=beta_tubulin2

[Fri Nov 29 11:26:51 2019]
Finished job 20.
14 of 39 steps (36%) done

[Fri Nov 29 11:26:51 2019]
rule Retrieve_Sequence_Similarities:
    input: data/queries/beta_tubulin2.faa, cd_hit/gpe/beta_tubulin2_merged.faa
    output: scores/gpe/beta_tubulin2.sim
    log: log/scores/gpe/beta_tubulin2.log
    jobid: 16
    wildcards: subject=gpe, query=beta_tubulin2

[Fri Nov 29 11:26:52 2019]
Finished job 16.
15 of 39 steps (38%) done

[Fri Nov 29 11:26:52 2019]
rule Retrieve_Sequence_With_Highest_Similarity:
    input: scores/gpe/beta_tubulin2.sim
    output: best_hit/gpe/beta_tubulin2.tsv
    log: log/best_hit/gpe/beta_tubulin2.log
    jobid: 12
    wildcards: subject=gpe, query=beta_tubulin2

[Fri Nov 29 11:26:52 2019]
Finished job 12.
16 of 39 steps (41%) done

[Fri Nov 29 11:26:52 2019]
rule Find_Candidates:
    input: blast_dbs/csp/temp.db, data/queries/actin.faa
    output: blast_results/csp/actin.hit
    log: log/blast_results/csp/actin.log
    jobid: 33
    wildcards: subject=csp, query=actin

(tblastn -query data/queries/actin.faa -db blast_dbs/csp/csp -outfmt '6 qseqid sseqid sstart send' -evalue 1e-4 -num_threads 1 > blast_results/csp/actin.hit) 2> log/blast_results/csp/actin.log
[Fri Nov 29 11:26:54 2019]
Finished job 33.
17 of 39 steps (44%) done

[Fri Nov 29 11:26:54 2019]
rule Filter_Out_Useless_Regions:
    input: data/subjects/csp.fna, blast_results/csp/actin.hit
    output: matches/csp/actin.fna
    log: log/matches/csp/actin.log
    jobid: 29
    wildcards: subject=csp, query=actin

[Fri Nov 29 11:26:54 2019]
Finished job 29.
18 of 39 steps (46%) done

[Fri Nov 29 11:26:54 2019]
rule Build_Exonerate_Alignment:
    input: data/queries/actin.faa, matches/csp/actin.fna
    output: exonerate/csp/actin.faa
    log: log/exonerate/csp/actin.log
    jobid: 21
    wildcards: subject=csp, query=actin

[Fri Nov 29 11:27:01 2019]
Finished job 21.
19 of 39 steps (49%) done

[Fri Nov 29 11:27:01 2019]
rule Build_Spaln_Alignment:
    input: data/queries/actin.faa, matches/csp/actin.fna
    output: spaln/csp/actin.faa, spaln/csp/actin.sp
    log: log/spaln/csp/actin.log
    jobid: 22
    wildcards: subject=csp, query=actin

Removing temporary output file spaln/csp/actin.sp.
[Fri Nov 29 11:27:10 2019]
Finished job 22.
20 of 39 steps (51%) done

[Fri Nov 29 11:27:10 2019]
rule Merge_Results:
    input: exonerate/csp/actin.faa, spaln/csp/actin.faa
    output: cd_hit/csp/actin_joined.faa, cd_hit/csp/actin_merged.faa
    log: log/cd_hit/csp/actin.log
    jobid: 17
    wildcards: subject=csp, query=actin

[Fri Nov 29 11:27:11 2019]
Finished job 17.
21 of 39 steps (54%) done

[Fri Nov 29 11:27:11 2019]
rule Retrieve_Sequence_Similarities:
    input: data/queries/actin.faa, cd_hit/csp/actin_merged.faa
    output: scores/csp/actin.sim
    log: log/scores/csp/actin.log
    jobid: 13
    wildcards: subject=csp, query=actin

[Fri Nov 29 11:27:11 2019]
Finished job 13.
22 of 39 steps (56%) done

[Fri Nov 29 11:27:11 2019]
rule Retrieve_Sequence_With_Highest_Similarity:
    input: scores/csp/actin.sim
    output: best_hit/csp/actin.tsv
    log: log/best_hit/csp/actin.log
    jobid: 9
    wildcards: subject=csp, query=actin

[Fri Nov 29 11:27:12 2019]
Finished job 9.
23 of 39 steps (59%) done

[Fri Nov 29 11:27:12 2019]
rule Find_Candidates:
    input: blast_dbs/gpe/temp.db, data/queries/actin.faa
    output: blast_results/gpe/actin.hit
    log: log/blast_results/gpe/actin.log
    jobid: 35
    wildcards: subject=gpe, query=actin

(tblastn -query data/queries/actin.faa -db blast_dbs/gpe/gpe -outfmt '6 qseqid sseqid sstart send' -evalue 1e-4 -num_threads 1 > blast_results/gpe/actin.hit) 2> log/blast_results/gpe/actin.log
[Fri Nov 29 11:27:14 2019]
Finished job 35.
24 of 39 steps (62%) done

[Fri Nov 29 11:27:14 2019]
rule Filter_Out_Useless_Regions:
    input: data/subjects/gpe.fna, blast_results/gpe/actin.hit
    output: matches/gpe/actin.fna
    log: log/matches/gpe/actin.log
    jobid: 31
    wildcards: subject=gpe, query=actin

[Fri Nov 29 11:27:15 2019]
Finished job 31.
25 of 39 steps (64%) done

[Fri Nov 29 11:27:15 2019]
rule Build_Exonerate_Alignment:
    input: data/queries/actin.faa, matches/gpe/actin.fna
    output: exonerate/gpe/actin.faa
    log: log/exonerate/gpe/actin.log
    jobid: 25
    wildcards: subject=gpe, query=actin

[Fri Nov 29 11:27:22 2019]
Finished job 25.
26 of 39 steps (67%) done

[Fri Nov 29 11:27:22 2019]
rule Build_Spaln_Alignment:
    input: data/queries/actin.faa, matches/gpe/actin.fna
    output: spaln/gpe/actin.faa, spaln/gpe/actin.sp
    log: log/spaln/gpe/actin.log
    jobid: 26
    wildcards: subject=gpe, query=actin

Removing temporary output file spaln/gpe/actin.sp.
[Fri Nov 29 11:27:36 2019]
Finished job 26.
27 of 39 steps (69%) done

[Fri Nov 29 11:27:36 2019]
rule Merge_Results:
    input: exonerate/gpe/actin.faa, spaln/gpe/actin.faa
    output: cd_hit/gpe/actin_joined.faa, cd_hit/gpe/actin_merged.faa
    log: log/cd_hit/gpe/actin.log
    jobid: 19
    wildcards: subject=gpe, query=actin

[Fri Nov 29 11:27:36 2019]
Finished job 19.
28 of 39 steps (72%) done

[Fri Nov 29 11:27:36 2019]
rule Retrieve_Sequence_Similarities:
    input: data/queries/actin.faa, cd_hit/gpe/actin_merged.faa
    output: scores/gpe/actin.sim
    log: log/scores/gpe/actin.log
    jobid: 15
    wildcards: subject=gpe, query=actin

[Fri Nov 29 11:27:37 2019]
Finished job 15.
29 of 39 steps (74%) done

[Fri Nov 29 11:27:37 2019]
rule Retrieve_Sequence_With_Highest_Similarity:
    input: scores/gpe/actin.sim
    output: best_hit/gpe/actin.tsv
    log: log/best_hit/gpe/actin.log
    jobid: 11
    wildcards: subject=gpe, query=actin

[Fri Nov 29 11:27:37 2019]
Finished job 11.
30 of 39 steps (77%) done

[Fri Nov 29 11:27:37 2019]
rule Join_ProDA_Results:
    input: best_hit/csp/actin.tsv, best_hit/csp/beta_tubulin2.tsv, best_hit/gpe/actin.tsv, best_hit/gpe/beta_tubulin2.tsv
    output: results/retained/proda_temp.tsv, results/discarded/proda_temp.tsv
    log: log/results/results.log
    jobid: 8

[Fri Nov 29 11:27:37 2019]
Finished job 8.
31 of 39 steps (79%) done

[Fri Nov 29 11:27:37 2019]
rule Map_Retained_Results:
    input: data/subjects/gpe.fna, results/retained/proda_temp.tsv
    output: results/retained/proda_gpe.tsv
    jobid: 5
    wildcards: subject=gpe

Shutting down, this might take some time.
Exiting because a job execution failed. Look above for error message
Complete log: /home/valentin/git/ProDA/.snakemake/log/2019-11-29T112530.514105.snakemake.log
