Building DAG of jobs...
Using shell: /bin/bash
Provided cores: 1
Rules claiming more threads will be scaled down.
Job counts:
	count	jobs
	1	all
	4	blast
	4	cd_hit_exonerate
	4	cd_hit_spaln
	4	exonerate
	2	makeblastdb
	4	matcher
	4	spaln
	1	test
	28

[Wed Nov 20 13:42:00 2019]
rule makeblastdb:
    input: data/subjects/gonium.fasta
    output: blast_dbs/gonium/temp.db
    log: log/blast_dbs/gonium.log
    jobid: 27
    wildcards: subject=gonium

(makeblastdb -in data/subjects/gonium.fasta -dbtype nucl -out blast_dbs/gonium/gonium) 2> log/blast_dbs/gonium.log && touch blast_dbs/gonium/temp.db
[Wed Nov 20 13:42:02 2019]
Finished job 27.
1 of 28 steps (4%) done

[Wed Nov 20 13:42:02 2019]
rule makeblastdb:
    input: data/subjects/csp.fasta
    output: blast_dbs/csp/temp.db
    log: log/blast_dbs/csp.log
    jobid: 26
    wildcards: subject=csp

(makeblastdb -in data/subjects/csp.fasta -dbtype nucl -out blast_dbs/csp/csp) 2> log/blast_dbs/csp.log && touch blast_dbs/csp/temp.db
[Wed Nov 20 13:42:03 2019]
Finished job 26.
2 of 28 steps (7%) done

[Wed Nov 20 13:42:03 2019]
rule blast:
    input: blast_dbs/gonium/temp.db, data/queries/beta_tubulin2.faa
    output: blast_results/gonium/beta_tubulin2.hit
    log: log/blast_results/gonium/beta_tubulin2.log
    jobid: 25
    wildcards: subject=gonium, query=beta_tubulin2

(tblastn -query data/queries/beta_tubulin2.faa -db blast_dbs/gonium/gonium -outfmt '6 qseqid sseqid sstart send' -evalue 1e-4 > blast_results/gonium/beta_tubulin2.hit) 2> log/blast_results/gonium/beta_tubulin2.log
[Wed Nov 20 13:42:05 2019]
Finished job 25.
3 of 28 steps (11%) done

[Wed Nov 20 13:42:05 2019]
rule blast:
    input: blast_dbs/csp/temp.db, data/queries/beta_tubulin2.faa
    output: blast_results/csp/beta_tubulin2.hit
    log: log/blast_results/csp/beta_tubulin2.log
    jobid: 23
    wildcards: subject=csp, query=beta_tubulin2

(tblastn -query data/queries/beta_tubulin2.faa -db blast_dbs/csp/csp -outfmt '6 qseqid sseqid sstart send' -evalue 1e-4 > blast_results/csp/beta_tubulin2.hit) 2> log/blast_results/csp/beta_tubulin2.log
[Wed Nov 20 13:42:06 2019]
Finished job 23.
4 of 28 steps (14%) done

[Wed Nov 20 13:42:06 2019]
rule blast:
    input: blast_dbs/gonium/temp.db, data/queries/actin.faa
    output: blast_results/gonium/actin.hit
    log: log/blast_results/gonium/actin.log
    jobid: 24
    wildcards: subject=gonium, query=actin

(tblastn -query data/queries/actin.faa -db blast_dbs/gonium/gonium -outfmt '6 qseqid sseqid sstart send' -evalue 1e-4 > blast_results/gonium/actin.hit) 2> log/blast_results/gonium/actin.log
[Wed Nov 20 13:42:08 2019]
Finished job 24.
5 of 28 steps (18%) done

[Wed Nov 20 13:42:08 2019]
rule blast:
    input: blast_dbs/csp/temp.db, data/queries/actin.faa
    output: blast_results/csp/actin.hit
    log: log/blast_results/csp/actin.log
    jobid: 22
    wildcards: subject=csp, query=actin

(tblastn -query data/queries/actin.faa -db blast_dbs/csp/csp -outfmt '6 qseqid sseqid sstart send' -evalue 1e-4 > blast_results/csp/actin.hit) 2> log/blast_results/csp/actin.log
[Wed Nov 20 13:42:09 2019]
Finished job 22.
6 of 28 steps (21%) done

[Wed Nov 20 13:42:09 2019]
rule matcher:
    input: data/subjects/csp.fasta, data/subjects/gonium.fasta, blast_results/csp/actin.hit, blast_results/csp/beta_tubulin2.hit, blast_results/gonium/actin.hit, blast_results/gonium/beta_tubulin2.hit
    output: matches/csp/actin.fasta
    log: log/matches/csp/actin.log
    jobid: 18
    wildcards: subject=csp, query=actin

/home/valentin/anaconda3/bin/python3.6 /home/valentin/git/ProDA/.snakemake/scripts/tmp6ysluh80.contig_query_matcher.py
[Wed Nov 20 13:42:11 2019]
Finished job 18.
7 of 28 steps (25%) done

[Wed Nov 20 13:42:11 2019]
rule matcher:
    input: data/subjects/csp.fasta, data/subjects/gonium.fasta, blast_results/csp/actin.hit, blast_results/csp/beta_tubulin2.hit, blast_results/gonium/actin.hit, blast_results/gonium/beta_tubulin2.hit
    output: matches/gonium/beta_tubulin2.fasta
    log: log/matches/gonium/beta_tubulin2.log
    jobid: 21
    wildcards: subject=gonium, query=beta_tubulin2

/home/valentin/anaconda3/bin/python3.6 /home/valentin/git/ProDA/.snakemake/scripts/tmp7y3fsp23.contig_query_matcher.py
[Wed Nov 20 13:42:13 2019]
Finished job 21.
8 of 28 steps (29%) done

[Wed Nov 20 13:42:13 2019]
rule matcher:
    input: data/subjects/csp.fasta, data/subjects/gonium.fasta, blast_results/csp/actin.hit, blast_results/csp/beta_tubulin2.hit, blast_results/gonium/actin.hit, blast_results/gonium/beta_tubulin2.hit
    output: matches/gonium/actin.fasta
    log: log/matches/gonium/actin.log
    jobid: 20
    wildcards: subject=gonium, query=actin

/home/valentin/anaconda3/bin/python3.6 /home/valentin/git/ProDA/.snakemake/scripts/tmpu9ufpyl_.contig_query_matcher.py
[Wed Nov 20 13:42:15 2019]
Finished job 20.
9 of 28 steps (32%) done

[Wed Nov 20 13:42:15 2019]
rule matcher:
    input: data/subjects/csp.fasta, data/subjects/gonium.fasta, blast_results/csp/actin.hit, blast_results/csp/beta_tubulin2.hit, blast_results/gonium/actin.hit, blast_results/gonium/beta_tubulin2.hit
    output: matches/csp/beta_tubulin2.fasta
    log: log/matches/csp/beta_tubulin2.log
    jobid: 19
    wildcards: subject=csp, query=beta_tubulin2

/home/valentin/anaconda3/bin/python3.6 /home/valentin/git/ProDA/.snakemake/scripts/tmp2rmn8dzc.contig_query_matcher.py
[Wed Nov 20 13:42:17 2019]
Finished job 19.
10 of 28 steps (36%) done

[Wed Nov 20 13:42:17 2019]
rule spaln:
    input: data/queries/actin.faa, data/queries/beta_tubulin2.faa, matches/csp/actin.fasta, matches/csp/beta_tubulin2.fasta, matches/gonium/actin.fasta, matches/gonium/beta_tubulin2.fasta
    output: spaln/gonium/beta_tubulin2.fasta
    log: log/exonerate/gonium/beta_tubulin2.log
    jobid: 17
    wildcards: subject=gonium, query=beta_tubulin2

[Wed Nov 20 13:42:28 2019]
Finished job 17.
11 of 28 steps (39%) done

[Wed Nov 20 13:42:28 2019]
rule exonerate:
    input: data/queries/actin.faa, data/queries/beta_tubulin2.faa, matches/csp/actin.fasta, matches/csp/beta_tubulin2.fasta, matches/gonium/actin.fasta, matches/gonium/beta_tubulin2.fasta
    output: exonerate/gonium/beta_tubulin2.fasta
    log: log/exonerate/gonium/beta_tubulin2.log
    jobid: 13
    wildcards: subject=gonium, query=beta_tubulin2

[Wed Nov 20 13:42:40 2019]
Finished job 13.
12 of 28 steps (43%) done

[Wed Nov 20 13:42:40 2019]
rule exonerate:
    input: data/queries/actin.faa, data/queries/beta_tubulin2.faa, matches/csp/actin.fasta, matches/csp/beta_tubulin2.fasta, matches/gonium/actin.fasta, matches/gonium/beta_tubulin2.fasta
    output: exonerate/csp/actin.fasta
    log: log/exonerate/csp/actin.log
    jobid: 10
    wildcards: subject=csp, query=actin

Terminating processes on user request, this might take some time.
Cancelling snakemake on user request.
