Building DAG of jobs...
Using shell: /bin/bash
Provided cores: 10
Rules claiming more threads will be scaled down.
Job counts:
	count	jobs
	1	Build_DNA_Databases
	1	Build_Exonerate_Alignment
	1	Filter_Out_Useless_Regions
	1	Find_Candidates
	1	Join_ProDA_Results
	1	Merge_Results
	1	Retrieve_Sequence_Similarities
	1	Retrieve_Sequence_With_Highest_Similarity
	1	Visualize_Results
	1	all
	1	spaln
	11

[Wed Nov 27 17:29:46 2019]
rule Build_DNA_Databases:
    input: data/subjects/csp.fna
    output: blast_dbs/csp/temp.db
    log: log/blast_dbs/csp.log
    jobid: 10
    wildcards: subject=csp

(makeblastdb -in data/subjects/csp.fna -dbtype nucl -out blast_dbs/csp/csp) 2> log/blast_dbs/csp.log && touch blast_dbs/csp/temp.db
[Wed Nov 27 17:29:46 2019]
Finished job 10.
1 of 11 steps (9%) done

[Wed Nov 27 17:29:46 2019]
rule Find_Candidates:
    input: blast_dbs/csp/temp.db, data/queries/beta_tubulin2.faa
    output: blast_results/csp/beta_tubulin2.hit
    log: log/blast_results/csp/beta_tubulin2.log
    jobid: 9
    wildcards: subject=csp, query=beta_tubulin2
    threads: 4

(tblastn -query data/queries/beta_tubulin2.faa -db blast_dbs/csp/csp -outfmt '6 qseqid sseqid sstart send' -evalue 1e-4 -num_threads 4 > blast_results/csp/beta_tubulin2.hit) 2> log/blast_results/csp/beta_tubulin2.log
[Wed Nov 27 17:29:47 2019]
Finished job 9.
2 of 11 steps (18%) done

[Wed Nov 27 17:29:47 2019]
rule Filter_Out_Useless_Regions:
    input: data/subjects/csp.fna, blast_results/csp/beta_tubulin2.hit
    output: matches/csp/beta_tubulin2.fna
    log: log/matches/csp/beta_tubulin2.log
    jobid: 8
    wildcards: subject=csp, query=beta_tubulin2

[Wed Nov 27 17:29:48 2019]
Finished job 8.
3 of 11 steps (27%) done

[Wed Nov 27 17:29:48 2019]
rule Build_Exonerate_Alignment:
    input: data/queries/beta_tubulin2.faa, matches/csp/beta_tubulin2.fna
    output: exonerate/csp/beta_tubulin2.faa
    log: log/exonerate/csp/beta_tubulin2.log
    jobid: 6
    wildcards: subject=csp, query=beta_tubulin2
    threads: 4

[Wed Nov 27 17:29:48 2019]
rule spaln:
    input: data/queries/beta_tubulin2.faa, matches/csp/beta_tubulin2.fna
    output: spaln/csp/beta_tubulin2.faa, spaln/csp/beta_tubulin2.sp
    log: log/spaln/csp/beta_tubulin2.log
    jobid: 7
    wildcards: subject=csp, query=beta_tubulin2
    threads: 4

[Wed Nov 27 17:30:08 2019]
Finished job 6.
4 of 11 steps (36%) done
Removing temporary output file spaln/csp/beta_tubulin2.sp.
[Wed Nov 27 17:30:15 2019]
Finished job 7.
5 of 11 steps (45%) done

[Wed Nov 27 17:30:15 2019]
rule Merge_Results:
    input: exonerate/csp/beta_tubulin2.faa, spaln/csp/beta_tubulin2.faa
    output: cd_hit/csp/beta_tubulin2_joined.faa, cd_hit/csp/beta_tubulin2_merged.faa
    log: log/cd_hit/csp/beta_tubulin2.log
    jobid: 5
    wildcards: subject=csp, query=beta_tubulin2
    threads: 4

[Wed Nov 27 17:30:15 2019]
Finished job 5.
6 of 11 steps (55%) done

[Wed Nov 27 17:30:15 2019]
rule Retrieve_Sequence_Similarities:
    input: data/queries/beta_tubulin2.faa, cd_hit/csp/beta_tubulin2_merged.faa
    output: scores/csp/beta_tubulin2.sim
    log: log/scores/csp/beta_tubulin2.log
    jobid: 4
    wildcards: subject=csp, query=beta_tubulin2
    threads: 4

[Wed Nov 27 17:30:16 2019]
Finished job 4.
7 of 11 steps (64%) done

[Wed Nov 27 17:30:16 2019]
rule Retrieve_Sequence_With_Highest_Similarity:
    input: scores/csp/beta_tubulin2.sim
    output: best_hit/csp/beta_tubulin2.tsv
    log: log/best_hit/csp/beta_tubulin2.log
    jobid: 3
    wildcards: subject=csp, query=beta_tubulin2

[Wed Nov 27 17:30:16 2019]
Finished job 3.
8 of 11 steps (73%) done

[Wed Nov 27 17:30:16 2019]
rule Join_ProDA_Results:
    input: best_hit/csp/beta_tubulin2.tsv
    output: results/retained/proda.tsv, results/discarded/proda.tsv
    log: log/results/results.log
    jobid: 2
    threads: 4

Shutting down, this might take some time.
Exiting because a job execution failed. Look above for error message
Complete log: /home/valentin/git/ProDA/.snakemake/log/2019-11-27T172945.871422.snakemake.log
