Building DAG of jobs...
Using shell: /bin/bash
Provided cores: 1
Rules claiming more threads will be scaled down.
Job counts:
	count	jobs
	1	all
	4	blast
	8	cd_hit
	4	exonerate
	2	makeblastdb
	4	matcher
	4	spaln
	1	test
	28

[Thu Nov 21 09:38:54 2019]
rule makeblastdb:
    input: data/subjects/gonium.fna
    output: blast_dbs/gonium/temp.db
    log: log/blast_dbs/gonium.log
    jobid: 27
    wildcards: subject=gonium

(makeblastdb -in data/subjects/gonium.fna -dbtype nucl -out blast_dbs/gonium/gonium) 2> log/blast_dbs/gonium.log && touch blast_dbs/gonium/temp.db
[Thu Nov 21 09:38:56 2019]
Finished job 27.
1 of 28 steps (4%) done

[Thu Nov 21 09:38:56 2019]
rule makeblastdb:
    input: data/subjects/csp.fna
    output: blast_dbs/csp/temp.db
    log: log/blast_dbs/csp.log
    jobid: 26
    wildcards: subject=csp

(makeblastdb -in data/subjects/csp.fna -dbtype nucl -out blast_dbs/csp/csp) 2> log/blast_dbs/csp.log && touch blast_dbs/csp/temp.db
[Thu Nov 21 09:38:57 2019]
Finished job 26.
2 of 28 steps (7%) done

[Thu Nov 21 09:38:57 2019]
rule blast:
    input: blast_dbs/gonium/temp.db, data/queries/beta_tubulin2.faa
    output: blast_results/gonium/beta_tubulin2.hit
    log: log/blast_results/gonium/beta_tubulin2.log
    jobid: 25
    wildcards: subject=gonium, query=beta_tubulin2

(tblastn -query data/queries/beta_tubulin2.faa -db blast_dbs/gonium/gonium -outfmt '6 qseqid sseqid sstart send' -evalue 1e-4 > blast_results/gonium/beta_tubulin2.hit) 2> log/blast_results/gonium/beta_tubulin2.log
[Thu Nov 21 09:38:59 2019]
Finished job 25.
3 of 28 steps (11%) done

[Thu Nov 21 09:38:59 2019]
rule blast:
    input: blast_dbs/csp/temp.db, data/queries/beta_tubulin2.faa
    output: blast_results/csp/beta_tubulin2.hit
    log: log/blast_results/csp/beta_tubulin2.log
    jobid: 23
    wildcards: subject=csp, query=beta_tubulin2

(tblastn -query data/queries/beta_tubulin2.faa -db blast_dbs/csp/csp -outfmt '6 qseqid sseqid sstart send' -evalue 1e-4 > blast_results/csp/beta_tubulin2.hit) 2> log/blast_results/csp/beta_tubulin2.log
[Thu Nov 21 09:39:00 2019]
Finished job 23.
4 of 28 steps (14%) done

[Thu Nov 21 09:39:00 2019]
rule blast:
    input: blast_dbs/gonium/temp.db, data/queries/actin.faa
    output: blast_results/gonium/actin.hit
    log: log/blast_results/gonium/actin.log
    jobid: 24
    wildcards: subject=gonium, query=actin

(tblastn -query data/queries/actin.faa -db blast_dbs/gonium/gonium -outfmt '6 qseqid sseqid sstart send' -evalue 1e-4 > blast_results/gonium/actin.hit) 2> log/blast_results/gonium/actin.log
[Thu Nov 21 09:39:02 2019]
Finished job 24.
5 of 28 steps (18%) done

[Thu Nov 21 09:39:02 2019]
rule blast:
    input: blast_dbs/csp/temp.db, data/queries/actin.faa
    output: blast_results/csp/actin.hit
    log: log/blast_results/csp/actin.log
    jobid: 22
    wildcards: subject=csp, query=actin

(tblastn -query data/queries/actin.faa -db blast_dbs/csp/csp -outfmt '6 qseqid sseqid sstart send' -evalue 1e-4 > blast_results/csp/actin.hit) 2> log/blast_results/csp/actin.log
[Thu Nov 21 09:39:03 2019]
Finished job 22.
6 of 28 steps (21%) done

[Thu Nov 21 09:39:03 2019]
rule matcher:
    input: data/subjects/csp.fna, data/subjects/gonium.fna, blast_results/csp/actin.hit, blast_results/csp/beta_tubulin2.hit, blast_results/gonium/actin.hit, blast_results/gonium/beta_tubulin2.hit
    output: matches/gonium/beta_tubulin2.fna
    log: log/matches/gonium/beta_tubulin2.log
    jobid: 21
    wildcards: subject=gonium, query=beta_tubulin2

/home/valentin/anaconda3/bin/python3.6 /home/valentin/git/ProDA/.snakemake/scripts/tmpwxdthmvb.contig_query_matcher.py
[Thu Nov 21 09:39:05 2019]
Finished job 21.
7 of 28 steps (25%) done

[Thu Nov 21 09:39:05 2019]
rule matcher:
    input: data/subjects/csp.fna, data/subjects/gonium.fna, blast_results/csp/actin.hit, blast_results/csp/beta_tubulin2.hit, blast_results/gonium/actin.hit, blast_results/gonium/beta_tubulin2.hit
    output: matches/gonium/actin.fna
    log: log/matches/gonium/actin.log
    jobid: 20
    wildcards: subject=gonium, query=actin

/home/valentin/anaconda3/bin/python3.6 /home/valentin/git/ProDA/.snakemake/scripts/tmp4cx60u09.contig_query_matcher.py
[Thu Nov 21 09:39:07 2019]
Finished job 20.
8 of 28 steps (29%) done

[Thu Nov 21 09:39:07 2019]
rule matcher:
    input: data/subjects/csp.fna, data/subjects/gonium.fna, blast_results/csp/actin.hit, blast_results/csp/beta_tubulin2.hit, blast_results/gonium/actin.hit, blast_results/gonium/beta_tubulin2.hit
    output: matches/csp/beta_tubulin2.fna
    log: log/matches/csp/beta_tubulin2.log
    jobid: 19
    wildcards: subject=csp, query=beta_tubulin2

/home/valentin/anaconda3/bin/python3.6 /home/valentin/git/ProDA/.snakemake/scripts/tmpe1_mqjt6.contig_query_matcher.py
[Thu Nov 21 09:39:09 2019]
Finished job 19.
9 of 28 steps (32%) done

[Thu Nov 21 09:39:09 2019]
rule matcher:
    input: data/subjects/csp.fna, data/subjects/gonium.fna, blast_results/csp/actin.hit, blast_results/csp/beta_tubulin2.hit, blast_results/gonium/actin.hit, blast_results/gonium/beta_tubulin2.hit
    output: matches/csp/actin.fna
    log: log/matches/csp/actin.log
    jobid: 18
    wildcards: subject=csp, query=actin

/home/valentin/anaconda3/bin/python3.6 /home/valentin/git/ProDA/.snakemake/scripts/tmph0rzdk7j.contig_query_matcher.py
[Thu Nov 21 09:39:10 2019]
Finished job 18.
10 of 28 steps (36%) done

[Thu Nov 21 09:39:10 2019]
rule exonerate:
    input: data/queries/actin.faa, data/queries/beta_tubulin2.faa, matches/csp/actin.fna, matches/csp/beta_tubulin2.fna, matches/gonium/actin.fna, matches/gonium/beta_tubulin2.fna
    output: exonerate/csp/beta_tubulin2.faa
    log: log/exonerate/csp/beta_tubulin2.log
    jobid: 11
    wildcards: subject=csp, query=beta_tubulin2

[Thu Nov 21 09:39:13 2019]
Finished job 11.
11 of 28 steps (39%) done

[Thu Nov 21 09:39:13 2019]
rule exonerate:
    input: data/queries/actin.faa, data/queries/beta_tubulin2.faa, matches/csp/actin.fna, matches/csp/beta_tubulin2.fna, matches/gonium/actin.fna, matches/gonium/beta_tubulin2.fna
    output: exonerate/gonium/beta_tubulin2.faa
    log: log/exonerate/gonium/beta_tubulin2.log
    jobid: 13
    wildcards: subject=gonium, query=beta_tubulin2

[Thu Nov 21 09:39:15 2019]
Finished job 13.
12 of 28 steps (43%) done

[Thu Nov 21 09:39:15 2019]
rule exonerate:
    input: data/queries/actin.faa, data/queries/beta_tubulin2.faa, matches/csp/actin.fna, matches/csp/beta_tubulin2.fna, matches/gonium/actin.fna, matches/gonium/beta_tubulin2.fna
    output: exonerate/csp/actin.faa
    log: log/exonerate/csp/actin.log
    jobid: 10
    wildcards: subject=csp, query=actin

[Thu Nov 21 09:39:18 2019]
Finished job 10.
13 of 28 steps (46%) done

[Thu Nov 21 09:39:18 2019]
rule exonerate:
    input: data/queries/actin.faa, data/queries/beta_tubulin2.faa, matches/csp/actin.fna, matches/csp/beta_tubulin2.fna, matches/gonium/actin.fna, matches/gonium/beta_tubulin2.fna
    output: exonerate/gonium/actin.faa
    log: log/exonerate/gonium/actin.log
    jobid: 12
    wildcards: subject=gonium, query=actin

[Thu Nov 21 09:39:20 2019]
Finished job 12.
14 of 28 steps (50%) done

[Thu Nov 21 09:39:20 2019]
rule spaln:
    input: data/queries/actin.faa, data/queries/beta_tubulin2.faa, matches/csp/actin.fna, matches/csp/beta_tubulin2.fna, matches/gonium/actin.fna, matches/gonium/beta_tubulin2.fna
    output: spaln/csp/actin.faa
    log: log/spaln/csp/actin.log
    jobid: 14
    wildcards: subject=csp, query=actin

[Thu Nov 21 09:39:57 2019]
Finished job 14.
15 of 28 steps (54%) done

[Thu Nov 21 09:39:57 2019]
rule spaln:
    input: data/queries/actin.faa, data/queries/beta_tubulin2.faa, matches/csp/actin.fna, matches/csp/beta_tubulin2.fna, matches/gonium/actin.fna, matches/gonium/beta_tubulin2.fna
    output: spaln/gonium/actin.faa
    log: log/spaln/gonium/actin.log
    jobid: 16
    wildcards: subject=gonium, query=actin

Terminating processes on user request, this might take some time.
Cancelling snakemake on user request.
