Building DAG of jobs...
Using shell: /bin/bash
Provided cores: 10
Rules claiming more threads will be scaled down.
Job counts:
	count	jobs
	6	alignment
	1	all
	6	blast
	6	cd_hit
	6	exonerate
	6	get_best_hit
	2	makeblastdb
	6	matcher
	6	spaln
	1	test
	46

[Fri Nov 22 13:26:16 2019]
rule makeblastdb:
    input: data/subjects/csp.fna
    output: blast_dbs/csp/temp.db
    log: log/blast_dbs/csp.log
    jobid: 44
    wildcards: subject=csp

(makeblastdb -in data/subjects/csp.fna -dbtype nucl -out blast_dbs/csp/csp) 2> log/blast_dbs/csp.log && touch blast_dbs/csp/temp.db

[Fri Nov 22 13:26:16 2019]
rule makeblastdb:
    input: data/subjects/gonium.fna
    output: blast_dbs/gonium/temp.db
    log: log/blast_dbs/gonium.log
    jobid: 45
    wildcards: subject=gonium

(makeblastdb -in data/subjects/gonium.fna -dbtype nucl -out blast_dbs/gonium/gonium) 2> log/blast_dbs/gonium.log && touch blast_dbs/gonium/temp.db
[Fri Nov 22 13:26:17 2019]
Finished job 44.
1 of 46 steps (2%) done

[Fri Nov 22 13:26:17 2019]
rule blast:
    input: blast_dbs/csp/temp.db, data/queries/actin.faa
    output: blast_results/csp/actin.hit
    log: log/blast_results/csp/actin.log
    jobid: 38
    wildcards: subject=csp, query=actin

(tblastn -query data/queries/actin.faa -db blast_dbs/csp/csp -outfmt '6 qseqid sseqid sstart send' -evalue 1e-4 > blast_results/csp/actin.hit) 2> log/blast_results/csp/actin.log

[Fri Nov 22 13:26:17 2019]
rule blast:
    input: blast_dbs/csp/temp.db, data/queries/beta_tubulin2.faa
    output: blast_results/csp/beta_tubulin2.hit
    log: log/blast_results/csp/beta_tubulin2.log
    jobid: 39
    wildcards: subject=csp, query=beta_tubulin2

(tblastn -query data/queries/beta_tubulin2.faa -db blast_dbs/csp/csp -outfmt '6 qseqid sseqid sstart send' -evalue 1e-4 > blast_results/csp/beta_tubulin2.hit) 2> log/blast_results/csp/beta_tubulin2.log

[Fri Nov 22 13:26:17 2019]
rule blast:
    input: blast_dbs/csp/temp.db, data/queries/cng_channels.faa
    output: blast_results/csp/cng_channels.hit
    log: log/blast_results/csp/cng_channels.log
    jobid: 40
    wildcards: subject=csp, query=cng_channels

(tblastn -query data/queries/cng_channels.faa -db blast_dbs/csp/csp -outfmt '6 qseqid sseqid sstart send' -evalue 1e-4 > blast_results/csp/cng_channels.hit) 2> log/blast_results/csp/cng_channels.log
[Fri Nov 22 13:26:19 2019]
Finished job 45.
2 of 46 steps (4%) done

[Fri Nov 22 13:26:19 2019]
rule blast:
    input: blast_dbs/gonium/temp.db, data/queries/cng_channels.faa
    output: blast_results/gonium/cng_channels.hit
    log: log/blast_results/gonium/cng_channels.log
    jobid: 43
    wildcards: subject=gonium, query=cng_channels

(tblastn -query data/queries/cng_channels.faa -db blast_dbs/gonium/gonium -outfmt '6 qseqid sseqid sstart send' -evalue 1e-4 > blast_results/gonium/cng_channels.hit) 2> log/blast_results/gonium/cng_channels.log

[Fri Nov 22 13:26:19 2019]
rule blast:
    input: blast_dbs/gonium/temp.db, data/queries/beta_tubulin2.faa
    output: blast_results/gonium/beta_tubulin2.hit
    log: log/blast_results/gonium/beta_tubulin2.log
    jobid: 42
    wildcards: subject=gonium, query=beta_tubulin2

(tblastn -query data/queries/beta_tubulin2.faa -db blast_dbs/gonium/gonium -outfmt '6 qseqid sseqid sstart send' -evalue 1e-4 > blast_results/gonium/beta_tubulin2.hit) 2> log/blast_results/gonium/beta_tubulin2.log

[Fri Nov 22 13:26:19 2019]
rule blast:
    input: blast_dbs/gonium/temp.db, data/queries/actin.faa
    output: blast_results/gonium/actin.hit
    log: log/blast_results/gonium/actin.log
    jobid: 41
    wildcards: subject=gonium, query=actin

(tblastn -query data/queries/actin.faa -db blast_dbs/gonium/gonium -outfmt '6 qseqid sseqid sstart send' -evalue 1e-4 > blast_results/gonium/actin.hit) 2> log/blast_results/gonium/actin.log
[Fri Nov 22 13:26:19 2019]
Finished job 38.
3 of 46 steps (7%) done

[Fri Nov 22 13:26:19 2019]
rule matcher:
    input: data/subjects/csp.fna, blast_results/csp/actin.hit
    output: matches/csp/actin.fna
    log: log/matches/csp/actin.log
    jobid: 32
    wildcards: subject=csp, query=actin

/home/valentin/anaconda3/bin/python3.6 /home/valentin/git/ProDA/.snakemake/scripts/tmpd4gp4hin.contig_query_matcher.py
[Fri Nov 22 13:26:19 2019]
Finished job 39.
4 of 46 steps (9%) done

[Fri Nov 22 13:26:19 2019]
rule matcher:
    input: data/subjects/csp.fna, blast_results/csp/beta_tubulin2.hit
    output: matches/csp/beta_tubulin2.fna
    log: log/matches/csp/beta_tubulin2.log
    jobid: 33
    wildcards: subject=csp, query=beta_tubulin2

/home/valentin/anaconda3/bin/python3.6 /home/valentin/git/ProDA/.snakemake/scripts/tmpvsy2ezd9.contig_query_matcher.py
[Fri Nov 22 13:26:21 2019]
Finished job 32.
5 of 46 steps (11%) done

[Fri Nov 22 13:26:21 2019]
rule spaln:
    input: data/queries/actin.faa, matches/csp/actin.fna
    output: spaln/csp/actin.sp, spaln/csp/actin.fna, spaln/csp/actin_temp.fna, spaln/csp/actin.faa
    log: log/spaln/csp/actin.log
    jobid: 21
    wildcards: subject=csp, query=actin

[Fri Nov 22 13:26:21 2019]
rule exonerate:
    input: data/queries/actin.faa, matches/csp/actin.fna
    output: exonerate/csp/actin.ryo, exonerate/csp/actin.fna, exonerate/csp/actin.faa
    log: log/exonerate/csp/actin.log
    jobid: 20
    wildcards: subject=csp, query=actin

[Fri Nov 22 13:26:21 2019]
Finished job 33.
6 of 46 steps (13%) done

[Fri Nov 22 13:26:21 2019]
rule spaln:
    input: data/queries/beta_tubulin2.faa, matches/csp/beta_tubulin2.fna
    output: spaln/csp/beta_tubulin2.sp, spaln/csp/beta_tubulin2.fna, spaln/csp/beta_tubulin2_temp.fna, spaln/csp/beta_tubulin2.faa
    log: log/spaln/csp/beta_tubulin2.log
    jobid: 23
    wildcards: subject=csp, query=beta_tubulin2

[Fri Nov 22 13:26:21 2019]
rule exonerate:
    input: data/queries/beta_tubulin2.faa, matches/csp/beta_tubulin2.fna
    output: exonerate/csp/beta_tubulin2.ryo, exonerate/csp/beta_tubulin2.fna, exonerate/csp/beta_tubulin2.faa
    log: log/exonerate/csp/beta_tubulin2.log
    jobid: 22
    wildcards: subject=csp, query=beta_tubulin2

[Fri Nov 22 13:26:24 2019]
Finished job 42.
7 of 46 steps (15%) done

[Fri Nov 22 13:26:24 2019]
rule matcher:
    input: data/subjects/gonium.fna, blast_results/gonium/beta_tubulin2.hit
    output: matches/gonium/beta_tubulin2.fna
    log: log/matches/gonium/beta_tubulin2.log
    jobid: 36
    wildcards: subject=gonium, query=beta_tubulin2

/home/valentin/anaconda3/bin/python3.6 /home/valentin/git/ProDA/.snakemake/scripts/tmp3nsnfgd_.contig_query_matcher.py
[Fri Nov 22 13:26:24 2019]
Finished job 41.
8 of 46 steps (17%) done

[Fri Nov 22 13:26:24 2019]
rule matcher:
    input: data/subjects/gonium.fna, blast_results/gonium/actin.hit
    output: matches/gonium/actin.fna
    log: log/matches/gonium/actin.log
    jobid: 35
    wildcards: subject=gonium, query=actin

/home/valentin/anaconda3/bin/python3.6 /home/valentin/git/ProDA/.snakemake/scripts/tmp6f3cj0fw.contig_query_matcher.py
[Fri Nov 22 13:26:29 2019]
Finished job 36.
9 of 46 steps (20%) done

[Fri Nov 22 13:26:29 2019]
rule spaln:
    input: data/queries/beta_tubulin2.faa, matches/gonium/beta_tubulin2.fna
    output: spaln/gonium/beta_tubulin2.sp, spaln/gonium/beta_tubulin2.fna, spaln/gonium/beta_tubulin2_temp.fna, spaln/gonium/beta_tubulin2.faa
    log: log/spaln/gonium/beta_tubulin2.log
    jobid: 29
    wildcards: subject=gonium, query=beta_tubulin2

[Fri Nov 22 13:26:29 2019]
rule exonerate:
    input: data/queries/beta_tubulin2.faa, matches/gonium/beta_tubulin2.fna
    output: exonerate/gonium/beta_tubulin2.ryo, exonerate/gonium/beta_tubulin2.fna, exonerate/gonium/beta_tubulin2.faa
    log: log/exonerate/gonium/beta_tubulin2.log
    jobid: 28
    wildcards: subject=gonium, query=beta_tubulin2

[Fri Nov 22 13:26:29 2019]
Finished job 35.
10 of 46 steps (22%) done

[Fri Nov 22 13:26:29 2019]
rule spaln:
    input: data/queries/actin.faa, matches/gonium/actin.fna
    output: spaln/gonium/actin.sp, spaln/gonium/actin.fna, spaln/gonium/actin_temp.fna, spaln/gonium/actin.faa
    log: log/spaln/gonium/actin.log
    jobid: 27
    wildcards: subject=gonium, query=actin

[Fri Nov 22 13:26:29 2019]
rule exonerate:
    input: data/queries/actin.faa, matches/gonium/actin.fna
    output: exonerate/gonium/actin.ryo, exonerate/gonium/actin.fna, exonerate/gonium/actin.faa
    log: log/exonerate/gonium/actin.log
    jobid: 26
    wildcards: subject=gonium, query=actin

Removing temporary output file spaln/csp/actin_temp.fna.
[Fri Nov 22 13:26:30 2019]
Finished job 21.
11 of 46 steps (24%) done
Removing temporary output file spaln/csp/beta_tubulin2_temp.fna.
[Fri Nov 22 13:26:35 2019]
Finished job 23.
12 of 46 steps (26%) done
[Fri Nov 22 13:26:36 2019]
Finished job 28.
13 of 46 steps (28%) done
[Fri Nov 22 13:26:36 2019]
Finished job 40.
14 of 46 steps (30%) done

[Fri Nov 22 13:26:36 2019]
rule matcher:
    input: data/subjects/csp.fna, blast_results/csp/cng_channels.hit
    output: matches/csp/cng_channels.fna
    log: log/matches/csp/cng_channels.log
    jobid: 34
    wildcards: subject=csp, query=cng_channels

/home/valentin/anaconda3/bin/python3.6 /home/valentin/git/ProDA/.snakemake/scripts/tmph7w4ry6g.contig_query_matcher.py
[Fri Nov 22 13:26:38 2019]
Finished job 34.
15 of 46 steps (33%) done

[Fri Nov 22 13:26:38 2019]
rule exonerate:
    input: data/queries/cng_channels.faa, matches/csp/cng_channels.fna
    output: exonerate/csp/cng_channels.ryo, exonerate/csp/cng_channels.fna, exonerate/csp/cng_channels.faa
    log: log/exonerate/csp/cng_channels.log
    jobid: 24
    wildcards: subject=csp, query=cng_channels

[Fri Nov 22 13:26:38 2019]
rule spaln:
    input: data/queries/cng_channels.faa, matches/csp/cng_channels.fna
    output: spaln/csp/cng_channels.sp, spaln/csp/cng_channels.fna, spaln/csp/cng_channels_temp.fna, spaln/csp/cng_channels.faa
    log: log/spaln/csp/cng_channels.log
    jobid: 25
    wildcards: subject=csp, query=cng_channels

[Fri Nov 22 13:26:39 2019]
Finished job 20.
16 of 46 steps (35%) done

[Fri Nov 22 13:26:39 2019]
rule cd_hit:
    input: exonerate/csp/actin.faa, spaln/csp/actin.faa
    output: cd_hit/csp/actin_joined.faa, cd_hit/csp/actin_merged.faa
    log: log/cd_hit/csp/actin.log
    jobid: 9
    wildcards: subject=csp, query=actin

[Fri Nov 22 13:26:40 2019]
Finished job 9.
17 of 46 steps (37%) done

[Fri Nov 22 13:26:40 2019]
rule alignment:
    input: data/queries/actin.faa, cd_hit/csp/actin_merged.faa
    output: scores/csp/actin.sim, scores/csp/actin_temp.st, scores/csp/actin_temp_query.faa, scores/csp/actin_temp_hit.faa
    log: log/scores/csp/actin.log
    jobid: 8
    wildcards: subject=csp, query=actin

Removing temporary output file scores/csp/actin_temp.st.
Removing temporary output file scores/csp/actin_temp_query.faa.
Removing temporary output file scores/csp/actin_temp_hit.faa.
[Fri Nov 22 13:26:42 2019]
Finished job 8.
18 of 46 steps (39%) done

[Fri Nov 22 13:26:42 2019]
rule get_best_hit:
    input: scores/csp/actin.sim, cd_hit/csp/actin_merged.faa
    output: best_hit/csp/actin.faa
    log: log/best_hit/csp/actin.log
    jobid: 2
    wildcards: subject=csp, query=actin

Removing temporary output file spaln/gonium/actin_temp.fna.
[Fri Nov 22 13:26:42 2019]
Finished job 27.
19 of 46 steps (41%) done
Removing temporary output file spaln/gonium/beta_tubulin2_temp.fna.
[Fri Nov 22 13:26:43 2019]
Finished job 29.
20 of 46 steps (43%) done

[Fri Nov 22 13:26:43 2019]
rule cd_hit:
    input: exonerate/gonium/beta_tubulin2.faa, spaln/gonium/beta_tubulin2.faa
    output: cd_hit/gonium/beta_tubulin2_joined.faa, cd_hit/gonium/beta_tubulin2_merged.faa
    log: log/cd_hit/gonium/beta_tubulin2.log
    jobid: 17
    wildcards: subject=gonium, query=beta_tubulin2

[Fri Nov 22 13:26:43 2019]
Finished job 2.
21 of 46 steps (46%) done
[Fri Nov 22 13:26:44 2019]
Finished job 17.
22 of 46 steps (48%) done

[Fri Nov 22 13:26:44 2019]
rule alignment:
    input: data/queries/beta_tubulin2.faa, cd_hit/gonium/beta_tubulin2_merged.faa
    output: scores/gonium/beta_tubulin2.sim, scores/gonium/beta_tubulin2_temp.st, scores/gonium/beta_tubulin2_temp_query.faa, scores/gonium/beta_tubulin2_temp_hit.faa
    log: log/scores/gonium/beta_tubulin2.log
    jobid: 16
    wildcards: subject=gonium, query=beta_tubulin2

Removing temporary output file scores/gonium/beta_tubulin2_temp.st.
Removing temporary output file scores/gonium/beta_tubulin2_temp_query.faa.
Removing temporary output file scores/gonium/beta_tubulin2_temp_hit.faa.
[Fri Nov 22 13:26:46 2019]
Finished job 16.
23 of 46 steps (50%) done

[Fri Nov 22 13:26:46 2019]
rule get_best_hit:
    input: scores/gonium/beta_tubulin2.sim, cd_hit/gonium/beta_tubulin2_merged.faa
    output: best_hit/gonium/beta_tubulin2.faa
    log: log/best_hit/gonium/beta_tubulin2.log
    jobid: 6
    wildcards: subject=gonium, query=beta_tubulin2

[Fri Nov 22 13:26:47 2019]
Finished job 6.
24 of 46 steps (52%) done
[Fri Nov 22 13:26:49 2019]
Finished job 43.
25 of 46 steps (54%) done

[Fri Nov 22 13:26:49 2019]
rule matcher:
    input: data/subjects/gonium.fna, blast_results/gonium/cng_channels.hit
    output: matches/gonium/cng_channels.fna
    log: log/matches/gonium/cng_channels.log
    jobid: 37
    wildcards: subject=gonium, query=cng_channels

/home/valentin/anaconda3/bin/python3.6 /home/valentin/git/ProDA/.snakemake/scripts/tmptbcnc_t9.contig_query_matcher.py
[Fri Nov 22 13:26:51 2019]
Finished job 26.
26 of 46 steps (57%) done

[Fri Nov 22 13:26:51 2019]
rule cd_hit:
    input: exonerate/gonium/actin.faa, spaln/gonium/actin.faa
    output: cd_hit/gonium/actin_joined.faa, cd_hit/gonium/actin_merged.faa
    log: log/cd_hit/gonium/actin.log
    jobid: 15
    wildcards: subject=gonium, query=actin

[Fri Nov 22 13:26:52 2019]
Finished job 15.
27 of 46 steps (59%) done

[Fri Nov 22 13:26:52 2019]
rule alignment:
    input: data/queries/actin.faa, cd_hit/gonium/actin_merged.faa
    output: scores/gonium/actin.sim, scores/gonium/actin_temp.st, scores/gonium/actin_temp_query.faa, scores/gonium/actin_temp_hit.faa
    log: log/scores/gonium/actin.log
    jobid: 14
    wildcards: subject=gonium, query=actin

[Fri Nov 22 13:26:52 2019]
Finished job 22.
28 of 46 steps (61%) done

[Fri Nov 22 13:26:52 2019]
rule cd_hit:
    input: exonerate/csp/beta_tubulin2.faa, spaln/csp/beta_tubulin2.faa
    output: cd_hit/csp/beta_tubulin2_joined.faa, cd_hit/csp/beta_tubulin2_merged.faa
    log: log/cd_hit/csp/beta_tubulin2.log
    jobid: 11
    wildcards: subject=csp, query=beta_tubulin2

[Fri Nov 22 13:26:52 2019]
Finished job 37.
29 of 46 steps (63%) done

[Fri Nov 22 13:26:52 2019]
rule exonerate:
    input: data/queries/cng_channels.faa, matches/gonium/cng_channels.fna
    output: exonerate/gonium/cng_channels.ryo, exonerate/gonium/cng_channels.fna, exonerate/gonium/cng_channels.faa
    log: log/exonerate/gonium/cng_channels.log
    jobid: 30
    wildcards: subject=gonium, query=cng_channels

[Fri Nov 22 13:26:52 2019]
rule spaln:
    input: data/queries/cng_channels.faa, matches/gonium/cng_channels.fna
    output: spaln/gonium/cng_channels.sp, spaln/gonium/cng_channels.fna, spaln/gonium/cng_channels_temp.fna, spaln/gonium/cng_channels.faa
    log: log/spaln/gonium/cng_channels.log
    jobid: 31
    wildcards: subject=gonium, query=cng_channels

[Fri Nov 22 13:26:52 2019]
Finished job 11.
30 of 46 steps (65%) done

[Fri Nov 22 13:26:52 2019]
rule alignment:
    input: data/queries/beta_tubulin2.faa, cd_hit/csp/beta_tubulin2_merged.faa
    output: scores/csp/beta_tubulin2.sim, scores/csp/beta_tubulin2_temp.st, scores/csp/beta_tubulin2_temp_query.faa, scores/csp/beta_tubulin2_temp_hit.faa
    log: log/scores/csp/beta_tubulin2.log
    jobid: 10
    wildcards: subject=csp, query=beta_tubulin2

Removing temporary output file scores/gonium/actin_temp.st.
Removing temporary output file scores/gonium/actin_temp_query.faa.
Removing temporary output file scores/gonium/actin_temp_hit.faa.
[Fri Nov 22 13:26:53 2019]
Finished job 14.
31 of 46 steps (67%) done

[Fri Nov 22 13:26:53 2019]
rule get_best_hit:
    input: scores/gonium/actin.sim, cd_hit/gonium/actin_merged.faa
    output: best_hit/gonium/actin.faa
    log: log/best_hit/gonium/actin.log
    jobid: 5
    wildcards: subject=gonium, query=actin

Removing temporary output file scores/csp/beta_tubulin2_temp.st.
Removing temporary output file scores/csp/beta_tubulin2_temp_query.faa.
Removing temporary output file scores/csp/beta_tubulin2_temp_hit.faa.
[Fri Nov 22 13:26:54 2019]
Finished job 10.
32 of 46 steps (70%) done

[Fri Nov 22 13:26:54 2019]
rule get_best_hit:
    input: scores/csp/beta_tubulin2.sim, cd_hit/csp/beta_tubulin2_merged.faa
    output: best_hit/csp/beta_tubulin2.faa
    log: log/best_hit/csp/beta_tubulin2.log
    jobid: 3
    wildcards: subject=csp, query=beta_tubulin2

[Fri Nov 22 13:26:54 2019]
Finished job 5.
33 of 46 steps (72%) done
[Fri Nov 22 13:26:55 2019]
Finished job 3.
34 of 46 steps (74%) done
Removing temporary output file spaln/csp/cng_channels_temp.fna.
[Fri Nov 22 13:28:13 2019]
Finished job 25.
35 of 46 steps (76%) done
Removing temporary output file spaln/gonium/cng_channels_temp.fna.
[Fri Nov 22 13:29:00 2019]
Finished job 31.
36 of 46 steps (78%) done
[Fri Nov 22 13:30:05 2019]
Finished job 24.
37 of 46 steps (80%) done

[Fri Nov 22 13:30:05 2019]
rule cd_hit:
    input: exonerate/csp/cng_channels.faa, spaln/csp/cng_channels.faa
    output: cd_hit/csp/cng_channels_joined.faa, cd_hit/csp/cng_channels_merged.faa
    log: log/cd_hit/csp/cng_channels.log
    jobid: 13
    wildcards: subject=csp, query=cng_channels

[Fri Nov 22 13:30:06 2019]
Finished job 13.
38 of 46 steps (83%) done

[Fri Nov 22 13:30:06 2019]
rule alignment:
    input: data/queries/cng_channels.faa, cd_hit/csp/cng_channels_merged.faa
    output: scores/csp/cng_channels.sim, scores/csp/cng_channels_temp.st, scores/csp/cng_channels_temp_query.faa, scores/csp/cng_channels_temp_hit.faa
    log: log/scores/csp/cng_channels.log
    jobid: 12
    wildcards: subject=csp, query=cng_channels

Removing temporary output file scores/csp/cng_channels_temp.st.
Removing temporary output file scores/csp/cng_channels_temp_query.faa.
Removing temporary output file scores/csp/cng_channels_temp_hit.faa.
[Fri Nov 22 13:30:07 2019]
Finished job 12.
39 of 46 steps (85%) done

[Fri Nov 22 13:30:07 2019]
rule get_best_hit:
    input: scores/csp/cng_channels.sim, cd_hit/csp/cng_channels_merged.faa
    output: best_hit/csp/cng_channels.faa
    log: log/best_hit/csp/cng_channels.log
    jobid: 4
    wildcards: subject=csp, query=cng_channels

[Fri Nov 22 13:30:07 2019]
Finished job 4.
40 of 46 steps (87%) done
[Fri Nov 22 13:30:51 2019]
Finished job 30.
41 of 46 steps (89%) done

[Fri Nov 22 13:30:51 2019]
rule cd_hit:
    input: exonerate/gonium/cng_channels.faa, spaln/gonium/cng_channels.faa
    output: cd_hit/gonium/cng_channels_joined.faa, cd_hit/gonium/cng_channels_merged.faa
    log: log/cd_hit/gonium/cng_channels.log
    jobid: 19
    wildcards: subject=gonium, query=cng_channels

[Fri Nov 22 13:30:52 2019]
Finished job 19.
42 of 46 steps (91%) done

[Fri Nov 22 13:30:52 2019]
rule alignment:
    input: data/queries/cng_channels.faa, cd_hit/gonium/cng_channels_merged.faa
    output: scores/gonium/cng_channels.sim, scores/gonium/cng_channels_temp.st, scores/gonium/cng_channels_temp_query.faa, scores/gonium/cng_channels_temp_hit.faa
    log: log/scores/gonium/cng_channels.log
    jobid: 18
    wildcards: subject=gonium, query=cng_channels

Removing temporary output file scores/gonium/cng_channels_temp.st.
Removing temporary output file scores/gonium/cng_channels_temp_query.faa.
Removing temporary output file scores/gonium/cng_channels_temp_hit.faa.
[Fri Nov 22 13:30:54 2019]
Finished job 18.
43 of 46 steps (93%) done

[Fri Nov 22 13:30:54 2019]
rule get_best_hit:
    input: scores/gonium/cng_channels.sim, cd_hit/gonium/cng_channels_merged.faa
    output: best_hit/gonium/cng_channels.faa
    log: log/best_hit/gonium/cng_channels.log
    jobid: 7
    wildcards: subject=gonium, query=cng_channels

[Fri Nov 22 13:30:54 2019]
Finished job 7.
44 of 46 steps (96%) done

[Fri Nov 22 13:30:54 2019]
rule test:
    input: best_hit/csp/actin.faa, best_hit/csp/beta_tubulin2.faa, best_hit/csp/cng_channels.faa, best_hit/gonium/actin.faa, best_hit/gonium/beta_tubulin2.faa, best_hit/gonium/cng_channels.faa
    output: temp/end.txt
    jobid: 1

touch temp/end.txt
[Fri Nov 22 13:30:54 2019]
Finished job 1.
45 of 46 steps (98%) done

[Fri Nov 22 13:30:54 2019]
localrule all:
    input: temp/end.txt
    jobid: 0

Removing temporary output file temp/end.txt.
[Fri Nov 22 13:30:54 2019]
Finished job 0.
46 of 46 steps (100%) done
Complete log: /home/valentin/git/ProDA/.snakemake/log/2019-11-22T132616.324487.snakemake.log
