Building DAG of jobs...
Using shell: /bin/bash
Provided cores: 10
Rules claiming more threads will be scaled down.
Job counts:
	count	jobs
	2	Build_DNA_Databases
	4	Build_Exonerate_Alignment
	4	Filter_Out_Useless_Regions
	4	Find_Candidates
	1	Join_ProDA_Results
	4	Merge_Results
	4	Retrieve_Sequence_Similarities
	4	Retrieve_Sequence_With_Highest_Similarity
	1	Visualize_Results
	1	all
	4	spaln
	33

[Wed Nov 27 11:46:23 2019]
rule Build_DNA_Databases:
    input: data/subjects/csp.fna
    output: blast_dbs/csp/temp.db
    log: log/blast_dbs/csp.log
    jobid: 31
    wildcards: subject=csp

(makeblastdb -in data/subjects/csp.fna -dbtype nucl -out blast_dbs/csp/csp) 2> log/blast_dbs/csp.log && touch blast_dbs/csp/temp.db

[Wed Nov 27 11:46:23 2019]
rule Build_DNA_Databases:
    input: data/subjects/gpe.fna
    output: blast_dbs/gpe/temp.db
    log: log/blast_dbs/gpe.log
    jobid: 32
    wildcards: subject=gpe

(makeblastdb -in data/subjects/gpe.fna -dbtype nucl -out blast_dbs/gpe/gpe) 2> log/blast_dbs/gpe.log && touch blast_dbs/gpe/temp.db
[Wed Nov 27 11:46:24 2019]
Finished job 31.
1 of 33 steps (3%) done

[Wed Nov 27 11:46:24 2019]
rule Find_Candidates:
    input: blast_dbs/csp/temp.db, data/queries/beta_tubulin2.faa
    output: blast_results/csp/beta_tubulin2.hit
    log: log/blast_results/csp/beta_tubulin2.log
    jobid: 28
    wildcards: subject=csp, query=beta_tubulin2
    threads: 4

(tblastn -query data/queries/beta_tubulin2.faa -db blast_dbs/csp/csp -outfmt '6 qseqid sseqid sstart send' -evalue 1e-4 -num_threads 4 > blast_results/csp/beta_tubulin2.hit) 2> log/blast_results/csp/beta_tubulin2.log

[Wed Nov 27 11:46:24 2019]
rule Find_Candidates:
    input: blast_dbs/csp/temp.db, data/queries/actin.faa
    output: blast_results/csp/actin.hit
    log: log/blast_results/csp/actin.log
    jobid: 27
    wildcards: subject=csp, query=actin
    threads: 4

(tblastn -query data/queries/actin.faa -db blast_dbs/csp/csp -outfmt '6 qseqid sseqid sstart send' -evalue 1e-4 -num_threads 4 > blast_results/csp/actin.hit) 2> log/blast_results/csp/actin.log
[Wed Nov 27 11:46:25 2019]
Finished job 27.
2 of 33 steps (6%) done

[Wed Nov 27 11:46:25 2019]
rule Filter_Out_Useless_Regions:
    input: data/subjects/csp.fna, blast_results/csp/actin.hit
    output: matches/csp/actin.fna
    log: log/matches/csp/actin.log
    jobid: 23
    wildcards: subject=csp, query=actin

[Wed Nov 27 11:46:25 2019]
Finished job 28.
3 of 33 steps (9%) done

[Wed Nov 27 11:46:25 2019]
rule Filter_Out_Useless_Regions:
    input: data/subjects/csp.fna, blast_results/csp/beta_tubulin2.hit
    output: matches/csp/beta_tubulin2.fna
    log: log/matches/csp/beta_tubulin2.log
    jobid: 24
    wildcards: subject=csp, query=beta_tubulin2

[Wed Nov 27 11:46:26 2019]
Finished job 32.
4 of 33 steps (12%) done

[Wed Nov 27 11:46:26 2019]
rule Find_Candidates:
    input: blast_dbs/gpe/temp.db, data/queries/beta_tubulin2.faa
    output: blast_results/gpe/beta_tubulin2.hit
    log: log/blast_results/gpe/beta_tubulin2.log
    jobid: 30
    wildcards: subject=gpe, query=beta_tubulin2
    threads: 4

(tblastn -query data/queries/beta_tubulin2.faa -db blast_dbs/gpe/gpe -outfmt '6 qseqid sseqid sstart send' -evalue 1e-4 -num_threads 4 > blast_results/gpe/beta_tubulin2.hit) 2> log/blast_results/gpe/beta_tubulin2.log

[Wed Nov 27 11:46:26 2019]
rule Find_Candidates:
    input: blast_dbs/gpe/temp.db, data/queries/actin.faa
    output: blast_results/gpe/actin.hit
    log: log/blast_results/gpe/actin.log
    jobid: 29
    wildcards: subject=gpe, query=actin
    threads: 4

(tblastn -query data/queries/actin.faa -db blast_dbs/gpe/gpe -outfmt '6 qseqid sseqid sstart send' -evalue 1e-4 -num_threads 4 > blast_results/gpe/actin.hit) 2> log/blast_results/gpe/actin.log
[Wed Nov 27 11:46:27 2019]
Finished job 24.
5 of 33 steps (15%) done
[Wed Nov 27 11:46:27 2019]
Finished job 23.
6 of 33 steps (18%) done
[Wed Nov 27 11:46:27 2019]
Finished job 29.
7 of 33 steps (21%) done

[Wed Nov 27 11:46:27 2019]
rule spaln:
    input: data/queries/beta_tubulin2.faa, matches/csp/beta_tubulin2.fna
    output: spaln/csp/beta_tubulin2.sp, spaln/csp/beta_tubulin2.faa
    log: log/spaln/csp/beta_tubulin2.log
    jobid: 18
    wildcards: subject=csp, query=beta_tubulin2
    threads: 4

[Wed Nov 27 11:46:27 2019]
rule Filter_Out_Useless_Regions:
    input: data/subjects/gpe.fna, blast_results/gpe/actin.hit
    output: matches/gpe/actin.fna
    log: log/matches/gpe/actin.log
    jobid: 25
    wildcards: subject=gpe, query=actin

[Wed Nov 27 11:46:27 2019]
Finished job 30.
8 of 33 steps (24%) done

[Wed Nov 27 11:46:27 2019]
rule Filter_Out_Useless_Regions:
    input: data/subjects/gpe.fna, blast_results/gpe/beta_tubulin2.hit
    output: matches/gpe/beta_tubulin2.fna
    log: log/matches/gpe/beta_tubulin2.log
    jobid: 26
    wildcards: subject=gpe, query=beta_tubulin2

[Wed Nov 27 11:46:27 2019]
rule Build_Exonerate_Alignment:
    input: data/queries/beta_tubulin2.faa, matches/csp/beta_tubulin2.fna
    output: exonerate/csp/beta_tubulin2.ryo, exonerate/csp/beta_tubulin2.faa, exonerate/csp/beta_tubulin2.fna
    log: log/exonerate/csp/beta_tubulin2.log
    jobid: 17
    wildcards: subject=csp, query=beta_tubulin2
    threads: 4

[Wed Nov 27 11:46:29 2019]
Finished job 26.
9 of 33 steps (27%) done
[Wed Nov 27 11:46:29 2019]
Finished job 25.
10 of 33 steps (30%) done
Shutting down, this might take some time.
Exiting because a job execution failed. Look above for error message
Complete log: /home/valentin/git/ProDA/.snakemake/log/2019-11-27T114623.069677.snakemake.log
