Building DAG of jobs...
Using shell: /bin/bash
Provided cores: 1
Rules claiming more threads will be scaled down.
Job counts:
	count	jobs
	1	all
	4	blast
	4	exonerate
	2	makeblastdb
	4	matcher
	1	test
	16

[Tue Nov 19 13:59:35 2019]
rule makeblastdb:
    input: data/subjects/gonium.fasta
    output: blast_dbs/gonium/temp.db
    log: log/blast_dbs/gonium.log
    jobid: 15
    wildcards: subject=gonium

(makeblastdb -in data/subjects/gonium.fasta -dbtype nucl -out blast_dbs/gonium/gonium) 2> log/blast_dbs/gonium.log && touch blast_dbs/gonium/temp.db
[Tue Nov 19 13:59:36 2019]
Finished job 15.
1 of 16 steps (6%) done

[Tue Nov 19 13:59:36 2019]
rule makeblastdb:
    input: data/subjects/csp.fasta
    output: blast_dbs/csp/temp.db
    log: log/blast_dbs/csp.log
    jobid: 14
    wildcards: subject=csp

(makeblastdb -in data/subjects/csp.fasta -dbtype nucl -out blast_dbs/csp/csp) 2> log/blast_dbs/csp.log && touch blast_dbs/csp/temp.db
[Tue Nov 19 13:59:37 2019]
Finished job 14.
2 of 16 steps (12%) done

[Tue Nov 19 13:59:37 2019]
rule blast:
    input: blast_dbs/gonium/temp.db, data/queries/beta_tubulin2.faa
    output: blast_results/gonium/beta_tubulin2.hit
    log: log/blast_results/gonium/beta_tubulin2.log
    jobid: 13
    wildcards: subject=gonium, query=beta_tubulin2

(tblastn -query data/queries/beta_tubulin2.faa -db blast_dbs/gonium/gonium -outfmt '6 qseqid sseqid sstart send' -evalue 1e-4 > blast_results/gonium/beta_tubulin2.hit) 2> log/blast_results/gonium/beta_tubulin2.log
[Tue Nov 19 13:59:39 2019]
Finished job 13.
3 of 16 steps (19%) done

[Tue Nov 19 13:59:39 2019]
rule blast:
    input: blast_dbs/csp/temp.db, data/queries/beta_tubulin2.faa
    output: blast_results/csp/beta_tubulin2.hit
    log: log/blast_results/csp/beta_tubulin2.log
    jobid: 11
    wildcards: subject=csp, query=beta_tubulin2

(tblastn -query data/queries/beta_tubulin2.faa -db blast_dbs/csp/csp -outfmt '6 qseqid sseqid sstart send' -evalue 1e-4 > blast_results/csp/beta_tubulin2.hit) 2> log/blast_results/csp/beta_tubulin2.log
[Tue Nov 19 13:59:41 2019]
Finished job 11.
4 of 16 steps (25%) done

[Tue Nov 19 13:59:41 2019]
rule blast:
    input: blast_dbs/csp/temp.db, data/queries/actin.faa
    output: blast_results/csp/actin.hit
    log: log/blast_results/csp/actin.log
    jobid: 10
    wildcards: subject=csp, query=actin

(tblastn -query data/queries/actin.faa -db blast_dbs/csp/csp -outfmt '6 qseqid sseqid sstart send' -evalue 1e-4 > blast_results/csp/actin.hit) 2> log/blast_results/csp/actin.log
[Tue Nov 19 13:59:42 2019]
Finished job 10.
5 of 16 steps (31%) done

[Tue Nov 19 13:59:42 2019]
rule blast:
    input: blast_dbs/gonium/temp.db, data/queries/actin.faa
    output: blast_results/gonium/actin.hit
    log: log/blast_results/gonium/actin.log
    jobid: 12
    wildcards: subject=gonium, query=actin

(tblastn -query data/queries/actin.faa -db blast_dbs/gonium/gonium -outfmt '6 qseqid sseqid sstart send' -evalue 1e-4 > blast_results/gonium/actin.hit) 2> log/blast_results/gonium/actin.log
[Tue Nov 19 13:59:44 2019]
Finished job 12.
6 of 16 steps (38%) done

[Tue Nov 19 13:59:44 2019]
rule matcher:
    input: data/subjects/csp.fasta, data/subjects/gonium.fasta, blast_results/csp/actin.hit, blast_results/csp/beta_tubulin2.hit, blast_results/gonium/actin.hit, blast_results/gonium/beta_tubulin2.hit
    output: matches/csp/beta_tubulin2.fasta
    log: log/matches/csp/beta_tubulin2.log
    jobid: 7
    wildcards: subject=csp, query=beta_tubulin2

/home/valentin/anaconda3/bin/python3.6 /home/valentin/git/ProDA/.snakemake/scripts/tmpb30sm99h.contig_query_matcher.py
[Tue Nov 19 13:59:46 2019]
Finished job 7.
7 of 16 steps (44%) done

[Tue Nov 19 13:59:46 2019]
rule matcher:
    input: data/subjects/csp.fasta, data/subjects/gonium.fasta, blast_results/csp/actin.hit, blast_results/csp/beta_tubulin2.hit, blast_results/gonium/actin.hit, blast_results/gonium/beta_tubulin2.hit
    output: matches/gonium/actin.fasta
    log: log/matches/gonium/actin.log
    jobid: 8
    wildcards: subject=gonium, query=actin

/home/valentin/anaconda3/bin/python3.6 /home/valentin/git/ProDA/.snakemake/scripts/tmpe3r2ls8w.contig_query_matcher.py
[Tue Nov 19 13:59:47 2019]
Finished job 8.
8 of 16 steps (50%) done

[Tue Nov 19 13:59:47 2019]
rule matcher:
    input: data/subjects/csp.fasta, data/subjects/gonium.fasta, blast_results/csp/actin.hit, blast_results/csp/beta_tubulin2.hit, blast_results/gonium/actin.hit, blast_results/gonium/beta_tubulin2.hit
    output: matches/csp/actin.fasta
    log: log/matches/csp/actin.log
    jobid: 6
    wildcards: subject=csp, query=actin

/home/valentin/anaconda3/bin/python3.6 /home/valentin/git/ProDA/.snakemake/scripts/tmpraljh0li.contig_query_matcher.py
[Tue Nov 19 13:59:49 2019]
Finished job 6.
9 of 16 steps (56%) done

[Tue Nov 19 13:59:49 2019]
rule matcher:
    input: data/subjects/csp.fasta, data/subjects/gonium.fasta, blast_results/csp/actin.hit, blast_results/csp/beta_tubulin2.hit, blast_results/gonium/actin.hit, blast_results/gonium/beta_tubulin2.hit
    output: matches/gonium/beta_tubulin2.fasta
    log: log/matches/gonium/beta_tubulin2.log
    jobid: 9
    wildcards: subject=gonium, query=beta_tubulin2

/home/valentin/anaconda3/bin/python3.6 /home/valentin/git/ProDA/.snakemake/scripts/tmpj43hss9_.contig_query_matcher.py
[Tue Nov 19 13:59:51 2019]
Finished job 9.
10 of 16 steps (62%) done

[Tue Nov 19 13:59:51 2019]
rule exonerate:
    input: data/queries/actin.faa, data/queries/beta_tubulin2.faa, matches/csp/actin.fasta, matches/csp/beta_tubulin2.fasta, matches/gonium/actin.fasta, matches/gonium/beta_tubulin2.fasta
    output: exonerate_results/csp/actin.ryo
    log: log/exonerate_results/csp/actin.log
    jobid: 2
    wildcards: subject=csp, query=actin

Terminating processes on user request, this might take some time.
Cancelling snakemake on user request.
