Building DAG of jobs...
Using shell: /bin/bash
Provided cores: 1
Rules claiming more threads will be scaled down.
Job counts:
	count	jobs
	4	alignment
	1	all
	4	blast
	4	cd_hit
	4	exonerate
	1	finisher
	4	get_best_hit
	1	join_results
	2	makeblastdb
	4	matcher
	4	spaln
	4	visualize_results
	37

[Fri Nov 22 17:00:50 2019]
rule makeblastdb:
    input: data/subjects/gonium.fna
    output: blast_dbs/gonium/temp.db
    log: log/blast_dbs/gonium.log
    jobid: 36
    wildcards: subject=gonium

(makeblastdb -in data/subjects/gonium.fna -dbtype nucl -out blast_dbs/gonium/gonium) 2> log/blast_dbs/gonium.log && touch blast_dbs/gonium/temp.db
[Fri Nov 22 17:00:52 2019]
Finished job 36.
1 of 37 steps (3%) done

[Fri Nov 22 17:00:52 2019]
rule makeblastdb:
    input: data/subjects/csp.fna
    output: blast_dbs/csp/temp.db
    log: log/blast_dbs/csp.log
    jobid: 35
    wildcards: subject=csp

(makeblastdb -in data/subjects/csp.fna -dbtype nucl -out blast_dbs/csp/csp) 2> log/blast_dbs/csp.log && touch blast_dbs/csp/temp.db
[Fri Nov 22 17:00:53 2019]
Finished job 35.
2 of 37 steps (5%) done

[Fri Nov 22 17:00:53 2019]
rule blast:
    input: blast_dbs/csp/temp.db, data/queries/beta_tubulin2.faa
    output: blast_results/csp/beta_tubulin2.hit
    log: log/blast_results/csp/beta_tubulin2.log
    jobid: 32
    wildcards: subject=csp, query=beta_tubulin2

(tblastn -query data/queries/beta_tubulin2.faa -db blast_dbs/csp/csp -outfmt '6 qseqid sseqid sstart send' -evalue 1e-4 > blast_results/csp/beta_tubulin2.hit) 2> log/blast_results/csp/beta_tubulin2.log
[Fri Nov 22 17:00:54 2019]
Finished job 32.
3 of 37 steps (8%) done

[Fri Nov 22 17:00:54 2019]
rule matcher:
    input: data/subjects/csp.fna, blast_results/csp/beta_tubulin2.hit
    output: matches/csp/beta_tubulin2.fna
    log: log/matches/csp/beta_tubulin2.log
    jobid: 28
    wildcards: subject=csp, query=beta_tubulin2

[Fri Nov 22 17:00:55 2019]
Finished job 28.
4 of 37 steps (11%) done

[Fri Nov 22 17:00:55 2019]
rule spaln:
    input: data/queries/beta_tubulin2.faa, matches/csp/beta_tubulin2.fna
    output: spaln/csp/beta_tubulin2.sp, spaln/csp/beta_tubulin2.fna, spaln/csp/beta_tubulin2_temp.fna, spaln/csp/beta_tubulin2.faa
    log: log/spaln/csp/beta_tubulin2.log
    jobid: 22
    wildcards: subject=csp, query=beta_tubulin2

Terminating processes on user request, this might take some time.
Cancelling snakemake on user request.
