Building DAG of jobs...
Using shell: /bin/bash
Provided cores: 1
Rules claiming more threads will be scaled down.
Job counts:
	count	jobs
	1	all
	4	blast
	4	cd_hit
	4	exonerate
	2	makeblastdb
	4	matcher
	4	spaln
	1	test
	24

[Thu Nov 21 09:50:53 2019]
rule makeblastdb:
    input: data/subjects/gonium.fna
    output: blast_dbs/gonium/temp.db
    log: log/blast_dbs/gonium.log
    jobid: 23
    wildcards: subject=gonium

(makeblastdb -in data/subjects/gonium.fna -dbtype nucl -out blast_dbs/gonium/gonium) 2> log/blast_dbs/gonium.log && touch blast_dbs/gonium/temp.db
[Thu Nov 21 09:50:55 2019]
Finished job 23.
1 of 24 steps (4%) done

[Thu Nov 21 09:50:55 2019]
rule makeblastdb:
    input: data/subjects/csp.fna
    output: blast_dbs/csp/temp.db
    log: log/blast_dbs/csp.log
    jobid: 22
    wildcards: subject=csp

(makeblastdb -in data/subjects/csp.fna -dbtype nucl -out blast_dbs/csp/csp) 2> log/blast_dbs/csp.log && touch blast_dbs/csp/temp.db
[Thu Nov 21 09:50:55 2019]
Finished job 22.
2 of 24 steps (8%) done

[Thu Nov 21 09:50:55 2019]
rule blast:
    input: blast_dbs/gonium/temp.db, data/queries/beta_tubulin2.faa
    output: blast_results/gonium/beta_tubulin2.hit
    log: log/blast_results/gonium/beta_tubulin2.log
    jobid: 21
    wildcards: subject=gonium, query=beta_tubulin2

(tblastn -query data/queries/beta_tubulin2.faa -db blast_dbs/gonium/gonium -outfmt '6 qseqid sseqid sstart send' -evalue 1e-4 > blast_results/gonium/beta_tubulin2.hit) 2> log/blast_results/gonium/beta_tubulin2.log
[Thu Nov 21 09:50:58 2019]
Finished job 21.
3 of 24 steps (12%) done

[Thu Nov 21 09:50:58 2019]
rule blast:
    input: blast_dbs/csp/temp.db, data/queries/beta_tubulin2.faa
    output: blast_results/csp/beta_tubulin2.hit
    log: log/blast_results/csp/beta_tubulin2.log
    jobid: 19
    wildcards: subject=csp, query=beta_tubulin2

(tblastn -query data/queries/beta_tubulin2.faa -db blast_dbs/csp/csp -outfmt '6 qseqid sseqid sstart send' -evalue 1e-4 > blast_results/csp/beta_tubulin2.hit) 2> log/blast_results/csp/beta_tubulin2.log
[Thu Nov 21 09:50:59 2019]
Finished job 19.
4 of 24 steps (17%) done

[Thu Nov 21 09:50:59 2019]
rule blast:
    input: blast_dbs/csp/temp.db, data/queries/actin.faa
    output: blast_results/csp/actin.hit
    log: log/blast_results/csp/actin.log
    jobid: 18
    wildcards: subject=csp, query=actin

(tblastn -query data/queries/actin.faa -db blast_dbs/csp/csp -outfmt '6 qseqid sseqid sstart send' -evalue 1e-4 > blast_results/csp/actin.hit) 2> log/blast_results/csp/actin.log
[Thu Nov 21 09:51:00 2019]
Finished job 18.
5 of 24 steps (21%) done

[Thu Nov 21 09:51:00 2019]
rule blast:
    input: blast_dbs/gonium/temp.db, data/queries/actin.faa
    output: blast_results/gonium/actin.hit
    log: log/blast_results/gonium/actin.log
    jobid: 20
    wildcards: subject=gonium, query=actin

(tblastn -query data/queries/actin.faa -db blast_dbs/gonium/gonium -outfmt '6 qseqid sseqid sstart send' -evalue 1e-4 > blast_results/gonium/actin.hit) 2> log/blast_results/gonium/actin.log
[Thu Nov 21 09:51:02 2019]
Finished job 20.
6 of 24 steps (25%) done

[Thu Nov 21 09:51:02 2019]
rule matcher:
    input: data/subjects/csp.fna, data/subjects/gonium.fna, blast_results/csp/actin.hit, blast_results/csp/beta_tubulin2.hit, blast_results/gonium/actin.hit, blast_results/gonium/beta_tubulin2.hit
    output: matches/gonium/actin.fna
    log: log/matches/gonium/actin.log
    jobid: 16
    wildcards: subject=gonium, query=actin

/home/valentin/anaconda3/bin/python3.6 /home/valentin/git/ProDA/.snakemake/scripts/tmpk0rxpvol.contig_query_matcher.py
[Thu Nov 21 09:51:04 2019]
Finished job 16.
7 of 24 steps (29%) done

[Thu Nov 21 09:51:04 2019]
rule matcher:
    input: data/subjects/csp.fna, data/subjects/gonium.fna, blast_results/csp/actin.hit, blast_results/csp/beta_tubulin2.hit, blast_results/gonium/actin.hit, blast_results/gonium/beta_tubulin2.hit
    output: matches/csp/beta_tubulin2.fna
    log: log/matches/csp/beta_tubulin2.log
    jobid: 15
    wildcards: subject=csp, query=beta_tubulin2

/home/valentin/anaconda3/bin/python3.6 /home/valentin/git/ProDA/.snakemake/scripts/tmptrj67age.contig_query_matcher.py
[Thu Nov 21 09:51:06 2019]
Finished job 15.
8 of 24 steps (33%) done

[Thu Nov 21 09:51:06 2019]
rule matcher:
    input: data/subjects/csp.fna, data/subjects/gonium.fna, blast_results/csp/actin.hit, blast_results/csp/beta_tubulin2.hit, blast_results/gonium/actin.hit, blast_results/gonium/beta_tubulin2.hit
    output: matches/gonium/beta_tubulin2.fna
    log: log/matches/gonium/beta_tubulin2.log
    jobid: 17
    wildcards: subject=gonium, query=beta_tubulin2

/home/valentin/anaconda3/bin/python3.6 /home/valentin/git/ProDA/.snakemake/scripts/tmpv63b74qm.contig_query_matcher.py
[Thu Nov 21 09:51:08 2019]
Finished job 17.
9 of 24 steps (38%) done

[Thu Nov 21 09:51:08 2019]
rule matcher:
    input: data/subjects/csp.fna, data/subjects/gonium.fna, blast_results/csp/actin.hit, blast_results/csp/beta_tubulin2.hit, blast_results/gonium/actin.hit, blast_results/gonium/beta_tubulin2.hit
    output: matches/csp/actin.fna
    log: log/matches/csp/actin.log
    jobid: 14
    wildcards: subject=csp, query=actin

/home/valentin/anaconda3/bin/python3.6 /home/valentin/git/ProDA/.snakemake/scripts/tmpmjsfmqix.contig_query_matcher.py
[Thu Nov 21 09:51:09 2019]
Finished job 14.
10 of 24 steps (42%) done

[Thu Nov 21 09:51:09 2019]
rule spaln:
    input: data/queries/actin.faa, data/queries/beta_tubulin2.faa, matches/csp/actin.fna, matches/csp/beta_tubulin2.fna, matches/gonium/actin.fna, matches/gonium/beta_tubulin2.fna
    output: spaln/gonium/beta_tubulin2.faa
    log: log/spaln/gonium/beta_tubulin2.log
    jobid: 13
    wildcards: subject=gonium, query=beta_tubulin2

[Thu Nov 21 09:51:20 2019]
Finished job 13.
11 of 24 steps (46%) done

[Thu Nov 21 09:51:20 2019]
rule spaln:
    input: data/queries/actin.faa, data/queries/beta_tubulin2.faa, matches/csp/actin.fna, matches/csp/beta_tubulin2.fna, matches/gonium/actin.fna, matches/gonium/beta_tubulin2.fna
    output: spaln/csp/actin.faa
    log: log/spaln/csp/actin.log
    jobid: 10
    wildcards: subject=csp, query=actin

[Thu Nov 21 09:51:30 2019]
Finished job 10.
12 of 24 steps (50%) done

[Thu Nov 21 09:51:30 2019]
rule exonerate:
    input: data/queries/actin.faa, data/queries/beta_tubulin2.faa, matches/csp/actin.fna, matches/csp/beta_tubulin2.fna, matches/gonium/actin.fna, matches/gonium/beta_tubulin2.fna
    output: exonerate/csp/beta_tubulin2.faa
    log: log/exonerate/csp/beta_tubulin2.log
    jobid: 7
    wildcards: subject=csp, query=beta_tubulin2

[Thu Nov 21 09:51:42 2019]
Finished job 7.
13 of 24 steps (54%) done

[Thu Nov 21 09:51:42 2019]
rule exonerate:
    input: data/queries/actin.faa, data/queries/beta_tubulin2.faa, matches/csp/actin.fna, matches/csp/beta_tubulin2.fna, matches/gonium/actin.fna, matches/gonium/beta_tubulin2.fna
    output: exonerate/gonium/actin.faa
    log: log/exonerate/gonium/actin.log
    jobid: 8
    wildcards: subject=gonium, query=actin

[Thu Nov 21 09:51:55 2019]
Finished job 8.
14 of 24 steps (58%) done

[Thu Nov 21 09:51:55 2019]
rule exonerate:
    input: data/queries/actin.faa, data/queries/beta_tubulin2.faa, matches/csp/actin.fna, matches/csp/beta_tubulin2.fna, matches/gonium/actin.fna, matches/gonium/beta_tubulin2.fna
    output: exonerate/csp/actin.faa
    log: log/exonerate/csp/actin.log
    jobid: 6
    wildcards: subject=csp, query=actin

[Thu Nov 21 09:52:07 2019]
Finished job 6.
15 of 24 steps (62%) done

[Thu Nov 21 09:52:07 2019]
rule exonerate:
    input: data/queries/actin.faa, data/queries/beta_tubulin2.faa, matches/csp/actin.fna, matches/csp/beta_tubulin2.fna, matches/gonium/actin.fna, matches/gonium/beta_tubulin2.fna
    output: exonerate/gonium/beta_tubulin2.faa
    log: log/exonerate/gonium/beta_tubulin2.log
    jobid: 9
    wildcards: subject=gonium, query=beta_tubulin2

[Thu Nov 21 09:52:21 2019]
Finished job 9.
16 of 24 steps (67%) done

[Thu Nov 21 09:52:21 2019]
rule spaln:
    input: data/queries/actin.faa, data/queries/beta_tubulin2.faa, matches/csp/actin.fna, matches/csp/beta_tubulin2.fna, matches/gonium/actin.fna, matches/gonium/beta_tubulin2.fna
    output: spaln/gonium/actin.faa
    log: log/spaln/gonium/actin.log
    jobid: 12
    wildcards: subject=gonium, query=actin

[Thu Nov 21 09:52:33 2019]
Finished job 12.
17 of 24 steps (71%) done

[Thu Nov 21 09:52:33 2019]
rule spaln:
    input: data/queries/actin.faa, data/queries/beta_tubulin2.faa, matches/csp/actin.fna, matches/csp/beta_tubulin2.fna, matches/gonium/actin.fna, matches/gonium/beta_tubulin2.fna
    output: spaln/csp/beta_tubulin2.faa
    log: log/spaln/csp/beta_tubulin2.log
    jobid: 11
    wildcards: subject=csp, query=beta_tubulin2

[Thu Nov 21 09:52:44 2019]
Finished job 11.
18 of 24 steps (75%) done

[Thu Nov 21 09:52:44 2019]
rule cd_hit:
    input: exonerate/csp/actin.faa, exonerate/csp/beta_tubulin2.faa, exonerate/gonium/actin.faa, exonerate/gonium/beta_tubulin2.faa, spaln/csp/actin.faa, spaln/csp/beta_tubulin2.faa, spaln/gonium/actin.faa, spaln/gonium/beta_tubulin2.faa
    output: cd_hit/gonium/actin.faa
    log: log/cd_hit/gonium/actin.log
    jobid: 4
    wildcards: subject=gonium, query=actin

[Thu Nov 21 09:52:44 2019]
Finished job 4.
19 of 24 steps (79%) done

[Thu Nov 21 09:52:44 2019]
rule cd_hit:
    input: exonerate/csp/actin.faa, exonerate/csp/beta_tubulin2.faa, exonerate/gonium/actin.faa, exonerate/gonium/beta_tubulin2.faa, spaln/csp/actin.faa, spaln/csp/beta_tubulin2.faa, spaln/gonium/actin.faa, spaln/gonium/beta_tubulin2.faa
    output: cd_hit/csp/beta_tubulin2.faa
    log: log/cd_hit/csp/beta_tubulin2.log
    jobid: 3
    wildcards: subject=csp, query=beta_tubulin2

[Thu Nov 21 09:52:45 2019]
Finished job 3.
20 of 24 steps (83%) done

[Thu Nov 21 09:52:45 2019]
rule cd_hit:
    input: exonerate/csp/actin.faa, exonerate/csp/beta_tubulin2.faa, exonerate/gonium/actin.faa, exonerate/gonium/beta_tubulin2.faa, spaln/csp/actin.faa, spaln/csp/beta_tubulin2.faa, spaln/gonium/actin.faa, spaln/gonium/beta_tubulin2.faa
    output: cd_hit/gonium/beta_tubulin2.faa
    log: log/cd_hit/gonium/beta_tubulin2.log
    jobid: 5
    wildcards: subject=gonium, query=beta_tubulin2

[Thu Nov 21 09:52:46 2019]
Finished job 5.
21 of 24 steps (88%) done

[Thu Nov 21 09:52:46 2019]
rule cd_hit:
    input: exonerate/csp/actin.faa, exonerate/csp/beta_tubulin2.faa, exonerate/gonium/actin.faa, exonerate/gonium/beta_tubulin2.faa, spaln/csp/actin.faa, spaln/csp/beta_tubulin2.faa, spaln/gonium/actin.faa, spaln/gonium/beta_tubulin2.faa
    output: cd_hit/csp/actin.faa
    log: log/cd_hit/csp/actin.log
    jobid: 2
    wildcards: subject=csp, query=actin

[Thu Nov 21 09:52:46 2019]
Finished job 2.
22 of 24 steps (92%) done

[Thu Nov 21 09:52:46 2019]
rule test:
    input: cd_hit/csp/actin.faa, cd_hit/csp/beta_tubulin2.faa, cd_hit/gonium/actin.faa, cd_hit/gonium/beta_tubulin2.faa
    output: temp/end.txt
    jobid: 1

touch temp/end.txt
[Thu Nov 21 09:52:46 2019]
Finished job 1.
23 of 24 steps (96%) done

[Thu Nov 21 09:52:46 2019]
localrule all:
    input: temp/end.txt
    jobid: 0

[Thu Nov 21 09:52:46 2019]
Finished job 0.
24 of 24 steps (100%) done
Complete log: /home/valentin/git/ProDA/.snakemake/log/2019-11-21T095053.209806.snakemake.log
