Building DAG of jobs...
Using shell: /bin/bash
Provided cores: 1
Rules claiming more threads will be scaled down.
Job counts:
	count	jobs
	4	alignment
	1	all
	4	blast
	4	cd_hit
	4	exonerate
	1	finisher
	4	get_best_hit
	1	join_results
	2	makeblastdb
	4	matcher
	4	spaln
	4	visualize_results
	37

[Fri Nov 22 17:27:53 2019]
rule makeblastdb:
    input: data/subjects/gonium.fna
    output: blast_dbs/gonium/temp.db
    log: log/blast_dbs/gonium.log
    jobid: 36
    wildcards: subject=gonium

(makeblastdb -in data/subjects/gonium.fna -dbtype nucl -out blast_dbs/gonium/gonium) 2> log/blast_dbs/gonium.log && touch blast_dbs/gonium/temp.db
[Fri Nov 22 17:27:55 2019]
Finished job 36.
1 of 37 steps (3%) done

[Fri Nov 22 17:27:55 2019]
rule makeblastdb:
    input: data/subjects/csp.fna
    output: blast_dbs/csp/temp.db
    log: log/blast_dbs/csp.log
    jobid: 35
    wildcards: subject=csp

(makeblastdb -in data/subjects/csp.fna -dbtype nucl -out blast_dbs/csp/csp) 2> log/blast_dbs/csp.log && touch blast_dbs/csp/temp.db
[Fri Nov 22 17:27:56 2019]
Finished job 35.
2 of 37 steps (5%) done

[Fri Nov 22 17:27:56 2019]
rule blast:
    input: blast_dbs/gonium/temp.db, data/queries/beta_tubulin2.faa
    output: blast_results/gonium/beta_tubulin2.hit
    log: log/blast_results/gonium/beta_tubulin2.log
    jobid: 34
    wildcards: subject=gonium, query=beta_tubulin2

(tblastn -query data/queries/beta_tubulin2.faa -db blast_dbs/gonium/gonium -outfmt '6 qseqid sseqid sstart send' -evalue 1e-4 > blast_results/gonium/beta_tubulin2.hit) 2> log/blast_results/gonium/beta_tubulin2.log
[Fri Nov 22 17:27:58 2019]
Finished job 34.
3 of 37 steps (8%) done

[Fri Nov 22 17:27:58 2019]
rule matcher:
    input: data/subjects/gonium.fna, blast_results/gonium/beta_tubulin2.hit
    output: matches/gonium/beta_tubulin2.fna
    log: log/matches/gonium/beta_tubulin2.log
    jobid: 30
    wildcards: subject=gonium, query=beta_tubulin2

[Fri Nov 22 17:27:59 2019]
Finished job 30.
4 of 37 steps (11%) done

[Fri Nov 22 17:27:59 2019]
rule exonerate:
    input: data/queries/beta_tubulin2.faa, matches/gonium/beta_tubulin2.fna
    output: exonerate/gonium/beta_tubulin2.ryo, exonerate/gonium/beta_tubulin2.fna, exonerate/gonium/beta_tubulin2.faa
    log: log/exonerate/gonium/beta_tubulin2.log
    jobid: 25
    wildcards: subject=gonium, query=beta_tubulin2

[Fri Nov 22 17:28:01 2019]
Finished job 25.
5 of 37 steps (14%) done

[Fri Nov 22 17:28:01 2019]
rule spaln:
    input: data/queries/beta_tubulin2.faa, matches/gonium/beta_tubulin2.fna
    output: spaln/gonium/beta_tubulin2.sp, spaln/gonium/beta_tubulin2.fna, spaln/gonium/beta_tubulin2_temp.fna, spaln/gonium/beta_tubulin2.faa
    log: log/spaln/gonium/beta_tubulin2.log
    jobid: 26
    wildcards: subject=gonium, query=beta_tubulin2

Removing temporary output file spaln/gonium/beta_tubulin2_temp.fna.
[Fri Nov 22 17:28:04 2019]
Finished job 26.
6 of 37 steps (16%) done

[Fri Nov 22 17:28:04 2019]
rule cd_hit:
    input: exonerate/gonium/beta_tubulin2.faa, spaln/gonium/beta_tubulin2.faa
    output: cd_hit/gonium/beta_tubulin2_joined.faa, cd_hit/gonium/beta_tubulin2_merged.faa
    log: log/cd_hit/gonium/beta_tubulin2.log
    jobid: 18
    wildcards: subject=gonium, query=beta_tubulin2

[Fri Nov 22 17:28:05 2019]
Finished job 18.
7 of 37 steps (19%) done

[Fri Nov 22 17:28:05 2019]
rule alignment:
    input: data/queries/beta_tubulin2.faa, cd_hit/gonium/beta_tubulin2_merged.faa
    output: scores/gonium/beta_tubulin2.sim, scores/gonium/beta_tubulin2_temp.st, scores/gonium/beta_tubulin2_temp_query.faa, scores/gonium/beta_tubulin2_temp_hit.faa
    log: log/scores/gonium/beta_tubulin2.log
    jobid: 14
    wildcards: subject=gonium, query=beta_tubulin2

Removing temporary output file scores/gonium/beta_tubulin2_temp.st.
Removing temporary output file scores/gonium/beta_tubulin2_temp_query.faa.
Removing temporary output file scores/gonium/beta_tubulin2_temp_hit.faa.
[Fri Nov 22 17:28:05 2019]
Finished job 14.
8 of 37 steps (22%) done

[Fri Nov 22 17:28:05 2019]
rule get_best_hit:
    input: scores/gonium/beta_tubulin2.sim
    output: best_hit/gonium/beta_tubulin2.tsv
    log: log/best_hit/gonium/beta_tubulin2.log
    jobid: 10
    wildcards: subject=gonium, query=beta_tubulin2

[Fri Nov 22 17:28:05 2019]
Finished job 10.
9 of 37 steps (24%) done

[Fri Nov 22 17:28:05 2019]
rule blast:
    input: blast_dbs/csp/temp.db, data/queries/beta_tubulin2.faa
    output: blast_results/csp/beta_tubulin2.hit
    log: log/blast_results/csp/beta_tubulin2.log
    jobid: 32
    wildcards: subject=csp, query=beta_tubulin2

(tblastn -query data/queries/beta_tubulin2.faa -db blast_dbs/csp/csp -outfmt '6 qseqid sseqid sstart send' -evalue 1e-4 > blast_results/csp/beta_tubulin2.hit) 2> log/blast_results/csp/beta_tubulin2.log
[Fri Nov 22 17:28:07 2019]
Finished job 32.
10 of 37 steps (27%) done

[Fri Nov 22 17:28:07 2019]
rule matcher:
    input: data/subjects/csp.fna, blast_results/csp/beta_tubulin2.hit
    output: matches/csp/beta_tubulin2.fna
    log: log/matches/csp/beta_tubulin2.log
    jobid: 28
    wildcards: subject=csp, query=beta_tubulin2

[Fri Nov 22 17:28:08 2019]
Finished job 28.
11 of 37 steps (30%) done

[Fri Nov 22 17:28:08 2019]
rule exonerate:
    input: data/queries/beta_tubulin2.faa, matches/csp/beta_tubulin2.fna
    output: exonerate/csp/beta_tubulin2.ryo, exonerate/csp/beta_tubulin2.fna, exonerate/csp/beta_tubulin2.faa
    log: log/exonerate/csp/beta_tubulin2.log
    jobid: 21
    wildcards: subject=csp, query=beta_tubulin2

[Fri Nov 22 17:28:17 2019]
Finished job 21.
12 of 37 steps (32%) done

[Fri Nov 22 17:28:17 2019]
rule spaln:
    input: data/queries/beta_tubulin2.faa, matches/csp/beta_tubulin2.fna
    output: spaln/csp/beta_tubulin2.sp, spaln/csp/beta_tubulin2.fna, spaln/csp/beta_tubulin2_temp.fna, spaln/csp/beta_tubulin2.faa
    log: log/spaln/csp/beta_tubulin2.log
    jobid: 22
    wildcards: subject=csp, query=beta_tubulin2

Removing temporary output file spaln/csp/beta_tubulin2_temp.fna.
[Fri Nov 22 17:28:20 2019]
Finished job 22.
13 of 37 steps (35%) done

[Fri Nov 22 17:28:20 2019]
rule cd_hit:
    input: exonerate/csp/beta_tubulin2.faa, spaln/csp/beta_tubulin2.faa
    output: cd_hit/csp/beta_tubulin2_joined.faa, cd_hit/csp/beta_tubulin2_merged.faa
    log: log/cd_hit/csp/beta_tubulin2.log
    jobid: 16
    wildcards: subject=csp, query=beta_tubulin2

[Fri Nov 22 17:28:21 2019]
Finished job 16.
14 of 37 steps (38%) done

[Fri Nov 22 17:28:21 2019]
rule alignment:
    input: data/queries/beta_tubulin2.faa, cd_hit/csp/beta_tubulin2_merged.faa
    output: scores/csp/beta_tubulin2.sim, scores/csp/beta_tubulin2_temp.st, scores/csp/beta_tubulin2_temp_query.faa, scores/csp/beta_tubulin2_temp_hit.faa
    log: log/scores/csp/beta_tubulin2.log
    jobid: 12
    wildcards: subject=csp, query=beta_tubulin2

Removing temporary output file scores/csp/beta_tubulin2_temp.st.
Removing temporary output file scores/csp/beta_tubulin2_temp_query.faa.
Removing temporary output file scores/csp/beta_tubulin2_temp_hit.faa.
[Fri Nov 22 17:28:21 2019]
Finished job 12.
15 of 37 steps (41%) done

[Fri Nov 22 17:28:21 2019]
rule get_best_hit:
    input: scores/csp/beta_tubulin2.sim
    output: best_hit/csp/beta_tubulin2.tsv
    log: log/best_hit/csp/beta_tubulin2.log
    jobid: 8
    wildcards: subject=csp, query=beta_tubulin2

[Fri Nov 22 17:28:22 2019]
Finished job 8.
16 of 37 steps (43%) done

[Fri Nov 22 17:28:22 2019]
rule blast:
    input: blast_dbs/gonium/temp.db, data/queries/actin.faa
    output: blast_results/gonium/actin.hit
    log: log/blast_results/gonium/actin.log
    jobid: 33
    wildcards: subject=gonium, query=actin

(tblastn -query data/queries/actin.faa -db blast_dbs/gonium/gonium -outfmt '6 qseqid sseqid sstart send' -evalue 1e-4 > blast_results/gonium/actin.hit) 2> log/blast_results/gonium/actin.log
[Fri Nov 22 17:28:23 2019]
Finished job 33.
17 of 37 steps (46%) done

[Fri Nov 22 17:28:23 2019]
rule matcher:
    input: data/subjects/gonium.fna, blast_results/gonium/actin.hit
    output: matches/gonium/actin.fna
    log: log/matches/gonium/actin.log
    jobid: 29
    wildcards: subject=gonium, query=actin

[Fri Nov 22 17:28:25 2019]
Finished job 29.
18 of 37 steps (49%) done

[Fri Nov 22 17:28:25 2019]
rule spaln:
    input: data/queries/actin.faa, matches/gonium/actin.fna
    output: spaln/gonium/actin.sp, spaln/gonium/actin.fna, spaln/gonium/actin_temp.fna, spaln/gonium/actin.faa
    log: log/spaln/gonium/actin.log
    jobid: 24
    wildcards: subject=gonium, query=actin

Removing temporary output file spaln/gonium/actin_temp.fna.
[Fri Nov 22 17:28:28 2019]
Finished job 24.
19 of 37 steps (51%) done

[Fri Nov 22 17:28:28 2019]
rule exonerate:
    input: data/queries/actin.faa, matches/gonium/actin.fna
    output: exonerate/gonium/actin.ryo, exonerate/gonium/actin.fna, exonerate/gonium/actin.faa
    log: log/exonerate/gonium/actin.log
    jobid: 23
    wildcards: subject=gonium, query=actin

[Fri Nov 22 17:28:35 2019]
Finished job 23.
20 of 37 steps (54%) done

[Fri Nov 22 17:28:35 2019]
rule cd_hit:
    input: exonerate/gonium/actin.faa, spaln/gonium/actin.faa
    output: cd_hit/gonium/actin_joined.faa, cd_hit/gonium/actin_merged.faa
    log: log/cd_hit/gonium/actin.log
    jobid: 17
    wildcards: subject=gonium, query=actin

[Fri Nov 22 17:28:35 2019]
Finished job 17.
21 of 37 steps (57%) done

[Fri Nov 22 17:28:35 2019]
rule alignment:
    input: data/queries/actin.faa, cd_hit/gonium/actin_merged.faa
    output: scores/gonium/actin.sim, scores/gonium/actin_temp.st, scores/gonium/actin_temp_query.faa, scores/gonium/actin_temp_hit.faa
    log: log/scores/gonium/actin.log
    jobid: 13
    wildcards: subject=gonium, query=actin

Removing temporary output file scores/gonium/actin_temp.st.
Removing temporary output file scores/gonium/actin_temp_query.faa.
Removing temporary output file scores/gonium/actin_temp_hit.faa.
[Fri Nov 22 17:28:36 2019]
Finished job 13.
22 of 37 steps (59%) done

[Fri Nov 22 17:28:36 2019]
rule get_best_hit:
    input: scores/gonium/actin.sim
    output: best_hit/gonium/actin.tsv
    log: log/best_hit/gonium/actin.log
    jobid: 9
    wildcards: subject=gonium, query=actin

[Fri Nov 22 17:28:36 2019]
Finished job 9.
23 of 37 steps (62%) done

[Fri Nov 22 17:28:36 2019]
rule blast:
    input: blast_dbs/csp/temp.db, data/queries/actin.faa
    output: blast_results/csp/actin.hit
    log: log/blast_results/csp/actin.log
    jobid: 31
    wildcards: subject=csp, query=actin

(tblastn -query data/queries/actin.faa -db blast_dbs/csp/csp -outfmt '6 qseqid sseqid sstart send' -evalue 1e-4 > blast_results/csp/actin.hit) 2> log/blast_results/csp/actin.log
[Fri Nov 22 17:28:38 2019]
Finished job 31.
24 of 37 steps (65%) done

[Fri Nov 22 17:28:38 2019]
rule matcher:
    input: data/subjects/csp.fna, blast_results/csp/actin.hit
    output: matches/csp/actin.fna
    log: log/matches/csp/actin.log
    jobid: 27
    wildcards: subject=csp, query=actin

[Fri Nov 22 17:28:38 2019]
Finished job 27.
25 of 37 steps (68%) done

[Fri Nov 22 17:28:38 2019]
rule spaln:
    input: data/queries/actin.faa, matches/csp/actin.fna
    output: spaln/csp/actin.sp, spaln/csp/actin.fna, spaln/csp/actin_temp.fna, spaln/csp/actin.faa
    log: log/spaln/csp/actin.log
    jobid: 20
    wildcards: subject=csp, query=actin

Removing temporary output file spaln/csp/actin_temp.fna.
[Fri Nov 22 17:28:41 2019]
Finished job 20.
26 of 37 steps (70%) done

[Fri Nov 22 17:28:41 2019]
rule exonerate:
    input: data/queries/actin.faa, matches/csp/actin.fna
    output: exonerate/csp/actin.ryo, exonerate/csp/actin.fna, exonerate/csp/actin.faa
    log: log/exonerate/csp/actin.log
    jobid: 19
    wildcards: subject=csp, query=actin

[Fri Nov 22 17:28:45 2019]
Finished job 19.
27 of 37 steps (73%) done

[Fri Nov 22 17:28:45 2019]
rule cd_hit:
    input: exonerate/csp/actin.faa, spaln/csp/actin.faa
    output: cd_hit/csp/actin_joined.faa, cd_hit/csp/actin_merged.faa
    log: log/cd_hit/csp/actin.log
    jobid: 15
    wildcards: subject=csp, query=actin

[Fri Nov 22 17:28:46 2019]
Finished job 15.
28 of 37 steps (76%) done

[Fri Nov 22 17:28:46 2019]
rule alignment:
    input: data/queries/actin.faa, cd_hit/csp/actin_merged.faa
    output: scores/csp/actin.sim, scores/csp/actin_temp.st, scores/csp/actin_temp_query.faa, scores/csp/actin_temp_hit.faa
    log: log/scores/csp/actin.log
    jobid: 11
    wildcards: subject=csp, query=actin

Removing temporary output file scores/csp/actin_temp.st.
Removing temporary output file scores/csp/actin_temp_query.faa.
Removing temporary output file scores/csp/actin_temp_hit.faa.
[Fri Nov 22 17:28:46 2019]
Finished job 11.
29 of 37 steps (78%) done

[Fri Nov 22 17:28:46 2019]
rule get_best_hit:
    input: scores/csp/actin.sim
    output: best_hit/csp/actin.tsv
    log: log/best_hit/csp/actin.log
    jobid: 7
    wildcards: subject=csp, query=actin

[Fri Nov 22 17:28:46 2019]
Finished job 7.
30 of 37 steps (81%) done

[Fri Nov 22 17:28:46 2019]
rule join_results:
    input: best_hit/csp/actin.tsv, best_hit/csp/beta_tubulin2.tsv, best_hit/gonium/actin.tsv, best_hit/gonium/beta_tubulin2.tsv
    output: results/retained/proda.tsv, results/discarded/proda.tsv
    log: log/results/results.log
    jobid: 6

[Fri Nov 22 17:28:47 2019]
Finished job 6.
31 of 37 steps (84%) done

[Fri Nov 22 17:28:47 2019]
rule visualize_results:
    input: results/retained/proda.tsv, results/discarded/proda.tsv
    output: results/retained/alignments/csp/beta_tubulin2.png, results/retained/alignments/csp/beta_tubulin2_hit.faa, results/retained/alignments/csp/beta_tubulin2_query.faa, results/retained/alignments/csp/beta_tubulin2.clustal, results/discarded/alignments/csp/beta_tubulin2.png, results/discarded/alignments/csp/beta_tubulin2_hit.faa, results/discarded/alignments/csp/beta_tubulin2_query.faa, results/discarded/alignments/csp/beta_tubulin2.clustal
    log: log/results/retained/alignments/csp/beta_tubulin2.log, log/results/discarded/alignments/csp/beta_tubulin2.log
    jobid: 3
    wildcards: subject=csp, query=beta_tubulin2

Shutting down, this might take some time.
Exiting because a job execution failed. Look above for error message
Complete log: /home/valentin/git/ProDA/.snakemake/log/2019-11-22T172753.535015.snakemake.log
