Building DAG of jobs...
Using shell: /bin/bash
Provided cores: 1
Rules claiming more threads will be scaled down.
Job counts:
	count	jobs
	1	all
	4	blast
	2	makeblastdb
	1	matcher
	1	test
	9

[Tue Nov 19 09:56:25 2019]
rule makeblastdb:
    input: ../data/subjects/gonium.fasta
    output: blast_dbs/gonium/temp.db
    log: log/blast_dbs/gonium.log
    jobid: 8
    wildcards: subject=gonium

(makeblastdb -in ../data/subjects/gonium.fasta -dbtype nucl -out blast_dbs/gonium/gonium) 2> log/blast_dbs/gonium.log && touch blast_dbs/gonium/temp.db
[Tue Nov 19 09:56:27 2019]
Finished job 8.
1 of 9 steps (11%) done

[Tue Nov 19 09:56:27 2019]
rule makeblastdb:
    input: ../data/subjects/csp.fasta
    output: blast_dbs/csp/temp.db
    log: log/blast_dbs/csp.log
    jobid: 7
    wildcards: subject=csp

(makeblastdb -in ../data/subjects/csp.fasta -dbtype nucl -out blast_dbs/csp/csp) 2> log/blast_dbs/csp.log && touch blast_dbs/csp/temp.db
[Tue Nov 19 09:56:28 2019]
Finished job 7.
2 of 9 steps (22%) done

[Tue Nov 19 09:56:28 2019]
rule blast:
    input: blast_dbs/csp/temp.db, ../data/queries/beta_tubulin2.faa
    output: blast_results/csp/beta_tubulin2.hit
    log: log/blast_results/csp/beta_tubulin2.log
    jobid: 4
    wildcards: subject=csp, query=beta_tubulin2

(tblastn -query ../data/queries/beta_tubulin2.faa -db blast_dbs/csp/csp -outfmt '6 qseqid sseqid sstart send' -evalue 1e-4 > blast_results/csp/beta_tubulin2.hit) 2> log/blast_results/csp/beta_tubulin2.log
[Tue Nov 19 09:56:29 2019]
Finished job 4.
3 of 9 steps (33%) done

[Tue Nov 19 09:56:29 2019]
rule blast:
    input: blast_dbs/gonium/temp.db, ../data/queries/beta_tubulin2.faa
    output: blast_results/gonium/beta_tubulin2.hit
    log: log/blast_results/gonium/beta_tubulin2.log
    jobid: 6
    wildcards: subject=gonium, query=beta_tubulin2

(tblastn -query ../data/queries/beta_tubulin2.faa -db blast_dbs/gonium/gonium -outfmt '6 qseqid sseqid sstart send' -evalue 1e-4 > blast_results/gonium/beta_tubulin2.hit) 2> log/blast_results/gonium/beta_tubulin2.log
[Tue Nov 19 09:56:31 2019]
Finished job 6.
4 of 9 steps (44%) done

[Tue Nov 19 09:56:31 2019]
rule blast:
    input: blast_dbs/gonium/temp.db, ../data/queries/actin.faa
    output: blast_results/gonium/actin.hit
    log: log/blast_results/gonium/actin.log
    jobid: 5
    wildcards: subject=gonium, query=actin

(tblastn -query ../data/queries/actin.faa -db blast_dbs/gonium/gonium -outfmt '6 qseqid sseqid sstart send' -evalue 1e-4 > blast_results/gonium/actin.hit) 2> log/blast_results/gonium/actin.log
[Tue Nov 19 09:56:33 2019]
Finished job 5.
5 of 9 steps (56%) done

[Tue Nov 19 09:56:33 2019]
rule blast:
    input: blast_dbs/csp/temp.db, ../data/queries/actin.faa
    output: blast_results/csp/actin.hit
    log: log/blast_results/csp/actin.log
    jobid: 3
    wildcards: subject=csp, query=actin

(tblastn -query ../data/queries/actin.faa -db blast_dbs/csp/csp -outfmt '6 qseqid sseqid sstart send' -evalue 1e-4 > blast_results/csp/actin.hit) 2> log/blast_results/csp/actin.log
[Tue Nov 19 09:56:34 2019]
Finished job 3.
6 of 9 steps (67%) done

[Tue Nov 19 09:56:34 2019]
rule matcher:
    input: ../data/subjects/csp.fasta, ../data/subjects/gonium.fasta, blast_results/csp/actin.hit, blast_results/csp/beta_tubulin2.hit, blast_results/gonium/actin.hit, blast_results/gonium/beta_tubulin2.hit
    output: temp/scripts.txt
    jobid: 2

/home/valentin/anaconda3/bin/python3.6 /home/valentin/git/ProDA/.snakemake/scripts/tmpmckvs1ri.contig_query_matcher.py
[Tue Nov 19 09:56:35 2019]
Error in rule matcher:
    jobid: 2
    output: temp/scripts.txt

RuleException:
CalledProcessError in line 19 of /home/valentin/git/ProDA/Snakefile:
Command 'set -euo pipefail;  /home/valentin/anaconda3/bin/python3.6 /home/valentin/git/ProDA/.snakemake/scripts/tmpmckvs1ri.contig_query_matcher.py' returned non-zero exit status 1.
  File "/home/valentin/git/ProDA/Snakefile", line 19, in __rule_matcher
  File "/home/valentin/anaconda3/lib/python3.6/concurrent/futures/thread.py", line 56, in run
Shutting down, this might take some time.
Exiting because a job execution failed. Look above for error message
Complete log: /home/valentin/git/ProDA/.snakemake/log/2019-11-19T095625.556072.snakemake.log
