Building DAG of jobs...
Using shell: /bin/bash
Provided cores: 1
Rules claiming more threads will be scaled down.
Job counts:
	count	jobs
	1	all
	4	blast
	4	exonerate
	2	makeblastdb
	4	matcher
	1	test
	16

[Thu Nov 21 12:08:51 2019]
rule makeblastdb:
    input: data/subjects/gonium.fna
    output: blast_dbs/gonium/temp.db
    log: log/blast_dbs/gonium.log
    jobid: 15
    wildcards: subject=gonium

(makeblastdb -in data/subjects/gonium.fna -dbtype nucl -out blast_dbs/gonium/gonium) 2> log/blast_dbs/gonium.log && touch blast_dbs/gonium/temp.db
[Thu Nov 21 12:08:53 2019]
Finished job 15.
1 of 16 steps (6%) done

[Thu Nov 21 12:08:53 2019]
rule makeblastdb:
    input: data/subjects/csp.fna
    output: blast_dbs/csp/temp.db
    log: log/blast_dbs/csp.log
    jobid: 14
    wildcards: subject=csp

(makeblastdb -in data/subjects/csp.fna -dbtype nucl -out blast_dbs/csp/csp) 2> log/blast_dbs/csp.log && touch blast_dbs/csp/temp.db
[Thu Nov 21 12:08:53 2019]
Finished job 14.
2 of 16 steps (12%) done

[Thu Nov 21 12:08:53 2019]
rule blast:
    input: blast_dbs/gonium/temp.db, data/queries/beta_tubulin2.faa
    output: blast_results/gonium/beta_tubulin2.hit
    log: log/blast_results/gonium/beta_tubulin2.log
    jobid: 13
    wildcards: subject=gonium, query=beta_tubulin2

(tblastn -query data/queries/beta_tubulin2.faa -db blast_dbs/gonium/gonium -outfmt '6 qseqid sseqid sstart send' -evalue 1e-4 > blast_results/gonium/beta_tubulin2.hit) 2> log/blast_results/gonium/beta_tubulin2.log
[Thu Nov 21 12:08:55 2019]
Finished job 13.
3 of 16 steps (19%) done

[Thu Nov 21 12:08:55 2019]
rule matcher:
    input: data/subjects/gonium.fna, blast_results/gonium/beta_tubulin2.hit
    output: matches/gonium/beta_tubulin2.fna
    log: log/matches/gonium/beta_tubulin2.log
    jobid: 9
    wildcards: subject=gonium, query=beta_tubulin2

/home/valentin/anaconda3/bin/python3.6 /home/valentin/git/ProDA/.snakemake/scripts/tmpeysgovs5.contig_query_matcher.py
[Thu Nov 21 12:08:57 2019]
Finished job 9.
4 of 16 steps (25%) done

[Thu Nov 21 12:08:57 2019]
rule exonerate:
    input: data/queries/beta_tubulin2.faa, matches/gonium/beta_tubulin2.fna
    output: exonerate/gonium/beta_tubulin2.ryo, exonerate/gonium/beta_tubulin2.fna, exonerate/gonium/beta_tubulin2.faa
    log: log/exonerate/gonium/beta_tubulin2.log
    jobid: 5
    wildcards: subject=gonium, query=beta_tubulin2

[Thu Nov 21 12:08:58 2019]
Finished job 5.
5 of 16 steps (31%) done

[Thu Nov 21 12:08:58 2019]
rule blast:
    input: blast_dbs/csp/temp.db, data/queries/beta_tubulin2.faa
    output: blast_results/csp/beta_tubulin2.hit
    log: log/blast_results/csp/beta_tubulin2.log
    jobid: 11
    wildcards: subject=csp, query=beta_tubulin2

(tblastn -query data/queries/beta_tubulin2.faa -db blast_dbs/csp/csp -outfmt '6 qseqid sseqid sstart send' -evalue 1e-4 > blast_results/csp/beta_tubulin2.hit) 2> log/blast_results/csp/beta_tubulin2.log
[Thu Nov 21 12:08:59 2019]
Finished job 11.
6 of 16 steps (38%) done

[Thu Nov 21 12:08:59 2019]
rule matcher:
    input: data/subjects/csp.fna, blast_results/csp/beta_tubulin2.hit
    output: matches/csp/beta_tubulin2.fna
    log: log/matches/csp/beta_tubulin2.log
    jobid: 7
    wildcards: subject=csp, query=beta_tubulin2

/home/valentin/anaconda3/bin/python3.6 /home/valentin/git/ProDA/.snakemake/scripts/tmpibj4amap.contig_query_matcher.py
[Thu Nov 21 12:09:00 2019]
Finished job 7.
7 of 16 steps (44%) done

[Thu Nov 21 12:09:00 2019]
rule exonerate:
    input: data/queries/beta_tubulin2.faa, matches/csp/beta_tubulin2.fna
    output: exonerate/csp/beta_tubulin2.ryo, exonerate/csp/beta_tubulin2.fna, exonerate/csp/beta_tubulin2.faa
    log: log/exonerate/csp/beta_tubulin2.log
    jobid: 3
    wildcards: subject=csp, query=beta_tubulin2

[Thu Nov 21 12:09:06 2019]
Finished job 3.
8 of 16 steps (50%) done

[Thu Nov 21 12:09:06 2019]
rule blast:
    input: blast_dbs/gonium/temp.db, data/queries/actin.faa
    output: blast_results/gonium/actin.hit
    log: log/blast_results/gonium/actin.log
    jobid: 12
    wildcards: subject=gonium, query=actin

(tblastn -query data/queries/actin.faa -db blast_dbs/gonium/gonium -outfmt '6 qseqid sseqid sstart send' -evalue 1e-4 > blast_results/gonium/actin.hit) 2> log/blast_results/gonium/actin.log
[Thu Nov 21 12:09:08 2019]
Finished job 12.
9 of 16 steps (56%) done

[Thu Nov 21 12:09:08 2019]
rule matcher:
    input: data/subjects/gonium.fna, blast_results/gonium/actin.hit
    output: matches/gonium/actin.fna
    log: log/matches/gonium/actin.log
    jobid: 8
    wildcards: subject=gonium, query=actin

/home/valentin/anaconda3/bin/python3.6 /home/valentin/git/ProDA/.snakemake/scripts/tmpdpb3ngil.contig_query_matcher.py
[Thu Nov 21 12:09:09 2019]
Finished job 8.
10 of 16 steps (62%) done

[Thu Nov 21 12:09:09 2019]
rule exonerate:
    input: data/queries/actin.faa, matches/gonium/actin.fna
    output: exonerate/gonium/actin.ryo, exonerate/gonium/actin.fna, exonerate/gonium/actin.faa
    log: log/exonerate/gonium/actin.log
    jobid: 4
    wildcards: subject=gonium, query=actin

[Thu Nov 21 12:09:12 2019]
Finished job 4.
11 of 16 steps (69%) done

[Thu Nov 21 12:09:12 2019]
rule blast:
    input: blast_dbs/csp/temp.db, data/queries/actin.faa
    output: blast_results/csp/actin.hit
    log: log/blast_results/csp/actin.log
    jobid: 10
    wildcards: subject=csp, query=actin

(tblastn -query data/queries/actin.faa -db blast_dbs/csp/csp -outfmt '6 qseqid sseqid sstart send' -evalue 1e-4 > blast_results/csp/actin.hit) 2> log/blast_results/csp/actin.log
[Thu Nov 21 12:09:13 2019]
Finished job 10.
12 of 16 steps (75%) done

[Thu Nov 21 12:09:13 2019]
rule matcher:
    input: data/subjects/csp.fna, blast_results/csp/actin.hit
    output: matches/csp/actin.fna
    log: log/matches/csp/actin.log
    jobid: 6
    wildcards: subject=csp, query=actin

/home/valentin/anaconda3/bin/python3.6 /home/valentin/git/ProDA/.snakemake/scripts/tmpfr7_e22m.contig_query_matcher.py
[Thu Nov 21 12:09:14 2019]
Finished job 6.
13 of 16 steps (81%) done

[Thu Nov 21 12:09:14 2019]
rule exonerate:
    input: data/queries/actin.faa, matches/csp/actin.fna
    output: exonerate/csp/actin.ryo, exonerate/csp/actin.fna, exonerate/csp/actin.faa
    log: log/exonerate/csp/actin.log
    jobid: 2
    wildcards: subject=csp, query=actin

[Thu Nov 21 12:09:17 2019]
Finished job 2.
14 of 16 steps (88%) done

[Thu Nov 21 12:09:17 2019]
rule test:
    input: exonerate/csp/actin.faa, exonerate/csp/beta_tubulin2.faa, exonerate/gonium/actin.faa, exonerate/gonium/beta_tubulin2.faa
    output: temp/end.txt
    jobid: 1

touch temp/end.txt
[Thu Nov 21 12:09:17 2019]
Finished job 1.
15 of 16 steps (94%) done

[Thu Nov 21 12:09:17 2019]
localrule all:
    input: temp/end.txt
    jobid: 0

[Thu Nov 21 12:09:17 2019]
Finished job 0.
16 of 16 steps (100%) done
Complete log: /home/valentin/git/ProDA/.snakemake/log/2019-11-21T120851.255812.snakemake.log
