Building DAG of jobs...
Using shell: /bin/bash
Provided cores: 1
Rules claiming more threads will be scaled down.
Job counts:
	count	jobs
	66	Blast
	66	Cd_Hit
	66	Exonerate
	1	JalView
	6	MakeBlastDB
	66	Regions
	1	Results
	66	Similarity
	66	Spaln
	66	Stretcher
	1	all
	471

[Tue Nov 26 14:14:03 2019]
rule MakeBlastDB:
    input: data/subjects/egr.fna
    output: blast_dbs/egr/temp.db
    log: log/blast_dbs/egr.log
    jobid: 468
    wildcards: subject=egr

Terminating processes on user request, this might take some time.
[Tue Nov 26 14:14:18 2019]
Error in rule MakeBlastDB:
    jobid: 468
    output: blast_dbs/egr/temp.db
    log: log/blast_dbs/egr.log (check log file(s) for error message)
    shell:
        (makeblastdb -in data/subjects/egr.fna -dbtype nucl -out blast_dbs/egr/egr) 2> log/blast_dbs/egr.log && touch blast_dbs/egr/temp.db
        (one of the commands exited with non-zero exit code; note that snakemake uses bash strict mode!)

Complete log: /home/valentin/git/ProDA/.snakemake/log/2019-11-26T141402.977986.snakemake.log
