Building DAG of jobs...
Using shell: /bin/bash
Provided cores: 10
Rules claiming more threads will be scaled down.
Job counts:
	count	jobs
	9	alignment
	1	all
	9	blast
	9	cd_hit
	9	exonerate
	9	get_best_hit
	1	join_results
	3	makeblastdb
	9	matcher
	9	spaln
	1	visualize_results
	69

[Mon Nov 25 09:45:26 2019]
rule makeblastdb:
    input: data/subjects/ppr.fna
    output: blast_dbs/ppr/temp.db
    log: log/blast_dbs/ppr.log
    jobid: 68
    wildcards: subject=ppr

(makeblastdb -in data/subjects/ppr.fna -dbtype nucl -out blast_dbs/ppr/ppr) 2> log/blast_dbs/ppr.log && touch blast_dbs/ppr/temp.db

[Mon Nov 25 09:45:26 2019]
rule makeblastdb:
    input: data/subjects/csp.fna
    output: blast_dbs/csp/temp.db
    log: log/blast_dbs/csp.log
    jobid: 66
    wildcards: subject=csp

(makeblastdb -in data/subjects/csp.fna -dbtype nucl -out blast_dbs/csp/csp) 2> log/blast_dbs/csp.log && touch blast_dbs/csp/temp.db

[Mon Nov 25 09:45:26 2019]
rule makeblastdb:
    input: data/subjects/gpe.fna
    output: blast_dbs/gpe/temp.db
    log: log/blast_dbs/gpe.log
    jobid: 67
    wildcards: subject=gpe

(makeblastdb -in data/subjects/gpe.fna -dbtype nucl -out blast_dbs/gpe/gpe) 2> log/blast_dbs/gpe.log && touch blast_dbs/gpe/temp.db
[Mon Nov 25 09:45:26 2019]
Finished job 68.
1 of 69 steps (1%) done

[Mon Nov 25 09:45:26 2019]
rule blast:
    input: blast_dbs/ppr/temp.db, data/queries/actin.faa
    output: blast_results/ppr/actin.hit
    log: log/blast_results/ppr/actin.log
    jobid: 63
    wildcards: subject=ppr, query=actin

(tblastn -query data/queries/actin.faa -db blast_dbs/ppr/ppr -outfmt '6 qseqid sseqid sstart send' -evalue 1e-4 > blast_results/ppr/actin.hit) 2> log/blast_results/ppr/actin.log

[Mon Nov 25 09:45:26 2019]
rule blast:
    input: blast_dbs/ppr/temp.db, data/queries/beta_tubulin2.faa
    output: blast_results/ppr/beta_tubulin2.hit
    log: log/blast_results/ppr/beta_tubulin2.log
    jobid: 64
    wildcards: subject=ppr, query=beta_tubulin2

(tblastn -query data/queries/beta_tubulin2.faa -db blast_dbs/ppr/ppr -outfmt '6 qseqid sseqid sstart send' -evalue 1e-4 > blast_results/ppr/beta_tubulin2.hit) 2> log/blast_results/ppr/beta_tubulin2.log

[Mon Nov 25 09:45:26 2019]
rule blast:
    input: blast_dbs/ppr/temp.db, data/queries/ip3r_channels.faa
    output: blast_results/ppr/ip3r_channels.hit
    log: log/blast_results/ppr/ip3r_channels.log
    jobid: 65
    wildcards: subject=ppr, query=ip3r_channels

(tblastn -query data/queries/ip3r_channels.faa -db blast_dbs/ppr/ppr -outfmt '6 qseqid sseqid sstart send' -evalue 1e-4 > blast_results/ppr/ip3r_channels.hit) 2> log/blast_results/ppr/ip3r_channels.log
[Mon Nov 25 09:45:26 2019]
Finished job 63.
2 of 69 steps (3%) done

[Mon Nov 25 09:45:26 2019]
rule matcher:
    input: data/subjects/ppr.fna, blast_results/ppr/actin.hit
    output: matches/ppr/actin.fna
    log: log/matches/ppr/actin.log
    jobid: 54
    wildcards: subject=ppr, query=actin

[Mon Nov 25 09:45:26 2019]
Finished job 64.
3 of 69 steps (4%) done

[Mon Nov 25 09:45:26 2019]
rule matcher:
    input: data/subjects/ppr.fna, blast_results/ppr/beta_tubulin2.hit
    output: matches/ppr/beta_tubulin2.fna
    log: log/matches/ppr/beta_tubulin2.log
    jobid: 55
    wildcards: subject=ppr, query=beta_tubulin2

[Mon Nov 25 09:45:27 2019]
Finished job 65.
4 of 69 steps (6%) done

[Mon Nov 25 09:45:27 2019]
rule matcher:
    input: data/subjects/ppr.fna, blast_results/ppr/ip3r_channels.hit
    output: matches/ppr/ip3r_channels.fna
    log: log/matches/ppr/ip3r_channels.log
    jobid: 56
    wildcards: subject=ppr, query=ip3r_channels

[Mon Nov 25 09:45:27 2019]
Finished job 54.
5 of 69 steps (7%) done

[Mon Nov 25 09:45:27 2019]
rule spaln:
    input: data/queries/actin.faa, matches/ppr/actin.fna
    output: spaln/ppr/actin.sp, spaln/ppr/actin.faa, spaln/ppr/actin_temp.sp, spaln/ppr/actin.fna
    log: log/spaln/ppr/actin.log
    jobid: 43
    wildcards: subject=ppr, query=actin

[Mon Nov 25 09:45:27 2019]
rule exonerate:
    input: data/queries/actin.faa, matches/ppr/actin.fna
    output: exonerate/ppr/actin.ryo, exonerate/ppr/actin.faa, exonerate/ppr/actin.fna
    log: log/exonerate/ppr/actin.log
    jobid: 42
    wildcards: subject=ppr, query=actin

[Mon Nov 25 09:45:27 2019]
Finished job 55.
6 of 69 steps (9%) done

[Mon Nov 25 09:45:27 2019]
rule exonerate:
    input: data/queries/beta_tubulin2.faa, matches/ppr/beta_tubulin2.fna
    output: exonerate/ppr/beta_tubulin2.ryo, exonerate/ppr/beta_tubulin2.faa, exonerate/ppr/beta_tubulin2.fna
    log: log/exonerate/ppr/beta_tubulin2.log
    jobid: 44
    wildcards: subject=ppr, query=beta_tubulin2

[Mon Nov 25 09:45:27 2019]
rule spaln:
    input: data/queries/beta_tubulin2.faa, matches/ppr/beta_tubulin2.fna
    output: spaln/ppr/beta_tubulin2.sp, spaln/ppr/beta_tubulin2.faa, spaln/ppr/beta_tubulin2_temp.sp, spaln/ppr/beta_tubulin2.fna
    log: log/spaln/ppr/beta_tubulin2.log
    jobid: 45
    wildcards: subject=ppr, query=beta_tubulin2

[Mon Nov 25 09:45:27 2019]
Finished job 56.
7 of 69 steps (10%) done

[Mon Nov 25 09:45:27 2019]
rule spaln:
    input: data/queries/ip3r_channels.faa, matches/ppr/ip3r_channels.fna
    output: spaln/ppr/ip3r_channels.sp, spaln/ppr/ip3r_channels.faa, spaln/ppr/ip3r_channels_temp.sp, spaln/ppr/ip3r_channels.fna
    log: log/spaln/ppr/ip3r_channels.log
    jobid: 47
    wildcards: subject=ppr, query=ip3r_channels

[Mon Nov 25 09:45:27 2019]
rule exonerate:
    input: data/queries/ip3r_channels.faa, matches/ppr/ip3r_channels.fna
    output: exonerate/ppr/ip3r_channels.ryo, exonerate/ppr/ip3r_channels.faa, exonerate/ppr/ip3r_channels.fna
    log: log/exonerate/ppr/ip3r_channels.log
    jobid: 46
    wildcards: subject=ppr, query=ip3r_channels

[Mon Nov 25 09:45:28 2019]
Finished job 66.
8 of 69 steps (12%) done

[Mon Nov 25 09:45:28 2019]
rule blast:
    input: blast_dbs/csp/temp.db, data/queries/beta_tubulin2.faa
    output: blast_results/csp/beta_tubulin2.hit
    log: log/blast_results/csp/beta_tubulin2.log
    jobid: 58
    wildcards: subject=csp, query=beta_tubulin2

(tblastn -query data/queries/beta_tubulin2.faa -db blast_dbs/csp/csp -outfmt '6 qseqid sseqid sstart send' -evalue 1e-4 > blast_results/csp/beta_tubulin2.hit) 2> log/blast_results/csp/beta_tubulin2.log

[Mon Nov 25 09:45:28 2019]
rule blast:
    input: blast_dbs/csp/temp.db, data/queries/actin.faa
    output: blast_results/csp/actin.hit
    log: log/blast_results/csp/actin.log
    jobid: 57
    wildcards: subject=csp, query=actin

(tblastn -query data/queries/actin.faa -db blast_dbs/csp/csp -outfmt '6 qseqid sseqid sstart send' -evalue 1e-4 > blast_results/csp/actin.hit) 2> log/blast_results/csp/actin.log

[Mon Nov 25 09:45:28 2019]
rule blast:
    input: blast_dbs/csp/temp.db, data/queries/ip3r_channels.faa
    output: blast_results/csp/ip3r_channels.hit
    log: log/blast_results/csp/ip3r_channels.log
    jobid: 59
    wildcards: subject=csp, query=ip3r_channels

(tblastn -query data/queries/ip3r_channels.faa -db blast_dbs/csp/csp -outfmt '6 qseqid sseqid sstart send' -evalue 1e-4 > blast_results/csp/ip3r_channels.hit) 2> log/blast_results/csp/ip3r_channels.log
[Mon Nov 25 09:45:30 2019]
Finished job 57.
9 of 69 steps (13%) done
[Mon Nov 25 09:45:30 2019]
Finished job 67.
10 of 69 steps (14%) done

[Mon Nov 25 09:45:30 2019]
rule matcher:
    input: data/subjects/csp.fna, blast_results/csp/actin.hit
    output: matches/csp/actin.fna
    log: log/matches/csp/actin.log
    jobid: 48
    wildcards: subject=csp, query=actin


[Mon Nov 25 09:45:30 2019]
rule blast:
    input: blast_dbs/gpe/temp.db, data/queries/ip3r_channels.faa
    output: blast_results/gpe/ip3r_channels.hit
    log: log/blast_results/gpe/ip3r_channels.log
    jobid: 62
    wildcards: subject=gpe, query=ip3r_channels

(tblastn -query data/queries/ip3r_channels.faa -db blast_dbs/gpe/gpe -outfmt '6 qseqid sseqid sstart send' -evalue 1e-4 > blast_results/gpe/ip3r_channels.hit) 2> log/blast_results/gpe/ip3r_channels.log
[Mon Nov 25 09:45:30 2019]
Finished job 58.
11 of 69 steps (16%) done

[Mon Nov 25 09:45:30 2019]
rule matcher:
    input: data/subjects/csp.fna, blast_results/csp/beta_tubulin2.hit
    output: matches/csp/beta_tubulin2.fna
    log: log/matches/csp/beta_tubulin2.log
    jobid: 49
    wildcards: subject=csp, query=beta_tubulin2

[Mon Nov 25 09:45:31 2019]
Finished job 48.
12 of 69 steps (17%) done

[Mon Nov 25 09:45:31 2019]
rule spaln:
    input: data/queries/actin.faa, matches/csp/actin.fna
    output: spaln/csp/actin.sp, spaln/csp/actin.faa, spaln/csp/actin_temp.sp, spaln/csp/actin.fna
    log: log/spaln/csp/actin.log
    jobid: 31
    wildcards: subject=csp, query=actin

[Mon Nov 25 09:45:32 2019]
Finished job 49.
13 of 69 steps (19%) done

[Mon Nov 25 09:45:32 2019]
rule exonerate:
    input: data/queries/beta_tubulin2.faa, matches/csp/beta_tubulin2.fna
    output: exonerate/csp/beta_tubulin2.ryo, exonerate/csp/beta_tubulin2.faa, exonerate/csp/beta_tubulin2.fna
    log: log/exonerate/csp/beta_tubulin2.log
    jobid: 32
    wildcards: subject=csp, query=beta_tubulin2

Removing temporary output file spaln/csp/actin_temp.sp.
Removing temporary output file spaln/csp/actin.fna.
[Mon Nov 25 09:45:35 2019]
Finished job 31.
14 of 69 steps (20%) done
[Mon Nov 25 09:45:36 2019]
Finished job 59.
15 of 69 steps (22%) done
[Mon Nov 25 09:45:42 2019]
Finished job 62.
16 of 69 steps (23%) done
Removing temporary output file exonerate/csp/beta_tubulin2.fna.
[Mon Nov 25 09:45:43 2019]
Finished job 32.
17 of 69 steps (25%) done
Shutting down, this might take some time.
Exiting because a job execution failed. Look above for error message
Complete log: /home/valentin/git/ProDA/.snakemake/log/2019-11-25T094525.931938.snakemake.log
