Building DAG of jobs...
Using shell: /bin/bash
Provided cores: 1
Rules claiming more threads will be scaled down.
Job counts:
	count	jobs
	1	all
	4	cd_hit
	1	test
	6

[Thu Nov 21 12:21:27 2019]
rule cd_hit:
    input: exonerate/csp/beta_tubulin2.faa, spaln/csp/beta_tubulin2.faa
    output: cd_hit/csp/beta_tubulin2_joined.faa, cd_hit/csp/beta_tubulin2_merged.faa
    log: log/cd_hit/csp/beta_tubulin2.log
    jobid: 3
    wildcards: subject=csp, query=beta_tubulin2

Shutting down, this might take some time.
Exiting because a job execution failed. Look above for error message
Complete log: /home/valentin/git/ProDA/.snakemake/log/2019-11-21T122126.976875.snakemake.log
