Building DAG of jobs...
Using shell: /bin/bash
Provided cores: 10
Rules claiming more threads will be scaled down.
Job counts:
	count	jobs
	55	alignment
	1	all
	55	blast
	55	cd_hit
	55	exonerate
	55	get_best_hit
	1	join_results
	5	makeblastdb
	55	matcher
	55	spaln
	1	visualize_results
	393

[Mon Nov 25 12:42:25 2019]
rule makeblastdb:
    input: data/subjects/gpe.fna
    output: blast_dbs/gpe/temp.db
    log: log/blast_dbs/gpe.log
    jobid: 389
    wildcards: subject=gpe

(makeblastdb -in data/subjects/gpe.fna -dbtype nucl -out blast_dbs/gpe/gpe) 2> log/blast_dbs/gpe.log && touch blast_dbs/gpe/temp.db

[Mon Nov 25 12:42:25 2019]
rule makeblastdb:
    input: data/subjects/egr.fna
    output: blast_dbs/egr/temp.db
    log: log/blast_dbs/egr.log
    jobid: 391
    wildcards: subject=egr

(makeblastdb -in data/subjects/egr.fna -dbtype nucl -out blast_dbs/egr/egr) 2> log/blast_dbs/egr.log && touch blast_dbs/egr/temp.db

[Mon Nov 25 12:42:25 2019]
rule makeblastdb:
    input: data/subjects/csp.fna
    output: blast_dbs/csp/temp.db
    log: log/blast_dbs/csp.log
    jobid: 388
    wildcards: subject=csp

(makeblastdb -in data/subjects/csp.fna -dbtype nucl -out blast_dbs/csp/csp) 2> log/blast_dbs/csp.log && touch blast_dbs/csp/temp.db

[Mon Nov 25 12:42:25 2019]
rule makeblastdb:
    input: data/subjects/hpl.fna
    output: blast_dbs/hpl/temp.db
    log: log/blast_dbs/hpl.log
    jobid: 390
    wildcards: subject=hpl

(makeblastdb -in data/subjects/hpl.fna -dbtype nucl -out blast_dbs/hpl/hpl) 2> log/blast_dbs/hpl.log && touch blast_dbs/hpl/temp.db

[Mon Nov 25 12:42:25 2019]
rule makeblastdb:
    input: data/subjects/ppr.fna
    output: blast_dbs/ppr/temp.db
    log: log/blast_dbs/ppr.log
    jobid: 392
    wildcards: subject=ppr

(makeblastdb -in data/subjects/ppr.fna -dbtype nucl -out blast_dbs/ppr/ppr) 2> log/blast_dbs/ppr.log && touch blast_dbs/ppr/temp.db
[Mon Nov 25 12:42:25 2019]
Finished job 392.
1 of 393 steps (0.25%) done

[Mon Nov 25 12:42:25 2019]
rule blast:
    input: blast_dbs/ppr/temp.db, data/queries/ip3r_channels.faa
    output: blast_results/ppr/ip3r_channels.hit
    log: log/blast_results/ppr/ip3r_channels.log
    jobid: 384
    wildcards: subject=ppr, query=ip3r_channels

(tblastn -query data/queries/ip3r_channels.faa -db blast_dbs/ppr/ppr -outfmt '6 qseqid sseqid sstart send' -evalue 1e-4 > blast_results/ppr/ip3r_channels.hit) 2> log/blast_results/ppr/ip3r_channels.log

[Mon Nov 25 12:42:25 2019]
rule blast:
    input: blast_dbs/ppr/temp.db, data/queries/cav_channels.faa
    output: blast_results/ppr/cav_channels.hit
    log: log/blast_results/ppr/cav_channels.log
    jobid: 379
    wildcards: subject=ppr, query=cav_channels

(tblastn -query data/queries/cav_channels.faa -db blast_dbs/ppr/ppr -outfmt '6 qseqid sseqid sstart send' -evalue 1e-4 > blast_results/ppr/cav_channels.hit) 2> log/blast_results/ppr/cav_channels.log

[Mon Nov 25 12:42:26 2019]
rule blast:
    input: blast_dbs/ppr/temp.db, data/queries/trp_channels.faa
    output: blast_results/ppr/trp_channels.hit
    log: log/blast_results/ppr/trp_channels.log
    jobid: 387
    wildcards: subject=ppr, query=trp_channels

(tblastn -query data/queries/trp_channels.faa -db blast_dbs/ppr/ppr -outfmt '6 qseqid sseqid sstart send' -evalue 1e-4 > blast_results/ppr/trp_channels.hit) 2> log/blast_results/ppr/trp_channels.log

[Mon Nov 25 12:42:26 2019]
rule blast:
    input: blast_dbs/ppr/temp.db, data/queries/cng_channels.faa
    output: blast_results/ppr/cng_channels.hit
    log: log/blast_results/ppr/cng_channels.log
    jobid: 381
    wildcards: subject=ppr, query=cng_channels

(tblastn -query data/queries/cng_channels.faa -db blast_dbs/ppr/ppr -outfmt '6 qseqid sseqid sstart send' -evalue 1e-4 > blast_results/ppr/cng_channels.hit) 2> log/blast_results/ppr/cng_channels.log

[Mon Nov 25 12:42:26 2019]
rule blast:
    input: blast_dbs/ppr/temp.db, data/queries/photoreceptors.faa
    output: blast_results/ppr/photoreceptors.hit
    log: log/blast_results/ppr/photoreceptors.log
    jobid: 386
    wildcards: subject=ppr, query=photoreceptors

(tblastn -query data/queries/photoreceptors.faa -db blast_dbs/ppr/ppr -outfmt '6 qseqid sseqid sstart send' -evalue 1e-4 > blast_results/ppr/photoreceptors.hit) 2> log/blast_results/ppr/photoreceptors.log

[Mon Nov 25 12:42:26 2019]
rule blast:
    input: blast_dbs/ppr/temp.db, data/queries/mscs_channels.faa
    output: blast_results/ppr/mscs_channels.hit
    log: log/blast_results/ppr/mscs_channels.log
    jobid: 385
    wildcards: subject=ppr, query=mscs_channels

(tblastn -query data/queries/mscs_channels.faa -db blast_dbs/ppr/ppr -outfmt '6 qseqid sseqid sstart send' -evalue 1e-4 > blast_results/ppr/mscs_channels.hit) 2> log/blast_results/ppr/mscs_channels.log
[Mon Nov 25 12:42:27 2019]
Finished job 384.
2 of 393 steps (0.51%) done

[Mon Nov 25 12:42:27 2019]
rule matcher:
    input: data/subjects/ppr.fna, blast_results/ppr/ip3r_channels.hit
    output: matches/ppr/ip3r_channels.fna
    log: log/matches/ppr/ip3r_channels.log
    jobid: 329
    wildcards: subject=ppr, query=ip3r_channels

[Mon Nov 25 12:42:28 2019]
Finished job 381.
3 of 393 steps (0.76%) done

[Mon Nov 25 12:42:28 2019]
rule matcher:
    input: data/subjects/ppr.fna, blast_results/ppr/cng_channels.hit
    output: matches/ppr/cng_channels.fna
    log: log/matches/ppr/cng_channels.log
    jobid: 326
    wildcards: subject=ppr, query=cng_channels

[Mon Nov 25 12:42:28 2019]
Finished job 388.
4 of 393 steps (1%) done

[Mon Nov 25 12:42:28 2019]
rule blast:
    input: blast_dbs/csp/temp.db, data/queries/cav_channels.faa
    output: blast_results/csp/cav_channels.hit
    log: log/blast_results/csp/cav_channels.log
    jobid: 335
    wildcards: subject=csp, query=cav_channels

(tblastn -query data/queries/cav_channels.faa -db blast_dbs/csp/csp -outfmt '6 qseqid sseqid sstart send' -evalue 1e-4 > blast_results/csp/cav_channels.hit) 2> log/blast_results/csp/cav_channels.log
[Mon Nov 25 12:42:29 2019]
Finished job 329.
5 of 393 steps (1%) done

[Mon Nov 25 12:42:29 2019]
rule blast:
    input: blast_dbs/csp/temp.db, data/queries/trp_channels.faa
    output: blast_results/csp/trp_channels.hit
    log: log/blast_results/csp/trp_channels.log
    jobid: 343
    wildcards: subject=csp, query=trp_channels

(tblastn -query data/queries/trp_channels.faa -db blast_dbs/csp/csp -outfmt '6 qseqid sseqid sstart send' -evalue 1e-4 > blast_results/csp/trp_channels.hit) 2> log/blast_results/csp/trp_channels.log
[Mon Nov 25 12:42:29 2019]
Finished job 385.
6 of 393 steps (2%) done

[Mon Nov 25 12:42:29 2019]
rule matcher:
    input: data/subjects/ppr.fna, blast_results/ppr/mscs_channels.hit
    output: matches/ppr/mscs_channels.fna
    log: log/matches/ppr/mscs_channels.log
    jobid: 330
    wildcards: subject=ppr, query=mscs_channels

[Mon Nov 25 12:42:30 2019]
Finished job 326.
7 of 393 steps (2%) done

[Mon Nov 25 12:42:30 2019]
rule spaln:
    input: data/queries/cng_channels.faa, matches/ppr/cng_channels.fna
    output: spaln/ppr/cng_channels.sp, spaln/ppr/cng_channels.faa, spaln/ppr/cng_channels_temp.sp, spaln/ppr/cng_channels.fna
    log: log/spaln/ppr/cng_channels.log
    jobid: 265
    wildcards: subject=ppr, query=cng_channels

[Mon Nov 25 12:42:30 2019]
Finished job 386.
8 of 393 steps (2%) done

[Mon Nov 25 12:42:30 2019]
rule matcher:
    input: data/subjects/ppr.fna, blast_results/ppr/photoreceptors.hit
    output: matches/ppr/photoreceptors.fna
    log: log/matches/ppr/photoreceptors.log
    jobid: 331
    wildcards: subject=ppr, query=photoreceptors

[Mon Nov 25 12:42:31 2019]
Finished job 330.
9 of 393 steps (2%) done

[Mon Nov 25 12:42:31 2019]
rule exonerate:
    input: data/queries/cng_channels.faa, matches/ppr/cng_channels.fna
    output: exonerate/ppr/cng_channels.ryo, exonerate/ppr/cng_channels.faa, exonerate/ppr/cng_channels.fna
    log: log/exonerate/ppr/cng_channels.log
    jobid: 264
    wildcards: subject=ppr, query=cng_channels

[Mon Nov 25 12:42:32 2019]
Finished job 331.
10 of 393 steps (3%) done

[Mon Nov 25 12:42:32 2019]
rule spaln:
    input: data/queries/photoreceptors.faa, matches/ppr/photoreceptors.fna
    output: spaln/ppr/photoreceptors.sp, spaln/ppr/photoreceptors.faa, spaln/ppr/photoreceptors_temp.sp, spaln/ppr/photoreceptors.fna
    log: log/spaln/ppr/photoreceptors.log
    jobid: 275
    wildcards: subject=ppr, query=photoreceptors

[Mon Nov 25 12:42:33 2019]
Finished job 389.
11 of 393 steps (3%) done

[Mon Nov 25 12:42:33 2019]
rule exonerate:
    input: data/queries/photoreceptors.faa, matches/ppr/photoreceptors.fna
    output: exonerate/ppr/photoreceptors.ryo, exonerate/ppr/photoreceptors.faa, exonerate/ppr/photoreceptors.fna
    log: log/exonerate/ppr/photoreceptors.log
    jobid: 274
    wildcards: subject=ppr, query=photoreceptors

[Mon Nov 25 12:42:38 2019]
Finished job 387.
12 of 393 steps (3%) done

[Mon Nov 25 12:42:38 2019]
rule matcher:
    input: data/subjects/ppr.fna, blast_results/ppr/trp_channels.hit
    output: matches/ppr/trp_channels.fna
    log: log/matches/ppr/trp_channels.log
    jobid: 332
    wildcards: subject=ppr, query=trp_channels

Terminating processes on user request, this might take some time.
[Mon Nov 25 12:42:40 2019]
Error in rule blast:
    jobid: 343
    output: blast_results/csp/trp_channels.hit
    log: log/blast_results/csp/trp_channels.log (check log file(s) for error message)
    shell:
        (tblastn -query data/queries/trp_channels.faa -db blast_dbs/csp/csp -outfmt '6 qseqid sseqid sstart send' -evalue 1e-4 > blast_results/csp/trp_channels.hit) 2> log/blast_results/csp/trp_channels.log
        (one of the commands exited with non-zero exit code; note that snakemake uses bash strict mode!)

Removing output files of failed job blast since they might be corrupted:
blast_results/csp/trp_channels.hit
[Mon Nov 25 12:42:40 2019]
Error in rule makeblastdb:
    jobid: 391
    output: blast_dbs/egr/temp.db
    log: log/blast_dbs/egr.log (check log file(s) for error message)
    shell:
        (makeblastdb -in data/subjects/egr.fna -dbtype nucl -out blast_dbs/egr/egr) 2> log/blast_dbs/egr.log && touch blast_dbs/egr/temp.db
        (one of the commands exited with non-zero exit code; note that snakemake uses bash strict mode!)

[Mon Nov 25 12:42:40 2019]
Error in rule blast:
    jobid: 379
    output: blast_results/ppr/cav_channels.hit
    log: log/blast_results/ppr/cav_channels.log (check log file(s) for error message)
    shell:
        (tblastn -query data/queries/cav_channels.faa -db blast_dbs/ppr/ppr -outfmt '6 qseqid sseqid sstart send' -evalue 1e-4 > blast_results/ppr/cav_channels.hit) 2> log/blast_results/ppr/cav_channels.log
        (one of the commands exited with non-zero exit code; note that snakemake uses bash strict mode!)

Removing output files of failed job blast since they might be corrupted:
blast_results/ppr/cav_channels.hit
[Mon Nov 25 12:42:40 2019]
Error in rule makeblastdb:
    jobid: 390
    output: blast_dbs/hpl/temp.db
    log: log/blast_dbs/hpl.log (check log file(s) for error message)
    shell:
        (makeblastdb -in data/subjects/hpl.fna -dbtype nucl -out blast_dbs/hpl/hpl) 2> log/blast_dbs/hpl.log && touch blast_dbs/hpl/temp.db
        (one of the commands exited with non-zero exit code; note that snakemake uses bash strict mode!)

[Mon Nov 25 12:42:40 2019]
Error in rule blast:
    jobid: 335
    output: blast_results/csp/cav_channels.hit
    log: log/blast_results/csp/cav_channels.log (check log file(s) for error message)
    shell:
        (tblastn -query data/queries/cav_channels.faa -db blast_dbs/csp/csp -outfmt '6 qseqid sseqid sstart send' -evalue 1e-4 > blast_results/csp/cav_channels.hit) 2> log/blast_results/csp/cav_channels.log
        (one of the commands exited with non-zero exit code; note that snakemake uses bash strict mode!)

Removing output files of failed job blast since they might be corrupted:
blast_results/csp/cav_channels.hit
Removing output files of failed job matcher since they might be corrupted:
matches/ppr/trp_channels.fna
Removing output files of failed job exonerate since they might be corrupted:
exonerate/ppr/photoreceptors.ryo, exonerate/ppr/photoreceptors.faa, exonerate/ppr/photoreceptors.fna
Removing output files of failed job exonerate since they might be corrupted:
exonerate/ppr/cng_channels.ryo, exonerate/ppr/cng_channels.faa, exonerate/ppr/cng_channels.fna
Removing output files of failed job spaln since they might be corrupted:
spaln/ppr/cng_channels.sp, spaln/ppr/cng_channels.faa, spaln/ppr/cng_channels_temp.sp, spaln/ppr/cng_channels.fna
Cancelling snakemake on user request.
