Building DAG of jobs...
Using shell: /bin/bash
Provided cores: 1
Rules claiming more threads will be scaled down.
Job counts:
	count	jobs
	1	all
	4	matcher
	1	test
	6

[Thu Nov 21 11:58:54 2019]
rule matcher:
    input: data/subjects/gonium.fna, blast_results/gonium/actin.hit
    output: matches/gonium/actin.fna
    log: log/matches/gonium/actin.log
    jobid: 4
    wildcards: subject=gonium, query=actin

/home/valentin/anaconda3/bin/python3.6 /home/valentin/git/ProDA/.snakemake/scripts/tmp8uokjl12.contig_query_matcher.py
[Thu Nov 21 11:58:56 2019]
Finished job 4.
1 of 6 steps (17%) done

[Thu Nov 21 11:58:56 2019]
rule matcher:
    input: data/subjects/gonium.fna, blast_results/gonium/beta_tubulin2.hit
    output: matches/gonium/beta_tubulin2.fna
    log: log/matches/gonium/beta_tubulin2.log
    jobid: 5
    wildcards: subject=gonium, query=beta_tubulin2

/home/valentin/anaconda3/bin/python3.6 /home/valentin/git/ProDA/.snakemake/scripts/tmpiu1wu9rg.contig_query_matcher.py
[Thu Nov 21 11:58:57 2019]
Finished job 5.
2 of 6 steps (33%) done

[Thu Nov 21 11:58:57 2019]
rule matcher:
    input: data/subjects/csp.fna, blast_results/csp/beta_tubulin2.hit
    output: matches/csp/beta_tubulin2.fna
    log: log/matches/csp/beta_tubulin2.log
    jobid: 3
    wildcards: subject=csp, query=beta_tubulin2

/home/valentin/anaconda3/bin/python3.6 /home/valentin/git/ProDA/.snakemake/scripts/tmptklh7o7t.contig_query_matcher.py
[Thu Nov 21 11:58:58 2019]
Finished job 3.
3 of 6 steps (50%) done

[Thu Nov 21 11:58:58 2019]
rule matcher:
    input: data/subjects/csp.fna, blast_results/csp/actin.hit
    output: matches/csp/actin.fna
    log: log/matches/csp/actin.log
    jobid: 2
    wildcards: subject=csp, query=actin

/home/valentin/anaconda3/bin/python3.6 /home/valentin/git/ProDA/.snakemake/scripts/tmpu618l58j.contig_query_matcher.py
[Thu Nov 21 11:58:58 2019]
Finished job 2.
4 of 6 steps (67%) done

[Thu Nov 21 11:58:58 2019]
rule test:
    input: matches/csp/actin.fna, matches/csp/beta_tubulin2.fna, matches/gonium/actin.fna, matches/gonium/beta_tubulin2.fna
    output: temp/end.txt
    jobid: 1

touch temp/end.txt
[Thu Nov 21 11:58:58 2019]
Finished job 1.
5 of 6 steps (83%) done

[Thu Nov 21 11:58:58 2019]
localrule all:
    input: temp/end.txt
    jobid: 0

[Thu Nov 21 11:58:58 2019]
Finished job 0.
6 of 6 steps (100%) done
Complete log: /home/valentin/git/ProDA/.snakemake/log/2019-11-21T115854.774683.snakemake.log
