Building DAG of jobs...
Using shell: /bin/bash
Provided cores: 1
Rules claiming more threads will be scaled down.
Job counts:
	count	jobs
	1	all
	3	blast
	4	exonerate
	3	matcher
	1	test
	12

[Thu Nov 21 12:06:56 2019]
rule exonerate:
    input: data/queries/beta_tubulin2.faa, matches/csp/beta_tubulin2.fna
    output: exonerate/csp/beta_tubulin2.faa
    log: log/exonerate/csp/beta_tubulin2.log
    jobid: 3
    wildcards: subject=csp, query=beta_tubulin2

[Thu Nov 21 12:07:02 2019]
Finished job 3.
1 of 12 steps (8%) done

[Thu Nov 21 12:07:02 2019]
rule blast:
    input: blast_dbs/gonium/temp.db, data/queries/beta_tubulin2.faa
    output: blast_results/gonium/beta_tubulin2.hit
    log: log/blast_results/gonium/beta_tubulin2.log
    jobid: 13
    wildcards: subject=gonium, query=beta_tubulin2

(tblastn -query data/queries/beta_tubulin2.faa -db blast_dbs/gonium/gonium -outfmt '6 qseqid sseqid sstart send' -evalue 1e-4 > blast_results/gonium/beta_tubulin2.hit) 2> log/blast_results/gonium/beta_tubulin2.log
[Thu Nov 21 12:07:04 2019]
Finished job 13.
2 of 12 steps (17%) done

[Thu Nov 21 12:07:04 2019]
rule matcher:
    input: data/subjects/gonium.fna, blast_results/gonium/beta_tubulin2.hit
    output: matches/gonium/beta_tubulin2.fna
    log: log/matches/gonium/beta_tubulin2.log
    jobid: 9
    wildcards: subject=gonium, query=beta_tubulin2

/home/valentin/anaconda3/bin/python3.6 /home/valentin/git/ProDA/.snakemake/scripts/tmprg3amprz.contig_query_matcher.py
[Thu Nov 21 12:07:06 2019]
Finished job 9.
3 of 12 steps (25%) done

[Thu Nov 21 12:07:06 2019]
rule exonerate:
    input: data/queries/beta_tubulin2.faa, matches/gonium/beta_tubulin2.fna
    output: exonerate/gonium/beta_tubulin2.faa
    log: log/exonerate/gonium/beta_tubulin2.log
    jobid: 5
    wildcards: subject=gonium, query=beta_tubulin2

[Thu Nov 21 12:07:07 2019]
Finished job 5.
4 of 12 steps (33%) done

[Thu Nov 21 12:07:07 2019]
rule blast:
    input: blast_dbs/gonium/temp.db, data/queries/actin.faa
    output: blast_results/gonium/actin.hit
    log: log/blast_results/gonium/actin.log
    jobid: 12
    wildcards: subject=gonium, query=actin

(tblastn -query data/queries/actin.faa -db blast_dbs/gonium/gonium -outfmt '6 qseqid sseqid sstart send' -evalue 1e-4 > blast_results/gonium/actin.hit) 2> log/blast_results/gonium/actin.log
[Thu Nov 21 12:07:09 2019]
Finished job 12.
5 of 12 steps (42%) done

[Thu Nov 21 12:07:09 2019]
rule matcher:
    input: data/subjects/gonium.fna, blast_results/gonium/actin.hit
    output: matches/gonium/actin.fna
    log: log/matches/gonium/actin.log
    jobid: 8
    wildcards: subject=gonium, query=actin

/home/valentin/anaconda3/bin/python3.6 /home/valentin/git/ProDA/.snakemake/scripts/tmpgpi76d17.contig_query_matcher.py
[Thu Nov 21 12:07:10 2019]
Finished job 8.
6 of 12 steps (50%) done

[Thu Nov 21 12:07:10 2019]
rule exonerate:
    input: data/queries/actin.faa, matches/gonium/actin.fna
    output: exonerate/gonium/actin.faa
    log: log/exonerate/gonium/actin.log
    jobid: 4
    wildcards: subject=gonium, query=actin

[Thu Nov 21 12:07:13 2019]
Finished job 4.
7 of 12 steps (58%) done

[Thu Nov 21 12:07:13 2019]
rule blast:
    input: blast_dbs/csp/temp.db, data/queries/actin.faa
    output: blast_results/csp/actin.hit
    log: log/blast_results/csp/actin.log
    jobid: 10
    wildcards: subject=csp, query=actin

(tblastn -query data/queries/actin.faa -db blast_dbs/csp/csp -outfmt '6 qseqid sseqid sstart send' -evalue 1e-4 > blast_results/csp/actin.hit) 2> log/blast_results/csp/actin.log
[Thu Nov 21 12:07:14 2019]
Finished job 10.
8 of 12 steps (67%) done

[Thu Nov 21 12:07:14 2019]
rule matcher:
    input: data/subjects/csp.fna, blast_results/csp/actin.hit
    output: matches/csp/actin.fna
    log: log/matches/csp/actin.log
    jobid: 6
    wildcards: subject=csp, query=actin

/home/valentin/anaconda3/bin/python3.6 /home/valentin/git/ProDA/.snakemake/scripts/tmp1wdxzkvt.contig_query_matcher.py
[Thu Nov 21 12:07:15 2019]
Finished job 6.
9 of 12 steps (75%) done

[Thu Nov 21 12:07:15 2019]
rule exonerate:
    input: data/queries/actin.faa, matches/csp/actin.fna
    output: exonerate/csp/actin.faa
    log: log/exonerate/csp/actin.log
    jobid: 2
    wildcards: subject=csp, query=actin

[Thu Nov 21 12:07:18 2019]
Finished job 2.
10 of 12 steps (83%) done

[Thu Nov 21 12:07:18 2019]
rule test:
    input: exonerate/csp/actin.faa, exonerate/csp/beta_tubulin2.faa, exonerate/gonium/actin.faa, exonerate/gonium/beta_tubulin2.faa
    output: temp/end.txt
    jobid: 1

touch temp/end.txt
[Thu Nov 21 12:07:18 2019]
Finished job 1.
11 of 12 steps (92%) done

[Thu Nov 21 12:07:18 2019]
localrule all:
    input: temp/end.txt
    jobid: 0

[Thu Nov 21 12:07:18 2019]
Finished job 0.
12 of 12 steps (100%) done
Complete log: /home/valentin/git/ProDA/.snakemake/log/2019-11-21T120656.560129.snakemake.log
