Building DAG of jobs...
Using shell: /bin/bash
Provided cores: 10
Rules claiming more threads will be scaled down.
Job counts:
	count	jobs
	50	alignment
	1	all
	50	blast
	50	cd_hit
	50	exonerate
	1	finisher
	50	get_best_hit
	1	join_results
	5	makeblastdb
	50	matcher
	50	spaln
	358

[Fri Nov 22 17:45:15 2019]
rule makeblastdb:
    input: data/subjects/csp.fna
    output: blast_dbs/csp/temp.db
    log: log/blast_dbs/csp.log
    jobid: 353
    wildcards: subject=csp

(makeblastdb -in data/subjects/csp.fna -dbtype nucl -out blast_dbs/csp/csp) 2> log/blast_dbs/csp.log && touch blast_dbs/csp/temp.db

[Fri Nov 22 17:45:15 2019]
rule makeblastdb:
    input: data/subjects/gpe.fna
    output: blast_dbs/gpe/temp.db
    log: log/blast_dbs/gpe.log
    jobid: 354
    wildcards: subject=gpe

(makeblastdb -in data/subjects/gpe.fna -dbtype nucl -out blast_dbs/gpe/gpe) 2> log/blast_dbs/gpe.log && touch blast_dbs/gpe/temp.db

[Fri Nov 22 17:45:15 2019]
rule makeblastdb:
    input: data/subjects/ppr.fna
    output: blast_dbs/ppr/temp.db
    log: log/blast_dbs/ppr.log
    jobid: 357
    wildcards: subject=ppr

(makeblastdb -in data/subjects/ppr.fna -dbtype nucl -out blast_dbs/ppr/ppr) 2> log/blast_dbs/ppr.log && touch blast_dbs/ppr/temp.db

[Fri Nov 22 17:45:15 2019]
rule makeblastdb:
    input: data/subjects/hpl.fna
    output: blast_dbs/hpl/temp.db
    log: log/blast_dbs/hpl.log
    jobid: 355
    wildcards: subject=hpl

(makeblastdb -in data/subjects/hpl.fna -dbtype nucl -out blast_dbs/hpl/hpl) 2> log/blast_dbs/hpl.log && touch blast_dbs/hpl/temp.db

[Fri Nov 22 17:45:15 2019]
rule makeblastdb:
    input: data/subjects/egr.fna
    output: blast_dbs/egr/temp.db
    log: log/blast_dbs/egr.log
    jobid: 356
    wildcards: subject=egr

(makeblastdb -in data/subjects/egr.fna -dbtype nucl -out blast_dbs/egr/egr) 2> log/blast_dbs/egr.log && touch blast_dbs/egr/temp.db
[Fri Nov 22 17:45:15 2019]
Finished job 357.
1 of 358 steps (0.28%) done

[Fri Nov 22 17:45:15 2019]
rule blast:
    input: blast_dbs/ppr/temp.db, data/queries/cys-loop_channels.faa
    output: blast_results/ppr/cys-loop_channels.hit
    log: log/blast_results/ppr/cys-loop_channels.log
    jobid: 348
    wildcards: subject=ppr, query=cys-loop_channels

(tblastn -query data/queries/cys-loop_channels.faa -db blast_dbs/ppr/ppr -outfmt '6 qseqid sseqid sstart send' -evalue 1e-4 > blast_results/ppr/cys-loop_channels.hit) 2> log/blast_results/ppr/cys-loop_channels.log

[Fri Nov 22 17:45:15 2019]
rule blast:
    input: blast_dbs/ppr/temp.db, data/queries/cav_channels.faa
    output: blast_results/ppr/cav_channels.hit
    log: log/blast_results/ppr/cav_channels.log
    jobid: 345
    wildcards: subject=ppr, query=cav_channels

(tblastn -query data/queries/cav_channels.faa -db blast_dbs/ppr/ppr -outfmt '6 qseqid sseqid sstart send' -evalue 1e-4 > blast_results/ppr/cav_channels.hit) 2> log/blast_results/ppr/cav_channels.log

[Fri Nov 22 17:45:15 2019]
rule blast:
    input: blast_dbs/ppr/temp.db, data/queries/cng_channels.faa
    output: blast_results/ppr/cng_channels.hit
    log: log/blast_results/ppr/cng_channels.log
    jobid: 347
    wildcards: subject=ppr, query=cng_channels

(tblastn -query data/queries/cng_channels.faa -db blast_dbs/ppr/ppr -outfmt '6 qseqid sseqid sstart send' -evalue 1e-4 > blast_results/ppr/cng_channels.hit) 2> log/blast_results/ppr/cng_channels.log

[Fri Nov 22 17:45:15 2019]
rule blast:
    input: blast_dbs/ppr/temp.db, data/queries/trp_channels.faa
    output: blast_results/ppr/trp_channels.hit
    log: log/blast_results/ppr/trp_channels.log
    jobid: 352
    wildcards: subject=ppr, query=trp_channels

(tblastn -query data/queries/trp_channels.faa -db blast_dbs/ppr/ppr -outfmt '6 qseqid sseqid sstart send' -evalue 1e-4 > blast_results/ppr/trp_channels.hit) 2> log/blast_results/ppr/trp_channels.log

[Fri Nov 22 17:45:15 2019]
rule blast:
    input: blast_dbs/ppr/temp.db, data/queries/mscs_channels.faa
    output: blast_results/ppr/mscs_channels.hit
    log: log/blast_results/ppr/mscs_channels.log
    jobid: 351
    wildcards: subject=ppr, query=mscs_channels

(tblastn -query data/queries/mscs_channels.faa -db blast_dbs/ppr/ppr -outfmt '6 qseqid sseqid sstart send' -evalue 1e-4 > blast_results/ppr/mscs_channels.hit) 2> log/blast_results/ppr/mscs_channels.log

[Fri Nov 22 17:45:16 2019]
rule blast:
    input: blast_dbs/ppr/temp.db, data/queries/ip3r_channels.faa
    output: blast_results/ppr/ip3r_channels.hit
    log: log/blast_results/ppr/ip3r_channels.log
    jobid: 350
    wildcards: subject=ppr, query=ip3r_channels

(tblastn -query data/queries/ip3r_channels.faa -db blast_dbs/ppr/ppr -outfmt '6 qseqid sseqid sstart send' -evalue 1e-4 > blast_results/ppr/ip3r_channels.hit) 2> log/blast_results/ppr/ip3r_channels.log
[Fri Nov 22 17:45:16 2019]
Finished job 348.
2 of 358 steps (0.56%) done

[Fri Nov 22 17:45:16 2019]
rule matcher:
    input: data/subjects/ppr.fna, blast_results/ppr/cys-loop_channels.hit
    output: matches/ppr/cys-loop_channels.fna
    log: log/matches/ppr/cys-loop_channels.log
    jobid: 298
    wildcards: subject=ppr, query=cys-loop_channels

[Fri Nov 22 17:45:18 2019]
Finished job 347.
3 of 358 steps (0.84%) done

[Fri Nov 22 17:45:18 2019]
rule matcher:
    input: data/subjects/ppr.fna, blast_results/ppr/cng_channels.hit
    output: matches/ppr/cng_channels.fna
    log: log/matches/ppr/cng_channels.log
    jobid: 297
    wildcards: subject=ppr, query=cng_channels

[Fri Nov 22 17:45:18 2019]
Finished job 350.
4 of 358 steps (1%) done

[Fri Nov 22 17:45:18 2019]
rule matcher:
    input: data/subjects/ppr.fna, blast_results/ppr/ip3r_channels.hit
    output: matches/ppr/ip3r_channels.fna
    log: log/matches/ppr/ip3r_channels.log
    jobid: 300
    wildcards: subject=ppr, query=ip3r_channels

[Fri Nov 22 17:45:18 2019]
Finished job 351.
5 of 358 steps (1%) done

[Fri Nov 22 17:45:18 2019]
rule matcher:
    input: data/subjects/ppr.fna, blast_results/ppr/mscs_channels.hit
    output: matches/ppr/mscs_channels.fna
    log: log/matches/ppr/mscs_channels.log
    jobid: 301
    wildcards: subject=ppr, query=mscs_channels

[Fri Nov 22 17:45:18 2019]
Finished job 353.
6 of 358 steps (2%) done

[Fri Nov 22 17:45:18 2019]
rule blast:
    input: blast_dbs/csp/temp.db, data/queries/cav_channels.faa
    output: blast_results/csp/cav_channels.hit
    log: log/blast_results/csp/cav_channels.log
    jobid: 305
    wildcards: subject=csp, query=cav_channels

(tblastn -query data/queries/cav_channels.faa -db blast_dbs/csp/csp -outfmt '6 qseqid sseqid sstart send' -evalue 1e-4 > blast_results/csp/cav_channels.hit) 2> log/blast_results/csp/cav_channels.log
[Fri Nov 22 17:45:19 2019]
Finished job 297.
7 of 358 steps (2%) done

[Fri Nov 22 17:45:19 2019]
rule exonerate:
    input: data/queries/cng_channels.faa, matches/ppr/cng_channels.fna
    output: exonerate/ppr/cng_channels.ryo, exonerate/ppr/cng_channels.fna, exonerate/ppr/cng_channels.faa
    log: log/exonerate/ppr/cng_channels.log
    jobid: 241
    wildcards: subject=ppr, query=cng_channels

[Fri Nov 22 17:45:20 2019]
Finished job 301.
8 of 358 steps (2%) done

[Fri Nov 22 17:45:20 2019]
rule spaln:
    input: data/queries/cng_channels.faa, matches/ppr/cng_channels.fna
    output: spaln/ppr/cng_channels.sp, spaln/ppr/cng_channels.fna, spaln/ppr/cng_channels_temp.fna, spaln/ppr/cng_channels.faa
    log: log/spaln/ppr/cng_channels.log
    jobid: 242
    wildcards: subject=ppr, query=cng_channels

[Fri Nov 22 17:45:22 2019]
Finished job 354.
9 of 358 steps (3%) done

[Fri Nov 22 17:45:22 2019]
rule exonerate:
    input: data/queries/mscs_channels.faa, matches/ppr/mscs_channels.fna
    output: exonerate/ppr/mscs_channels.ryo, exonerate/ppr/mscs_channels.fna, exonerate/ppr/mscs_channels.faa
    log: log/exonerate/ppr/mscs_channels.log
    jobid: 249
    wildcards: subject=ppr, query=mscs_channels

[Fri Nov 22 17:45:26 2019]
Finished job 352.
10 of 358 steps (3%) done
[Fri Nov 22 17:45:26 2019]
Finished job 241.
11 of 358 steps (3%) done
[Fri Nov 22 17:45:32 2019]
Finished job 355.
12 of 358 steps (3%) done
[Fri Nov 22 17:45:34 2019]
Finished job 345.
13 of 358 steps (4%) done
Removing temporary output file spaln/ppr/cng_channels_temp.fna.
[Fri Nov 22 17:45:35 2019]
Finished job 242.
14 of 358 steps (4%) done
[Fri Nov 22 17:45:37 2019]
Finished job 249.
15 of 358 steps (4%) done
[Fri Nov 22 17:45:39 2019]
Finished job 356.
16 of 358 steps (4%) done
[Fri Nov 22 17:46:14 2019]
Finished job 305.
17 of 358 steps (5%) done
Shutting down, this might take some time.
Exiting because a job execution failed. Look above for error message
Complete log: /home/valentin/git/ProDA/.snakemake/log/2019-11-22T174515.111176.snakemake.log
