Building DAG of jobs...
Using shell: /bin/bash
Provided cores: 1
Rules claiming more threads will be scaled down.
Job counts:
	count	jobs
	6	alignment
	1	all
	6	blast
	6	cd_hit
	6	exonerate
	6	get_best_hit
	2	makeblastdb
	6	matcher
	6	spaln
	1	test
	46

[Thu Nov 21 16:55:40 2019]
rule makeblastdb:
    input: data/subjects/gonium.fna
    output: blast_dbs/gonium/temp.db
    log: log/blast_dbs/gonium.log
    jobid: 45
    wildcards: subject=gonium

(makeblastdb -in data/subjects/gonium.fna -dbtype nucl -out blast_dbs/gonium/gonium) 2> log/blast_dbs/gonium.log && touch blast_dbs/gonium/temp.db
[Thu Nov 21 16:55:41 2019]
Finished job 45.
1 of 46 steps (2%) done

[Thu Nov 21 16:55:41 2019]
rule makeblastdb:
    input: data/subjects/csp.fna
    output: blast_dbs/csp/temp.db
    log: log/blast_dbs/csp.log
    jobid: 44
    wildcards: subject=csp

(makeblastdb -in data/subjects/csp.fna -dbtype nucl -out blast_dbs/csp/csp) 2> log/blast_dbs/csp.log && touch blast_dbs/csp/temp.db
[Thu Nov 21 16:55:42 2019]
Finished job 44.
2 of 46 steps (4%) done

[Thu Nov 21 16:55:42 2019]
rule blast:
    input: blast_dbs/csp/temp.db, data/queries/cng_channels.faa
    output: blast_results/csp/cng_channels.hit
    log: log/blast_results/csp/cng_channels.log
    jobid: 40
    wildcards: subject=csp, query=cng_channels

(tblastn -query data/queries/cng_channels.faa -db blast_dbs/csp/csp -outfmt '6 qseqid sseqid sstart send' -evalue 1e-4 > blast_results/csp/cng_channels.hit) 2> log/blast_results/csp/cng_channels.log
[Thu Nov 21 16:55:49 2019]
Finished job 40.
3 of 46 steps (7%) done

[Thu Nov 21 16:55:49 2019]
rule matcher:
    input: data/subjects/csp.fna, blast_results/csp/cng_channels.hit
    output: matches/csp/cng_channels.fna
    log: log/matches/csp/cng_channels.log
    jobid: 34
    wildcards: subject=csp, query=cng_channels

/home/valentin/anaconda3/bin/python3.6 /home/valentin/git/ProDA/.snakemake/scripts/tmp1atjcy1c.contig_query_matcher.py
[Thu Nov 21 16:55:50 2019]
Finished job 34.
4 of 46 steps (9%) done

[Thu Nov 21 16:55:50 2019]
rule spaln:
    input: data/queries/cng_channels.faa, matches/csp/cng_channels.fna
    output: spaln/csp/cng_channels.sp, spaln/csp/cng_channels.fna, spaln/csp/cng_channels_temp.fna, spaln/csp/cng_channels.faa
    log: log/spaln/csp/cng_channels.log
    jobid: 25
    wildcards: subject=csp, query=cng_channels

Removing temporary output file spaln/csp/cng_channels_temp.fna.
[Thu Nov 21 16:56:30 2019]
Finished job 25.
5 of 46 steps (11%) done

[Thu Nov 21 16:56:30 2019]
rule exonerate:
    input: data/queries/cng_channels.faa, matches/csp/cng_channels.fna
    output: exonerate/csp/cng_channels.ryo, exonerate/csp/cng_channels.fna, exonerate/csp/cng_channels.faa
    log: log/exonerate/csp/cng_channels.log
    jobid: 24
    wildcards: subject=csp, query=cng_channels

[Thu Nov 21 16:58:36 2019]
Finished job 24.
6 of 46 steps (13%) done

[Thu Nov 21 16:58:36 2019]
rule cd_hit:
    input: exonerate/csp/cng_channels.faa, spaln/csp/cng_channels.faa
    output: cd_hit/csp/cng_channels_joined.faa, cd_hit/csp/cng_channels_merged.faa
    log: log/cd_hit/csp/cng_channels.log
    jobid: 13
    wildcards: subject=csp, query=cng_channels

[Thu Nov 21 16:58:37 2019]
Finished job 13.
7 of 46 steps (15%) done

[Thu Nov 21 16:58:37 2019]
rule alignment:
    input: data/queries/cng_channels.faa, cd_hit/csp/cng_channels_merged.faa
    output: scores/csp/cng_channels.sc
    log: log/scores/csp/cng_channels.log
    jobid: 12
    wildcards: subject=csp, query=cng_channels

[Thu Nov 21 16:58:39 2019]
Finished job 12.
8 of 46 steps (17%) done

[Thu Nov 21 16:58:39 2019]
rule get_best_hit:
    input: scores/csp/cng_channels.sc, cd_hit/csp/cng_channels_merged.faa
    output: best_hit/csp/cng_channels.faa
    log: log/best_hit/csp/cng_channels.log
    jobid: 4
    wildcards: subject=csp, query=cng_channels

[Thu Nov 21 16:58:39 2019]
Finished job 4.
9 of 46 steps (20%) done

[Thu Nov 21 16:58:39 2019]
rule blast:
    input: blast_dbs/gonium/temp.db, data/queries/cng_channels.faa
    output: blast_results/gonium/cng_channels.hit
    log: log/blast_results/gonium/cng_channels.log
    jobid: 43
    wildcards: subject=gonium, query=cng_channels

(tblastn -query data/queries/cng_channels.faa -db blast_dbs/gonium/gonium -outfmt '6 qseqid sseqid sstart send' -evalue 1e-4 > blast_results/gonium/cng_channels.hit) 2> log/blast_results/gonium/cng_channels.log
[Thu Nov 21 16:58:51 2019]
Finished job 43.
10 of 46 steps (22%) done

[Thu Nov 21 16:58:51 2019]
rule matcher:
    input: data/subjects/gonium.fna, blast_results/gonium/cng_channels.hit
    output: matches/gonium/cng_channels.fna
    log: log/matches/gonium/cng_channels.log
    jobid: 37
    wildcards: subject=gonium, query=cng_channels

/home/valentin/anaconda3/bin/python3.6 /home/valentin/git/ProDA/.snakemake/scripts/tmpn67cnnh7.contig_query_matcher.py
[Thu Nov 21 16:58:52 2019]
Finished job 37.
11 of 46 steps (24%) done

[Thu Nov 21 16:58:52 2019]
rule exonerate:
    input: data/queries/cng_channels.faa, matches/gonium/cng_channels.fna
    output: exonerate/gonium/cng_channels.ryo, exonerate/gonium/cng_channels.fna, exonerate/gonium/cng_channels.faa
    log: log/exonerate/gonium/cng_channels.log
    jobid: 30
    wildcards: subject=gonium, query=cng_channels

[Thu Nov 21 17:01:47 2019]
Finished job 30.
12 of 46 steps (26%) done

[Thu Nov 21 17:01:47 2019]
rule spaln:
    input: data/queries/cng_channels.faa, matches/gonium/cng_channels.fna
    output: spaln/gonium/cng_channels.sp, spaln/gonium/cng_channels.fna, spaln/gonium/cng_channels_temp.fna, spaln/gonium/cng_channels.faa
    log: log/spaln/gonium/cng_channels.log
    jobid: 31
    wildcards: subject=gonium, query=cng_channels

Removing temporary output file spaln/gonium/cng_channels_temp.fna.
[Thu Nov 21 17:02:50 2019]
Finished job 31.
13 of 46 steps (28%) done

[Thu Nov 21 17:02:50 2019]
rule cd_hit:
    input: exonerate/gonium/cng_channels.faa, spaln/gonium/cng_channels.faa
    output: cd_hit/gonium/cng_channels_joined.faa, cd_hit/gonium/cng_channels_merged.faa
    log: log/cd_hit/gonium/cng_channels.log
    jobid: 19
    wildcards: subject=gonium, query=cng_channels

[Thu Nov 21 17:02:50 2019]
Finished job 19.
14 of 46 steps (30%) done

[Thu Nov 21 17:02:50 2019]
rule alignment:
    input: data/queries/cng_channels.faa, cd_hit/gonium/cng_channels_merged.faa
    output: scores/gonium/cng_channels.sc
    log: log/scores/gonium/cng_channels.log
    jobid: 18
    wildcards: subject=gonium, query=cng_channels

[Thu Nov 21 17:02:55 2019]
Finished job 18.
15 of 46 steps (33%) done

[Thu Nov 21 17:02:55 2019]
rule get_best_hit:
    input: scores/gonium/cng_channels.sc, cd_hit/gonium/cng_channels_merged.faa
    output: best_hit/gonium/cng_channels.faa
    log: log/best_hit/gonium/cng_channels.log
    jobid: 7
    wildcards: subject=gonium, query=cng_channels

[Thu Nov 21 17:02:55 2019]
Finished job 7.
16 of 46 steps (35%) done

[Thu Nov 21 17:02:55 2019]
rule blast:
    input: blast_dbs/gonium/temp.db, data/queries/beta_tubulin2.faa
    output: blast_results/gonium/beta_tubulin2.hit
    log: log/blast_results/gonium/beta_tubulin2.log
    jobid: 42
    wildcards: subject=gonium, query=beta_tubulin2

(tblastn -query data/queries/beta_tubulin2.faa -db blast_dbs/gonium/gonium -outfmt '6 qseqid sseqid sstart send' -evalue 1e-4 > blast_results/gonium/beta_tubulin2.hit) 2> log/blast_results/gonium/beta_tubulin2.log
[Thu Nov 21 17:02:57 2019]
Finished job 42.
17 of 46 steps (37%) done

[Thu Nov 21 17:02:57 2019]
rule matcher:
    input: data/subjects/gonium.fna, blast_results/gonium/beta_tubulin2.hit
    output: matches/gonium/beta_tubulin2.fna
    log: log/matches/gonium/beta_tubulin2.log
    jobid: 36
    wildcards: subject=gonium, query=beta_tubulin2

/home/valentin/anaconda3/bin/python3.6 /home/valentin/git/ProDA/.snakemake/scripts/tmp2t23cbce.contig_query_matcher.py
[Thu Nov 21 17:02:58 2019]
Finished job 36.
18 of 46 steps (39%) done

[Thu Nov 21 17:02:58 2019]
rule spaln:
    input: data/queries/beta_tubulin2.faa, matches/gonium/beta_tubulin2.fna
    output: spaln/gonium/beta_tubulin2.sp, spaln/gonium/beta_tubulin2.fna, spaln/gonium/beta_tubulin2_temp.fna, spaln/gonium/beta_tubulin2.faa
    log: log/spaln/gonium/beta_tubulin2.log
    jobid: 29
    wildcards: subject=gonium, query=beta_tubulin2

Removing temporary output file spaln/gonium/beta_tubulin2_temp.fna.
[Thu Nov 21 17:03:01 2019]
Finished job 29.
19 of 46 steps (41%) done

[Thu Nov 21 17:03:01 2019]
rule exonerate:
    input: data/queries/beta_tubulin2.faa, matches/gonium/beta_tubulin2.fna
    output: exonerate/gonium/beta_tubulin2.ryo, exonerate/gonium/beta_tubulin2.fna, exonerate/gonium/beta_tubulin2.faa
    log: log/exonerate/gonium/beta_tubulin2.log
    jobid: 28
    wildcards: subject=gonium, query=beta_tubulin2

[Thu Nov 21 17:03:03 2019]
Finished job 28.
20 of 46 steps (43%) done

[Thu Nov 21 17:03:03 2019]
rule cd_hit:
    input: exonerate/gonium/beta_tubulin2.faa, spaln/gonium/beta_tubulin2.faa
    output: cd_hit/gonium/beta_tubulin2_joined.faa, cd_hit/gonium/beta_tubulin2_merged.faa
    log: log/cd_hit/gonium/beta_tubulin2.log
    jobid: 17
    wildcards: subject=gonium, query=beta_tubulin2

[Thu Nov 21 17:03:04 2019]
Finished job 17.
21 of 46 steps (46%) done

[Thu Nov 21 17:03:04 2019]
rule alignment:
    input: data/queries/beta_tubulin2.faa, cd_hit/gonium/beta_tubulin2_merged.faa
    output: scores/gonium/beta_tubulin2.sc
    log: log/scores/gonium/beta_tubulin2.log
    jobid: 16
    wildcards: subject=gonium, query=beta_tubulin2

[Thu Nov 21 17:03:04 2019]
Finished job 16.
22 of 46 steps (48%) done

[Thu Nov 21 17:03:04 2019]
rule get_best_hit:
    input: scores/gonium/beta_tubulin2.sc, cd_hit/gonium/beta_tubulin2_merged.faa
    output: best_hit/gonium/beta_tubulin2.faa
    log: log/best_hit/gonium/beta_tubulin2.log
    jobid: 6
    wildcards: subject=gonium, query=beta_tubulin2

[Thu Nov 21 17:03:04 2019]
Finished job 6.
23 of 46 steps (50%) done

[Thu Nov 21 17:03:04 2019]
rule blast:
    input: blast_dbs/csp/temp.db, data/queries/beta_tubulin2.faa
    output: blast_results/csp/beta_tubulin2.hit
    log: log/blast_results/csp/beta_tubulin2.log
    jobid: 39
    wildcards: subject=csp, query=beta_tubulin2

(tblastn -query data/queries/beta_tubulin2.faa -db blast_dbs/csp/csp -outfmt '6 qseqid sseqid sstart send' -evalue 1e-4 > blast_results/csp/beta_tubulin2.hit) 2> log/blast_results/csp/beta_tubulin2.log
[Thu Nov 21 17:03:06 2019]
Finished job 39.
24 of 46 steps (52%) done

[Thu Nov 21 17:03:06 2019]
rule matcher:
    input: data/subjects/csp.fna, blast_results/csp/beta_tubulin2.hit
    output: matches/csp/beta_tubulin2.fna
    log: log/matches/csp/beta_tubulin2.log
    jobid: 33
    wildcards: subject=csp, query=beta_tubulin2

/home/valentin/anaconda3/bin/python3.6 /home/valentin/git/ProDA/.snakemake/scripts/tmpv43awgju.contig_query_matcher.py
[Thu Nov 21 17:03:06 2019]
Finished job 33.
25 of 46 steps (54%) done

[Thu Nov 21 17:03:06 2019]
rule exonerate:
    input: data/queries/beta_tubulin2.faa, matches/csp/beta_tubulin2.fna
    output: exonerate/csp/beta_tubulin2.ryo, exonerate/csp/beta_tubulin2.fna, exonerate/csp/beta_tubulin2.faa
    log: log/exonerate/csp/beta_tubulin2.log
    jobid: 22
    wildcards: subject=csp, query=beta_tubulin2

[Thu Nov 21 17:03:16 2019]
Finished job 22.
26 of 46 steps (57%) done

[Thu Nov 21 17:03:16 2019]
rule spaln:
    input: data/queries/beta_tubulin2.faa, matches/csp/beta_tubulin2.fna
    output: spaln/csp/beta_tubulin2.sp, spaln/csp/beta_tubulin2.fna, spaln/csp/beta_tubulin2_temp.fna, spaln/csp/beta_tubulin2.faa
    log: log/spaln/csp/beta_tubulin2.log
    jobid: 23
    wildcards: subject=csp, query=beta_tubulin2

Removing temporary output file spaln/csp/beta_tubulin2_temp.fna.
[Thu Nov 21 17:03:19 2019]
Finished job 23.
27 of 46 steps (59%) done

[Thu Nov 21 17:03:19 2019]
rule cd_hit:
    input: exonerate/csp/beta_tubulin2.faa, spaln/csp/beta_tubulin2.faa
    output: cd_hit/csp/beta_tubulin2_joined.faa, cd_hit/csp/beta_tubulin2_merged.faa
    log: log/cd_hit/csp/beta_tubulin2.log
    jobid: 11
    wildcards: subject=csp, query=beta_tubulin2

[Thu Nov 21 17:03:19 2019]
Finished job 11.
28 of 46 steps (61%) done

[Thu Nov 21 17:03:19 2019]
rule alignment:
    input: data/queries/beta_tubulin2.faa, cd_hit/csp/beta_tubulin2_merged.faa
    output: scores/csp/beta_tubulin2.sc
    log: log/scores/csp/beta_tubulin2.log
    jobid: 10
    wildcards: subject=csp, query=beta_tubulin2

[Thu Nov 21 17:03:20 2019]
Finished job 10.
29 of 46 steps (63%) done

[Thu Nov 21 17:03:20 2019]
rule get_best_hit:
    input: scores/csp/beta_tubulin2.sc, cd_hit/csp/beta_tubulin2_merged.faa
    output: best_hit/csp/beta_tubulin2.faa
    log: log/best_hit/csp/beta_tubulin2.log
    jobid: 3
    wildcards: subject=csp, query=beta_tubulin2

[Thu Nov 21 17:03:20 2019]
Finished job 3.
30 of 46 steps (65%) done

[Thu Nov 21 17:03:20 2019]
rule blast:
    input: blast_dbs/csp/temp.db, data/queries/actin.faa
    output: blast_results/csp/actin.hit
    log: log/blast_results/csp/actin.log
    jobid: 38
    wildcards: subject=csp, query=actin

(tblastn -query data/queries/actin.faa -db blast_dbs/csp/csp -outfmt '6 qseqid sseqid sstart send' -evalue 1e-4 > blast_results/csp/actin.hit) 2> log/blast_results/csp/actin.log
[Thu Nov 21 17:03:21 2019]
Finished job 38.
31 of 46 steps (67%) done

[Thu Nov 21 17:03:21 2019]
rule matcher:
    input: data/subjects/csp.fna, blast_results/csp/actin.hit
    output: matches/csp/actin.fna
    log: log/matches/csp/actin.log
    jobid: 32
    wildcards: subject=csp, query=actin

/home/valentin/anaconda3/bin/python3.6 /home/valentin/git/ProDA/.snakemake/scripts/tmprdqi481s.contig_query_matcher.py
[Thu Nov 21 17:03:22 2019]
Finished job 32.
32 of 46 steps (70%) done

[Thu Nov 21 17:03:22 2019]
rule exonerate:
    input: data/queries/actin.faa, matches/csp/actin.fna
    output: exonerate/csp/actin.ryo, exonerate/csp/actin.fna, exonerate/csp/actin.faa
    log: log/exonerate/csp/actin.log
    jobid: 20
    wildcards: subject=csp, query=actin

[Thu Nov 21 17:03:27 2019]
Finished job 20.
33 of 46 steps (72%) done

[Thu Nov 21 17:03:27 2019]
rule spaln:
    input: data/queries/actin.faa, matches/csp/actin.fna
    output: spaln/csp/actin.sp, spaln/csp/actin.fna, spaln/csp/actin_temp.fna, spaln/csp/actin.faa
    log: log/spaln/csp/actin.log
    jobid: 21
    wildcards: subject=csp, query=actin

Removing temporary output file spaln/csp/actin_temp.fna.
[Thu Nov 21 17:03:29 2019]
Finished job 21.
34 of 46 steps (74%) done

[Thu Nov 21 17:03:29 2019]
rule cd_hit:
    input: exonerate/csp/actin.faa, spaln/csp/actin.faa
    output: cd_hit/csp/actin_joined.faa, cd_hit/csp/actin_merged.faa
    log: log/cd_hit/csp/actin.log
    jobid: 9
    wildcards: subject=csp, query=actin

[Thu Nov 21 17:03:29 2019]
Finished job 9.
35 of 46 steps (76%) done

[Thu Nov 21 17:03:29 2019]
rule alignment:
    input: data/queries/actin.faa, cd_hit/csp/actin_merged.faa
    output: scores/csp/actin.sc
    log: log/scores/csp/actin.log
    jobid: 8
    wildcards: subject=csp, query=actin

[Thu Nov 21 17:03:30 2019]
Finished job 8.
36 of 46 steps (78%) done

[Thu Nov 21 17:03:30 2019]
rule get_best_hit:
    input: scores/csp/actin.sc, cd_hit/csp/actin_merged.faa
    output: best_hit/csp/actin.faa
    log: log/best_hit/csp/actin.log
    jobid: 2
    wildcards: subject=csp, query=actin

[Thu Nov 21 17:03:30 2019]
Finished job 2.
37 of 46 steps (80%) done

[Thu Nov 21 17:03:30 2019]
rule blast:
    input: blast_dbs/gonium/temp.db, data/queries/actin.faa
    output: blast_results/gonium/actin.hit
    log: log/blast_results/gonium/actin.log
    jobid: 41
    wildcards: subject=gonium, query=actin

(tblastn -query data/queries/actin.faa -db blast_dbs/gonium/gonium -outfmt '6 qseqid sseqid sstart send' -evalue 1e-4 > blast_results/gonium/actin.hit) 2> log/blast_results/gonium/actin.log
[Thu Nov 21 17:03:32 2019]
Finished job 41.
38 of 46 steps (83%) done

[Thu Nov 21 17:03:32 2019]
rule matcher:
    input: data/subjects/gonium.fna, blast_results/gonium/actin.hit
    output: matches/gonium/actin.fna
    log: log/matches/gonium/actin.log
    jobid: 35
    wildcards: subject=gonium, query=actin

/home/valentin/anaconda3/bin/python3.6 /home/valentin/git/ProDA/.snakemake/scripts/tmpi3nbvo20.contig_query_matcher.py
[Thu Nov 21 17:03:33 2019]
Finished job 35.
39 of 46 steps (85%) done

[Thu Nov 21 17:03:33 2019]
rule exonerate:
    input: data/queries/actin.faa, matches/gonium/actin.fna
    output: exonerate/gonium/actin.ryo, exonerate/gonium/actin.fna, exonerate/gonium/actin.faa
    log: log/exonerate/gonium/actin.log
    jobid: 26
    wildcards: subject=gonium, query=actin

[Thu Nov 21 17:03:41 2019]
Finished job 26.
40 of 46 steps (87%) done

[Thu Nov 21 17:03:41 2019]
rule spaln:
    input: data/queries/actin.faa, matches/gonium/actin.fna
    output: spaln/gonium/actin.sp, spaln/gonium/actin.fna, spaln/gonium/actin_temp.fna, spaln/gonium/actin.faa
    log: log/spaln/gonium/actin.log
    jobid: 27
    wildcards: subject=gonium, query=actin

Removing temporary output file spaln/gonium/actin_temp.fna.
[Thu Nov 21 17:03:43 2019]
Finished job 27.
41 of 46 steps (89%) done

[Thu Nov 21 17:03:43 2019]
rule cd_hit:
    input: exonerate/gonium/actin.faa, spaln/gonium/actin.faa
    output: cd_hit/gonium/actin_joined.faa, cd_hit/gonium/actin_merged.faa
    log: log/cd_hit/gonium/actin.log
    jobid: 15
    wildcards: subject=gonium, query=actin

[Thu Nov 21 17:03:44 2019]
Finished job 15.
42 of 46 steps (91%) done

[Thu Nov 21 17:03:44 2019]
rule alignment:
    input: data/queries/actin.faa, cd_hit/gonium/actin_merged.faa
    output: scores/gonium/actin.sc
    log: log/scores/gonium/actin.log
    jobid: 14
    wildcards: subject=gonium, query=actin

[Thu Nov 21 17:03:44 2019]
Finished job 14.
43 of 46 steps (93%) done

[Thu Nov 21 17:03:44 2019]
rule get_best_hit:
    input: scores/gonium/actin.sc, cd_hit/gonium/actin_merged.faa
    output: best_hit/gonium/actin.faa
    log: log/best_hit/gonium/actin.log
    jobid: 5
    wildcards: subject=gonium, query=actin

[Thu Nov 21 17:03:44 2019]
Finished job 5.
44 of 46 steps (96%) done

[Thu Nov 21 17:03:44 2019]
rule test:
    input: best_hit/csp/actin.faa, best_hit/csp/beta_tubulin2.faa, best_hit/csp/cng_channels.faa, best_hit/gonium/actin.faa, best_hit/gonium/beta_tubulin2.faa, best_hit/gonium/cng_channels.faa
    output: temp/end.txt
    jobid: 1

touch temp/end.txt
[Thu Nov 21 17:03:44 2019]
Finished job 1.
45 of 46 steps (98%) done

[Thu Nov 21 17:03:44 2019]
localrule all:
    input: temp/end.txt
    jobid: 0

Removing temporary output file temp/end.txt.
[Thu Nov 21 17:03:44 2019]
Finished job 0.
46 of 46 steps (100%) done
Complete log: /home/valentin/git/ProDA/.snakemake/log/2019-11-21T165539.933417.snakemake.log
