Building DAG of jobs...
Using shell: /bin/bash
Provided cores: 10
Rules claiming more threads will be scaled down.
Job counts:
	count	jobs
	6	alignment
	1	all
	6	blast
	6	cd_hit
	6	exonerate
	6	get_best_hit
	1	join_results
	2	makeblastdb
	6	matcher
	6	spaln
	1	visualize_results
	47

[Mon Nov 25 09:37:57 2019]
rule makeblastdb:
    input: data/subjects/gpe.fna
    output: blast_dbs/gpe/temp.db
    log: log/blast_dbs/gpe.log
    jobid: 46
    wildcards: subject=gpe

(makeblastdb -in data/subjects/gpe.fna -dbtype nucl -out blast_dbs/gpe/gpe) 2> log/blast_dbs/gpe.log && touch blast_dbs/gpe/temp.db

[Mon Nov 25 09:37:57 2019]
rule makeblastdb:
    input: data/subjects/csp.fna
    output: blast_dbs/csp/temp.db
    log: log/blast_dbs/csp.log
    jobid: 45
    wildcards: subject=csp

(makeblastdb -in data/subjects/csp.fna -dbtype nucl -out blast_dbs/csp/csp) 2> log/blast_dbs/csp.log && touch blast_dbs/csp/temp.db
[Mon Nov 25 09:37:58 2019]
Finished job 45.
1 of 47 steps (2%) done

[Mon Nov 25 09:37:58 2019]
rule blast:
    input: blast_dbs/csp/temp.db, data/queries/beta_tubulin2.faa
    output: blast_results/csp/beta_tubulin2.hit
    log: log/blast_results/csp/beta_tubulin2.log
    jobid: 40
    wildcards: subject=csp, query=beta_tubulin2

(tblastn -query data/queries/beta_tubulin2.faa -db blast_dbs/csp/csp -outfmt '6 qseqid sseqid sstart send' -evalue 1e-4 > blast_results/csp/beta_tubulin2.hit) 2> log/blast_results/csp/beta_tubulin2.log

[Mon Nov 25 09:37:58 2019]
rule blast:
    input: blast_dbs/csp/temp.db, data/queries/actin.faa
    output: blast_results/csp/actin.hit
    log: log/blast_results/csp/actin.log
    jobid: 39
    wildcards: subject=csp, query=actin

(tblastn -query data/queries/actin.faa -db blast_dbs/csp/csp -outfmt '6 qseqid sseqid sstart send' -evalue 1e-4 > blast_results/csp/actin.hit) 2> log/blast_results/csp/actin.log

[Mon Nov 25 09:37:58 2019]
rule blast:
    input: blast_dbs/csp/temp.db, data/queries/ip3r_channels.faa
    output: blast_results/csp/ip3r_channels.hit
    log: log/blast_results/csp/ip3r_channels.log
    jobid: 41
    wildcards: subject=csp, query=ip3r_channels

(tblastn -query data/queries/ip3r_channels.faa -db blast_dbs/csp/csp -outfmt '6 qseqid sseqid sstart send' -evalue 1e-4 > blast_results/csp/ip3r_channels.hit) 2> log/blast_results/csp/ip3r_channels.log
[Mon Nov 25 09:38:00 2019]
Finished job 46.
2 of 47 steps (4%) done

[Mon Nov 25 09:38:00 2019]
rule blast:
    input: blast_dbs/gpe/temp.db, data/queries/beta_tubulin2.faa
    output: blast_results/gpe/beta_tubulin2.hit
    log: log/blast_results/gpe/beta_tubulin2.log
    jobid: 43
    wildcards: subject=gpe, query=beta_tubulin2

(tblastn -query data/queries/beta_tubulin2.faa -db blast_dbs/gpe/gpe -outfmt '6 qseqid sseqid sstart send' -evalue 1e-4 > blast_results/gpe/beta_tubulin2.hit) 2> log/blast_results/gpe/beta_tubulin2.log

[Mon Nov 25 09:38:00 2019]
rule blast:
    input: blast_dbs/gpe/temp.db, data/queries/ip3r_channels.faa
    output: blast_results/gpe/ip3r_channels.hit
    log: log/blast_results/gpe/ip3r_channels.log
    jobid: 44
    wildcards: subject=gpe, query=ip3r_channels

(tblastn -query data/queries/ip3r_channels.faa -db blast_dbs/gpe/gpe -outfmt '6 qseqid sseqid sstart send' -evalue 1e-4 > blast_results/gpe/ip3r_channels.hit) 2> log/blast_results/gpe/ip3r_channels.log

[Mon Nov 25 09:38:00 2019]
rule blast:
    input: blast_dbs/gpe/temp.db, data/queries/actin.faa
    output: blast_results/gpe/actin.hit
    log: log/blast_results/gpe/actin.log
    jobid: 42
    wildcards: subject=gpe, query=actin

(tblastn -query data/queries/actin.faa -db blast_dbs/gpe/gpe -outfmt '6 qseqid sseqid sstart send' -evalue 1e-4 > blast_results/gpe/actin.hit) 2> log/blast_results/gpe/actin.log
[Mon Nov 25 09:38:00 2019]
Finished job 39.
3 of 47 steps (6%) done

[Mon Nov 25 09:38:00 2019]
rule matcher:
    input: data/subjects/csp.fna, blast_results/csp/actin.hit
    output: matches/csp/actin.fna
    log: log/matches/csp/actin.log
    jobid: 33
    wildcards: subject=csp, query=actin

[Mon Nov 25 09:38:01 2019]
Finished job 40.
4 of 47 steps (9%) done

[Mon Nov 25 09:38:01 2019]
rule matcher:
    input: data/subjects/csp.fna, blast_results/csp/beta_tubulin2.hit
    output: matches/csp/beta_tubulin2.fna
    log: log/matches/csp/beta_tubulin2.log
    jobid: 34
    wildcards: subject=csp, query=beta_tubulin2

[Mon Nov 25 09:38:03 2019]
Finished job 34.
5 of 47 steps (11%) done

[Mon Nov 25 09:38:03 2019]
rule exonerate:
    input: data/queries/beta_tubulin2.faa, matches/csp/beta_tubulin2.fna
    output: exonerate/csp/beta_tubulin2.ryo, exonerate/csp/beta_tubulin2.faa, exonerate/csp/beta_tubulin2.fna
    log: log/exonerate/csp/beta_tubulin2.log
    jobid: 23
    wildcards: subject=csp, query=beta_tubulin2

[Mon Nov 25 09:38:03 2019]
rule spaln:
    input: data/queries/beta_tubulin2.faa, matches/csp/beta_tubulin2.fna
    output: spaln/csp/beta_tubulin2.sp, spaln/csp/beta_tubulin2.faa, spaln/csp/beta_tubulin2_temp.sp, spaln/csp/beta_tubulin2.fna
    log: log/spaln/csp/beta_tubulin2.log
    jobid: 24
    wildcards: subject=csp, query=beta_tubulin2

[Mon Nov 25 09:38:03 2019]
Finished job 33.
6 of 47 steps (13%) done

[Mon Nov 25 09:38:03 2019]
rule exonerate:
    input: data/queries/actin.faa, matches/csp/actin.fna
    output: exonerate/csp/actin.ryo, exonerate/csp/actin.faa, exonerate/csp/actin.fna
    log: log/exonerate/csp/actin.log
    jobid: 21
    wildcards: subject=csp, query=actin

[Mon Nov 25 09:38:03 2019]
rule spaln:
    input: data/queries/actin.faa, matches/csp/actin.fna
    output: spaln/csp/actin.sp, spaln/csp/actin.faa, spaln/csp/actin_temp.sp, spaln/csp/actin.fna
    log: log/spaln/csp/actin.log
    jobid: 22
    wildcards: subject=csp, query=actin

[Mon Nov 25 09:38:05 2019]
Finished job 42.
7 of 47 steps (15%) done

[Mon Nov 25 09:38:05 2019]
rule matcher:
    input: data/subjects/gpe.fna, blast_results/gpe/actin.hit
    output: matches/gpe/actin.fna
    log: log/matches/gpe/actin.log
    jobid: 36
    wildcards: subject=gpe, query=actin

[Mon Nov 25 09:38:06 2019]
Finished job 43.
8 of 47 steps (17%) done

[Mon Nov 25 09:38:06 2019]
rule matcher:
    input: data/subjects/gpe.fna, blast_results/gpe/beta_tubulin2.hit
    output: matches/gpe/beta_tubulin2.fna
    log: log/matches/gpe/beta_tubulin2.log
    jobid: 37
    wildcards: subject=gpe, query=beta_tubulin2

[Mon Nov 25 09:38:10 2019]
Finished job 36.
9 of 47 steps (19%) done

[Mon Nov 25 09:38:10 2019]
rule exonerate:
    input: data/queries/actin.faa, matches/gpe/actin.fna
    output: exonerate/gpe/actin.ryo, exonerate/gpe/actin.faa, exonerate/gpe/actin.fna
    log: log/exonerate/gpe/actin.log
    jobid: 27
    wildcards: subject=gpe, query=actin

[Mon Nov 25 09:38:10 2019]
rule spaln:
    input: data/queries/actin.faa, matches/gpe/actin.fna
    output: spaln/gpe/actin.sp, spaln/gpe/actin.faa, spaln/gpe/actin_temp.sp, spaln/gpe/actin.fna
    log: log/spaln/gpe/actin.log
    jobid: 28
    wildcards: subject=gpe, query=actin

[Mon Nov 25 09:38:11 2019]
Finished job 37.
10 of 47 steps (21%) done

[Mon Nov 25 09:38:11 2019]
rule exonerate:
    input: data/queries/beta_tubulin2.faa, matches/gpe/beta_tubulin2.fna
    output: exonerate/gpe/beta_tubulin2.ryo, exonerate/gpe/beta_tubulin2.faa, exonerate/gpe/beta_tubulin2.fna
    log: log/exonerate/gpe/beta_tubulin2.log
    jobid: 29
    wildcards: subject=gpe, query=beta_tubulin2

[Mon Nov 25 09:38:11 2019]
rule spaln:
    input: data/queries/beta_tubulin2.faa, matches/gpe/beta_tubulin2.fna
    output: spaln/gpe/beta_tubulin2.sp, spaln/gpe/beta_tubulin2.faa, spaln/gpe/beta_tubulin2_temp.sp, spaln/gpe/beta_tubulin2.fna
    log: log/spaln/gpe/beta_tubulin2.log
    jobid: 30
    wildcards: subject=gpe, query=beta_tubulin2

[Mon Nov 25 09:38:13 2019]
Finished job 41.
11 of 47 steps (23%) done

[Mon Nov 25 09:38:13 2019]
rule matcher:
    input: data/subjects/csp.fna, blast_results/csp/ip3r_channels.hit
    output: matches/csp/ip3r_channels.fna
    log: log/matches/csp/ip3r_channels.log
    jobid: 35
    wildcards: subject=csp, query=ip3r_channels

Removing temporary output file spaln/csp/actin_temp.sp.
Removing temporary output file spaln/csp/actin.fna.
[Mon Nov 25 09:38:13 2019]
Finished job 22.
12 of 47 steps (26%) done
[Mon Nov 25 09:38:16 2019]
Finished job 35.
13 of 47 steps (28%) done

[Mon Nov 25 09:38:16 2019]
rule exonerate:
    input: data/queries/ip3r_channels.faa, matches/csp/ip3r_channels.fna
    output: exonerate/csp/ip3r_channels.ryo, exonerate/csp/ip3r_channels.faa, exonerate/csp/ip3r_channels.fna
    log: log/exonerate/csp/ip3r_channels.log
    jobid: 25
    wildcards: subject=csp, query=ip3r_channels

[Mon Nov 25 09:38:16 2019]
rule spaln:
    input: data/queries/ip3r_channels.faa, matches/csp/ip3r_channels.fna
    output: spaln/csp/ip3r_channels.sp, spaln/csp/ip3r_channels.faa, spaln/csp/ip3r_channels_temp.sp, spaln/csp/ip3r_channels.fna
    log: log/spaln/csp/ip3r_channels.log
    jobid: 26
    wildcards: subject=csp, query=ip3r_channels

Removing temporary output file spaln/csp/beta_tubulin2_temp.sp.
Removing temporary output file spaln/csp/beta_tubulin2.fna.
[Mon Nov 25 09:38:17 2019]
Finished job 24.
14 of 47 steps (30%) done
Removing temporary output file exonerate/gpe/beta_tubulin2.fna.
[Mon Nov 25 09:38:20 2019]
Finished job 29.
15 of 47 steps (32%) done
Removing temporary output file exonerate/csp/ip3r_channels.fna.
[Mon Nov 25 09:38:21 2019]
Finished job 25.
16 of 47 steps (34%) done
Removing temporary output file exonerate/csp/actin.fna.
[Mon Nov 25 09:38:21 2019]
Finished job 21.
17 of 47 steps (36%) done

[Mon Nov 25 09:38:21 2019]
rule cd_hit:
    input: exonerate/csp/actin.faa, spaln/csp/actin.faa
    output: cd_hit/csp/actin_joined.faa, cd_hit/csp/actin_merged.faa
    log: log/cd_hit/csp/actin.log
    jobid: 15
    wildcards: subject=csp, query=actin

[Mon Nov 25 09:38:23 2019]
Finished job 15.
18 of 47 steps (38%) done

[Mon Nov 25 09:38:23 2019]
rule alignment:
    input: data/queries/actin.faa, cd_hit/csp/actin_merged.faa
    output: scores/csp/actin.sim, scores/csp/actin_temp.st, scores/csp/actin_temp_query.faa, scores/csp/actin_temp_hit.faa
    log: log/scores/csp/actin.log
    jobid: 9
    wildcards: subject=csp, query=actin

Removing temporary output file spaln/gpe/actin_temp.sp.
Removing temporary output file spaln/gpe/actin.fna.
[Mon Nov 25 09:38:23 2019]
Finished job 28.
19 of 47 steps (40%) done
Removing temporary output file scores/csp/actin_temp.st.
Removing temporary output file scores/csp/actin_temp_query.faa.
Removing temporary output file scores/csp/actin_temp_hit.faa.
[Mon Nov 25 09:38:24 2019]
Finished job 9.
20 of 47 steps (43%) done

[Mon Nov 25 09:38:24 2019]
rule get_best_hit:
    input: scores/csp/actin.sim
    output: best_hit/csp/actin.tsv
    log: log/best_hit/csp/actin.log
    jobid: 3
    wildcards: subject=csp, query=actin

Removing temporary output file spaln/gpe/beta_tubulin2_temp.sp.
Removing temporary output file spaln/gpe/beta_tubulin2.fna.
[Mon Nov 25 09:38:24 2019]
Finished job 30.
21 of 47 steps (45%) done

[Mon Nov 25 09:38:24 2019]
rule cd_hit:
    input: exonerate/gpe/beta_tubulin2.faa, spaln/gpe/beta_tubulin2.faa
    output: cd_hit/gpe/beta_tubulin2_joined.faa, cd_hit/gpe/beta_tubulin2_merged.faa
    log: log/cd_hit/gpe/beta_tubulin2.log
    jobid: 19
    wildcards: subject=gpe, query=beta_tubulin2

[Mon Nov 25 09:38:25 2019]
Finished job 3.
22 of 47 steps (47%) done
[Mon Nov 25 09:38:25 2019]
Finished job 19.
23 of 47 steps (49%) done

[Mon Nov 25 09:38:25 2019]
rule alignment:
    input: data/queries/beta_tubulin2.faa, cd_hit/gpe/beta_tubulin2_merged.faa
    output: scores/gpe/beta_tubulin2.sim, scores/gpe/beta_tubulin2_temp.st, scores/gpe/beta_tubulin2_temp_query.faa, scores/gpe/beta_tubulin2_temp_hit.faa
    log: log/scores/gpe/beta_tubulin2.log
    jobid: 13
    wildcards: subject=gpe, query=beta_tubulin2

Removing temporary output file scores/gpe/beta_tubulin2_temp.st.
Removing temporary output file scores/gpe/beta_tubulin2_temp_query.faa.
Removing temporary output file scores/gpe/beta_tubulin2_temp_hit.faa.
[Mon Nov 25 09:38:27 2019]
Finished job 13.
24 of 47 steps (51%) done

[Mon Nov 25 09:38:27 2019]
rule get_best_hit:
    input: scores/gpe/beta_tubulin2.sim
    output: best_hit/gpe/beta_tubulin2.tsv
    log: log/best_hit/gpe/beta_tubulin2.log
    jobid: 7
    wildcards: subject=gpe, query=beta_tubulin2

[Mon Nov 25 09:38:27 2019]
Finished job 7.
25 of 47 steps (53%) done
[Mon Nov 25 09:38:28 2019]
Finished job 44.
26 of 47 steps (55%) done

[Mon Nov 25 09:38:28 2019]
rule matcher:
    input: data/subjects/gpe.fna, blast_results/gpe/ip3r_channels.hit
    output: matches/gpe/ip3r_channels.fna
    log: log/matches/gpe/ip3r_channels.log
    jobid: 38
    wildcards: subject=gpe, query=ip3r_channels

Removing temporary output file spaln/csp/ip3r_channels_temp.sp.
Removing temporary output file spaln/csp/ip3r_channels.fna.
[Mon Nov 25 09:38:30 2019]
Finished job 26.
27 of 47 steps (57%) done

[Mon Nov 25 09:38:30 2019]
rule cd_hit:
    input: exonerate/csp/ip3r_channels.faa, spaln/csp/ip3r_channels.faa
    output: cd_hit/csp/ip3r_channels_joined.faa, cd_hit/csp/ip3r_channels_merged.faa
    log: log/cd_hit/csp/ip3r_channels.log
    jobid: 17
    wildcards: subject=csp, query=ip3r_channels

[Mon Nov 25 09:38:30 2019]
Finished job 38.
28 of 47 steps (60%) done

[Mon Nov 25 09:38:30 2019]
rule exonerate:
    input: data/queries/ip3r_channels.faa, matches/gpe/ip3r_channels.fna
    output: exonerate/gpe/ip3r_channels.ryo, exonerate/gpe/ip3r_channels.faa, exonerate/gpe/ip3r_channels.fna
    log: log/exonerate/gpe/ip3r_channels.log
    jobid: 31
    wildcards: subject=gpe, query=ip3r_channels

[Mon Nov 25 09:38:30 2019]
rule spaln:
    input: data/queries/ip3r_channels.faa, matches/gpe/ip3r_channels.fna
    output: spaln/gpe/ip3r_channels.sp, spaln/gpe/ip3r_channels.faa, spaln/gpe/ip3r_channels_temp.sp, spaln/gpe/ip3r_channels.fna
    log: log/spaln/gpe/ip3r_channels.log
    jobid: 32
    wildcards: subject=gpe, query=ip3r_channels

[Mon Nov 25 09:38:31 2019]
Finished job 17.
29 of 47 steps (62%) done

[Mon Nov 25 09:38:31 2019]
rule alignment:
    input: data/queries/ip3r_channels.faa, cd_hit/csp/ip3r_channels_merged.faa
    output: scores/csp/ip3r_channels.sim, scores/csp/ip3r_channels_temp.st, scores/csp/ip3r_channels_temp_query.faa, scores/csp/ip3r_channels_temp_hit.faa
    log: log/scores/csp/ip3r_channels.log
    jobid: 11
    wildcards: subject=csp, query=ip3r_channels

Removing temporary output file exonerate/gpe/actin.fna.
[Mon Nov 25 09:38:32 2019]
Finished job 27.
30 of 47 steps (64%) done

[Mon Nov 25 09:38:32 2019]
rule cd_hit:
    input: exonerate/gpe/actin.faa, spaln/gpe/actin.faa
    output: cd_hit/gpe/actin_joined.faa, cd_hit/gpe/actin_merged.faa
    log: log/cd_hit/gpe/actin.log
    jobid: 18
    wildcards: subject=gpe, query=actin

Removing temporary output file exonerate/csp/beta_tubulin2.fna.
[Mon Nov 25 09:38:32 2019]
Finished job 23.
31 of 47 steps (66%) done

[Mon Nov 25 09:38:32 2019]
rule cd_hit:
    input: exonerate/csp/beta_tubulin2.faa, spaln/csp/beta_tubulin2.faa
    output: cd_hit/csp/beta_tubulin2_joined.faa, cd_hit/csp/beta_tubulin2_merged.faa
    log: log/cd_hit/csp/beta_tubulin2.log
    jobid: 16
    wildcards: subject=csp, query=beta_tubulin2

[Mon Nov 25 09:38:32 2019]
Finished job 18.
32 of 47 steps (68%) done

[Mon Nov 25 09:38:32 2019]
rule alignment:
    input: data/queries/actin.faa, cd_hit/gpe/actin_merged.faa
    output: scores/gpe/actin.sim, scores/gpe/actin_temp.st, scores/gpe/actin_temp_query.faa, scores/gpe/actin_temp_hit.faa
    log: log/scores/gpe/actin.log
    jobid: 12
    wildcards: subject=gpe, query=actin

[Mon Nov 25 09:38:33 2019]
Finished job 16.
33 of 47 steps (70%) done

[Mon Nov 25 09:38:33 2019]
rule alignment:
    input: data/queries/beta_tubulin2.faa, cd_hit/csp/beta_tubulin2_merged.faa
    output: scores/csp/beta_tubulin2.sim, scores/csp/beta_tubulin2_temp.st, scores/csp/beta_tubulin2_temp_query.faa, scores/csp/beta_tubulin2_temp_hit.faa
    log: log/scores/csp/beta_tubulin2.log
    jobid: 10
    wildcards: subject=csp, query=beta_tubulin2

Removing temporary output file scores/csp/ip3r_channels_temp.st.
Removing temporary output file scores/csp/ip3r_channels_temp_query.faa.
Removing temporary output file scores/csp/ip3r_channels_temp_hit.faa.
[Mon Nov 25 09:38:33 2019]
Finished job 11.
34 of 47 steps (72%) done

[Mon Nov 25 09:38:33 2019]
rule get_best_hit:
    input: scores/csp/ip3r_channels.sim
    output: best_hit/csp/ip3r_channels.tsv
    log: log/best_hit/csp/ip3r_channels.log
    jobid: 5
    wildcards: subject=csp, query=ip3r_channels

Removing temporary output file scores/gpe/actin_temp.st.
Removing temporary output file scores/gpe/actin_temp_query.faa.
Removing temporary output file scores/gpe/actin_temp_hit.faa.
[Mon Nov 25 09:38:33 2019]
Finished job 12.
35 of 47 steps (74%) done

[Mon Nov 25 09:38:33 2019]
rule get_best_hit:
    input: scores/gpe/actin.sim
    output: best_hit/gpe/actin.tsv
    log: log/best_hit/gpe/actin.log
    jobid: 6
    wildcards: subject=gpe, query=actin

[Mon Nov 25 09:38:33 2019]
Finished job 5.
36 of 47 steps (77%) done
Removing temporary output file scores/csp/beta_tubulin2_temp.st.
Removing temporary output file scores/csp/beta_tubulin2_temp_query.faa.
Removing temporary output file scores/csp/beta_tubulin2_temp_hit.faa.
[Mon Nov 25 09:38:34 2019]
Finished job 10.
37 of 47 steps (79%) done

[Mon Nov 25 09:38:34 2019]
rule get_best_hit:
    input: scores/csp/beta_tubulin2.sim
    output: best_hit/csp/beta_tubulin2.tsv
    log: log/best_hit/csp/beta_tubulin2.log
    jobid: 4
    wildcards: subject=csp, query=beta_tubulin2

[Mon Nov 25 09:38:34 2019]
Finished job 6.
38 of 47 steps (81%) done
[Mon Nov 25 09:38:34 2019]
Finished job 4.
39 of 47 steps (83%) done
Removing temporary output file exonerate/gpe/ip3r_channels.fna.
[Mon Nov 25 09:38:37 2019]
Finished job 31.
40 of 47 steps (85%) done
Removing temporary output file spaln/gpe/ip3r_channels_temp.sp.
Removing temporary output file spaln/gpe/ip3r_channels.fna.
[Mon Nov 25 09:38:39 2019]
Finished job 32.
41 of 47 steps (87%) done

[Mon Nov 25 09:38:39 2019]
rule cd_hit:
    input: exonerate/gpe/ip3r_channels.faa, spaln/gpe/ip3r_channels.faa
    output: cd_hit/gpe/ip3r_channels_joined.faa, cd_hit/gpe/ip3r_channels_merged.faa
    log: log/cd_hit/gpe/ip3r_channels.log
    jobid: 20
    wildcards: subject=gpe, query=ip3r_channels

[Mon Nov 25 09:38:39 2019]
Finished job 20.
42 of 47 steps (89%) done

[Mon Nov 25 09:38:39 2019]
rule alignment:
    input: data/queries/ip3r_channels.faa, cd_hit/gpe/ip3r_channels_merged.faa
    output: scores/gpe/ip3r_channels.sim, scores/gpe/ip3r_channels_temp.st, scores/gpe/ip3r_channels_temp_query.faa, scores/gpe/ip3r_channels_temp_hit.faa
    log: log/scores/gpe/ip3r_channels.log
    jobid: 14
    wildcards: subject=gpe, query=ip3r_channels

Removing temporary output file scores/gpe/ip3r_channels_temp.st.
Removing temporary output file scores/gpe/ip3r_channels_temp_query.faa.
Removing temporary output file scores/gpe/ip3r_channels_temp_hit.faa.
[Mon Nov 25 09:38:40 2019]
Finished job 14.
43 of 47 steps (91%) done

[Mon Nov 25 09:38:40 2019]
rule get_best_hit:
    input: scores/gpe/ip3r_channels.sim
    output: best_hit/gpe/ip3r_channels.tsv
    log: log/best_hit/gpe/ip3r_channels.log
    jobid: 8
    wildcards: subject=gpe, query=ip3r_channels

[Mon Nov 25 09:38:40 2019]
Finished job 8.
44 of 47 steps (94%) done

[Mon Nov 25 09:38:40 2019]
rule join_results:
    input: best_hit/csp/actin.tsv, best_hit/csp/beta_tubulin2.tsv, best_hit/csp/ip3r_channels.tsv, best_hit/gpe/actin.tsv, best_hit/gpe/beta_tubulin2.tsv, best_hit/gpe/ip3r_channels.tsv
    output: results/retained/proda.tsv, results/discarded/proda.tsv
    log: log/results/results.log
    jobid: 2

[Mon Nov 25 09:38:40 2019]
Finished job 2.
45 of 47 steps (96%) done

[Mon Nov 25 09:38:40 2019]
rule visualize_results:
    input: results/retained/proda.tsv, results/discarded/proda.tsv
    output: finished.txt
    jobid: 1

[Mon Nov 25 09:39:11 2019]
Finished job 1.
46 of 47 steps (98%) done

[Mon Nov 25 09:39:11 2019]
localrule all:
    input: finished.txt
    jobid: 0

Removing temporary output file finished.txt.
[Mon Nov 25 09:39:11 2019]
Finished job 0.
47 of 47 steps (100%) done
Complete log: /home/valentin/git/ProDA/.snakemake/log/2019-11-25T093757.716984.snakemake.log
