Building DAG of jobs...
Using shell: /bin/bash
Provided cores: 10
Rules claiming more threads will be scaled down.
Job counts:
	count	jobs
	6	alignment
	1	all
	6	blast
	6	cd_hit
	6	exonerate
	1	finisher
	6	get_best_hit
	1	join_results
	2	makeblastdb
	6	matcher
	6	spaln
	47

[Fri Nov 22 17:34:46 2019]
rule makeblastdb:
    input: data/subjects/gonium.fna
    output: blast_dbs/gonium/temp.db
    log: log/blast_dbs/gonium.log
    jobid: 46
    wildcards: subject=gonium

(makeblastdb -in data/subjects/gonium.fna -dbtype nucl -out blast_dbs/gonium/gonium) 2> log/blast_dbs/gonium.log && touch blast_dbs/gonium/temp.db

[Fri Nov 22 17:34:46 2019]
rule makeblastdb:
    input: data/subjects/csp.fna
    output: blast_dbs/csp/temp.db
    log: log/blast_dbs/csp.log
    jobid: 45
    wildcards: subject=csp

(makeblastdb -in data/subjects/csp.fna -dbtype nucl -out blast_dbs/csp/csp) 2> log/blast_dbs/csp.log && touch blast_dbs/csp/temp.db
[Fri Nov 22 17:34:47 2019]
Finished job 45.
1 of 47 steps (2%) done

[Fri Nov 22 17:34:47 2019]
rule blast:
    input: blast_dbs/csp/temp.db, data/queries/beta_tubulin2.faa
    output: blast_results/csp/beta_tubulin2.hit
    log: log/blast_results/csp/beta_tubulin2.log
    jobid: 40
    wildcards: subject=csp, query=beta_tubulin2

(tblastn -query data/queries/beta_tubulin2.faa -db blast_dbs/csp/csp -outfmt '6 qseqid sseqid sstart send' -evalue 1e-4 > blast_results/csp/beta_tubulin2.hit) 2> log/blast_results/csp/beta_tubulin2.log

[Fri Nov 22 17:34:47 2019]
rule blast:
    input: blast_dbs/csp/temp.db, data/queries/cng_channels.faa
    output: blast_results/csp/cng_channels.hit
    log: log/blast_results/csp/cng_channels.log
    jobid: 41
    wildcards: subject=csp, query=cng_channels

(tblastn -query data/queries/cng_channels.faa -db blast_dbs/csp/csp -outfmt '6 qseqid sseqid sstart send' -evalue 1e-4 > blast_results/csp/cng_channels.hit) 2> log/blast_results/csp/cng_channels.log

[Fri Nov 22 17:34:47 2019]
rule blast:
    input: blast_dbs/csp/temp.db, data/queries/actin.faa
    output: blast_results/csp/actin.hit
    log: log/blast_results/csp/actin.log
    jobid: 39
    wildcards: subject=csp, query=actin

(tblastn -query data/queries/actin.faa -db blast_dbs/csp/csp -outfmt '6 qseqid sseqid sstart send' -evalue 1e-4 > blast_results/csp/actin.hit) 2> log/blast_results/csp/actin.log
[Fri Nov 22 17:34:49 2019]
Finished job 46.
2 of 47 steps (4%) done

[Fri Nov 22 17:34:49 2019]
rule blast:
    input: blast_dbs/gonium/temp.db, data/queries/actin.faa
    output: blast_results/gonium/actin.hit
    log: log/blast_results/gonium/actin.log
    jobid: 42
    wildcards: subject=gonium, query=actin

(tblastn -query data/queries/actin.faa -db blast_dbs/gonium/gonium -outfmt '6 qseqid sseqid sstart send' -evalue 1e-4 > blast_results/gonium/actin.hit) 2> log/blast_results/gonium/actin.log

[Fri Nov 22 17:34:49 2019]
rule blast:
    input: blast_dbs/gonium/temp.db, data/queries/cng_channels.faa
    output: blast_results/gonium/cng_channels.hit
    log: log/blast_results/gonium/cng_channels.log
    jobid: 44
    wildcards: subject=gonium, query=cng_channels

(tblastn -query data/queries/cng_channels.faa -db blast_dbs/gonium/gonium -outfmt '6 qseqid sseqid sstart send' -evalue 1e-4 > blast_results/gonium/cng_channels.hit) 2> log/blast_results/gonium/cng_channels.log

[Fri Nov 22 17:34:49 2019]
rule blast:
    input: blast_dbs/gonium/temp.db, data/queries/beta_tubulin2.faa
    output: blast_results/gonium/beta_tubulin2.hit
    log: log/blast_results/gonium/beta_tubulin2.log
    jobid: 43
    wildcards: subject=gonium, query=beta_tubulin2

(tblastn -query data/queries/beta_tubulin2.faa -db blast_dbs/gonium/gonium -outfmt '6 qseqid sseqid sstart send' -evalue 1e-4 > blast_results/gonium/beta_tubulin2.hit) 2> log/blast_results/gonium/beta_tubulin2.log
[Fri Nov 22 17:34:49 2019]
Finished job 40.
3 of 47 steps (6%) done

[Fri Nov 22 17:34:49 2019]
rule matcher:
    input: data/subjects/csp.fna, blast_results/csp/beta_tubulin2.hit
    output: matches/csp/beta_tubulin2.fna
    log: log/matches/csp/beta_tubulin2.log
    jobid: 34
    wildcards: subject=csp, query=beta_tubulin2

[Fri Nov 22 17:34:49 2019]
Finished job 39.
4 of 47 steps (9%) done

[Fri Nov 22 17:34:49 2019]
rule matcher:
    input: data/subjects/csp.fna, blast_results/csp/actin.hit
    output: matches/csp/actin.fna
    log: log/matches/csp/actin.log
    jobid: 33
    wildcards: subject=csp, query=actin

[Fri Nov 22 17:34:52 2019]
Finished job 33.
5 of 47 steps (11%) done

[Fri Nov 22 17:34:52 2019]
rule spaln:
    input: data/queries/actin.faa, matches/csp/actin.fna
    output: spaln/csp/actin.sp, spaln/csp/actin.fna, spaln/csp/actin_temp.fna, spaln/csp/actin.faa
    log: log/spaln/csp/actin.log
    jobid: 22
    wildcards: subject=csp, query=actin

[Fri Nov 22 17:34:52 2019]
rule exonerate:
    input: data/queries/actin.faa, matches/csp/actin.fna
    output: exonerate/csp/actin.ryo, exonerate/csp/actin.fna, exonerate/csp/actin.faa
    log: log/exonerate/csp/actin.log
    jobid: 21
    wildcards: subject=csp, query=actin

[Fri Nov 22 17:34:52 2019]
Finished job 34.
6 of 47 steps (13%) done

[Fri Nov 22 17:34:52 2019]
rule exonerate:
    input: data/queries/beta_tubulin2.faa, matches/csp/beta_tubulin2.fna
    output: exonerate/csp/beta_tubulin2.ryo, exonerate/csp/beta_tubulin2.fna, exonerate/csp/beta_tubulin2.faa
    log: log/exonerate/csp/beta_tubulin2.log
    jobid: 23
    wildcards: subject=csp, query=beta_tubulin2

[Fri Nov 22 17:34:52 2019]
rule spaln:
    input: data/queries/beta_tubulin2.faa, matches/csp/beta_tubulin2.fna
    output: spaln/csp/beta_tubulin2.sp, spaln/csp/beta_tubulin2.fna, spaln/csp/beta_tubulin2_temp.fna, spaln/csp/beta_tubulin2.faa
    log: log/spaln/csp/beta_tubulin2.log
    jobid: 24
    wildcards: subject=csp, query=beta_tubulin2

[Fri Nov 22 17:34:54 2019]
Finished job 42.
7 of 47 steps (15%) done

[Fri Nov 22 17:34:54 2019]
rule matcher:
    input: data/subjects/gonium.fna, blast_results/gonium/actin.hit
    output: matches/gonium/actin.fna
    log: log/matches/gonium/actin.log
    jobid: 36
    wildcards: subject=gonium, query=actin

[Fri Nov 22 17:34:54 2019]
Finished job 43.
8 of 47 steps (17%) done

[Fri Nov 22 17:34:54 2019]
rule matcher:
    input: data/subjects/gonium.fna, blast_results/gonium/beta_tubulin2.hit
    output: matches/gonium/beta_tubulin2.fna
    log: log/matches/gonium/beta_tubulin2.log
    jobid: 37
    wildcards: subject=gonium, query=beta_tubulin2

[Fri Nov 22 17:34:59 2019]
Finished job 36.
9 of 47 steps (19%) done

[Fri Nov 22 17:34:59 2019]
rule spaln:
    input: data/queries/actin.faa, matches/gonium/actin.fna
    output: spaln/gonium/actin.sp, spaln/gonium/actin.fna, spaln/gonium/actin_temp.fna, spaln/gonium/actin.faa
    log: log/spaln/gonium/actin.log
    jobid: 28
    wildcards: subject=gonium, query=actin

[Fri Nov 22 17:34:59 2019]
rule exonerate:
    input: data/queries/actin.faa, matches/gonium/actin.fna
    output: exonerate/gonium/actin.ryo, exonerate/gonium/actin.fna, exonerate/gonium/actin.faa
    log: log/exonerate/gonium/actin.log
    jobid: 27
    wildcards: subject=gonium, query=actin

[Fri Nov 22 17:34:59 2019]
Finished job 37.
10 of 47 steps (21%) done

[Fri Nov 22 17:34:59 2019]
rule exonerate:
    input: data/queries/beta_tubulin2.faa, matches/gonium/beta_tubulin2.fna
    output: exonerate/gonium/beta_tubulin2.ryo, exonerate/gonium/beta_tubulin2.fna, exonerate/gonium/beta_tubulin2.faa
    log: log/exonerate/gonium/beta_tubulin2.log
    jobid: 29
    wildcards: subject=gonium, query=beta_tubulin2

[Fri Nov 22 17:34:59 2019]
rule spaln:
    input: data/queries/beta_tubulin2.faa, matches/gonium/beta_tubulin2.fna
    output: spaln/gonium/beta_tubulin2.sp, spaln/gonium/beta_tubulin2.fna, spaln/gonium/beta_tubulin2_temp.fna, spaln/gonium/beta_tubulin2.faa
    log: log/spaln/gonium/beta_tubulin2.log
    jobid: 30
    wildcards: subject=gonium, query=beta_tubulin2

Removing temporary output file spaln/csp/actin_temp.fna.
[Fri Nov 22 17:35:00 2019]
Finished job 22.
11 of 47 steps (23%) done
Removing temporary output file spaln/csp/beta_tubulin2_temp.fna.
[Fri Nov 22 17:35:06 2019]
Finished job 24.
12 of 47 steps (26%) done
[Fri Nov 22 17:35:06 2019]
Finished job 41.
13 of 47 steps (28%) done

[Fri Nov 22 17:35:06 2019]
rule matcher:
    input: data/subjects/csp.fna, blast_results/csp/cng_channels.hit
    output: matches/csp/cng_channels.fna
    log: log/matches/csp/cng_channels.log
    jobid: 35
    wildcards: subject=csp, query=cng_channels

[Fri Nov 22 17:35:07 2019]
Finished job 29.
14 of 47 steps (30%) done
[Fri Nov 22 17:35:10 2019]
Finished job 35.
15 of 47 steps (32%) done

[Fri Nov 22 17:35:10 2019]
rule spaln:
    input: data/queries/cng_channels.faa, matches/csp/cng_channels.fna
    output: spaln/csp/cng_channels.sp, spaln/csp/cng_channels.fna, spaln/csp/cng_channels_temp.fna, spaln/csp/cng_channels.faa
    log: log/spaln/csp/cng_channels.log
    jobid: 26
    wildcards: subject=csp, query=cng_channels

[Fri Nov 22 17:35:10 2019]
rule exonerate:
    input: data/queries/cng_channels.faa, matches/csp/cng_channels.fna
    output: exonerate/csp/cng_channels.ryo, exonerate/csp/cng_channels.fna, exonerate/csp/cng_channels.faa
    log: log/exonerate/csp/cng_channels.log
    jobid: 25
    wildcards: subject=csp, query=cng_channels

[Fri Nov 22 17:35:10 2019]
Finished job 21.
16 of 47 steps (34%) done

[Fri Nov 22 17:35:10 2019]
rule cd_hit:
    input: exonerate/csp/actin.faa, spaln/csp/actin.faa
    output: cd_hit/csp/actin_joined.faa, cd_hit/csp/actin_merged.faa
    log: log/cd_hit/csp/actin.log
    jobid: 15
    wildcards: subject=csp, query=actin

[Fri Nov 22 17:35:11 2019]
Finished job 15.
17 of 47 steps (36%) done

[Fri Nov 22 17:35:11 2019]
rule alignment:
    input: data/queries/actin.faa, cd_hit/csp/actin_merged.faa
    output: scores/csp/actin.sim, scores/csp/actin_temp.st, scores/csp/actin_temp_query.faa, scores/csp/actin_temp_hit.faa
    log: log/scores/csp/actin.log
    jobid: 9
    wildcards: subject=csp, query=actin

Removing temporary output file spaln/gonium/actin_temp.fna.
[Fri Nov 22 17:35:12 2019]
Finished job 28.
18 of 47 steps (38%) done
Removing temporary output file scores/csp/actin_temp.st.
Removing temporary output file scores/csp/actin_temp_query.faa.
Removing temporary output file scores/csp/actin_temp_hit.faa.
[Fri Nov 22 17:35:13 2019]
Finished job 9.
19 of 47 steps (40%) done

[Fri Nov 22 17:35:13 2019]
rule get_best_hit:
    input: scores/csp/actin.sim
    output: best_hit/csp/actin.tsv
    log: log/best_hit/csp/actin.log
    jobid: 3
    wildcards: subject=csp, query=actin

Removing temporary output file spaln/gonium/beta_tubulin2_temp.fna.
[Fri Nov 22 17:35:13 2019]
Finished job 30.
20 of 47 steps (43%) done

[Fri Nov 22 17:35:13 2019]
rule cd_hit:
    input: exonerate/gonium/beta_tubulin2.faa, spaln/gonium/beta_tubulin2.faa
    output: cd_hit/gonium/beta_tubulin2_joined.faa, cd_hit/gonium/beta_tubulin2_merged.faa
    log: log/cd_hit/gonium/beta_tubulin2.log
    jobid: 19
    wildcards: subject=gonium, query=beta_tubulin2

[Fri Nov 22 17:35:14 2019]
Finished job 3.
21 of 47 steps (45%) done
[Fri Nov 22 17:35:15 2019]
Finished job 19.
22 of 47 steps (47%) done

[Fri Nov 22 17:35:15 2019]
rule alignment:
    input: data/queries/beta_tubulin2.faa, cd_hit/gonium/beta_tubulin2_merged.faa
    output: scores/gonium/beta_tubulin2.sim, scores/gonium/beta_tubulin2_temp.st, scores/gonium/beta_tubulin2_temp_query.faa, scores/gonium/beta_tubulin2_temp_hit.faa
    log: log/scores/gonium/beta_tubulin2.log
    jobid: 13
    wildcards: subject=gonium, query=beta_tubulin2

Removing temporary output file scores/gonium/beta_tubulin2_temp.st.
Removing temporary output file scores/gonium/beta_tubulin2_temp_query.faa.
Removing temporary output file scores/gonium/beta_tubulin2_temp_hit.faa.
[Fri Nov 22 17:35:16 2019]
Finished job 13.
23 of 47 steps (49%) done

[Fri Nov 22 17:35:16 2019]
rule get_best_hit:
    input: scores/gonium/beta_tubulin2.sim
    output: best_hit/gonium/beta_tubulin2.tsv
    log: log/best_hit/gonium/beta_tubulin2.log
    jobid: 7
    wildcards: subject=gonium, query=beta_tubulin2

[Fri Nov 22 17:35:17 2019]
Finished job 7.
24 of 47 steps (51%) done
[Fri Nov 22 17:35:20 2019]
Finished job 27.
25 of 47 steps (53%) done

[Fri Nov 22 17:35:20 2019]
rule cd_hit:
    input: exonerate/gonium/actin.faa, spaln/gonium/actin.faa
    output: cd_hit/gonium/actin_joined.faa, cd_hit/gonium/actin_merged.faa
    log: log/cd_hit/gonium/actin.log
    jobid: 18
    wildcards: subject=gonium, query=actin

[Fri Nov 22 17:35:21 2019]
Finished job 18.
26 of 47 steps (55%) done

[Fri Nov 22 17:35:21 2019]
rule alignment:
    input: data/queries/actin.faa, cd_hit/gonium/actin_merged.faa
    output: scores/gonium/actin.sim, scores/gonium/actin_temp.st, scores/gonium/actin_temp_query.faa, scores/gonium/actin_temp_hit.faa
    log: log/scores/gonium/actin.log
    jobid: 12
    wildcards: subject=gonium, query=actin

[Fri Nov 22 17:35:21 2019]
Finished job 44.
27 of 47 steps (57%) done

[Fri Nov 22 17:35:21 2019]
rule matcher:
    input: data/subjects/gonium.fna, blast_results/gonium/cng_channels.hit
    output: matches/gonium/cng_channels.fna
    log: log/matches/gonium/cng_channels.log
    jobid: 38
    wildcards: subject=gonium, query=cng_channels

[Fri Nov 22 17:35:23 2019]
Finished job 23.
28 of 47 steps (60%) done

[Fri Nov 22 17:35:23 2019]
rule cd_hit:
    input: exonerate/csp/beta_tubulin2.faa, spaln/csp/beta_tubulin2.faa
    output: cd_hit/csp/beta_tubulin2_joined.faa, cd_hit/csp/beta_tubulin2_merged.faa
    log: log/cd_hit/csp/beta_tubulin2.log
    jobid: 16
    wildcards: subject=csp, query=beta_tubulin2

Removing temporary output file scores/gonium/actin_temp.st.
Removing temporary output file scores/gonium/actin_temp_query.faa.
Removing temporary output file scores/gonium/actin_temp_hit.faa.
[Fri Nov 22 17:35:23 2019]
Finished job 12.
29 of 47 steps (62%) done

[Fri Nov 22 17:35:23 2019]
rule get_best_hit:
    input: scores/gonium/actin.sim
    output: best_hit/gonium/actin.tsv
    log: log/best_hit/gonium/actin.log
    jobid: 6
    wildcards: subject=gonium, query=actin

[Fri Nov 22 17:35:23 2019]
Finished job 16.
30 of 47 steps (64%) done

[Fri Nov 22 17:35:23 2019]
rule alignment:
    input: data/queries/beta_tubulin2.faa, cd_hit/csp/beta_tubulin2_merged.faa
    output: scores/csp/beta_tubulin2.sim, scores/csp/beta_tubulin2_temp.st, scores/csp/beta_tubulin2_temp_query.faa, scores/csp/beta_tubulin2_temp_hit.faa
    log: log/scores/csp/beta_tubulin2.log
    jobid: 10
    wildcards: subject=csp, query=beta_tubulin2

[Fri Nov 22 17:35:24 2019]
Finished job 6.
31 of 47 steps (66%) done
[Fri Nov 22 17:35:25 2019]
Finished job 38.
32 of 47 steps (68%) done

[Fri Nov 22 17:35:25 2019]
rule spaln:
    input: data/queries/cng_channels.faa, matches/gonium/cng_channels.fna
    output: spaln/gonium/cng_channels.sp, spaln/gonium/cng_channels.fna, spaln/gonium/cng_channels_temp.fna, spaln/gonium/cng_channels.faa
    log: log/spaln/gonium/cng_channels.log
    jobid: 32
    wildcards: subject=gonium, query=cng_channels

[Fri Nov 22 17:35:25 2019]
rule exonerate:
    input: data/queries/cng_channels.faa, matches/gonium/cng_channels.fna
    output: exonerate/gonium/cng_channels.ryo, exonerate/gonium/cng_channels.fna, exonerate/gonium/cng_channels.faa
    log: log/exonerate/gonium/cng_channels.log
    jobid: 31
    wildcards: subject=gonium, query=cng_channels

Removing temporary output file scores/csp/beta_tubulin2_temp.st.
Removing temporary output file scores/csp/beta_tubulin2_temp_query.faa.
Removing temporary output file scores/csp/beta_tubulin2_temp_hit.faa.
[Fri Nov 22 17:35:25 2019]
Finished job 10.
33 of 47 steps (70%) done

[Fri Nov 22 17:35:25 2019]
rule get_best_hit:
    input: scores/csp/beta_tubulin2.sim
    output: best_hit/csp/beta_tubulin2.tsv
    log: log/best_hit/csp/beta_tubulin2.log
    jobid: 4
    wildcards: subject=csp, query=beta_tubulin2

[Fri Nov 22 17:35:25 2019]
Finished job 4.
34 of 47 steps (72%) done
Removing temporary output file spaln/csp/cng_channels_temp.fna.
[Fri Nov 22 17:36:41 2019]
Finished job 26.
35 of 47 steps (74%) done
Removing temporary output file spaln/gonium/cng_channels_temp.fna.
[Fri Nov 22 17:37:28 2019]
Finished job 32.
36 of 47 steps (77%) done
[Fri Nov 22 17:38:30 2019]
Finished job 25.
37 of 47 steps (79%) done

[Fri Nov 22 17:38:30 2019]
rule cd_hit:
    input: exonerate/csp/cng_channels.faa, spaln/csp/cng_channels.faa
    output: cd_hit/csp/cng_channels_joined.faa, cd_hit/csp/cng_channels_merged.faa
    log: log/cd_hit/csp/cng_channels.log
    jobid: 17
    wildcards: subject=csp, query=cng_channels

[Fri Nov 22 17:38:30 2019]
Finished job 17.
38 of 47 steps (81%) done

[Fri Nov 22 17:38:30 2019]
rule alignment:
    input: data/queries/cng_channels.faa, cd_hit/csp/cng_channels_merged.faa
    output: scores/csp/cng_channels.sim, scores/csp/cng_channels_temp.st, scores/csp/cng_channels_temp_query.faa, scores/csp/cng_channels_temp_hit.faa
    log: log/scores/csp/cng_channels.log
    jobid: 11
    wildcards: subject=csp, query=cng_channels

Removing temporary output file scores/csp/cng_channels_temp.st.
Removing temporary output file scores/csp/cng_channels_temp_query.faa.
Removing temporary output file scores/csp/cng_channels_temp_hit.faa.
[Fri Nov 22 17:38:31 2019]
Finished job 11.
39 of 47 steps (83%) done

[Fri Nov 22 17:38:31 2019]
rule get_best_hit:
    input: scores/csp/cng_channels.sim
    output: best_hit/csp/cng_channels.tsv
    log: log/best_hit/csp/cng_channels.log
    jobid: 5
    wildcards: subject=csp, query=cng_channels

[Fri Nov 22 17:38:31 2019]
Finished job 5.
40 of 47 steps (85%) done
[Fri Nov 22 17:39:01 2019]
Finished job 31.
41 of 47 steps (87%) done

[Fri Nov 22 17:39:01 2019]
rule cd_hit:
    input: exonerate/gonium/cng_channels.faa, spaln/gonium/cng_channels.faa
    output: cd_hit/gonium/cng_channels_joined.faa, cd_hit/gonium/cng_channels_merged.faa
    log: log/cd_hit/gonium/cng_channels.log
    jobid: 20
    wildcards: subject=gonium, query=cng_channels

[Fri Nov 22 17:39:01 2019]
Finished job 20.
42 of 47 steps (89%) done

[Fri Nov 22 17:39:01 2019]
rule alignment:
    input: data/queries/cng_channels.faa, cd_hit/gonium/cng_channels_merged.faa
    output: scores/gonium/cng_channels.sim, scores/gonium/cng_channels_temp.st, scores/gonium/cng_channels_temp_query.faa, scores/gonium/cng_channels_temp_hit.faa
    log: log/scores/gonium/cng_channels.log
    jobid: 14
    wildcards: subject=gonium, query=cng_channels

Removing temporary output file scores/gonium/cng_channels_temp.st.
Removing temporary output file scores/gonium/cng_channels_temp_query.faa.
Removing temporary output file scores/gonium/cng_channels_temp_hit.faa.
[Fri Nov 22 17:39:03 2019]
Finished job 14.
43 of 47 steps (91%) done

[Fri Nov 22 17:39:03 2019]
rule get_best_hit:
    input: scores/gonium/cng_channels.sim
    output: best_hit/gonium/cng_channels.tsv
    log: log/best_hit/gonium/cng_channels.log
    jobid: 8
    wildcards: subject=gonium, query=cng_channels

[Fri Nov 22 17:39:04 2019]
Finished job 8.
44 of 47 steps (94%) done

[Fri Nov 22 17:39:04 2019]
rule join_results:
    input: best_hit/csp/actin.tsv, best_hit/csp/beta_tubulin2.tsv, best_hit/csp/cng_channels.tsv, best_hit/gonium/actin.tsv, best_hit/gonium/beta_tubulin2.tsv, best_hit/gonium/cng_channels.tsv
    output: results/retained/proda.tsv, results/discarded/proda.tsv
    log: log/results/results.log
    jobid: 2

[Fri Nov 22 17:39:04 2019]
Finished job 2.
45 of 47 steps (96%) done

[Fri Nov 22 17:39:04 2019]
rule finisher:
    input: results/retained/proda.tsv, results/discarded/proda.tsv
    output: finished.txt
    jobid: 1

touch finished.txt
[Fri Nov 22 17:39:04 2019]
Finished job 1.
46 of 47 steps (98%) done

[Fri Nov 22 17:39:04 2019]
localrule all:
    input: finished.txt
    jobid: 0

Removing temporary output file finished.txt.
[Fri Nov 22 17:39:04 2019]
Finished job 0.
47 of 47 steps (100%) done
Complete log: /home/valentin/git/ProDA/.snakemake/log/2019-11-22T173446.819305.snakemake.log
