Building DAG of jobs...
Using shell: /bin/bash
Provided cores: 1
Rules claiming more threads will be scaled down.
Job counts:
	count	jobs
	1	all
	4	cd_hit
	1	test
	6

[Thu Nov 21 10:01:14 2019]
rule cd_hit:
    input: exonerate/csp/actin.faa, exonerate/csp/beta_tubulin2.faa, exonerate/gonium/actin.faa, exonerate/gonium/beta_tubulin2.faa, spaln/csp/actin.faa, spaln/csp/beta_tubulin2.faa, spaln/gonium/actin.faa, spaln/gonium/beta_tubulin2.faa
    output: cd_hit/gonium/joined_actin.faa
    log: log/cd_hit/gonium/actin.log
    jobid: 4
    wildcards: subject=gonium, query=actin

[Thu Nov 21 10:01:14 2019]
Finished job 4.
1 of 6 steps (17%) done

[Thu Nov 21 10:01:14 2019]
rule cd_hit:
    input: exonerate/csp/actin.faa, exonerate/csp/beta_tubulin2.faa, exonerate/gonium/actin.faa, exonerate/gonium/beta_tubulin2.faa, spaln/csp/actin.faa, spaln/csp/beta_tubulin2.faa, spaln/gonium/actin.faa, spaln/gonium/beta_tubulin2.faa
    output: cd_hit/csp/joined_beta_tubulin2.faa
    log: log/cd_hit/csp/beta_tubulin2.log
    jobid: 3
    wildcards: subject=csp, query=beta_tubulin2

[Thu Nov 21 10:01:15 2019]
Finished job 3.
2 of 6 steps (33%) done

[Thu Nov 21 10:01:15 2019]
rule cd_hit:
    input: exonerate/csp/actin.faa, exonerate/csp/beta_tubulin2.faa, exonerate/gonium/actin.faa, exonerate/gonium/beta_tubulin2.faa, spaln/csp/actin.faa, spaln/csp/beta_tubulin2.faa, spaln/gonium/actin.faa, spaln/gonium/beta_tubulin2.faa
    output: cd_hit/csp/joined_actin.faa
    log: log/cd_hit/csp/actin.log
    jobid: 2
    wildcards: subject=csp, query=actin

[Thu Nov 21 10:01:15 2019]
Finished job 2.
3 of 6 steps (50%) done

[Thu Nov 21 10:01:15 2019]
rule cd_hit:
    input: exonerate/csp/actin.faa, exonerate/csp/beta_tubulin2.faa, exonerate/gonium/actin.faa, exonerate/gonium/beta_tubulin2.faa, spaln/csp/actin.faa, spaln/csp/beta_tubulin2.faa, spaln/gonium/actin.faa, spaln/gonium/beta_tubulin2.faa
    output: cd_hit/gonium/joined_beta_tubulin2.faa
    log: log/cd_hit/gonium/beta_tubulin2.log
    jobid: 5
    wildcards: subject=gonium, query=beta_tubulin2

[Thu Nov 21 10:01:16 2019]
Finished job 5.
4 of 6 steps (67%) done

[Thu Nov 21 10:01:16 2019]
rule test:
    input: cd_hit/csp/joined_actin.faa, cd_hit/csp/joined_beta_tubulin2.faa, cd_hit/gonium/joined_actin.faa, cd_hit/gonium/joined_beta_tubulin2.faa
    output: temp/end.txt
    jobid: 1

touch temp/end.txt
[Thu Nov 21 10:01:16 2019]
Finished job 1.
5 of 6 steps (83%) done

[Thu Nov 21 10:01:16 2019]
localrule all:
    input: temp/end.txt
    jobid: 0

[Thu Nov 21 10:01:16 2019]
Finished job 0.
6 of 6 steps (100%) done
Complete log: /home/valentin/git/ProDA/.snakemake/log/2019-11-21T100114.161848.snakemake.log
