Building DAG of jobs...
Using shell: /bin/bash
Provided cores: 1
Rules claiming more threads will be scaled down.
Job counts:
	count	jobs
	1	all
	4	blast
	4	cd_hit
	4	exonerate
	2	makeblastdb
	4	matcher
	4	spaln
	1	test
	24

[Thu Nov 21 12:33:44 2019]
rule makeblastdb:
    input: data/subjects/gonium.fna
    output: blast_dbs/gonium/temp.db
    log: log/blast_dbs/gonium.log
    jobid: 23
    wildcards: subject=gonium

(makeblastdb -in data/subjects/gonium.fna -dbtype nucl -out blast_dbs/gonium/gonium) 2> log/blast_dbs/gonium.log && touch blast_dbs/gonium/temp.db
[Thu Nov 21 12:33:45 2019]
Finished job 23.
1 of 24 steps (4%) done

[Thu Nov 21 12:33:45 2019]
rule makeblastdb:
    input: data/subjects/csp.fna
    output: blast_dbs/csp/temp.db
    log: log/blast_dbs/csp.log
    jobid: 22
    wildcards: subject=csp

(makeblastdb -in data/subjects/csp.fna -dbtype nucl -out blast_dbs/csp/csp) 2> log/blast_dbs/csp.log && touch blast_dbs/csp/temp.db
[Thu Nov 21 12:33:46 2019]
Finished job 22.
2 of 24 steps (8%) done

[Thu Nov 21 12:33:46 2019]
rule blast:
    input: blast_dbs/csp/temp.db, data/queries/beta_tubulin2.faa
    output: blast_results/csp/beta_tubulin2.hit
    log: log/blast_results/csp/beta_tubulin2.log
    jobid: 19
    wildcards: subject=csp, query=beta_tubulin2

(tblastn -query data/queries/beta_tubulin2.faa -db blast_dbs/csp/csp -outfmt '6 qseqid sseqid sstart send' -evalue 1e-4 > blast_results/csp/beta_tubulin2.hit) 2> log/blast_results/csp/beta_tubulin2.log
[Thu Nov 21 12:33:47 2019]
Finished job 19.
3 of 24 steps (12%) done

[Thu Nov 21 12:33:47 2019]
rule matcher:
    input: data/subjects/csp.fna, blast_results/csp/beta_tubulin2.hit
    output: matches/csp/beta_tubulin2.fna
    log: log/matches/csp/beta_tubulin2.log
    jobid: 15
    wildcards: subject=csp, query=beta_tubulin2

/home/valentin/anaconda3/bin/python3.6 /home/valentin/git/ProDA/.snakemake/scripts/tmp1d8_i09q.contig_query_matcher.py
Waiting at most 5 seconds for missing files.
MissingOutputException in line 11 of /home/valentin/git/ProDA/Snakefile:
Missing files after 5 seconds:
matches/csp/beta_tubulin2.fna
This might be due to filesystem latency. If that is the case, consider to increase the wait time with --latency-wait.
Shutting down, this might take some time.
Exiting because a job execution failed. Look above for error message
Complete log: /home/valentin/git/ProDA/.snakemake/log/2019-11-21T123343.910773.snakemake.log
