Building DAG of jobs...
Using shell: /bin/bash
Provided cores: 1
Rules claiming more threads will be scaled down.
Job counts:
	count	jobs
	1	all
	1	test
	2

[Wed Nov 20 11:36:36 2019]
rule test:
    input: cd_hit/exonerate/csp/actin.fasta, cd_hit/exonerate/csp/beta_tubulin2.fasta, cd_hit/exonerate/gonium/actin.fasta, cd_hit/exonerate/gonium/beta_tubulin2.fasta
    output: temp/end.txt
    jobid: 1

touch temp/end.txt
[Wed Nov 20 11:36:36 2019]
Finished job 1.
1 of 2 steps (50%) done

[Wed Nov 20 11:36:36 2019]
localrule all:
    input: temp/end.txt
    jobid: 0

[Wed Nov 20 11:36:36 2019]
Finished job 0.
2 of 2 steps (100%) done
Complete log: /home/valentin/git/ProDA/.snakemake/log/2019-11-20T113636.378045.snakemake.log
