Building DAG of jobs...
Using shell: /bin/bash
Provided cores: 1
Rules claiming more threads will be scaled down.
Job counts:
	count	jobs
	6	alignment
	1	all
	6	blast
	6	cd_hit
	6	exonerate
	2	makeblastdb
	6	matcher
	6	spaln
	1	test
	40

[Thu Nov 21 15:05:16 2019]
rule makeblastdb:
    input: data/subjects/gonium.fna
    output: blast_dbs/gonium/temp.db
    log: log/blast_dbs/gonium.log
    jobid: 39
    wildcards: subject=gonium

(makeblastdb -in data/subjects/gonium.fna -dbtype nucl -out blast_dbs/gonium/gonium) 2> log/blast_dbs/gonium.log && touch blast_dbs/gonium/temp.db
[Thu Nov 21 15:05:18 2019]
Finished job 39.
1 of 40 steps (2%) done

[Thu Nov 21 15:05:18 2019]
rule makeblastdb:
    input: data/subjects/csp.fna
    output: blast_dbs/csp/temp.db
    log: log/blast_dbs/csp.log
    jobid: 38
    wildcards: subject=csp

(makeblastdb -in data/subjects/csp.fna -dbtype nucl -out blast_dbs/csp/csp) 2> log/blast_dbs/csp.log && touch blast_dbs/csp/temp.db
[Thu Nov 21 15:05:19 2019]
Finished job 38.
2 of 40 steps (5%) done

[Thu Nov 21 15:05:19 2019]
rule blast:
    input: blast_dbs/csp/temp.db, data/queries/cng_channels.faa
    output: blast_results/csp/cng_channels.hit
    log: log/blast_results/csp/cng_channels.log
    jobid: 34
    wildcards: subject=csp, query=cng_channels

(tblastn -query data/queries/cng_channels.faa -db blast_dbs/csp/csp -outfmt '6 qseqid sseqid sstart send' -evalue 1e-4 > blast_results/csp/cng_channels.hit) 2> log/blast_results/csp/cng_channels.log
[Thu Nov 21 15:05:27 2019]
Finished job 34.
3 of 40 steps (8%) done

[Thu Nov 21 15:05:27 2019]
rule matcher:
    input: data/subjects/csp.fna, blast_results/csp/cng_channels.hit
    output: matches/csp/cng_channels.fna
    log: log/matches/csp/cng_channels.log
    jobid: 28
    wildcards: subject=csp, query=cng_channels

/home/valentin/anaconda3/bin/python3.6 /home/valentin/git/ProDA/.snakemake/scripts/tmpcwj9u2em.contig_query_matcher.py
[Thu Nov 21 15:05:28 2019]
Finished job 28.
4 of 40 steps (10%) done

[Thu Nov 21 15:05:28 2019]
rule spaln:
    input: data/queries/cng_channels.faa, matches/csp/cng_channels.fna
    output: spaln/csp/cng_channels.sp, spaln/csp/cng_channels.fna, spaln/csp/cng_channels_temp.fna, spaln/csp/cng_channels.faa
    log: log/spaln/csp/cng_channels.log
    jobid: 19
    wildcards: subject=csp, query=cng_channels

Removing temporary output file spaln/csp/cng_channels_temp.fna.
[Thu Nov 21 15:06:11 2019]
Finished job 19.
5 of 40 steps (12%) done

[Thu Nov 21 15:06:11 2019]
rule exonerate:
    input: data/queries/cng_channels.faa, matches/csp/cng_channels.fna
    output: exonerate/csp/cng_channels.ryo, exonerate/csp/cng_channels.fna, exonerate/csp/cng_channels.faa
    log: log/exonerate/csp/cng_channels.log
    jobid: 18
    wildcards: subject=csp, query=cng_channels

[Thu Nov 21 15:07:48 2019]
Finished job 18.
6 of 40 steps (15%) done

[Thu Nov 21 15:07:48 2019]
rule cd_hit:
    input: exonerate/csp/cng_channels.faa, spaln/csp/cng_channels.faa
    output: cd_hit/csp/cng_channels_joined.faa, cd_hit/csp/cng_channels_merged.faa
    log: log/cd_hit/csp/cng_channels.log
    jobid: 10
    wildcards: subject=csp, query=cng_channels

[Thu Nov 21 15:07:48 2019]
Finished job 10.
7 of 40 steps (18%) done

[Thu Nov 21 15:07:48 2019]
rule alignment:
    input: data/queries/cng_channels.faa, cd_hit/csp/cng_channels_merged.faa
    output: scores/csp/cng_channels.sc
    log: log/scores/csp/cng_channels.log
    jobid: 4
    wildcards: subject=csp, query=cng_channels

[Thu Nov 21 15:07:50 2019]
Finished job 4.
8 of 40 steps (20%) done

[Thu Nov 21 15:07:50 2019]
rule blast:
    input: blast_dbs/gonium/temp.db, data/queries/cng_channels.faa
    output: blast_results/gonium/cng_channels.hit
    log: log/blast_results/gonium/cng_channels.log
    jobid: 37
    wildcards: subject=gonium, query=cng_channels

(tblastn -query data/queries/cng_channels.faa -db blast_dbs/gonium/gonium -outfmt '6 qseqid sseqid sstart send' -evalue 1e-4 > blast_results/gonium/cng_channels.hit) 2> log/blast_results/gonium/cng_channels.log
[Thu Nov 21 15:08:01 2019]
Finished job 37.
9 of 40 steps (22%) done

[Thu Nov 21 15:08:01 2019]
rule matcher:
    input: data/subjects/gonium.fna, blast_results/gonium/cng_channels.hit
    output: matches/gonium/cng_channels.fna
    log: log/matches/gonium/cng_channels.log
    jobid: 31
    wildcards: subject=gonium, query=cng_channels

/home/valentin/anaconda3/bin/python3.6 /home/valentin/git/ProDA/.snakemake/scripts/tmpya4mf6o5.contig_query_matcher.py
[Thu Nov 21 15:08:02 2019]
Finished job 31.
10 of 40 steps (25%) done

[Thu Nov 21 15:08:02 2019]
rule spaln:
    input: data/queries/cng_channels.faa, matches/gonium/cng_channels.fna
    output: spaln/gonium/cng_channels.sp, spaln/gonium/cng_channels.fna, spaln/gonium/cng_channels_temp.fna, spaln/gonium/cng_channels.faa
    log: log/spaln/gonium/cng_channels.log
    jobid: 25
    wildcards: subject=gonium, query=cng_channels

Terminating processes on user request, this might take some time.
Cancelling snakemake on user request.
