Building DAG of jobs...
Using shell: /bin/bash
Provided cores: 1
Rules claiming more threads will be scaled down.
Job counts:
	count	jobs
	1	all
	4	exonerate
	1	test
	6

[Tue Nov 19 13:35:21 2019]
rule exonerate:
    input: data/queries/beta_tubulin2.faa, matches/csp/actin.fasta, matches/csp/beta_tubulin2.fasta, matches/gonium/actin.fasta, matches/gonium/beta_tubulin2.fasta
    output: exonerate_results/gonium/beta_tubulin2.ryo
    log: log/exonerate_resuls/gonium/beta_tubulin2.log
    jobid: 5
    wildcards: subject=gonium, query=beta_tubulin2

[Tue Nov 19 13:35:28 2019]
Finished job 5.
1 of 6 steps (17%) done

[Tue Nov 19 13:35:28 2019]
rule exonerate:
    input: data/queries/beta_tubulin2.faa, matches/csp/actin.fasta, matches/csp/beta_tubulin2.fasta, matches/gonium/actin.fasta, matches/gonium/beta_tubulin2.fasta
    output: exonerate_results/csp/beta_tubulin2.ryo
    log: log/exonerate_resuls/csp/beta_tubulin2.log
    jobid: 3
    wildcards: subject=csp, query=beta_tubulin2

[Tue Nov 19 13:35:35 2019]
Finished job 3.
2 of 6 steps (33%) done

[Tue Nov 19 13:35:35 2019]
rule exonerate:
    input: data/queries/actin.faa, matches/csp/actin.fasta, matches/csp/beta_tubulin2.fasta, matches/gonium/actin.fasta, matches/gonium/beta_tubulin2.fasta
    output: exonerate_results/csp/actin.ryo
    log: log/exonerate_resuls/csp/actin.log
    jobid: 2
    wildcards: subject=csp, query=actin

[Tue Nov 19 13:35:41 2019]
Finished job 2.
3 of 6 steps (50%) done

[Tue Nov 19 13:35:41 2019]
rule exonerate:
    input: data/queries/actin.faa, matches/csp/actin.fasta, matches/csp/beta_tubulin2.fasta, matches/gonium/actin.fasta, matches/gonium/beta_tubulin2.fasta
    output: exonerate_results/gonium/actin.ryo
    log: log/exonerate_resuls/gonium/actin.log
    jobid: 4
    wildcards: subject=gonium, query=actin

[Tue Nov 19 13:35:46 2019]
Finished job 4.
4 of 6 steps (67%) done

[Tue Nov 19 13:35:46 2019]
rule test:
    input: exonerate_results/csp/actin.ryo, exonerate_results/csp/beta_tubulin2.ryo, exonerate_results/gonium/actin.ryo, exonerate_results/gonium/beta_tubulin2.ryo
    output: temp/end.txt
    jobid: 1

touch temp/end.txt
[Tue Nov 19 13:35:46 2019]
Finished job 1.
5 of 6 steps (83%) done

[Tue Nov 19 13:35:46 2019]
localrule all:
    input: temp/end.txt
    jobid: 0

[Tue Nov 19 13:35:46 2019]
Finished job 0.
6 of 6 steps (100%) done
Complete log: /home/valentin/git/ProDA/.snakemake/log/2019-11-19T133521.732790.snakemake.log
